[0.070s] Invoking command in '/home/skola/ros2_ws/build/cpp_srvcli': CMAKE_PREFIX_PATH=${CMAKE_PREFIX_PATH}:/opt/ros/foxy /usr/bin/cmake --build /home/skola/ros2_ws/build/cpp_srvcli -- -j8 -l8
[0.121s] -- Found ament_cmake: 0.9.9 (/opt/ros/foxy/share/ament_cmake/cmake)
[0.169s] -- Using PYTHON_EXECUTABLE: /usr/bin/python3
[0.413s] -- Found rclcpp: 2.4.0 (/opt/ros/foxy/share/rclcpp/cmake)
[0.459s] -- Using all available rosidl_typesupport_c: rosidl_typesupport_fastrtps_c;rosidl_typesupport_introspection_c
[0.463s] -- Found rosidl_adapter: 1.2.1 (/opt/ros/foxy/share/rosidl_adapter/cmake)
[0.605s] -- Using all available rosidl_typesupport_cpp: rosidl_typesupport_fastrtps_cpp;rosidl_typesupport_introspection_cpp
[0.657s] -- Found rmw_implementation_cmake: 1.0.3 (/opt/ros/foxy/share/rmw_implementation_cmake/cmake)
[0.658s] -- Using RMW implementation 'rmw_fastrtps_cpp' as default
[0.824s] -- Found example_interfaces: 0.9.1 (/opt/ros/foxy/share/example_interfaces/cmake)
[0.949s] -- Found ament_lint_auto: 0.9.6 (/opt/ros/foxy/share/ament_lint_auto/cmake)
[1.039s] -- Added test 'copyright' to check source files copyright and LICENSE
[1.040s] -- Added test 'cppcheck' to perform static code analysis on C / C++ code
[1.040s] -- Configured cppcheck include dirs: 
[1.040s] -- Configured cppcheck exclude dirs and/or files: 
[1.041s] -- Added test 'cpplint' to check C / C++ code against the Google style
[1.041s] -- Configured cpplint exclude dirs and/or files: 
[1.042s] -- Added test 'lint_cmake' to check CMake code style
[1.045s] -- Added test 'uncrustify' to check C / C++ code style
[1.045s] -- Configured uncrustify additional arguments: 
[1.045s] -- Added test 'xmllint' to check XML markup files
[1.048s] -- Configuring done
[1.060s] -- Generating done
[1.060s] -- Build files have been written to: /home/skola/ros2_ws/build/cpp_srvcli
[1.126s] [ 50%] [32m[1mLinking CXX executable server[0m
[1.272s] [100%] Built target server
[1.293s] Invoked command in '/home/skola/ros2_ws/build/cpp_srvcli' returned '0': CMAKE_PREFIX_PATH=${CMAKE_PREFIX_PATH}:/opt/ros/foxy /usr/bin/cmake --build /home/skola/ros2_ws/build/cpp_srvcli -- -j8 -l8
[1.341s] Invoking command in '/home/skola/ros2_ws/build/cpp_srvcli': CMAKE_PREFIX_PATH=${CMAKE_PREFIX_PATH}:/opt/ros/foxy /usr/bin/cmake --install /home/skola/ros2_ws/build/cpp_srvcli
[1.353s] -- Install configuration: ""
[1.353s] -- Installing: /home/skola/ros2_ws/install/cpp_srvcli/lib/cpp_srvcli/server
[1.354s] -- Set runtime path of "/home/skola/ros2_ws/install/cpp_srvcli/lib/cpp_srvcli/server" to ""
[1.354s] -- Up-to-date: /home/skola/ros2_ws/install/cpp_srvcli/share/ament_index/resource_index/package_run_dependencies/cpp_srvcli
[1.354s] -- Up-to-date: /home/skola/ros2_ws/install/cpp_srvcli/share/ament_index/resource_index/parent_prefix_path/cpp_srvcli
[1.354s] -- Up-to-date: /home/skola/ros2_ws/install/cpp_srvcli/share/cpp_srvcli/environment/ament_prefix_path.sh
[1.354s] -- Installing: /home/skola/ros2_ws/install/cpp_srvcli/share/cpp_srvcli/environment/ament_prefix_path.dsv
[1.354s] -- Up-to-date: /home/skola/ros2_ws/install/cpp_srvcli/share/cpp_srvcli/environment/path.sh
[1.354s] -- Installing: /home/skola/ros2_ws/install/cpp_srvcli/share/cpp_srvcli/environment/path.dsv
[1.355s] -- Up-to-date: /home/skola/ros2_ws/install/cpp_srvcli/share/cpp_srvcli/local_setup.bash
[1.355s] -- Up-to-date: /home/skola/ros2_ws/install/cpp_srvcli/share/cpp_srvcli/local_setup.sh
[1.355s] -- Up-to-date: /home/skola/ros2_ws/install/cpp_srvcli/share/cpp_srvcli/local_setup.zsh
[1.356s] -- Installing: /home/skola/ros2_ws/install/cpp_srvcli/share/cpp_srvcli/local_setup.dsv
[1.356s] -- Installing: /home/skola/ros2_ws/install/cpp_srvcli/share/cpp_srvcli/package.dsv
[1.357s] -- Up-to-date: /home/skola/ros2_ws/install/cpp_srvcli/share/ament_index/resource_index/packages/cpp_srvcli
[1.357s] -- Up-to-date: /home/skola/ros2_ws/install/cpp_srvcli/share/cpp_srvcli/cmake/cpp_srvcliConfig.cmake
[1.357s] -- Up-to-date: /home/skola/ros2_ws/install/cpp_srvcli/share/cpp_srvcli/cmake/cpp_srvcliConfig-version.cmake
[1.357s] -- Up-to-date: /home/skola/ros2_ws/install/cpp_srvcli/share/cpp_srvcli/package.xml
[1.362s] Invoked command in '/home/skola/ros2_ws/build/cpp_srvcli' returned '0': CMAKE_PREFIX_PATH=${CMAKE_PREFIX_PATH}:/opt/ros/foxy /usr/bin/cmake --install /home/skola/ros2_ws/build/cpp_srvcli
