[0.019s] Invoking command in '/home/skola/ros2_ws/build/sublisher': CMAKE_PREFIX_PATH=${CMAKE_PREFIX_PATH}:/opt/ros/foxy /usr/bin/cmake --build /home/skola/ros2_ws/build/sublisher -- -j8 -l8
[0.061s] -- Found ament_cmake: 0.9.9 (/opt/ros/foxy/share/ament_cmake/cmake)
[0.084s] -- Using PYTHON_EXECUTABLE: /usr/bin/python3
[0.344s] -- Found rclcpp: 2.4.0 (/opt/ros/foxy/share/rclcpp/cmake)
[0.375s] -- Using all available rosidl_typesupport_c: rosidl_typesupport_fastrtps_c;rosidl_typesupport_introspection_c
[0.377s] -- Found rosidl_adapter: 1.2.1 (/opt/ros/foxy/share/rosidl_adapter/cmake)
[0.495s] -- Using all available rosidl_typesupport_cpp: rosidl_typesupport_fastrtps_cpp;rosidl_typesupport_introspection_cpp
[0.537s] -- Found rmw_implementation_cmake: 1.0.3 (/opt/ros/foxy/share/rmw_implementation_cmake/cmake)
[0.539s] -- Using RMW implementation 'rmw_fastrtps_cpp' as default
[0.671s] -- Found ament_lint_auto: 0.9.6 (/opt/ros/foxy/share/ament_lint_auto/cmake)
[0.732s] -- Added test 'copyright' to check source files copyright and LICENSE
[0.734s] -- Added test 'cppcheck' to perform static code analysis on C / C++ code
[0.734s] -- Configured cppcheck include dirs: 
[0.734s] -- Configured cppcheck exclude dirs and/or files: 
[0.735s] -- Added test 'cpplint' to check C / C++ code against the Google style
[0.735s] -- Configured cpplint exclude dirs and/or files: 
[0.735s] -- Added test 'flake8' to check Python code syntax and style conventions
[0.736s] -- Added test 'lint_cmake' to check CMake code style
[0.736s] -- Added test 'pep257' to check Python code against some of the style conventions in PEP 257
[0.737s] -- Added test 'uncrustify' to check C / C++ code style
[0.738s] -- Configured uncrustify additional arguments: 
[0.738s] -- Added test 'xmllint' to check XML markup files
[0.741s] -- Configuring done
[0.806s] -- Generating done
[0.809s] -- Build files have been written to: /home/skola/ros2_ws/build/sublisher
[0.875s] [ 25%] Built target subber
[0.877s] [ 50%] Built target pubber
[0.882s] [ 75%] Built target param_sub
[0.884s] [100%] Built target param_pub
[0.899s] Invoked command in '/home/skola/ros2_ws/build/sublisher' returned '0': CMAKE_PREFIX_PATH=${CMAKE_PREFIX_PATH}:/opt/ros/foxy /usr/bin/cmake --build /home/skola/ros2_ws/build/sublisher -- -j8 -l8
[0.977s] Invoking command in '/home/skola/ros2_ws/build/sublisher': CMAKE_PREFIX_PATH=${CMAKE_PREFIX_PATH}:/opt/ros/foxy /usr/bin/cmake --install /home/skola/ros2_ws/build/sublisher
[0.989s] -- Install configuration: ""
[0.989s] -- Up-to-date: /home/skola/ros2_ws/install/sublisher/lib/sublisher/pubber
[0.990s] -- Up-to-date: /home/skola/ros2_ws/install/sublisher/lib/sublisher/subber
[0.991s] -- Up-to-date: /home/skola/ros2_ws/install/sublisher/lib/sublisher/param_pub
[0.991s] -- Up-to-date: /home/skola/ros2_ws/install/sublisher/lib/sublisher/param_sub
[0.991s] CMake Error at cmake_install.cmake:121 (file):
[0.992s]   file INSTALL cannot find "/home/skola/ros2_ws/src/sublisher/launch": No
[0.992s]   such file or directory.
[0.992s] 
[0.992s] 
[0.994s] Invoked command in '/home/skola/ros2_ws/build/sublisher' returned '1': CMAKE_PREFIX_PATH=${CMAKE_PREFIX_PATH}:/opt/ros/foxy /usr/bin/cmake --install /home/skola/ros2_ws/build/sublisher
