[0.022s] Invoking command in '/home/skola/ros2_ws/build/tutorial_interfaces': CMAKE_PREFIX_PATH=/opt/ros/foxy /usr/bin/cmake /home/skola/ros2_ws/src/tutorial_interfaces -DCMAKE_INSTALL_PREFIX=/home/skola/ros2_ws/install/tutorial_interfaces
[0.331s] -- The C compiler identification is GNU 9.3.0
[0.413s] -- The CXX compiler identification is GNU 9.3.0
[0.417s] -- Check for working C compiler: /usr/bin/cc
[0.524s] -- Check for working C compiler: /usr/bin/cc -- works
[0.524s] -- Detecting C compiler ABI info
[0.634s] -- Detecting C compiler ABI info - done
[0.652s] -- Detecting C compile features
[0.652s] -- Detecting C compile features - done
[0.657s] -- Check for working CXX compiler: /usr/bin/c++
[0.775s] -- Check for working CXX compiler: /usr/bin/c++ -- works
[0.776s] -- Detecting CXX compiler ABI info
[0.896s] -- Detecting CXX compiler ABI info - done
[0.910s] -- Detecting CXX compile features
[0.910s] -- Detecting CXX compile features - done
[0.912s] -- Found ament_cmake: 0.9.9 (/opt/ros/foxy/share/ament_cmake/cmake)
[0.943s] -- Found PythonInterp: /usr/bin/python3 (found suitable version "3.8.10", minimum required is "3") 
[0.943s] -- Using PYTHON_EXECUTABLE: /usr/bin/python3
[1.167s] -- Found rosidl_default_generators: 1.0.1 (/opt/ros/foxy/share/rosidl_default_generators/cmake)
[1.173s] -- Using all available rosidl_typesupport_c: rosidl_typesupport_fastrtps_c;rosidl_typesupport_introspection_c
[1.178s] -- Found rosidl_adapter: 1.2.1 (/opt/ros/foxy/share/rosidl_adapter/cmake)
[1.308s] -- Found OpenSSL: /usr/lib/x86_64-linux-gnu/libcrypto.so (found version "1.1.1f")  
[1.346s] -- Found FastRTPS: /opt/ros/foxy/include  
[1.486s] -- Using all available rosidl_typesupport_cpp: rosidl_typesupport_fastrtps_cpp;rosidl_typesupport_introspection_cpp
[1.553s] -- Found PythonInterp: /usr/bin/python3 (found version "3.8.10") 
[1.718s] -- Found ament_cmake_ros: 0.9.2 (/opt/ros/foxy/share/ament_cmake_ros/cmake)
[1.862s] -- Using all available rosidl_typesupport_c: rosidl_typesupport_fastrtps_c;rosidl_typesupport_introspection_c
[1.878s] -- Using all available rosidl_typesupport_cpp: rosidl_typesupport_fastrtps_cpp;rosidl_typesupport_introspection_cpp
[1.908s] -- Found PythonInterp: /usr/bin/python3 (found suitable version "3.8.10", minimum required is "3.5") 
[1.913s] -- Found python_cmake_module: 0.8.1 (/opt/ros/foxy/share/python_cmake_module/cmake)
[1.953s] -- Found PythonLibs: /usr/lib/x86_64-linux-gnu/libpython3.8.so (found suitable version "3.8.10", minimum required is "3.5") 
[1.953s] -- Using PYTHON_EXECUTABLE: /usr/bin/python3
[1.953s] -- Using PYTHON_INCLUDE_DIRS: /usr/include/python3.8
[1.953s] -- Using PYTHON_LIBRARIES: /usr/lib/x86_64-linux-gnu/libpython3.8.so
[1.978s] -- Found PythonExtra: .so  
[2.020s] -- Found ament_lint_auto: 0.9.6 (/opt/ros/foxy/share/ament_lint_auto/cmake)
[2.059s] -- Added test 'copyright' to check source files copyright and LICENSE
[2.061s] -- Added test 'lint_cmake' to check CMake code style
[2.063s] -- Added test 'xmllint' to check XML markup files
[2.067s] -- Configuring done
[2.116s] -- Generating done
[2.118s] -- Build files have been written to: /home/skola/ros2_ws/build/tutorial_interfaces
[2.130s] Invoked command in '/home/skola/ros2_ws/build/tutorial_interfaces' returned '0': CMAKE_PREFIX_PATH=/opt/ros/foxy /usr/bin/cmake /home/skola/ros2_ws/src/tutorial_interfaces -DCMAKE_INSTALL_PREFIX=/home/skola/ros2_ws/install/tutorial_interfaces
[2.136s] Invoking command in '/home/skola/ros2_ws/build/tutorial_interfaces': CMAKE_PREFIX_PATH=/opt/ros/foxy /usr/bin/cmake --build /home/skola/ros2_ws/build/tutorial_interfaces -- -j8 -l8
[2.173s] -- Found ament_cmake: 0.9.9 (/opt/ros/foxy/share/ament_cmake/cmake)
[2.198s] -- Found PythonInterp: /usr/bin/python3 (found suitable version "3.8.10", minimum required is "3") 
[2.198s] -- Using PYTHON_EXECUTABLE: /usr/bin/python3
[2.365s] -- Found rosidl_default_generators: 1.0.1 (/opt/ros/foxy/share/rosidl_default_generators/cmake)
[2.367s] -- Using all available rosidl_typesupport_c: rosidl_typesupport_fastrtps_c;rosidl_typesupport_introspection_c
[2.372s] -- Found rosidl_adapter: 1.2.1 (/opt/ros/foxy/share/rosidl_adapter/cmake)
[2.510s] -- Using all available rosidl_typesupport_cpp: rosidl_typesupport_fastrtps_cpp;rosidl_typesupport_introspection_cpp
[2.559s] -- Found PythonInterp: /usr/bin/python3 (found version "3.8.10") 
[2.691s] -- Found ament_cmake_ros: 0.9.2 (/opt/ros/foxy/share/ament_cmake_ros/cmake)
[2.799s] -- Using all available rosidl_typesupport_c: rosidl_typesupport_fastrtps_c;rosidl_typesupport_introspection_c
[2.807s] -- Using all available rosidl_typesupport_cpp: rosidl_typesupport_fastrtps_cpp;rosidl_typesupport_introspection_cpp
[2.834s] -- Found PythonInterp: /usr/bin/python3 (found suitable version "3.8.10", minimum required is "3.5") 
[2.834s] -- Found python_cmake_module: 0.8.1 (/opt/ros/foxy/share/python_cmake_module/cmake)
[2.865s] -- Using PYTHON_EXECUTABLE: /usr/bin/python3
[2.865s] -- Using PYTHON_INCLUDE_DIRS: /usr/include/python3.8
[2.865s] -- Using PYTHON_LIBRARIES: /usr/lib/x86_64-linux-gnu/libpython3.8.so
[2.882s] -- Found ament_lint_auto: 0.9.6 (/opt/ros/foxy/share/ament_lint_auto/cmake)
[2.892s] -- Added test 'copyright' to check source files copyright and LICENSE
[2.894s] -- Added test 'lint_cmake' to check CMake code style
[2.894s] -- Added test 'xmllint' to check XML markup files
[2.898s] -- Configuring done
[2.930s] -- Generating done
[2.934s] -- Build files have been written to: /home/skola/ros2_ws/build/tutorial_interfaces
[2.978s] [  2%] [34m[1mGenerating C code for ROS interfaces[0m
[2.979s] [35m[1mScanning dependencies of target tutorial_interfaces__cpp[0m
[2.997s] [  5%] [34m[1mGenerating C++ code for ROS interfaces[0m
[3.368s] [  5%] Built target tutorial_interfaces__cpp
[3.369s] [35m[1mScanning dependencies of target tutorial_interfaces__rosidl_generator_c[0m
[3.375s] make[2]: Warning: File 'rosidl_generator_c/tutorial_interfaces/msg/rosidl_generator_c__visibility_control.h' has modification time 3591 s in the future
[3.384s] [  7%] [34m[1mGenerating C++ type support dispatch for ROS interfaces[0m
[3.384s] [ 10%] [32mBuilding C object CMakeFiles/tutorial_interfaces__rosidl_generator_c.dir/rosidl_generator_c/tutorial_interfaces/msg/detail/num__functions.c.o[0m
[3.386s] [ 12%] [34m[1mGenerating C++ type support for eProsima Fast-RTPS[0m
[3.387s] [ 15%] [32mBuilding C object CMakeFiles/tutorial_interfaces__rosidl_generator_c.dir/rosidl_generator_c/tutorial_interfaces/srv/detail/add_three_ints__functions.c.o[0m
[3.388s] [ 17%] [34m[1mGenerating C++ introspection for ROS interfaces[0m
[3.530s] [ 20%] [32m[1mLinking C shared library libtutorial_interfaces__rosidl_generator_c.so[0m
[3.586s] make[2]: warning:  Clock skew detected.  Your build may be incomplete.
[3.604s] [ 20%] Built target tutorial_interfaces__rosidl_generator_c
[3.629s] [ 23%] [34m[1mGenerating C introspection for ROS interfaces[0m
[3.629s] [ 25%] [34m[1mGenerating C type support dispatch for ROS interfaces[0m
[3.820s] [35m[1mScanning dependencies of target tutorial_interfaces__rosidl_typesupport_cpp[0m
[3.856s] [ 28%] [32mBuilding CXX object CMakeFiles/tutorial_interfaces__rosidl_typesupport_cpp.dir/rosidl_typesupport_cpp/tutorial_interfaces/msg/num__type_support.cpp.o[0m
[3.859s] [ 30%] [32mBuilding CXX object CMakeFiles/tutorial_interfaces__rosidl_typesupport_cpp.dir/rosidl_typesupport_cpp/tutorial_interfaces/srv/add_three_ints__type_support.cpp.o[0m
[3.868s] [35m[1mScanning dependencies of target tutorial_interfaces__rosidl_typesupport_introspection_cpp[0m
[3.885s] [35m[1mScanning dependencies of target tutorial_interfaces__rosidl_typesupport_fastrtps_cpp[0m
[3.907s] [ 33%] [32mBuilding CXX object CMakeFiles/tutorial_interfaces__rosidl_typesupport_introspection_cpp.dir/rosidl_typesupport_introspection_cpp/tutorial_interfaces/msg/detail/num__type_support.cpp.o[0m
[3.909s] [ 35%] [32mBuilding CXX object CMakeFiles/tutorial_interfaces__rosidl_typesupport_introspection_cpp.dir/rosidl_typesupport_introspection_cpp/tutorial_interfaces/srv/detail/add_three_ints__type_support.cpp.o[0m
[3.941s] [ 38%] [32mBuilding CXX object CMakeFiles/tutorial_interfaces__rosidl_typesupport_fastrtps_cpp.dir/rosidl_typesupport_fastrtps_cpp/tutorial_interfaces/msg/detail/dds_fastrtps/num__type_support.cpp.o[0m
[3.947s] [ 41%] [32mBuilding CXX object CMakeFiles/tutorial_interfaces__rosidl_typesupport_fastrtps_cpp.dir/rosidl_typesupport_fastrtps_cpp/tutorial_interfaces/srv/detail/dds_fastrtps/add_three_ints__type_support.cpp.o[0m
[4.019s] [35m[1mScanning dependencies of target tutorial_interfaces__rosidl_typesupport_c[0m
[4.047s] [ 43%] [32mBuilding CXX object CMakeFiles/tutorial_interfaces__rosidl_typesupport_c.dir/rosidl_typesupport_c/tutorial_interfaces/msg/num__type_support.cpp.o[0m
[4.113s] [ 46%] [32mBuilding CXX object CMakeFiles/tutorial_interfaces__rosidl_typesupport_c.dir/rosidl_typesupport_c/tutorial_interfaces/srv/add_three_ints__type_support.cpp.o[0m
[4.144s] [35m[1mScanning dependencies of target tutorial_interfaces__rosidl_typesupport_introspection_c[0m
[4.162s] [ 48%] [32m[1mLinking CXX shared library libtutorial_interfaces__rosidl_typesupport_c.so[0m
[4.198s] make[2]: Warning: File 'rosidl_generator_c/tutorial_interfaces/msg/rosidl_generator_c__visibility_control.h' has modification time 3590 s in the future
[4.214s] [ 51%] [32mBuilding C object CMakeFiles/tutorial_interfaces__rosidl_typesupport_introspection_c.dir/rosidl_typesupport_introspection_c/tutorial_interfaces/msg/detail/num__type_support.c.o[0m
[4.238s] [ 51%] Built target tutorial_interfaces__rosidl_typesupport_c
[4.255s] [ 53%] [32mBuilding C object CMakeFiles/tutorial_interfaces__rosidl_typesupport_introspection_c.dir/rosidl_typesupport_introspection_c/tutorial_interfaces/srv/detail/add_three_ints__type_support.c.o[0m
[4.300s] [ 56%] [32m[1mLinking CXX shared library libtutorial_interfaces__rosidl_typesupport_cpp.so[0m
[4.315s] [ 58%] [32m[1mLinking C shared library libtutorial_interfaces__rosidl_typesupport_introspection_c.so[0m
[4.340s] [ 61%] [32m[1mLinking CXX shared library libtutorial_interfaces__rosidl_typesupport_introspection_cpp.so[0m
[4.356s] make[2]: warning:  Clock skew detected.  Your build may be incomplete.
[4.366s] [ 61%] Built target tutorial_interfaces__rosidl_typesupport_cpp
[4.372s] [ 61%] Built target tutorial_interfaces__rosidl_typesupport_introspection_c
[4.413s] [ 61%] Built target tutorial_interfaces__rosidl_typesupport_introspection_cpp
[4.598s] [ 64%] [32m[1mLinking CXX shared library libtutorial_interfaces__rosidl_typesupport_fastrtps_cpp.so[0m
[4.713s] [ 64%] Built target tutorial_interfaces__rosidl_typesupport_fastrtps_cpp
[4.729s] [ 66%] [34m[1mGenerating C type support for eProsima Fast-RTPS[0m
[5.097s] [35m[1mScanning dependencies of target tutorial_interfaces__rosidl_typesupport_fastrtps_c[0m
[5.115s] make[2]: Warning: File 'rosidl_generator_c/tutorial_interfaces/msg/rosidl_generator_c__visibility_control.h' has modification time 3589 s in the future
[5.127s] [ 71%] [32mBuilding CXX object CMakeFiles/tutorial_interfaces__rosidl_typesupport_fastrtps_c.dir/rosidl_typesupport_fastrtps_c/tutorial_interfaces/srv/detail/add_three_ints__type_support_c.cpp.o[0m
[5.127s] [ 71%] [32mBuilding CXX object CMakeFiles/tutorial_interfaces__rosidl_typesupport_fastrtps_c.dir/rosidl_typesupport_fastrtps_c/tutorial_interfaces/msg/detail/num__type_support_c.cpp.o[0m
[5.527s] [ 74%] [32m[1mLinking CXX shared library libtutorial_interfaces__rosidl_typesupport_fastrtps_c.so[0m
[5.616s] make[2]: warning:  Clock skew detected.  Your build may be incomplete.
[5.628s] [ 74%] Built target tutorial_interfaces__rosidl_typesupport_fastrtps_c
[5.648s] [35m[1mScanning dependencies of target tutorial_interfaces[0m
[5.667s] [ 74%] Built target tutorial_interfaces
[5.685s] [35m[1mScanning dependencies of target tutorial_interfaces__py[0m
[5.702s] [ 76%] [34m[1mGenerating Python code for ROS interfaces[0m
[6.314s] [ 76%] Built target tutorial_interfaces__py
[6.328s] [35m[1mScanning dependencies of target tutorial_interfaces__python[0m
[6.405s] make[2]: Warning: File 'rosidl_generator_c/tutorial_interfaces/msg/rosidl_generator_c__visibility_control.h' has modification time 3588 s in the future
[6.418s] [ 79%] [32mBuilding C object CMakeFiles/tutorial_interfaces__python.dir/rosidl_generator_py/tutorial_interfaces/srv/_add_three_ints_s.c.o[0m
[6.419s] [ 82%] [32mBuilding C object CMakeFiles/tutorial_interfaces__python.dir/rosidl_generator_py/tutorial_interfaces/msg/_num_s.c.o[0m
[6.567s] [ 84%] [32m[1mLinking C shared library rosidl_generator_py/tutorial_interfaces/libtutorial_interfaces__python.so[0m
[6.608s] make[2]: warning:  Clock skew detected.  Your build may be incomplete.
[6.623s] [ 84%] Built target tutorial_interfaces__python
[6.639s] [35m[1mScanning dependencies of target tutorial_interfaces__rosidl_typesupport_introspection_c__pyext[0m
[6.640s] [35m[1mScanning dependencies of target tutorial_interfaces__rosidl_typesupport_c__pyext[0m
[6.642s] [35m[1mScanning dependencies of target tutorial_interfaces__rosidl_typesupport_fastrtps_c__pyext[0m
[6.651s] make[2]: Warning: File 'rosidl_generator_c/tutorial_interfaces/msg/rosidl_generator_c__visibility_control.h' has modification time 3587 s in the future
[6.653s] make[2]: Warning: File 'rosidl_generator_c/tutorial_interfaces/msg/rosidl_generator_c__visibility_control.h' has modification time 3587 s in the future
[6.656s] make[2]: Warning: File 'rosidl_generator_c/tutorial_interfaces/msg/rosidl_generator_c__visibility_control.h' has modification time 3587 s in the future
[6.668s] [ 87%] [32mBuilding C object CMakeFiles/tutorial_interfaces__rosidl_typesupport_introspection_c__pyext.dir/rosidl_generator_py/tutorial_interfaces/_tutorial_interfaces_s.ep.rosidl_typesupport_introspection_c.c.o[0m
[6.672s] [ 89%] [32mBuilding C object CMakeFiles/tutorial_interfaces__rosidl_typesupport_fastrtps_c__pyext.dir/rosidl_generator_py/tutorial_interfaces/_tutorial_interfaces_s.ep.rosidl_typesupport_fastrtps_c.c.o[0m
[6.673s] [ 92%] [32mBuilding C object CMakeFiles/tutorial_interfaces__rosidl_typesupport_c__pyext.dir/rosidl_generator_py/tutorial_interfaces/_tutorial_interfaces_s.ep.rosidl_typesupport_c.c.o[0m
[6.792s] [ 94%] [32m[1mLinking C shared library rosidl_generator_py/tutorial_interfaces/tutorial_interfaces_s__rosidl_typesupport_c.cpython-38-x86_64-linux-gnu.so[0m
[6.806s] [ 97%] [32m[1mLinking CXX shared library rosidl_generator_py/tutorial_interfaces/tutorial_interfaces_s__rosidl_typesupport_fastrtps_c.cpython-38-x86_64-linux-gnu.so[0m
[6.806s] [100%] [32m[1mLinking C shared library rosidl_generator_py/tutorial_interfaces/tutorial_interfaces_s__rosidl_typesupport_introspection_c.cpython-38-x86_64-linux-gnu.so[0m
[6.853s] make[2]: warning:  Clock skew detected.  Your build may be incomplete.
[6.854s] make[2]: warning:  Clock skew detected.  Your build may be incomplete.
[6.869s] [100%] Built target tutorial_interfaces__rosidl_typesupport_introspection_c__pyext
[6.874s] [100%] Built target tutorial_interfaces__rosidl_typesupport_c__pyext
[6.910s] make[2]: warning:  Clock skew detected.  Your build may be incomplete.
[6.925s] [100%] Built target tutorial_interfaces__rosidl_typesupport_fastrtps_c__pyext
[6.945s] Invoked command in '/home/skola/ros2_ws/build/tutorial_interfaces' returned '0': CMAKE_PREFIX_PATH=/opt/ros/foxy /usr/bin/cmake --build /home/skola/ros2_ws/build/tutorial_interfaces -- -j8 -l8
[7.089s] Invoking command in '/home/skola/ros2_ws/build/tutorial_interfaces': CMAKE_PREFIX_PATH=/opt/ros/foxy /usr/bin/cmake --install /home/skola/ros2_ws/build/tutorial_interfaces
[7.103s] -- Install configuration: ""
[7.104s] -- Installing: /home/skola/ros2_ws/install/tutorial_interfaces/share/ament_index/resource_index/rosidl_interfaces/tutorial_interfaces
[7.104s] -- Installing: /home/skola/ros2_ws/install/tutorial_interfaces/include/tutorial_interfaces
[7.105s] -- Installing: /home/skola/ros2_ws/install/tutorial_interfaces/include/tutorial_interfaces/srv
[7.106s] -- Installing: /home/skola/ros2_ws/install/tutorial_interfaces/include/tutorial_interfaces/srv/add_three_ints.h
[7.106s] -- Installing: /home/skola/ros2_ws/install/tutorial_interfaces/include/tutorial_interfaces/srv/detail
[7.106s] -- Installing: /home/skola/ros2_ws/install/tutorial_interfaces/include/tutorial_interfaces/srv/detail/add_three_ints__functions.h
[7.106s] -- Installing: /home/skola/ros2_ws/install/tutorial_interfaces/include/tutorial_interfaces/srv/detail/add_three_ints__type_support.h
[7.106s] -- Installing: /home/skola/ros2_ws/install/tutorial_interfaces/include/tutorial_interfaces/srv/detail/add_three_ints__functions.c
[7.107s] -- Installing: /home/skola/ros2_ws/install/tutorial_interfaces/include/tutorial_interfaces/srv/detail/add_three_ints__struct.h
[7.107s] -- Installing: /home/skola/ros2_ws/install/tutorial_interfaces/include/tutorial_interfaces/msg
[7.108s] -- Installing: /home/skola/ros2_ws/install/tutorial_interfaces/include/tutorial_interfaces/msg/rosidl_generator_c__visibility_control.h
[7.108s] -- Installing: /home/skola/ros2_ws/install/tutorial_interfaces/include/tutorial_interfaces/msg/num.h
[7.108s] -- Installing: /home/skola/ros2_ws/install/tutorial_interfaces/include/tutorial_interfaces/msg/detail
[7.108s] -- Installing: /home/skola/ros2_ws/install/tutorial_interfaces/include/tutorial_interfaces/msg/detail/num__functions.c
[7.109s] -- Installing: /home/skola/ros2_ws/install/tutorial_interfaces/include/tutorial_interfaces/msg/detail/num__type_support.h
[7.109s] -- Installing: /home/skola/ros2_ws/install/tutorial_interfaces/include/tutorial_interfaces/msg/detail/num__functions.h
[7.109s] -- Installing: /home/skola/ros2_ws/install/tutorial_interfaces/include/tutorial_interfaces/msg/detail/num__struct.h
[7.110s] -- Installing: /home/skola/ros2_ws/install/tutorial_interfaces/share/tutorial_interfaces/environment/library_path.sh
[7.110s] -- Installing: /home/skola/ros2_ws/install/tutorial_interfaces/share/tutorial_interfaces/environment/library_path.dsv
[7.111s] -- Installing: /home/skola/ros2_ws/install/tutorial_interfaces/lib/libtutorial_interfaces__rosidl_generator_c.so
[7.111s] -- Set runtime path of "/home/skola/ros2_ws/install/tutorial_interfaces/lib/libtutorial_interfaces__rosidl_generator_c.so" to ""
[7.111s] -- Up-to-date: /home/skola/ros2_ws/install/tutorial_interfaces/include/tutorial_interfaces
[7.112s] -- Up-to-date: /home/skola/ros2_ws/install/tutorial_interfaces/include/tutorial_interfaces/srv
[7.112s] -- Up-to-date: /home/skola/ros2_ws/install/tutorial_interfaces/include/tutorial_interfaces/srv/detail
[7.112s] -- Installing: /home/skola/ros2_ws/install/tutorial_interfaces/include/tutorial_interfaces/srv/detail/add_three_ints__rosidl_typesupport_fastrtps_c.h
[7.112s] -- Up-to-date: /home/skola/ros2_ws/install/tutorial_interfaces/include/tutorial_interfaces/msg
[7.112s] -- Up-to-date: /home/skola/ros2_ws/install/tutorial_interfaces/include/tutorial_interfaces/msg/detail
[7.113s] -- Installing: /home/skola/ros2_ws/install/tutorial_interfaces/include/tutorial_interfaces/msg/detail/num__rosidl_typesupport_fastrtps_c.h
[7.113s] -- Installing: /home/skola/ros2_ws/install/tutorial_interfaces/include/tutorial_interfaces/msg/rosidl_typesupport_fastrtps_c__visibility_control.h
[7.113s] -- Installing: /home/skola/ros2_ws/install/tutorial_interfaces/lib/libtutorial_interfaces__rosidl_typesupport_fastrtps_c.so
[7.113s] -- Set runtime path of "/home/skola/ros2_ws/install/tutorial_interfaces/lib/libtutorial_interfaces__rosidl_typesupport_fastrtps_c.so" to ""
[7.114s] -- Up-to-date: /home/skola/ros2_ws/install/tutorial_interfaces/include/tutorial_interfaces
[7.114s] -- Up-to-date: /home/skola/ros2_ws/install/tutorial_interfaces/include/tutorial_interfaces/srv
[7.114s] -- Up-to-date: /home/skola/ros2_ws/install/tutorial_interfaces/include/tutorial_interfaces/srv/detail
[7.114s] -- Installing: /home/skola/ros2_ws/install/tutorial_interfaces/include/tutorial_interfaces/srv/detail/dds_fastrtps
[7.114s] -- Installing: /home/skola/ros2_ws/install/tutorial_interfaces/include/tutorial_interfaces/srv/detail/add_three_ints__rosidl_typesupport_fastrtps_cpp.hpp
[7.114s] -- Up-to-date: /home/skola/ros2_ws/install/tutorial_interfaces/include/tutorial_interfaces/msg
[7.115s] -- Up-to-date: /home/skola/ros2_ws/install/tutorial_interfaces/include/tutorial_interfaces/msg/detail
[7.115s] -- Installing: /home/skola/ros2_ws/install/tutorial_interfaces/include/tutorial_interfaces/msg/detail/dds_fastrtps
[7.115s] -- Installing: /home/skola/ros2_ws/install/tutorial_interfaces/include/tutorial_interfaces/msg/detail/num__rosidl_typesupport_fastrtps_cpp.hpp
[7.115s] -- Installing: /home/skola/ros2_ws/install/tutorial_interfaces/include/tutorial_interfaces/msg/rosidl_typesupport_fastrtps_cpp__visibility_control.h
[7.115s] -- Installing: /home/skola/ros2_ws/install/tutorial_interfaces/lib/libtutorial_interfaces__rosidl_typesupport_fastrtps_cpp.so
[7.116s] -- Set runtime path of "/home/skola/ros2_ws/install/tutorial_interfaces/lib/libtutorial_interfaces__rosidl_typesupport_fastrtps_cpp.so" to ""
[7.116s] -- Up-to-date: /home/skola/ros2_ws/install/tutorial_interfaces/include/tutorial_interfaces
[7.116s] -- Up-to-date: /home/skola/ros2_ws/install/tutorial_interfaces/include/tutorial_interfaces/srv
[7.116s] -- Up-to-date: /home/skola/ros2_ws/install/tutorial_interfaces/include/tutorial_interfaces/srv/detail
[7.116s] -- Installing: /home/skola/ros2_ws/install/tutorial_interfaces/include/tutorial_interfaces/srv/detail/add_three_ints__type_support.c
[7.116s] -- Installing: /home/skola/ros2_ws/install/tutorial_interfaces/include/tutorial_interfaces/srv/detail/add_three_ints__rosidl_typesupport_introspection_c.h
[7.116s] -- Up-to-date: /home/skola/ros2_ws/install/tutorial_interfaces/include/tutorial_interfaces/msg
[7.116s] -- Installing: /home/skola/ros2_ws/install/tutorial_interfaces/include/tutorial_interfaces/msg/rosidl_typesupport_introspection_c__visibility_control.h
[7.116s] -- Up-to-date: /home/skola/ros2_ws/install/tutorial_interfaces/include/tutorial_interfaces/msg/detail
[7.116s] -- Installing: /home/skola/ros2_ws/install/tutorial_interfaces/include/tutorial_interfaces/msg/detail/num__type_support.c
[7.116s] -- Installing: /home/skola/ros2_ws/install/tutorial_interfaces/include/tutorial_interfaces/msg/detail/num__rosidl_typesupport_introspection_c.h
[7.116s] -- Installing: /home/skola/ros2_ws/install/tutorial_interfaces/lib/libtutorial_interfaces__rosidl_typesupport_introspection_c.so
[7.117s] -- Set runtime path of "/home/skola/ros2_ws/install/tutorial_interfaces/lib/libtutorial_interfaces__rosidl_typesupport_introspection_c.so" to ""
[7.117s] -- Installing: /home/skola/ros2_ws/install/tutorial_interfaces/lib/libtutorial_interfaces__rosidl_typesupport_c.so
[7.117s] -- Set runtime path of "/home/skola/ros2_ws/install/tutorial_interfaces/lib/libtutorial_interfaces__rosidl_typesupport_c.so" to ""
[7.117s] -- Up-to-date: /home/skola/ros2_ws/install/tutorial_interfaces/include/tutorial_interfaces
[7.117s] -- Up-to-date: /home/skola/ros2_ws/install/tutorial_interfaces/include/tutorial_interfaces/srv
[7.117s] -- Installing: /home/skola/ros2_ws/install/tutorial_interfaces/include/tutorial_interfaces/srv/add_three_ints.hpp
[7.117s] -- Up-to-date: /home/skola/ros2_ws/install/tutorial_interfaces/include/tutorial_interfaces/srv/detail
[7.117s] -- Installing: /home/skola/ros2_ws/install/tutorial_interfaces/include/tutorial_interfaces/srv/detail/add_three_ints__struct.hpp
[7.117s] -- Installing: /home/skola/ros2_ws/install/tutorial_interfaces/include/tutorial_interfaces/srv/detail/add_three_ints__traits.hpp
[7.117s] -- Installing: /home/skola/ros2_ws/install/tutorial_interfaces/include/tutorial_interfaces/srv/detail/add_three_ints__builder.hpp
[7.117s] -- Up-to-date: /home/skola/ros2_ws/install/tutorial_interfaces/include/tutorial_interfaces/msg
[7.117s] -- Installing: /home/skola/ros2_ws/install/tutorial_interfaces/include/tutorial_interfaces/msg/num.hpp
[7.118s] -- Up-to-date: /home/skola/ros2_ws/install/tutorial_interfaces/include/tutorial_interfaces/msg/detail
[7.118s] -- Installing: /home/skola/ros2_ws/install/tutorial_interfaces/include/tutorial_interfaces/msg/detail/num__struct.hpp
[7.118s] -- Installing: /home/skola/ros2_ws/install/tutorial_interfaces/include/tutorial_interfaces/msg/detail/num__builder.hpp
[7.118s] -- Installing: /home/skola/ros2_ws/install/tutorial_interfaces/include/tutorial_interfaces/msg/detail/num__traits.hpp
[7.118s] -- Up-to-date: /home/skola/ros2_ws/install/tutorial_interfaces/include/tutorial_interfaces
[7.118s] -- Up-to-date: /home/skola/ros2_ws/install/tutorial_interfaces/include/tutorial_interfaces/srv
[7.118s] -- Up-to-date: /home/skola/ros2_ws/install/tutorial_interfaces/include/tutorial_interfaces/srv/detail
[7.118s] -- Installing: /home/skola/ros2_ws/install/tutorial_interfaces/include/tutorial_interfaces/srv/detail/add_three_ints__rosidl_typesupport_introspection_cpp.hpp
[7.118s] -- Installing: /home/skola/ros2_ws/install/tutorial_interfaces/include/tutorial_interfaces/srv/detail/add_three_ints__type_support.cpp
[7.118s] -- Up-to-date: /home/skola/ros2_ws/install/tutorial_interfaces/include/tutorial_interfaces/msg
[7.118s] -- Up-to-date: /home/skola/ros2_ws/install/tutorial_interfaces/include/tutorial_interfaces/msg/detail
[7.118s] -- Installing: /home/skola/ros2_ws/install/tutorial_interfaces/include/tutorial_interfaces/msg/detail/num__rosidl_typesupport_introspection_cpp.hpp
[7.118s] -- Installing: /home/skola/ros2_ws/install/tutorial_interfaces/include/tutorial_interfaces/msg/detail/num__type_support.cpp
[7.118s] -- Installing: /home/skola/ros2_ws/install/tutorial_interfaces/lib/libtutorial_interfaces__rosidl_typesupport_introspection_cpp.so
[7.118s] -- Set runtime path of "/home/skola/ros2_ws/install/tutorial_interfaces/lib/libtutorial_interfaces__rosidl_typesupport_introspection_cpp.so" to ""
[7.118s] -- Installing: /home/skola/ros2_ws/install/tutorial_interfaces/lib/libtutorial_interfaces__rosidl_typesupport_cpp.so
[7.118s] -- Set runtime path of "/home/skola/ros2_ws/install/tutorial_interfaces/lib/libtutorial_interfaces__rosidl_typesupport_cpp.so" to ""
[7.119s] -- Installing: /home/skola/ros2_ws/install/tutorial_interfaces/share/tutorial_interfaces/environment/pythonpath.sh
[7.119s] -- Installing: /home/skola/ros2_ws/install/tutorial_interfaces/share/tutorial_interfaces/environment/pythonpath.dsv
[7.119s] -- Installing: /home/skola/ros2_ws/install/tutorial_interfaces/lib/python3.8/site-packages/tutorial_interfaces/__init__.py
[7.148s] Compiling '/home/skola/ros2_ws/install/tutorial_interfaces/lib/python3.8/site-packages/tutorial_interfaces/__init__.py'...
[7.152s] -- Installing: /home/skola/ros2_ws/install/tutorial_interfaces/lib/python3.8/site-packages/tutorial_interfaces/msg
[7.152s] -- Installing: /home/skola/ros2_ws/install/tutorial_interfaces/lib/python3.8/site-packages/tutorial_interfaces/msg/_num_s.c
[7.153s] -- Installing: /home/skola/ros2_ws/install/tutorial_interfaces/lib/python3.8/site-packages/tutorial_interfaces/msg/_num.py
[7.153s] -- Installing: /home/skola/ros2_ws/install/tutorial_interfaces/lib/python3.8/site-packages/tutorial_interfaces/msg/__init__.py
[7.155s] -- Installing: /home/skola/ros2_ws/install/tutorial_interfaces/lib/python3.8/site-packages/tutorial_interfaces/srv
[7.155s] -- Installing: /home/skola/ros2_ws/install/tutorial_interfaces/lib/python3.8/site-packages/tutorial_interfaces/srv/_add_three_ints_s.c
[7.155s] -- Installing: /home/skola/ros2_ws/install/tutorial_interfaces/lib/python3.8/site-packages/tutorial_interfaces/srv/__init__.py
[7.155s] -- Installing: /home/skola/ros2_ws/install/tutorial_interfaces/lib/python3.8/site-packages/tutorial_interfaces/srv/_add_three_ints.py
[7.155s] -- Installing: /home/skola/ros2_ws/install/tutorial_interfaces/lib/python3.8/site-packages/tutorial_interfaces/tutorial_interfaces_s__rosidl_typesupport_fastrtps_c.cpython-38-x86_64-linux-gnu.so
[7.156s] -- Set runtime path of "/home/skola/ros2_ws/install/tutorial_interfaces/lib/python3.8/site-packages/tutorial_interfaces/tutorial_interfaces_s__rosidl_typesupport_fastrtps_c.cpython-38-x86_64-linux-gnu.so" to ""
[7.156s] -- Installing: /home/skola/ros2_ws/install/tutorial_interfaces/lib/python3.8/site-packages/tutorial_interfaces/tutorial_interfaces_s__rosidl_typesupport_introspection_c.cpython-38-x86_64-linux-gnu.so
[7.157s] -- Set runtime path of "/home/skola/ros2_ws/install/tutorial_interfaces/lib/python3.8/site-packages/tutorial_interfaces/tutorial_interfaces_s__rosidl_typesupport_introspection_c.cpython-38-x86_64-linux-gnu.so" to ""
[7.157s] -- Installing: /home/skola/ros2_ws/install/tutorial_interfaces/lib/python3.8/site-packages/tutorial_interfaces/tutorial_interfaces_s__rosidl_typesupport_c.cpython-38-x86_64-linux-gnu.so
[7.158s] -- Set runtime path of "/home/skola/ros2_ws/install/tutorial_interfaces/lib/python3.8/site-packages/tutorial_interfaces/tutorial_interfaces_s__rosidl_typesupport_c.cpython-38-x86_64-linux-gnu.so" to ""
[7.158s] -- Installing: /home/skola/ros2_ws/install/tutorial_interfaces/lib/libtutorial_interfaces__python.so
[7.158s] -- Set runtime path of "/home/skola/ros2_ws/install/tutorial_interfaces/lib/libtutorial_interfaces__python.so" to ""
[7.158s] -- Installing: /home/skola/ros2_ws/install/tutorial_interfaces/share/tutorial_interfaces/msg/Num.idl
[7.158s] -- Installing: /home/skola/ros2_ws/install/tutorial_interfaces/share/tutorial_interfaces/srv/AddThreeInts.idl
[7.159s] -- Installing: /home/skola/ros2_ws/install/tutorial_interfaces/share/tutorial_interfaces/msg/Num.msg
[7.159s] -- Installing: /home/skola/ros2_ws/install/tutorial_interfaces/share/tutorial_interfaces/srv/AddThreeInts.srv
[7.159s] -- Installing: /home/skola/ros2_ws/install/tutorial_interfaces/share/tutorial_interfaces/srv/AddThreeInts_Request.msg
[7.159s] -- Installing: /home/skola/ros2_ws/install/tutorial_interfaces/share/tutorial_interfaces/srv/AddThreeInts_Response.msg
[7.160s] -- Installing: /home/skola/ros2_ws/install/tutorial_interfaces/share/ament_index/resource_index/package_run_dependencies/tutorial_interfaces
[7.160s] -- Installing: /home/skola/ros2_ws/install/tutorial_interfaces/share/ament_index/resource_index/parent_prefix_path/tutorial_interfaces
[7.160s] -- Installing: /home/skola/ros2_ws/install/tutorial_interfaces/share/tutorial_interfaces/environment/ament_prefix_path.sh
[7.160s] -- Installing: /home/skola/ros2_ws/install/tutorial_interfaces/share/tutorial_interfaces/environment/ament_prefix_path.dsv
[7.160s] -- Installing: /home/skola/ros2_ws/install/tutorial_interfaces/share/tutorial_interfaces/environment/path.sh
[7.161s] -- Installing: /home/skola/ros2_ws/install/tutorial_interfaces/share/tutorial_interfaces/environment/path.dsv
[7.161s] -- Installing: /home/skola/ros2_ws/install/tutorial_interfaces/share/tutorial_interfaces/local_setup.bash
[7.162s] -- Installing: /home/skola/ros2_ws/install/tutorial_interfaces/share/tutorial_interfaces/local_setup.sh
[7.163s] -- Installing: /home/skola/ros2_ws/install/tutorial_interfaces/share/tutorial_interfaces/local_setup.zsh
[7.163s] -- Installing: /home/skola/ros2_ws/install/tutorial_interfaces/share/tutorial_interfaces/local_setup.dsv
[7.163s] -- Installing: /home/skola/ros2_ws/install/tutorial_interfaces/share/tutorial_interfaces/package.dsv
[7.164s] -- Installing: /home/skola/ros2_ws/install/tutorial_interfaces/share/ament_index/resource_index/packages/tutorial_interfaces
[7.164s] -- Installing: /home/skola/ros2_ws/install/tutorial_interfaces/share/tutorial_interfaces/cmake/tutorial_interfaces__rosidl_generator_cExport.cmake
[7.164s] -- Installing: /home/skola/ros2_ws/install/tutorial_interfaces/share/tutorial_interfaces/cmake/tutorial_interfaces__rosidl_generator_cExport-noconfig.cmake
[7.164s] -- Installing: /home/skola/ros2_ws/install/tutorial_interfaces/share/tutorial_interfaces/cmake/tutorial_interfaces__rosidl_typesupport_introspection_cExport.cmake
[7.165s] -- Installing: /home/skola/ros2_ws/install/tutorial_interfaces/share/tutorial_interfaces/cmake/tutorial_interfaces__rosidl_typesupport_introspection_cExport-noconfig.cmake
[7.165s] -- Installing: /home/skola/ros2_ws/install/tutorial_interfaces/share/tutorial_interfaces/cmake/tutorial_interfaces__rosidl_typesupport_cExport.cmake
[7.165s] -- Installing: /home/skola/ros2_ws/install/tutorial_interfaces/share/tutorial_interfaces/cmake/tutorial_interfaces__rosidl_typesupport_cExport-noconfig.cmake
[7.165s] -- Installing: /home/skola/ros2_ws/install/tutorial_interfaces/share/tutorial_interfaces/cmake/tutorial_interfaces__rosidl_generator_cppExport.cmake
[7.165s] -- Installing: /home/skola/ros2_ws/install/tutorial_interfaces/share/tutorial_interfaces/cmake/tutorial_interfaces__rosidl_typesupport_introspection_cppExport.cmake
[7.165s] -- Installing: /home/skola/ros2_ws/install/tutorial_interfaces/share/tutorial_interfaces/cmake/tutorial_interfaces__rosidl_typesupport_introspection_cppExport-noconfig.cmake
[7.165s] -- Installing: /home/skola/ros2_ws/install/tutorial_interfaces/share/tutorial_interfaces/cmake/tutorial_interfaces__rosidl_typesupport_cppExport.cmake
[7.166s] -- Installing: /home/skola/ros2_ws/install/tutorial_interfaces/share/tutorial_interfaces/cmake/tutorial_interfaces__rosidl_typesupport_cppExport-noconfig.cmake
[7.166s] -- Installing: /home/skola/ros2_ws/install/tutorial_interfaces/share/tutorial_interfaces/cmake/rosidl_cmake-extras.cmake
[7.166s] -- Installing: /home/skola/ros2_ws/install/tutorial_interfaces/share/tutorial_interfaces/cmake/ament_cmake_export_dependencies-extras.cmake
[7.166s] -- Installing: /home/skola/ros2_ws/install/tutorial_interfaces/share/tutorial_interfaces/cmake/ament_cmake_export_libraries-extras.cmake
[7.166s] -- Installing: /home/skola/ros2_ws/install/tutorial_interfaces/share/tutorial_interfaces/cmake/ament_cmake_export_targets-extras.cmake
[7.167s] -- Installing: /home/skola/ros2_ws/install/tutorial_interfaces/share/tutorial_interfaces/cmake/ament_cmake_export_include_directories-extras.cmake
[7.167s] -- Installing: /home/skola/ros2_ws/install/tutorial_interfaces/share/tutorial_interfaces/cmake/rosidl_cmake_export_typesupport_libraries-extras.cmake
[7.167s] -- Installing: /home/skola/ros2_ws/install/tutorial_interfaces/share/tutorial_interfaces/cmake/rosidl_cmake_export_typesupport_targets-extras.cmake
[7.167s] -- Installing: /home/skola/ros2_ws/install/tutorial_interfaces/share/tutorial_interfaces/cmake/tutorial_interfacesConfig.cmake
[7.167s] -- Installing: /home/skola/ros2_ws/install/tutorial_interfaces/share/tutorial_interfaces/cmake/tutorial_interfacesConfig-version.cmake
[7.167s] -- Installing: /home/skola/ros2_ws/install/tutorial_interfaces/share/tutorial_interfaces/package.xml
[7.172s] Invoked command in '/home/skola/ros2_ws/build/tutorial_interfaces' returned '0': CMAKE_PREFIX_PATH=/opt/ros/foxy /usr/bin/cmake --install /home/skola/ros2_ws/build/tutorial_interfaces
