[0.011s] Invoking command in '/home/skola/ros2_ws/build/sublisher': CMAKE_PREFIX_PATH=${CMAKE_PREFIX_PATH}:/opt/ros/foxy /usr/bin/cmake --build /home/skola/ros2_ws/build/sublisher -- -j8 -l8
[0.062s] [100%] Built target param_sub
[0.063s] [100%] Built target subber
[0.063s] [100%] Built target param_pub
[0.063s] [100%] Built target pubber
[0.071s] Invoked command in '/home/skola/ros2_ws/build/sublisher' returned '0': CMAKE_PREFIX_PATH=${CMAKE_PREFIX_PATH}:/opt/ros/foxy /usr/bin/cmake --build /home/skola/ros2_ws/build/sublisher -- -j8 -l8
[0.106s] Invoking command in '/home/skola/ros2_ws/build/sublisher': CMAKE_PREFIX_PATH=${CMAKE_PREFIX_PATH}:/opt/ros/foxy /usr/bin/cmake --install /home/skola/ros2_ws/build/sublisher
[0.113s] -- Install configuration: ""
[0.113s] -- Up-to-date: /home/skola/ros2_ws/install/sublisher/lib/sublisher/pubber
[0.113s] -- Up-to-date: /home/skola/ros2_ws/install/sublisher/lib/sublisher/subber
[0.113s] -- Up-to-date: /home/skola/ros2_ws/install/sublisher/lib/sublisher/param_pub
[0.113s] -- Up-to-date: /home/skola/ros2_ws/install/sublisher/lib/sublisher/param_sub
[0.113s] -- Up-to-date: /home/skola/ros2_ws/install/sublisher/share/ament_index/resource_index/package_run_dependencies/sublisher
[0.113s] -- Up-to-date: /home/skola/ros2_ws/install/sublisher/share/ament_index/resource_index/parent_prefix_path/sublisher
[0.113s] -- Up-to-date: /home/skola/ros2_ws/install/sublisher/share/sublisher/environment/ament_prefix_path.sh
[0.114s] -- Up-to-date: /home/skola/ros2_ws/install/sublisher/share/sublisher/environment/ament_prefix_path.dsv
[0.114s] -- Up-to-date: /home/skola/ros2_ws/install/sublisher/share/sublisher/environment/path.sh
[0.114s] -- Up-to-date: /home/skola/ros2_ws/install/sublisher/share/sublisher/environment/path.dsv
[0.114s] -- Up-to-date: /home/skola/ros2_ws/install/sublisher/share/sublisher/local_setup.bash
[0.114s] -- Up-to-date: /home/skola/ros2_ws/install/sublisher/share/sublisher/local_setup.sh
[0.114s] -- Up-to-date: /home/skola/ros2_ws/install/sublisher/share/sublisher/local_setup.zsh
[0.114s] -- Up-to-date: /home/skola/ros2_ws/install/sublisher/share/sublisher/local_setup.dsv
[0.114s] -- Installing: /home/skola/ros2_ws/install/sublisher/share/sublisher/package.dsv
[0.114s] -- Up-to-date: /home/skola/ros2_ws/install/sublisher/share/ament_index/resource_index/packages/sublisher
[0.114s] -- Up-to-date: /home/skola/ros2_ws/install/sublisher/share/sublisher/cmake/sublisherConfig.cmake
[0.114s] -- Up-to-date: /home/skola/ros2_ws/install/sublisher/share/sublisher/cmake/sublisherConfig-version.cmake
[0.114s] -- Up-to-date: /home/skola/ros2_ws/install/sublisher/share/sublisher/package.xml
[0.116s] Invoked command in '/home/skola/ros2_ws/build/sublisher' returned '0': CMAKE_PREFIX_PATH=${CMAKE_PREFIX_PATH}:/opt/ros/foxy /usr/bin/cmake --install /home/skola/ros2_ws/build/sublisher
