[0.153s] Invoking command in '/home/skola/ros2_ws/build/sublisher': CMAKE_PREFIX_PATH=${CMAKE_PREFIX_PATH}:/opt/ros/foxy /usr/bin/cmake --build /home/skola/ros2_ws/build/sublisher -- -j8 -l8
[0.510s] -- Found ament_cmake: 0.9.9 (/opt/ros/foxy/share/ament_cmake/cmake)
[0.510s] -- Using PYTHON_EXECUTABLE: /usr/bin/python3
[1.033s] -- Found rclcpp: 2.4.0 (/opt/ros/foxy/share/rclcpp/cmake)
[1.216s] -- Using all available rosidl_typesupport_c: rosidl_typesupport_fastrtps_c;rosidl_typesupport_introspection_c
[1.234s] -- Found rosidl_adapter: 1.2.1 (/opt/ros/foxy/share/rosidl_adapter/cmake)
[1.597s] -- Using all available rosidl_typesupport_cpp: rosidl_typesupport_fastrtps_cpp;rosidl_typesupport_introspection_cpp
[1.788s] -- Found rmw_implementation_cmake: 1.0.3 (/opt/ros/foxy/share/rmw_implementation_cmake/cmake)
[1.799s] -- Using RMW implementation 'rmw_fastrtps_cpp' as default
[2.190s] -- Found ament_lint_auto: 0.9.6 (/opt/ros/foxy/share/ament_lint_auto/cmake)
[2.373s] -- Added test 'copyright' to check source files copyright and LICENSE
[2.379s] -- Added test 'cppcheck' to perform static code analysis on C / C++ code
[2.382s] -- Configured cppcheck include dirs: 
[2.382s] -- Configured cppcheck exclude dirs and/or files: 
[2.384s] -- Added test 'cpplint' to check C / C++ code against the Google style
[2.384s] -- Configured cpplint exclude dirs and/or files: 
[2.386s] -- Added test 'flake8' to check Python code syntax and style conventions
[2.387s] -- Added test 'lint_cmake' to check CMake code style
[2.390s] -- Added test 'pep257' to check Python code against some of the style conventions in PEP 257
[2.394s] -- Added test 'uncrustify' to check C / C++ code style
[2.394s] -- Configured uncrustify additional arguments: 
[2.396s] -- Added test 'xmllint' to check XML markup files
[2.406s] -- Configuring done
[2.484s] -- Generating done
[2.487s] -- Build files have been written to: /home/skola/ros2_ws/build/sublisher
[2.535s] [35m[1mScanning dependencies of target pub_sub[0m
[2.597s] [ 20%] Built target param_pub
[2.598s] [ 40%] Built target subber
[2.600s] [ 60%] Built target pubber
[2.605s] [ 80%] Built target param_sub
[2.618s] [ 90%] [32mBuilding CXX object CMakeFiles/pub_sub.dir/src/pub_sub.cpp.o[0m
[7.616s] [100%] [32m[1mLinking CXX executable pub_sub[0m
[8.078s] [100%] Built target pub_sub
[8.098s] Invoked command in '/home/skola/ros2_ws/build/sublisher' returned '0': CMAKE_PREFIX_PATH=${CMAKE_PREFIX_PATH}:/opt/ros/foxy /usr/bin/cmake --build /home/skola/ros2_ws/build/sublisher -- -j8 -l8
[8.164s] Invoking command in '/home/skola/ros2_ws/build/sublisher': CMAKE_PREFIX_PATH=${CMAKE_PREFIX_PATH}:/opt/ros/foxy /usr/bin/cmake --install /home/skola/ros2_ws/build/sublisher
[8.177s] -- Install configuration: ""
[8.227s] -- Up-to-date: /home/skola/ros2_ws/install/sublisher/lib/sublisher/pubber
[8.231s] -- Up-to-date: /home/skola/ros2_ws/install/sublisher/lib/sublisher/subber
[8.235s] -- Up-to-date: /home/skola/ros2_ws/install/sublisher/lib/sublisher/param_pub
[8.237s] -- Up-to-date: /home/skola/ros2_ws/install/sublisher/lib/sublisher/param_sub
[8.238s] -- Installing: /home/skola/ros2_ws/install/sublisher/lib/sublisher/pub_sub
[8.242s] -- Set runtime path of "/home/skola/ros2_ws/install/sublisher/lib/sublisher/pub_sub" to ""
[8.242s] -- Up-to-date: /home/skola/ros2_ws/install/sublisher/share/sublisher/launch
[8.242s] -- Up-to-date: /home/skola/ros2_ws/install/sublisher/share/sublisher/launch/sublisher_launch.py
[8.243s] -- Up-to-date: /home/skola/ros2_ws/install/sublisher/share/ament_index/resource_index/package_run_dependencies/sublisher
[8.244s] -- Installing: /home/skola/ros2_ws/install/sublisher/share/ament_index/resource_index/parent_prefix_path/sublisher
[8.244s] -- Up-to-date: /home/skola/ros2_ws/install/sublisher/share/sublisher/environment/ament_prefix_path.sh
[8.244s] -- Installing: /home/skola/ros2_ws/install/sublisher/share/sublisher/environment/ament_prefix_path.dsv
[8.245s] -- Up-to-date: /home/skola/ros2_ws/install/sublisher/share/sublisher/environment/path.sh
[8.245s] -- Installing: /home/skola/ros2_ws/install/sublisher/share/sublisher/environment/path.dsv
[8.246s] -- Up-to-date: /home/skola/ros2_ws/install/sublisher/share/sublisher/local_setup.bash
[8.246s] -- Up-to-date: /home/skola/ros2_ws/install/sublisher/share/sublisher/local_setup.sh
[8.246s] -- Up-to-date: /home/skola/ros2_ws/install/sublisher/share/sublisher/local_setup.zsh
[8.246s] -- Installing: /home/skola/ros2_ws/install/sublisher/share/sublisher/local_setup.dsv
[8.246s] -- Installing: /home/skola/ros2_ws/install/sublisher/share/sublisher/package.dsv
[8.247s] -- Up-to-date: /home/skola/ros2_ws/install/sublisher/share/ament_index/resource_index/packages/sublisher
[8.247s] -- Up-to-date: /home/skola/ros2_ws/install/sublisher/share/sublisher/cmake/sublisherConfig.cmake
[8.247s] -- Up-to-date: /home/skola/ros2_ws/install/sublisher/share/sublisher/cmake/sublisherConfig-version.cmake
[8.247s] -- Up-to-date: /home/skola/ros2_ws/install/sublisher/share/sublisher/package.xml
[8.253s] Invoked command in '/home/skola/ros2_ws/build/sublisher' returned '0': CMAKE_PREFIX_PATH=${CMAKE_PREFIX_PATH}:/opt/ros/foxy /usr/bin/cmake --install /home/skola/ros2_ws/build/sublisher
