[0.037s] Invoking command in '/home/skola/ros2_ws/build/more_interfaces': CMAKE_PREFIX_PATH=${CMAKE_PREFIX_PATH}:/opt/ros/foxy /usr/bin/cmake --build /home/skola/ros2_ws/build/more_interfaces -- -j8 -l8
[0.099s] [  9%] Built target more_interfaces__rosidl_generator_c
[0.112s] [ 12%] Built target more_interfaces__cpp
[0.148s] [ 21%] Built target more_interfaces__rosidl_typesupport_c
[0.149s] [ 30%] Built target more_interfaces__rosidl_typesupport_introspection_c
[0.151s] [ 42%] Built target more_interfaces__rosidl_typesupport_cpp
[0.151s] [ 48%] Built target more_interfaces__rosidl_typesupport_introspection_cpp
[0.170s] [ 57%] Built target more_interfaces__rosidl_typesupport_fastrtps_cpp
[0.196s] [ 66%] Built target more_interfaces__rosidl_typesupport_fastrtps_c
[0.218s] [ 66%] Built target more_interfaces
[0.236s] [ 69%] Built target more_interfaces__py
[0.244s] [ 75%] Built target publish_address_book
[0.284s] [ 81%] Built target more_interfaces__python
[0.307s] [ 93%] Built target more_interfaces__rosidl_typesupport_introspection_c__pyext
[0.307s] [ 93%] Built target more_interfaces__rosidl_typesupport_c__pyext
[0.308s] [100%] Built target more_interfaces__rosidl_typesupport_fastrtps_c__pyext
[0.319s] Invoked command in '/home/skola/ros2_ws/build/more_interfaces' returned '0': CMAKE_PREFIX_PATH=${CMAKE_PREFIX_PATH}:/opt/ros/foxy /usr/bin/cmake --build /home/skola/ros2_ws/build/more_interfaces -- -j8 -l8
[0.373s] Invoking command in '/home/skola/ros2_ws/build/more_interfaces': CMAKE_PREFIX_PATH=${CMAKE_PREFIX_PATH}:/opt/ros/foxy /usr/bin/cmake --install /home/skola/ros2_ws/build/more_interfaces
[0.380s] -- Install configuration: ""
[0.381s] -- Up-to-date: /home/skola/ros2_ws/install/more_interfaces/share/ament_index/resource_index/rosidl_interfaces/more_interfaces
[0.381s] -- Up-to-date: /home/skola/ros2_ws/install/more_interfaces/include/more_interfaces
[0.382s] -- Up-to-date: /home/skola/ros2_ws/install/more_interfaces/include/more_interfaces/msg
[0.382s] -- Up-to-date: /home/skola/ros2_ws/install/more_interfaces/include/more_interfaces/msg/rosidl_generator_c__visibility_control.h
[0.382s] -- Up-to-date: /home/skola/ros2_ws/install/more_interfaces/include/more_interfaces/msg/address_book.h
[0.382s] -- Up-to-date: /home/skola/ros2_ws/install/more_interfaces/include/more_interfaces/msg/detail
[0.382s] -- Up-to-date: /home/skola/ros2_ws/install/more_interfaces/include/more_interfaces/msg/detail/address_book__struct.h
[0.382s] -- Up-to-date: /home/skola/ros2_ws/install/more_interfaces/include/more_interfaces/msg/detail/address_book__functions.h
[0.382s] -- Up-to-date: /home/skola/ros2_ws/install/more_interfaces/include/more_interfaces/msg/detail/address_book__type_support.h
[0.382s] -- Up-to-date: /home/skola/ros2_ws/install/more_interfaces/include/more_interfaces/msg/detail/address_book__functions.c
[0.382s] -- Up-to-date: /home/skola/ros2_ws/install/more_interfaces/share/more_interfaces/environment/library_path.sh
[0.382s] -- Up-to-date: /home/skola/ros2_ws/install/more_interfaces/share/more_interfaces/environment/library_path.dsv
[0.382s] -- Up-to-date: /home/skola/ros2_ws/install/more_interfaces/lib/libmore_interfaces__rosidl_generator_c.so
[0.382s] -- Up-to-date: /home/skola/ros2_ws/install/more_interfaces/include/more_interfaces
[0.382s] -- Up-to-date: /home/skola/ros2_ws/install/more_interfaces/include/more_interfaces/msg
[0.383s] -- Up-to-date: /home/skola/ros2_ws/install/more_interfaces/include/more_interfaces/msg/detail
[0.383s] -- Up-to-date: /home/skola/ros2_ws/install/more_interfaces/include/more_interfaces/msg/detail/address_book__rosidl_typesupport_fastrtps_c.h
[0.383s] -- Up-to-date: /home/skola/ros2_ws/install/more_interfaces/include/more_interfaces/msg/rosidl_typesupport_fastrtps_c__visibility_control.h
[0.383s] -- Up-to-date: /home/skola/ros2_ws/install/more_interfaces/lib/libmore_interfaces__rosidl_typesupport_fastrtps_c.so
[0.383s] -- Up-to-date: /home/skola/ros2_ws/install/more_interfaces/include/more_interfaces
[0.383s] -- Up-to-date: /home/skola/ros2_ws/install/more_interfaces/include/more_interfaces/msg
[0.383s] -- Up-to-date: /home/skola/ros2_ws/install/more_interfaces/include/more_interfaces/msg/detail
[0.383s] -- Up-to-date: /home/skola/ros2_ws/install/more_interfaces/include/more_interfaces/msg/detail/dds_fastrtps
[0.383s] -- Up-to-date: /home/skola/ros2_ws/install/more_interfaces/include/more_interfaces/msg/detail/address_book__rosidl_typesupport_fastrtps_cpp.hpp
[0.383s] -- Up-to-date: /home/skola/ros2_ws/install/more_interfaces/include/more_interfaces/msg/rosidl_typesupport_fastrtps_cpp__visibility_control.h
[0.384s] -- Up-to-date: /home/skola/ros2_ws/install/more_interfaces/lib/libmore_interfaces__rosidl_typesupport_fastrtps_cpp.so
[0.384s] -- Up-to-date: /home/skola/ros2_ws/install/more_interfaces/include/more_interfaces
[0.384s] -- Up-to-date: /home/skola/ros2_ws/install/more_interfaces/include/more_interfaces/msg
[0.384s] -- Up-to-date: /home/skola/ros2_ws/install/more_interfaces/include/more_interfaces/msg/rosidl_typesupport_introspection_c__visibility_control.h
[0.384s] -- Up-to-date: /home/skola/ros2_ws/install/more_interfaces/include/more_interfaces/msg/detail
[0.384s] -- Up-to-date: /home/skola/ros2_ws/install/more_interfaces/include/more_interfaces/msg/detail/address_book__rosidl_typesupport_introspection_c.h
[0.384s] -- Up-to-date: /home/skola/ros2_ws/install/more_interfaces/include/more_interfaces/msg/detail/address_book__type_support.c
[0.384s] -- Up-to-date: /home/skola/ros2_ws/install/more_interfaces/lib/libmore_interfaces__rosidl_typesupport_introspection_c.so
[0.385s] -- Up-to-date: /home/skola/ros2_ws/install/more_interfaces/lib/libmore_interfaces__rosidl_typesupport_c.so
[0.385s] -- Up-to-date: /home/skola/ros2_ws/install/more_interfaces/include/more_interfaces
[0.385s] -- Up-to-date: /home/skola/ros2_ws/install/more_interfaces/include/more_interfaces/msg
[0.385s] -- Up-to-date: /home/skola/ros2_ws/install/more_interfaces/include/more_interfaces/msg/address_book.hpp
[0.385s] -- Up-to-date: /home/skola/ros2_ws/install/more_interfaces/include/more_interfaces/msg/detail
[0.385s] -- Up-to-date: /home/skola/ros2_ws/install/more_interfaces/include/more_interfaces/msg/detail/address_book__struct.hpp
[0.385s] -- Up-to-date: /home/skola/ros2_ws/install/more_interfaces/include/more_interfaces/msg/detail/address_book__builder.hpp
[0.385s] -- Up-to-date: /home/skola/ros2_ws/install/more_interfaces/include/more_interfaces/msg/detail/address_book__traits.hpp
[0.385s] -- Up-to-date: /home/skola/ros2_ws/install/more_interfaces/include/more_interfaces
[0.386s] -- Up-to-date: /home/skola/ros2_ws/install/more_interfaces/include/more_interfaces/msg
[0.386s] -- Up-to-date: /home/skola/ros2_ws/install/more_interfaces/include/more_interfaces/msg/detail
[0.386s] -- Up-to-date: /home/skola/ros2_ws/install/more_interfaces/include/more_interfaces/msg/detail/address_book__rosidl_typesupport_introspection_cpp.hpp
[0.386s] -- Up-to-date: /home/skola/ros2_ws/install/more_interfaces/include/more_interfaces/msg/detail/address_book__type_support.cpp
[0.386s] -- Up-to-date: /home/skola/ros2_ws/install/more_interfaces/lib/libmore_interfaces__rosidl_typesupport_introspection_cpp.so
[0.386s] -- Up-to-date: /home/skola/ros2_ws/install/more_interfaces/lib/libmore_interfaces__rosidl_typesupport_cpp.so
[0.386s] -- Up-to-date: /home/skola/ros2_ws/install/more_interfaces/share/more_interfaces/environment/pythonpath.sh
[0.386s] -- Up-to-date: /home/skola/ros2_ws/install/more_interfaces/share/more_interfaces/environment/pythonpath.dsv
[0.386s] -- Up-to-date: /home/skola/ros2_ws/install/more_interfaces/lib/python3.8/site-packages/more_interfaces/__init__.py
[0.421s] -- Up-to-date: /home/skola/ros2_ws/install/more_interfaces/lib/python3.8/site-packages/more_interfaces/msg
[0.422s] -- Up-to-date: /home/skola/ros2_ws/install/more_interfaces/lib/python3.8/site-packages/more_interfaces/msg/_address_book.py
[0.422s] -- Up-to-date: /home/skola/ros2_ws/install/more_interfaces/lib/python3.8/site-packages/more_interfaces/msg/_address_book_s.c
[0.422s] -- Up-to-date: /home/skola/ros2_ws/install/more_interfaces/lib/python3.8/site-packages/more_interfaces/msg/__init__.py
[0.422s] -- Up-to-date: /home/skola/ros2_ws/install/more_interfaces/lib/python3.8/site-packages/more_interfaces/more_interfaces_s__rosidl_typesupport_fastrtps_c.cpython-38-x86_64-linux-gnu.so
[0.422s] -- Up-to-date: /home/skola/ros2_ws/install/more_interfaces/lib/python3.8/site-packages/more_interfaces/more_interfaces_s__rosidl_typesupport_introspection_c.cpython-38-x86_64-linux-gnu.so
[0.422s] -- Up-to-date: /home/skola/ros2_ws/install/more_interfaces/lib/python3.8/site-packages/more_interfaces/more_interfaces_s__rosidl_typesupport_c.cpython-38-x86_64-linux-gnu.so
[0.422s] -- Up-to-date: /home/skola/ros2_ws/install/more_interfaces/lib/libmore_interfaces__python.so
[0.422s] -- Up-to-date: /home/skola/ros2_ws/install/more_interfaces/share/more_interfaces/msg/AddressBook.idl
[0.422s] -- Up-to-date: /home/skola/ros2_ws/install/more_interfaces/share/more_interfaces/msg/AddressBook.msg
[0.422s] -- Up-to-date: /home/skola/ros2_ws/install/more_interfaces/lib/more_interfaces/publish_address_book
[0.422s] -- Up-to-date: /home/skola/ros2_ws/install/more_interfaces/share/ament_index/resource_index/package_run_dependencies/more_interfaces
[0.422s] -- Up-to-date: /home/skola/ros2_ws/install/more_interfaces/share/ament_index/resource_index/parent_prefix_path/more_interfaces
[0.422s] -- Up-to-date: /home/skola/ros2_ws/install/more_interfaces/share/more_interfaces/environment/ament_prefix_path.sh
[0.422s] -- Up-to-date: /home/skola/ros2_ws/install/more_interfaces/share/more_interfaces/environment/ament_prefix_path.dsv
[0.422s] -- Up-to-date: /home/skola/ros2_ws/install/more_interfaces/share/more_interfaces/environment/path.sh
[0.422s] -- Up-to-date: /home/skola/ros2_ws/install/more_interfaces/share/more_interfaces/environment/path.dsv
[0.422s] -- Up-to-date: /home/skola/ros2_ws/install/more_interfaces/share/more_interfaces/local_setup.bash
[0.422s] -- Up-to-date: /home/skola/ros2_ws/install/more_interfaces/share/more_interfaces/local_setup.sh
[0.422s] -- Up-to-date: /home/skola/ros2_ws/install/more_interfaces/share/more_interfaces/local_setup.zsh
[0.423s] -- Up-to-date: /home/skola/ros2_ws/install/more_interfaces/share/more_interfaces/local_setup.dsv
[0.423s] -- Installing: /home/skola/ros2_ws/install/more_interfaces/share/more_interfaces/package.dsv
[0.423s] -- Up-to-date: /home/skola/ros2_ws/install/more_interfaces/share/ament_index/resource_index/packages/more_interfaces
[0.423s] -- Up-to-date: /home/skola/ros2_ws/install/more_interfaces/share/more_interfaces/cmake/more_interfaces__rosidl_generator_cExport.cmake
[0.423s] -- Up-to-date: /home/skola/ros2_ws/install/more_interfaces/share/more_interfaces/cmake/more_interfaces__rosidl_generator_cExport-noconfig.cmake
[0.423s] -- Up-to-date: /home/skola/ros2_ws/install/more_interfaces/share/more_interfaces/cmake/more_interfaces__rosidl_typesupport_introspection_cExport.cmake
[0.423s] -- Up-to-date: /home/skola/ros2_ws/install/more_interfaces/share/more_interfaces/cmake/more_interfaces__rosidl_typesupport_introspection_cExport-noconfig.cmake
[0.423s] -- Up-to-date: /home/skola/ros2_ws/install/more_interfaces/share/more_interfaces/cmake/more_interfaces__rosidl_typesupport_cExport.cmake
[0.423s] -- Up-to-date: /home/skola/ros2_ws/install/more_interfaces/share/more_interfaces/cmake/more_interfaces__rosidl_typesupport_cExport-noconfig.cmake
[0.424s] -- Up-to-date: /home/skola/ros2_ws/install/more_interfaces/share/more_interfaces/cmake/more_interfaces__rosidl_generator_cppExport.cmake
[0.424s] -- Up-to-date: /home/skola/ros2_ws/install/more_interfaces/share/more_interfaces/cmake/more_interfaces__rosidl_typesupport_introspection_cppExport.cmake
[0.424s] -- Up-to-date: /home/skola/ros2_ws/install/more_interfaces/share/more_interfaces/cmake/more_interfaces__rosidl_typesupport_introspection_cppExport-noconfig.cmake
[0.424s] -- Up-to-date: /home/skola/ros2_ws/install/more_interfaces/share/more_interfaces/cmake/more_interfaces__rosidl_typesupport_cppExport.cmake
[0.424s] -- Up-to-date: /home/skola/ros2_ws/install/more_interfaces/share/more_interfaces/cmake/more_interfaces__rosidl_typesupport_cppExport-noconfig.cmake
[0.424s] -- Up-to-date: /home/skola/ros2_ws/install/more_interfaces/share/more_interfaces/cmake/rosidl_cmake-extras.cmake
[0.424s] -- Up-to-date: /home/skola/ros2_ws/install/more_interfaces/share/more_interfaces/cmake/ament_cmake_export_dependencies-extras.cmake
[0.424s] -- Up-to-date: /home/skola/ros2_ws/install/more_interfaces/share/more_interfaces/cmake/ament_cmake_export_libraries-extras.cmake
[0.424s] -- Up-to-date: /home/skola/ros2_ws/install/more_interfaces/share/more_interfaces/cmake/ament_cmake_export_targets-extras.cmake
[0.424s] -- Up-to-date: /home/skola/ros2_ws/install/more_interfaces/share/more_interfaces/cmake/ament_cmake_export_include_directories-extras.cmake
[0.424s] -- Up-to-date: /home/skola/ros2_ws/install/more_interfaces/share/more_interfaces/cmake/rosidl_cmake_export_typesupport_libraries-extras.cmake
[0.424s] -- Up-to-date: /home/skola/ros2_ws/install/more_interfaces/share/more_interfaces/cmake/rosidl_cmake_export_typesupport_targets-extras.cmake
[0.424s] -- Up-to-date: /home/skola/ros2_ws/install/more_interfaces/share/more_interfaces/cmake/more_interfacesConfig.cmake
[0.424s] -- Up-to-date: /home/skola/ros2_ws/install/more_interfaces/share/more_interfaces/cmake/more_interfacesConfig-version.cmake
[0.424s] -- Up-to-date: /home/skola/ros2_ws/install/more_interfaces/share/more_interfaces/package.xml
[0.425s] Invoked command in '/home/skola/ros2_ws/build/more_interfaces' returned '0': CMAKE_PREFIX_PATH=${CMAKE_PREFIX_PATH}:/opt/ros/foxy /usr/bin/cmake --install /home/skola/ros2_ws/build/more_interfaces
