[3593.012s] DEBUG:colcon:Command line arguments: ['/usr/bin/colcon', 'build', '--packages-up-to', 'more_interfaces']
[3593.012s] DEBUG:colcon:Parsed command line arguments: Namespace(ament_cmake_args=None, base_paths=['.'], build_base='build', catkin_cmake_args=None, catkin_skip_building_tests=False, cmake_args=None, cmake_clean_cache=False, cmake_clean_first=False, cmake_force_configure=False, cmake_target=None, cmake_target_skip_unavailable=False, continue_on_error=False, event_handlers=None, executor='parallel', ignore_user_meta=False, install_base='install', log_base=None, log_level=None, main=<bound method BuildVerb.main of <colcon_core.verb.build.BuildVerb object at 0x7f938495b2e0>>, merge_install=False, metas=['./colcon.meta'], packages_above=None, packages_above_and_dependencies=None, packages_above_depth=None, packages_end=None, packages_ignore=None, packages_ignore_regex=None, packages_select=None, packages_select_build_failed=False, packages_select_by_dep=None, packages_select_regex=None, packages_select_test_failures=False, packages_skip=None, packages_skip_build_finished=False, packages_skip_by_dep=None, packages_skip_regex=None, packages_skip_test_passed=False, packages_skip_up_to=None, packages_start=None, packages_up_to=['more_interfaces'], packages_up_to_regex=None, parallel_workers=8, paths=None, symlink_install=False, test_result_base=None, verb_extension=<colcon_core.verb.build.BuildVerb object at 0x7f938495b2e0>, verb_name='build', verb_parser=<colcon_defaults.argument_parser.defaults.DefaultArgumentsDecorator object at 0x7f938495b820>)
[3593.016s] Level 1:colcon.colcon_core.package_discovery:discover_packages(colcon_meta) check parameters
[3593.016s] Level 1:colcon.colcon_core.package_discovery:discover_packages(recursive) check parameters
[3593.016s] Level 1:colcon.colcon_core.package_discovery:discover_packages(ignore) check parameters
[3593.016s] Level 1:colcon.colcon_core.package_discovery:discover_packages(path) check parameters
[3593.016s] Level 1:colcon.colcon_core.package_discovery:discover_packages(colcon_meta) discover
[3593.016s] Level 1:colcon.colcon_core.package_discovery:discover_packages(recursive) discover
[3593.016s] INFO:colcon.colcon_core.package_discovery:Crawling recursively for packages in '/home/skola/ros2_ws'
[3593.016s] Level 1:colcon.colcon_core.package_identification:_identify(.) by extensions ['ignore', 'ignore_ament_install']
[3593.016s] Level 1:colcon.colcon_core.package_identification:_identify(.) by extension 'ignore'
[3593.016s] Level 1:colcon.colcon_core.package_identification:_identify(.) by extension 'ignore_ament_install'
[3593.016s] Level 1:colcon.colcon_core.package_identification:_identify(.) by extensions ['colcon_pkg']
[3593.016s] Level 1:colcon.colcon_core.package_identification:_identify(.) by extension 'colcon_pkg'
[3593.016s] Level 1:colcon.colcon_core.package_identification:_identify(.) by extensions ['colcon_meta']
[3593.016s] Level 1:colcon.colcon_core.package_identification:_identify(.) by extension 'colcon_meta'
[3593.016s] Level 1:colcon.colcon_core.package_identification:_identify(.) by extensions ['ros']
[3593.016s] Level 1:colcon.colcon_core.package_identification:_identify(.) by extension 'ros'
[3593.030s] Level 1:colcon.colcon_core.package_identification:_identify(.) by extensions ['cmake', 'python']
[3593.030s] Level 1:colcon.colcon_core.package_identification:_identify(.) by extension 'cmake'
[3593.030s] Level 1:colcon.colcon_core.package_identification:_identify(.) by extension 'python'
[3593.030s] Level 1:colcon.colcon_core.package_identification:_identify(.) by extensions ['python_setup_py']
[3593.030s] Level 1:colcon.colcon_core.package_identification:_identify(.) by extension 'python_setup_py'
[3593.030s] Level 1:colcon.colcon_core.package_identification:_identify(build) by extensions ['ignore', 'ignore_ament_install']
[3593.030s] Level 1:colcon.colcon_core.package_identification:_identify(build) by extension 'ignore'
[3593.030s] Level 1:colcon.colcon_core.package_identification:_identify(build) ignored
[3593.030s] Level 1:colcon.colcon_core.package_identification:_identify(install) by extensions ['ignore', 'ignore_ament_install']
[3593.030s] Level 1:colcon.colcon_core.package_identification:_identify(install) by extension 'ignore'
[3593.030s] Level 1:colcon.colcon_core.package_identification:_identify(install) ignored
[3593.030s] Level 1:colcon.colcon_core.package_identification:_identify(log) by extensions ['ignore', 'ignore_ament_install']
[3593.030s] Level 1:colcon.colcon_core.package_identification:_identify(log) by extension 'ignore'
[3593.030s] Level 1:colcon.colcon_core.package_identification:_identify(log) ignored
[3593.030s] Level 1:colcon.colcon_core.package_identification:_identify(src) by extensions ['ignore', 'ignore_ament_install']
[3593.030s] Level 1:colcon.colcon_core.package_identification:_identify(src) by extension 'ignore'
[3593.030s] Level 1:colcon.colcon_core.package_identification:_identify(src) by extension 'ignore_ament_install'
[3593.030s] Level 1:colcon.colcon_core.package_identification:_identify(src) by extensions ['colcon_pkg']
[3593.031s] Level 1:colcon.colcon_core.package_identification:_identify(src) by extension 'colcon_pkg'
[3593.031s] Level 1:colcon.colcon_core.package_identification:_identify(src) by extensions ['colcon_meta']
[3593.031s] Level 1:colcon.colcon_core.package_identification:_identify(src) by extension 'colcon_meta'
[3593.031s] Level 1:colcon.colcon_core.package_identification:_identify(src) by extensions ['ros']
[3593.031s] Level 1:colcon.colcon_core.package_identification:_identify(src) by extension 'ros'
[3593.031s] Level 1:colcon.colcon_core.package_identification:_identify(src) by extensions ['cmake', 'python']
[3593.031s] Level 1:colcon.colcon_core.package_identification:_identify(src) by extension 'cmake'
[3593.031s] Level 1:colcon.colcon_core.package_identification:_identify(src) by extension 'python'
[3593.031s] Level 1:colcon.colcon_core.package_identification:_identify(src) by extensions ['python_setup_py']
[3593.031s] Level 1:colcon.colcon_core.package_identification:_identify(src) by extension 'python_setup_py'
[3593.031s] Level 1:colcon.colcon_core.package_identification:_identify(src/cpp_pubsub) by extensions ['ignore', 'ignore_ament_install']
[3593.031s] Level 1:colcon.colcon_core.package_identification:_identify(src/cpp_pubsub) by extension 'ignore'
[3593.031s] Level 1:colcon.colcon_core.package_identification:_identify(src/cpp_pubsub) by extension 'ignore_ament_install'
[3593.031s] Level 1:colcon.colcon_core.package_identification:_identify(src/cpp_pubsub) by extensions ['colcon_pkg']
[3593.031s] Level 1:colcon.colcon_core.package_identification:_identify(src/cpp_pubsub) by extension 'colcon_pkg'
[3593.031s] Level 1:colcon.colcon_core.package_identification:_identify(src/cpp_pubsub) by extensions ['colcon_meta']
[3593.031s] Level 1:colcon.colcon_core.package_identification:_identify(src/cpp_pubsub) by extension 'colcon_meta'
[3593.031s] Level 1:colcon.colcon_core.package_identification:_identify(src/cpp_pubsub) by extensions ['ros']
[3593.031s] Level 1:colcon.colcon_core.package_identification:_identify(src/cpp_pubsub) by extension 'ros'
[3593.033s] DEBUG:colcon.colcon_core.package_identification:Package 'src/cpp_pubsub' with type 'ros.ament_cmake' and name 'cpp_pubsub'
[3593.033s] Level 1:colcon.colcon_core.package_identification:_identify(src/cpp_srvcli) by extensions ['ignore', 'ignore_ament_install']
[3593.033s] Level 1:colcon.colcon_core.package_identification:_identify(src/cpp_srvcli) by extension 'ignore'
[3593.033s] Level 1:colcon.colcon_core.package_identification:_identify(src/cpp_srvcli) by extension 'ignore_ament_install'
[3593.033s] Level 1:colcon.colcon_core.package_identification:_identify(src/cpp_srvcli) by extensions ['colcon_pkg']
[3593.033s] Level 1:colcon.colcon_core.package_identification:_identify(src/cpp_srvcli) by extension 'colcon_pkg'
[3593.033s] Level 1:colcon.colcon_core.package_identification:_identify(src/cpp_srvcli) by extensions ['colcon_meta']
[3593.033s] Level 1:colcon.colcon_core.package_identification:_identify(src/cpp_srvcli) by extension 'colcon_meta'
[3593.033s] Level 1:colcon.colcon_core.package_identification:_identify(src/cpp_srvcli) by extensions ['ros']
[3593.033s] Level 1:colcon.colcon_core.package_identification:_identify(src/cpp_srvcli) by extension 'ros'
[3593.034s] DEBUG:colcon.colcon_core.package_identification:Package 'src/cpp_srvcli' with type 'ros.ament_cmake' and name 'cpp_srvcli'
[3593.034s] Level 1:colcon.colcon_core.package_identification:_identify(src/cpp_topic) by extensions ['ignore', 'ignore_ament_install']
[3593.034s] Level 1:colcon.colcon_core.package_identification:_identify(src/cpp_topic) by extension 'ignore'
[3593.034s] Level 1:colcon.colcon_core.package_identification:_identify(src/cpp_topic) by extension 'ignore_ament_install'
[3593.034s] Level 1:colcon.colcon_core.package_identification:_identify(src/cpp_topic) by extensions ['colcon_pkg']
[3593.034s] Level 1:colcon.colcon_core.package_identification:_identify(src/cpp_topic) by extension 'colcon_pkg'
[3593.034s] Level 1:colcon.colcon_core.package_identification:_identify(src/cpp_topic) by extensions ['colcon_meta']
[3593.034s] Level 1:colcon.colcon_core.package_identification:_identify(src/cpp_topic) by extension 'colcon_meta'
[3593.034s] Level 1:colcon.colcon_core.package_identification:_identify(src/cpp_topic) by extensions ['ros']
[3593.034s] Level 1:colcon.colcon_core.package_identification:_identify(src/cpp_topic) by extension 'ros'
[3593.035s] DEBUG:colcon.colcon_core.package_identification:Package 'src/cpp_topic' with type 'ros.ament_cmake' and name 'cpp_topic'
[3593.035s] Level 1:colcon.colcon_core.package_identification:_identify(src/more_interfaces) by extensions ['ignore', 'ignore_ament_install']
[3593.035s] Level 1:colcon.colcon_core.package_identification:_identify(src/more_interfaces) by extension 'ignore'
[3593.035s] Level 1:colcon.colcon_core.package_identification:_identify(src/more_interfaces) by extension 'ignore_ament_install'
[3593.035s] Level 1:colcon.colcon_core.package_identification:_identify(src/more_interfaces) by extensions ['colcon_pkg']
[3593.035s] Level 1:colcon.colcon_core.package_identification:_identify(src/more_interfaces) by extension 'colcon_pkg'
[3593.035s] Level 1:colcon.colcon_core.package_identification:_identify(src/more_interfaces) by extensions ['colcon_meta']
[3593.035s] Level 1:colcon.colcon_core.package_identification:_identify(src/more_interfaces) by extension 'colcon_meta'
[3593.035s] Level 1:colcon.colcon_core.package_identification:_identify(src/more_interfaces) by extensions ['ros']
[3593.035s] Level 1:colcon.colcon_core.package_identification:_identify(src/more_interfaces) by extension 'ros'
[3593.036s] DEBUG:colcon.colcon_core.package_identification:Package 'src/more_interfaces' with type 'ros.ament_cmake' and name 'more_interfaces'
[3593.036s] Level 1:colcon.colcon_core.package_identification:_identify(src/my_package) by extensions ['ignore', 'ignore_ament_install']
[3593.036s] Level 1:colcon.colcon_core.package_identification:_identify(src/my_package) by extension 'ignore'
[3593.036s] Level 1:colcon.colcon_core.package_identification:_identify(src/my_package) by extension 'ignore_ament_install'
[3593.036s] Level 1:colcon.colcon_core.package_identification:_identify(src/my_package) by extensions ['colcon_pkg']
[3593.036s] Level 1:colcon.colcon_core.package_identification:_identify(src/my_package) by extension 'colcon_pkg'
[3593.036s] Level 1:colcon.colcon_core.package_identification:_identify(src/my_package) by extensions ['colcon_meta']
[3593.036s] Level 1:colcon.colcon_core.package_identification:_identify(src/my_package) by extension 'colcon_meta'
[3593.036s] Level 1:colcon.colcon_core.package_identification:_identify(src/my_package) by extensions ['ros']
[3593.036s] Level 1:colcon.colcon_core.package_identification:_identify(src/my_package) by extension 'ros'
[3593.037s] DEBUG:colcon.colcon_core.package_identification:Package 'src/my_package' with type 'ros.ament_cmake' and name 'my_package'
[3593.037s] Level 1:colcon.colcon_core.package_identification:_identify(src/ros_tutorials) by extensions ['ignore', 'ignore_ament_install']
[3593.037s] Level 1:colcon.colcon_core.package_identification:_identify(src/ros_tutorials) by extension 'ignore'
[3593.037s] Level 1:colcon.colcon_core.package_identification:_identify(src/ros_tutorials) by extension 'ignore_ament_install'
[3593.037s] Level 1:colcon.colcon_core.package_identification:_identify(src/ros_tutorials) by extensions ['colcon_pkg']
[3593.037s] Level 1:colcon.colcon_core.package_identification:_identify(src/ros_tutorials) by extension 'colcon_pkg'
[3593.037s] Level 1:colcon.colcon_core.package_identification:_identify(src/ros_tutorials) by extensions ['colcon_meta']
[3593.037s] Level 1:colcon.colcon_core.package_identification:_identify(src/ros_tutorials) by extension 'colcon_meta'
[3593.037s] Level 1:colcon.colcon_core.package_identification:_identify(src/ros_tutorials) by extensions ['ros']
[3593.037s] Level 1:colcon.colcon_core.package_identification:_identify(src/ros_tutorials) by extension 'ros'
[3593.037s] Level 1:colcon.colcon_core.package_identification:_identify(src/ros_tutorials) by extensions ['cmake', 'python']
[3593.037s] Level 1:colcon.colcon_core.package_identification:_identify(src/ros_tutorials) by extension 'cmake'
[3593.037s] Level 1:colcon.colcon_core.package_identification:_identify(src/ros_tutorials) by extension 'python'
[3593.037s] Level 1:colcon.colcon_core.package_identification:_identify(src/ros_tutorials) by extensions ['python_setup_py']
[3593.037s] Level 1:colcon.colcon_core.package_identification:_identify(src/ros_tutorials) by extension 'python_setup_py'
[3593.038s] Level 1:colcon.colcon_core.package_identification:_identify(src/ros_tutorials/ros_tutorials) by extensions ['ignore', 'ignore_ament_install']
[3593.038s] Level 1:colcon.colcon_core.package_identification:_identify(src/ros_tutorials/ros_tutorials) by extension 'ignore'
[3593.038s] Level 1:colcon.colcon_core.package_identification:_identify(src/ros_tutorials/ros_tutorials) ignored
[3593.038s] Level 1:colcon.colcon_core.package_identification:_identify(src/ros_tutorials/roscpp_tutorials) by extensions ['ignore', 'ignore_ament_install']
[3593.038s] Level 1:colcon.colcon_core.package_identification:_identify(src/ros_tutorials/roscpp_tutorials) by extension 'ignore'
[3593.038s] Level 1:colcon.colcon_core.package_identification:_identify(src/ros_tutorials/roscpp_tutorials) ignored
[3593.038s] Level 1:colcon.colcon_core.package_identification:_identify(src/ros_tutorials/rospy_tutorials) by extensions ['ignore', 'ignore_ament_install']
[3593.038s] Level 1:colcon.colcon_core.package_identification:_identify(src/ros_tutorials/rospy_tutorials) by extension 'ignore'
[3593.038s] Level 1:colcon.colcon_core.package_identification:_identify(src/ros_tutorials/rospy_tutorials) ignored
[3593.038s] Level 1:colcon.colcon_core.package_identification:_identify(src/ros_tutorials/turtlesim) by extensions ['ignore', 'ignore_ament_install']
[3593.038s] Level 1:colcon.colcon_core.package_identification:_identify(src/ros_tutorials/turtlesim) by extension 'ignore'
[3593.038s] Level 1:colcon.colcon_core.package_identification:_identify(src/ros_tutorials/turtlesim) by extension 'ignore_ament_install'
[3593.038s] Level 1:colcon.colcon_core.package_identification:_identify(src/ros_tutorials/turtlesim) by extensions ['colcon_pkg']
[3593.038s] Level 1:colcon.colcon_core.package_identification:_identify(src/ros_tutorials/turtlesim) by extension 'colcon_pkg'
[3593.038s] Level 1:colcon.colcon_core.package_identification:_identify(src/ros_tutorials/turtlesim) by extensions ['colcon_meta']
[3593.038s] Level 1:colcon.colcon_core.package_identification:_identify(src/ros_tutorials/turtlesim) by extension 'colcon_meta'
[3593.039s] Level 1:colcon.colcon_core.package_identification:_identify(src/ros_tutorials/turtlesim) by extensions ['ros']
[3593.039s] Level 1:colcon.colcon_core.package_identification:_identify(src/ros_tutorials/turtlesim) by extension 'ros'
[3593.040s] DEBUG:colcon.colcon_core.package_identification:Package 'src/ros_tutorials/turtlesim' with type 'ros.ament_cmake' and name 'turtlesim'
[3593.040s] Level 1:colcon.colcon_core.package_identification:_identify(src/sublisher) by extensions ['ignore', 'ignore_ament_install']
[3593.040s] Level 1:colcon.colcon_core.package_identification:_identify(src/sublisher) by extension 'ignore'
[3593.040s] Level 1:colcon.colcon_core.package_identification:_identify(src/sublisher) by extension 'ignore_ament_install'
[3593.040s] Level 1:colcon.colcon_core.package_identification:_identify(src/sublisher) by extensions ['colcon_pkg']
[3593.040s] Level 1:colcon.colcon_core.package_identification:_identify(src/sublisher) by extension 'colcon_pkg'
[3593.040s] Level 1:colcon.colcon_core.package_identification:_identify(src/sublisher) by extensions ['colcon_meta']
[3593.040s] Level 1:colcon.colcon_core.package_identification:_identify(src/sublisher) by extension 'colcon_meta'
[3593.040s] Level 1:colcon.colcon_core.package_identification:_identify(src/sublisher) by extensions ['ros']
[3593.040s] Level 1:colcon.colcon_core.package_identification:_identify(src/sublisher) by extension 'ros'
[3593.041s] DEBUG:colcon.colcon_core.package_identification:Package 'src/sublisher' with type 'ros.ament_cmake' and name 'sublisher'
[3593.041s] Level 1:colcon.colcon_core.package_identification:_identify(src/tutorial_interfaces) by extensions ['ignore', 'ignore_ament_install']
[3593.041s] Level 1:colcon.colcon_core.package_identification:_identify(src/tutorial_interfaces) by extension 'ignore'
[3593.041s] Level 1:colcon.colcon_core.package_identification:_identify(src/tutorial_interfaces) by extension 'ignore_ament_install'
[3593.041s] Level 1:colcon.colcon_core.package_identification:_identify(src/tutorial_interfaces) by extensions ['colcon_pkg']
[3593.041s] Level 1:colcon.colcon_core.package_identification:_identify(src/tutorial_interfaces) by extension 'colcon_pkg'
[3593.041s] Level 1:colcon.colcon_core.package_identification:_identify(src/tutorial_interfaces) by extensions ['colcon_meta']
[3593.041s] Level 1:colcon.colcon_core.package_identification:_identify(src/tutorial_interfaces) by extension 'colcon_meta'
[3593.041s] Level 1:colcon.colcon_core.package_identification:_identify(src/tutorial_interfaces) by extensions ['ros']
[3593.041s] Level 1:colcon.colcon_core.package_identification:_identify(src/tutorial_interfaces) by extension 'ros'
[3593.042s] DEBUG:colcon.colcon_core.package_identification:Package 'src/tutorial_interfaces' with type 'ros.ament_cmake' and name 'tutorial_interfaces'
[3593.042s] Level 1:colcon.colcon_core.package_discovery:discover_packages(recursive) using defaults
[3593.042s] Level 1:colcon.colcon_core.package_discovery:discover_packages(ignore) discover
[3593.042s] Level 1:colcon.colcon_core.package_discovery:discover_packages(ignore) using defaults
[3593.042s] Level 1:colcon.colcon_core.package_discovery:discover_packages(path) discover
[3593.042s] Level 1:colcon.colcon_core.package_discovery:discover_packages(path) using defaults
[3593.061s] INFO:colcon.colcon_core.package_selection:Skipping package 'tutorial_interfaces' in 'src/tutorial_interfaces'
[3593.061s] INFO:colcon.colcon_core.package_selection:Skipping package 'turtlesim' in 'src/ros_tutorials/turtlesim'
[3593.061s] INFO:colcon.colcon_core.package_selection:Skipping package 'sublisher' in 'src/sublisher'
[3593.061s] INFO:colcon.colcon_core.package_selection:Skipping package 'my_package' in 'src/my_package'
[3593.061s] INFO:colcon.colcon_core.package_selection:Skipping package 'cpp_topic' in 'src/cpp_topic'
[3593.061s] INFO:colcon.colcon_core.package_selection:Skipping package 'cpp_srvcli' in 'src/cpp_srvcli'
[3593.061s] INFO:colcon.colcon_core.package_selection:Skipping package 'cpp_pubsub' in 'src/cpp_pubsub'
[3593.063s] Level 5:colcon.colcon_core.verb:set package 'more_interfaces' build argument 'cmake_args' from command line to 'None'
[3593.063s] Level 5:colcon.colcon_core.verb:set package 'more_interfaces' build argument 'cmake_target' from command line to 'None'
[3593.063s] Level 5:colcon.colcon_core.verb:set package 'more_interfaces' build argument 'cmake_target_skip_unavailable' from command line to 'False'
[3593.063s] Level 5:colcon.colcon_core.verb:set package 'more_interfaces' build argument 'cmake_clean_cache' from command line to 'False'
[3593.063s] Level 5:colcon.colcon_core.verb:set package 'more_interfaces' build argument 'cmake_clean_first' from command line to 'False'
[3593.063s] Level 5:colcon.colcon_core.verb:set package 'more_interfaces' build argument 'cmake_force_configure' from command line to 'False'
[3593.063s] Level 5:colcon.colcon_core.verb:set package 'more_interfaces' build argument 'ament_cmake_args' from command line to 'None'
[3593.063s] Level 5:colcon.colcon_core.verb:set package 'more_interfaces' build argument 'catkin_cmake_args' from command line to 'None'
[3593.063s] Level 5:colcon.colcon_core.verb:set package 'more_interfaces' build argument 'catkin_skip_building_tests' from command line to 'False'
[3593.063s] DEBUG:colcon.colcon_core.verb:Building package 'more_interfaces' with the following arguments: {'ament_cmake_args': None, 'build_base': '/home/skola/ros2_ws/build/more_interfaces', 'catkin_cmake_args': None, 'catkin_skip_building_tests': False, 'cmake_args': None, 'cmake_clean_cache': False, 'cmake_clean_first': False, 'cmake_force_configure': False, 'cmake_target': None, 'cmake_target_skip_unavailable': False, 'install_base': '/home/skola/ros2_ws/install/more_interfaces', 'merge_install': False, 'path': '/home/skola/ros2_ws/src/more_interfaces', 'symlink_install': False, 'test_result_base': None}
[3593.064s] INFO:colcon.colcon_core.executor:Executing jobs using 'parallel' executor
[3593.066s] DEBUG:colcon.colcon_parallel_executor.executor.parallel:run_until_complete
[3593.066s] INFO:colcon.colcon_ros.task.ament_cmake.build:Building ROS package in '/home/skola/ros2_ws/src/more_interfaces' with build type 'ament_cmake'
[3593.066s] INFO:colcon.colcon_cmake.task.cmake.build:Building CMake package in '/home/skola/ros2_ws/src/more_interfaces'
[3593.072s] INFO:colcon.colcon_core.plugin_system:Skipping extension 'colcon_core.shell.bat': Not used on non-Windows systems
[3593.072s] INFO:colcon.colcon_core.shell:Skip shell extension 'powershell' for command environment: Not usable outside of PowerShell
[3593.072s] DEBUG:colcon.colcon_core.shell:Skip shell extension 'dsv' for command environment
[3593.074s] DEBUG:colcon.colcon_core.shell:Ignoring prefix path '/opt/ros/foxy'
[0.426s] DEBUG:colcon.colcon_core.event_handler.log_command:Invoking command in '/home/skola/ros2_ws/build/more_interfaces': CMAKE_PREFIX_PATH=/opt/ros/foxy /usr/bin/cmake /home/skola/ros2_ws/src/more_interfaces -DCMAKE_INSTALL_PREFIX=/home/skola/ros2_ws/install/more_interfaces
[3.074s] DEBUG:colcon.colcon_core.event_handler.log_command:Invoked command in '/home/skola/ros2_ws/build/more_interfaces' returned '0': CMAKE_PREFIX_PATH=/opt/ros/foxy /usr/bin/cmake /home/skola/ros2_ws/src/more_interfaces -DCMAKE_INSTALL_PREFIX=/home/skola/ros2_ws/install/more_interfaces
[3.075s] DEBUG:colcon.colcon_core.event_handler.log_command:Invoking command in '/home/skola/ros2_ws/build/more_interfaces': CMAKE_PREFIX_PATH=/opt/ros/foxy /usr/bin/cmake --build /home/skola/ros2_ws/build/more_interfaces -- -j8 -l8
[8.886s] DEBUG:colcon.colcon_core.event_handler.log_command:Invoked command in '/home/skola/ros2_ws/build/more_interfaces' returned '0': CMAKE_PREFIX_PATH=/opt/ros/foxy /usr/bin/cmake --build /home/skola/ros2_ws/build/more_interfaces -- -j8 -l8
[9.011s] DEBUG:colcon.colcon_core.event_handler.log_command:Invoking command in '/home/skola/ros2_ws/build/more_interfaces': CMAKE_PREFIX_PATH=/opt/ros/foxy /usr/bin/cmake --install /home/skola/ros2_ws/build/more_interfaces
[9.088s] Level 1:colcon.colcon_core.environment:create_environment_scripts_only(more_interfaces)
[9.093s] DEBUG:colcon.colcon_core.event_handler.log_command:Invoked command in '/home/skola/ros2_ws/build/more_interfaces' returned '0': CMAKE_PREFIX_PATH=/opt/ros/foxy /usr/bin/cmake --install /home/skola/ros2_ws/build/more_interfaces
[9.096s] Level 1:colcon.colcon_core.environment:checking '/home/skola/ros2_ws/install/more_interfaces' for CMake module files
[9.097s] Level 1:colcon.colcon_core.environment:checking '/home/skola/ros2_ws/install/more_interfaces' for CMake config files
[9.097s] Level 1:colcon.colcon_core.shell:create_environment_hook('more_interfaces', 'cmake_prefix_path')
[9.098s] INFO:colcon.colcon_core.shell:Creating environment hook '/home/skola/ros2_ws/install/more_interfaces/share/more_interfaces/hook/cmake_prefix_path.ps1'
[9.099s] INFO:colcon.colcon_core.shell:Creating environment descriptor '/home/skola/ros2_ws/install/more_interfaces/share/more_interfaces/hook/cmake_prefix_path.dsv'
[9.099s] INFO:colcon.colcon_core.shell:Creating environment hook '/home/skola/ros2_ws/install/more_interfaces/share/more_interfaces/hook/cmake_prefix_path.sh'
[9.101s] Level 1:colcon.colcon_core.environment:checking '/home/skola/ros2_ws/install/more_interfaces/lib'
[9.101s] Level 1:colcon.colcon_core.shell:create_environment_hook('more_interfaces', 'ld_library_path_lib')
[9.102s] INFO:colcon.colcon_core.shell:Creating environment hook '/home/skola/ros2_ws/install/more_interfaces/share/more_interfaces/hook/ld_library_path_lib.ps1'
[9.102s] INFO:colcon.colcon_core.shell:Creating environment descriptor '/home/skola/ros2_ws/install/more_interfaces/share/more_interfaces/hook/ld_library_path_lib.dsv'
[9.103s] INFO:colcon.colcon_core.shell:Creating environment hook '/home/skola/ros2_ws/install/more_interfaces/share/more_interfaces/hook/ld_library_path_lib.sh'
[9.103s] Level 1:colcon.colcon_core.environment:checking '/home/skola/ros2_ws/install/more_interfaces/bin'
[9.103s] Level 1:colcon.colcon_core.environment:checking '/home/skola/ros2_ws/install/more_interfaces/lib/pkgconfig/more_interfaces.pc'
[9.103s] Level 1:colcon.colcon_core.environment:checking '/home/skola/ros2_ws/install/more_interfaces/lib/python3.8/site-packages'
[9.103s] Level 1:colcon.colcon_core.shell:create_environment_hook('more_interfaces', 'pythonpath')
[9.104s] INFO:colcon.colcon_core.shell:Creating environment hook '/home/skola/ros2_ws/install/more_interfaces/share/more_interfaces/hook/pythonpath.ps1'
[9.104s] INFO:colcon.colcon_core.shell:Creating environment descriptor '/home/skola/ros2_ws/install/more_interfaces/share/more_interfaces/hook/pythonpath.dsv'
[9.105s] INFO:colcon.colcon_core.shell:Creating environment hook '/home/skola/ros2_ws/install/more_interfaces/share/more_interfaces/hook/pythonpath.sh'
[9.106s] INFO:colcon.colcon_core.shell:Creating package script '/home/skola/ros2_ws/install/more_interfaces/share/more_interfaces/package.ps1'
[9.109s] INFO:colcon.colcon_core.shell:Creating package descriptor '/home/skola/ros2_ws/install/more_interfaces/share/more_interfaces/package.dsv'
[9.110s] INFO:colcon.colcon_core.shell:Creating package script '/home/skola/ros2_ws/install/more_interfaces/share/more_interfaces/package.sh'
[9.111s] INFO:colcon.colcon_core.shell:Creating package script '/home/skola/ros2_ws/install/more_interfaces/share/more_interfaces/package.bash'
[9.111s] INFO:colcon.colcon_core.shell:Creating package script '/home/skola/ros2_ws/install/more_interfaces/share/more_interfaces/package.zsh'
[9.111s] Level 1:colcon.colcon_core.environment:create_file_with_runtime_dependencies(/home/skola/ros2_ws/install/more_interfaces/share/colcon-core/packages/more_interfaces)
[9.218s] Level 1:colcon.colcon_core.environment:create_environment_scripts_only(more_interfaces)
[9.219s] Level 1:colcon.colcon_core.environment:checking '/home/skola/ros2_ws/install/more_interfaces' for CMake module files
[9.220s] Level 1:colcon.colcon_core.environment:checking '/home/skola/ros2_ws/install/more_interfaces' for CMake config files
[9.221s] Level 1:colcon.colcon_core.shell:create_environment_hook('more_interfaces', 'cmake_prefix_path')
[9.222s] INFO:colcon.colcon_core.shell:Creating environment hook '/home/skola/ros2_ws/install/more_interfaces/share/more_interfaces/hook/cmake_prefix_path.ps1'
[9.223s] INFO:colcon.colcon_core.shell:Creating environment descriptor '/home/skola/ros2_ws/install/more_interfaces/share/more_interfaces/hook/cmake_prefix_path.dsv'
[9.224s] INFO:colcon.colcon_core.shell:Creating environment hook '/home/skola/ros2_ws/install/more_interfaces/share/more_interfaces/hook/cmake_prefix_path.sh'
[9.225s] Level 1:colcon.colcon_core.environment:checking '/home/skola/ros2_ws/install/more_interfaces/lib'
[9.225s] Level 1:colcon.colcon_core.shell:create_environment_hook('more_interfaces', 'ld_library_path_lib')
[9.225s] INFO:colcon.colcon_core.shell:Creating environment hook '/home/skola/ros2_ws/install/more_interfaces/share/more_interfaces/hook/ld_library_path_lib.ps1'
[9.226s] INFO:colcon.colcon_core.shell:Creating environment descriptor '/home/skola/ros2_ws/install/more_interfaces/share/more_interfaces/hook/ld_library_path_lib.dsv'
[9.226s] INFO:colcon.colcon_core.shell:Creating environment hook '/home/skola/ros2_ws/install/more_interfaces/share/more_interfaces/hook/ld_library_path_lib.sh'
[9.227s] Level 1:colcon.colcon_core.environment:checking '/home/skola/ros2_ws/install/more_interfaces/bin'
[9.227s] Level 1:colcon.colcon_core.environment:checking '/home/skola/ros2_ws/install/more_interfaces/lib/pkgconfig/more_interfaces.pc'
[9.227s] Level 1:colcon.colcon_core.environment:checking '/home/skola/ros2_ws/install/more_interfaces/lib/python3.8/site-packages'
[9.227s] Level 1:colcon.colcon_core.shell:create_environment_hook('more_interfaces', 'pythonpath')
[9.228s] INFO:colcon.colcon_core.shell:Creating environment hook '/home/skola/ros2_ws/install/more_interfaces/share/more_interfaces/hook/pythonpath.ps1'
[9.229s] INFO:colcon.colcon_core.shell:Creating environment descriptor '/home/skola/ros2_ws/install/more_interfaces/share/more_interfaces/hook/pythonpath.dsv'
[9.229s] INFO:colcon.colcon_core.shell:Creating environment hook '/home/skola/ros2_ws/install/more_interfaces/share/more_interfaces/hook/pythonpath.sh'
[9.230s] INFO:colcon.colcon_core.shell:Creating package script '/home/skola/ros2_ws/install/more_interfaces/share/more_interfaces/package.ps1'
[9.230s] INFO:colcon.colcon_core.shell:Creating package descriptor '/home/skola/ros2_ws/install/more_interfaces/share/more_interfaces/package.dsv'
[9.231s] INFO:colcon.colcon_core.shell:Creating package script '/home/skola/ros2_ws/install/more_interfaces/share/more_interfaces/package.sh'
[9.231s] INFO:colcon.colcon_core.shell:Creating package script '/home/skola/ros2_ws/install/more_interfaces/share/more_interfaces/package.bash'
[9.232s] INFO:colcon.colcon_core.shell:Creating package script '/home/skola/ros2_ws/install/more_interfaces/share/more_interfaces/package.zsh'
[9.233s] Level 1:colcon.colcon_core.environment:create_file_with_runtime_dependencies(/home/skola/ros2_ws/install/more_interfaces/share/colcon-core/packages/more_interfaces)
[9.233s] DEBUG:colcon.colcon_parallel_executor.executor.parallel:closing loop
[9.233s] DEBUG:colcon.colcon_parallel_executor.executor.parallel:loop closed
[9.233s] DEBUG:colcon.colcon_parallel_executor.executor.parallel:run_until_complete finished with '0'
[9.233s] DEBUG:colcon.colcon_core.event_reactor:joining thread
[9.246s] INFO:colcon.colcon_core.plugin_system:Skipping extension 'colcon_notification.desktop_notification.terminal_notifier': Not used on non-Darwin systems
[9.246s] INFO:colcon.colcon_core.plugin_system:Skipping extension 'colcon_notification.desktop_notification.win32': Not used on non-Windows systems
[9.246s] INFO:colcon.colcon_notification.desktop_notification:Sending desktop notification using 'notify2'
[9.277s] DEBUG:colcon.colcon_core.event_reactor:joined thread
[9.278s] INFO:colcon.colcon_core.shell:Creating prefix script '/home/skola/ros2_ws/install/local_setup.ps1'
[9.280s] INFO:colcon.colcon_core.shell:Creating prefix util module '/home/skola/ros2_ws/install/_local_setup_util_ps1.py'
[9.285s] INFO:colcon.colcon_core.shell:Creating prefix chain script '/home/skola/ros2_ws/install/setup.ps1'
[9.289s] INFO:colcon.colcon_core.shell:Creating prefix script '/home/skola/ros2_ws/install/local_setup.sh'
[9.290s] INFO:colcon.colcon_core.shell:Creating prefix util module '/home/skola/ros2_ws/install/_local_setup_util_sh.py'
[9.292s] INFO:colcon.colcon_core.shell:Creating prefix chain script '/home/skola/ros2_ws/install/setup.sh'
[9.295s] INFO:colcon.colcon_core.shell:Creating prefix script '/home/skola/ros2_ws/install/local_setup.bash'
[9.297s] INFO:colcon.colcon_core.shell:Creating prefix chain script '/home/skola/ros2_ws/install/setup.bash'
[9.301s] INFO:colcon.colcon_core.shell:Creating prefix script '/home/skola/ros2_ws/install/local_setup.zsh'
[9.302s] INFO:colcon.colcon_core.shell:Creating prefix chain script '/home/skola/ros2_ws/install/setup.zsh'
