[0.009s] Invoking command in '/home/skola/ros2_ws/build/turtlesim': CMAKE_PREFIX_PATH=/opt/ros/foxy /usr/bin/cmake /home/skola/ros2_ws/src/ros_tutorials/turtlesim -DCMAKE_INSTALL_PREFIX=/home/skola/ros2_ws/install/turtlesim
[0.049s] -- The C compiler identification is GNU 9.3.0
[0.084s] -- The CXX compiler identification is GNU 9.3.0
[0.087s] -- Check for working C compiler: /usr/bin/cc
[0.138s] -- Check for working C compiler: /usr/bin/cc -- works
[0.138s] -- Detecting C compiler ABI info
[0.187s] -- Detecting C compiler ABI info - done
[0.195s] -- Detecting C compile features
[0.195s] -- Detecting C compile features - done
[0.196s] -- Check for working CXX compiler: /usr/bin/c++
[0.251s] -- Check for working CXX compiler: /usr/bin/c++ -- works
[0.252s] -- Detecting CXX compiler ABI info
[0.305s] -- Detecting CXX compiler ABI info - done
[0.313s] -- Detecting CXX compile features
[0.314s] -- Detecting CXX compile features - done
[0.315s] -- Found ament_cmake: 0.9.9 (/opt/ros/foxy/share/ament_cmake/cmake)
[0.331s] -- Found PythonInterp: /usr/bin/python3 (found suitable version "3.8.10", minimum required is "3") 
[0.331s] -- Using PYTHON_EXECUTABLE: /usr/bin/python3
[0.450s] -- Found ament_index_cpp: 1.1.0 (/opt/ros/foxy/share/ament_index_cpp/cmake)
[0.452s] -- Found geometry_msgs: 2.0.4 (/opt/ros/foxy/share/geometry_msgs/cmake)
[0.471s] -- Using all available rosidl_typesupport_c: rosidl_typesupport_fastrtps_c;rosidl_typesupport_introspection_c
[0.475s] -- Found rosidl_adapter: 1.2.1 (/opt/ros/foxy/share/rosidl_adapter/cmake)
[0.525s] -- Found OpenSSL: /usr/lib/x86_64-linux-gnu/libcrypto.so (found version "1.1.1f")  
[0.546s] -- Found FastRTPS: /opt/ros/foxy/include  
[0.598s] -- Using all available rosidl_typesupport_cpp: rosidl_typesupport_fastrtps_cpp;rosidl_typesupport_introspection_cpp
[0.688s] -- Found rclcpp: 2.4.0 (/opt/ros/foxy/share/rclcpp/cmake)
[0.716s] -- Found rmw_implementation_cmake: 1.0.3 (/opt/ros/foxy/share/rmw_implementation_cmake/cmake)
[0.717s] -- Using RMW implementation 'rmw_fastrtps_cpp' as default
[0.718s] -- Looking for pthread.h
[0.770s] -- Looking for pthread.h - found
[0.770s] -- Performing Test CMAKE_HAVE_LIBC_PTHREAD
[0.820s] -- Performing Test CMAKE_HAVE_LIBC_PTHREAD - Failed
[0.820s] -- Looking for pthread_create in pthreads
[0.864s] -- Looking for pthread_create in pthreads - not found
[0.864s] -- Looking for pthread_create in pthread
[0.912s] -- Looking for pthread_create in pthread - found
[0.913s] -- Found Threads: TRUE  
[1.012s] -- Found rclcpp_action: 2.4.0 (/opt/ros/foxy/share/rclcpp_action/cmake)
[1.073s] -- Found rosidl_default_generators: 1.0.1 (/opt/ros/foxy/share/rosidl_default_generators/cmake)
[1.082s] -- Found std_srvs: 2.0.4 (/opt/ros/foxy/share/std_srvs/cmake)
[1.110s] -- Found PythonInterp: /usr/bin/python3 (found version "3.8.10") 
[1.228s] -- Found ament_cmake_ros: 0.9.2 (/opt/ros/foxy/share/ament_cmake_ros/cmake)
[1.315s] -- Using all available rosidl_typesupport_c: rosidl_typesupport_fastrtps_c;rosidl_typesupport_introspection_c
[1.330s] -- Using all available rosidl_typesupport_cpp: rosidl_typesupport_fastrtps_cpp;rosidl_typesupport_introspection_cpp
[1.348s] -- Found PythonInterp: /usr/bin/python3 (found suitable version "3.8.10", minimum required is "3.5") 
[1.348s] -- Found python_cmake_module: 0.8.1 (/opt/ros/foxy/share/python_cmake_module/cmake)
[1.366s] -- Found PythonLibs: /usr/lib/x86_64-linux-gnu/libpython3.8.so (found suitable version "3.8.10", minimum required is "3.5") 
[1.366s] -- Using PYTHON_EXECUTABLE: /usr/bin/python3
[1.366s] -- Using PYTHON_INCLUDE_DIRS: /usr/include/python3.8
[1.366s] -- Using PYTHON_LIBRARIES: /usr/lib/x86_64-linux-gnu/libpython3.8.so
[1.380s] -- Found PythonExtra: .so  
[1.424s] -- Configuring done
[1.484s] -- Generating done
[1.486s] -- Build files have been written to: /home/skola/ros2_ws/build/turtlesim
[1.494s] Invoked command in '/home/skola/ros2_ws/build/turtlesim' returned '0': CMAKE_PREFIX_PATH=/opt/ros/foxy /usr/bin/cmake /home/skola/ros2_ws/src/ros_tutorials/turtlesim -DCMAKE_INSTALL_PREFIX=/home/skola/ros2_ws/install/turtlesim
[1.496s] Invoking command in '/home/skola/ros2_ws/build/turtlesim': CMAKE_PREFIX_PATH=/opt/ros/foxy /usr/bin/cmake --build /home/skola/ros2_ws/build/turtlesim -- -j8 -l8
[1.528s] [35m[1mScanning dependencies of target turtlesim__cpp[0m
[1.528s] [  1%] [34m[1mGenerating C code for ROS interfaces[0m
[1.536s] [  2%] [34m[1mGenerating C++ code for ROS interfaces[0m
[2.059s] [35m[1mScanning dependencies of target turtlesim__rosidl_generator_c[0m
[2.078s] [  3%] [32mBuilding C object CMakeFiles/turtlesim__rosidl_generator_c.dir/rosidl_generator_c/turtlesim/action/detail/rotate_absolute__functions.c.o[0m
[2.079s] [  4%] [32mBuilding C object CMakeFiles/turtlesim__rosidl_generator_c.dir/rosidl_generator_c/turtlesim/msg/detail/color__functions.c.o[0m
[2.079s] [  5%] [32mBuilding C object CMakeFiles/turtlesim__rosidl_generator_c.dir/rosidl_generator_c/turtlesim/msg/detail/pose__functions.c.o[0m
[2.079s] [  6%] [32mBuilding C object CMakeFiles/turtlesim__rosidl_generator_c.dir/rosidl_generator_c/turtlesim/srv/detail/spawn__functions.c.o[0m
[2.080s] [  7%] [32mBuilding C object CMakeFiles/turtlesim__rosidl_generator_c.dir/rosidl_generator_c/turtlesim/srv/detail/set_pen__functions.c.o[0m
[2.080s] [  8%] [32mBuilding C object CMakeFiles/turtlesim__rosidl_generator_c.dir/rosidl_generator_c/turtlesim/srv/detail/kill__functions.c.o[0m
[2.080s] [  9%] [32mBuilding C object CMakeFiles/turtlesim__rosidl_generator_c.dir/rosidl_generator_c/turtlesim/srv/detail/teleport_absolute__functions.c.o[0m
[2.081s] [  9%] Built target turtlesim__cpp
[2.091s] [ 10%] [32mBuilding C object CMakeFiles/turtlesim__rosidl_generator_c.dir/rosidl_generator_c/turtlesim/srv/detail/teleport_relative__functions.c.o[0m
[2.121s] [ 12%] [34m[1mGenerating C++ type support dispatch for ROS interfaces[0m
[2.121s] [ 12%] [34m[1mGenerating C++ introspection for ROS interfaces[0m
[2.125s] [ 13%] [34m[1mGenerating C++ type support for eProsima Fast-RTPS[0m
[2.150s] [ 14%] [32m[1mLinking C shared library libturtlesim__rosidl_generator_c.so[0m
[2.184s] [ 14%] Built target turtlesim__rosidl_generator_c
[2.193s] [ 16%] [34m[1mGenerating C introspection for ROS interfaces[0m
[2.193s] [ 16%] [34m[1mGenerating C type support dispatch for ROS interfaces[0m
[2.517s] [35m[1mScanning dependencies of target turtlesim__rosidl_typesupport_cpp[0m
[2.533s] [ 17%] [32mBuilding CXX object CMakeFiles/turtlesim__rosidl_typesupport_cpp.dir/rosidl_typesupport_cpp/turtlesim/action/rotate_absolute__type_support.cpp.o[0m
[2.534s] [ 18%] [32mBuilding CXX object CMakeFiles/turtlesim__rosidl_typesupport_cpp.dir/rosidl_typesupport_cpp/turtlesim/msg/pose__type_support.cpp.o[0m
[2.534s] [ 19%] [32mBuilding CXX object CMakeFiles/turtlesim__rosidl_typesupport_cpp.dir/rosidl_typesupport_cpp/turtlesim/srv/kill__type_support.cpp.o[0m
[2.534s] [ 20%] [32mBuilding CXX object CMakeFiles/turtlesim__rosidl_typesupport_cpp.dir/rosidl_typesupport_cpp/turtlesim/msg/color__type_support.cpp.o[0m
[2.634s] [35m[1mScanning dependencies of target turtlesim__rosidl_typesupport_c[0m
[2.652s] [ 21%] [32mBuilding CXX object CMakeFiles/turtlesim__rosidl_typesupport_c.dir/rosidl_typesupport_c/turtlesim/action/rotate_absolute__type_support.cpp.o[0m
[2.708s] [ 22%] [32mBuilding CXX object CMakeFiles/turtlesim__rosidl_typesupport_c.dir/rosidl_typesupport_c/turtlesim/msg/color__type_support.cpp.o[0m
[2.721s] [35m[1mScanning dependencies of target turtlesim__rosidl_typesupport_introspection_cpp[0m
[2.740s] [ 23%] [32mBuilding CXX object CMakeFiles/turtlesim__rosidl_typesupport_c.dir/rosidl_typesupport_c/turtlesim/msg/pose__type_support.cpp.o[0m
[2.742s] [ 24%] [32mBuilding CXX object CMakeFiles/turtlesim__rosidl_typesupport_introspection_cpp.dir/rosidl_typesupport_introspection_cpp/turtlesim/action/detail/rotate_absolute__type_support.cpp.o[0m
[2.769s] [ 25%] [32mBuilding CXX object CMakeFiles/turtlesim__rosidl_typesupport_c.dir/rosidl_typesupport_c/turtlesim/srv/kill__type_support.cpp.o[0m
[2.800s] [ 26%] [32mBuilding CXX object CMakeFiles/turtlesim__rosidl_typesupport_c.dir/rosidl_typesupport_c/turtlesim/srv/set_pen__type_support.cpp.o[0m
[2.805s] [ 27%] [32mBuilding CXX object CMakeFiles/turtlesim__rosidl_typesupport_cpp.dir/rosidl_typesupport_cpp/turtlesim/srv/set_pen__type_support.cpp.o[0m
[2.806s] [ 28%] [32mBuilding CXX object CMakeFiles/turtlesim__rosidl_typesupport_cpp.dir/rosidl_typesupport_cpp/turtlesim/srv/spawn__type_support.cpp.o[0m
[2.808s] [ 29%] [32mBuilding CXX object CMakeFiles/turtlesim__rosidl_typesupport_cpp.dir/rosidl_typesupport_cpp/turtlesim/srv/teleport_absolute__type_support.cpp.o[0m
[2.830s] [ 30%] [32mBuilding CXX object CMakeFiles/turtlesim__rosidl_typesupport_c.dir/rosidl_typesupport_c/turtlesim/srv/spawn__type_support.cpp.o[0m
[2.848s] [ 31%] [32mBuilding CXX object CMakeFiles/turtlesim__rosidl_typesupport_cpp.dir/rosidl_typesupport_cpp/turtlesim/srv/teleport_relative__type_support.cpp.o[0m
[2.863s] [ 32%] [32mBuilding CXX object CMakeFiles/turtlesim__rosidl_typesupport_c.dir/rosidl_typesupport_c/turtlesim/srv/teleport_absolute__type_support.cpp.o[0m
[2.873s] [35m[1mScanning dependencies of target turtlesim__rosidl_typesupport_fastrtps_cpp[0m
[2.873s] [35m[1mScanning dependencies of target turtlesim__rosidl_typesupport_introspection_c[0m
[2.894s] [ 33%] [32mBuilding C object CMakeFiles/turtlesim__rosidl_typesupport_introspection_c.dir/rosidl_typesupport_introspection_c/turtlesim/action/detail/rotate_absolute__type_support.c.o[0m
[2.896s] [ 34%] [32mBuilding CXX object CMakeFiles/turtlesim__rosidl_typesupport_c.dir/rosidl_typesupport_c/turtlesim/srv/teleport_relative__type_support.cpp.o[0m
[2.903s] [ 35%] [32mBuilding CXX object CMakeFiles/turtlesim__rosidl_typesupport_fastrtps_cpp.dir/rosidl_typesupport_fastrtps_cpp/turtlesim/action/detail/dds_fastrtps/rotate_absolute__type_support.cpp.o[0m
[2.928s] [ 36%] [32m[1mLinking CXX shared library libturtlesim__rosidl_typesupport_c.so[0m
[2.939s] [ 37%] [32mBuilding C object CMakeFiles/turtlesim__rosidl_typesupport_introspection_c.dir/rosidl_typesupport_introspection_c/turtlesim/msg/detail/color__type_support.c.o[0m
[2.972s] [ 38%] [32mBuilding C object CMakeFiles/turtlesim__rosidl_typesupport_introspection_c.dir/rosidl_typesupport_introspection_c/turtlesim/msg/detail/pose__type_support.c.o[0m
[2.981s] [ 38%] Built target turtlesim__rosidl_typesupport_c
[2.990s] [ 39%] [32mBuilding C object CMakeFiles/turtlesim__rosidl_typesupport_introspection_c.dir/rosidl_typesupport_introspection_c/turtlesim/srv/detail/kill__type_support.c.o[0m
[3.004s] [ 40%] [32mBuilding C object CMakeFiles/turtlesim__rosidl_typesupport_introspection_c.dir/rosidl_typesupport_introspection_c/turtlesim/srv/detail/set_pen__type_support.c.o[0m
[3.026s] [ 41%] [32mBuilding C object CMakeFiles/turtlesim__rosidl_typesupport_introspection_c.dir/rosidl_typesupport_introspection_c/turtlesim/srv/detail/spawn__type_support.c.o[0m
[3.042s] [ 42%] [32mBuilding C object CMakeFiles/turtlesim__rosidl_typesupport_introspection_c.dir/rosidl_typesupport_introspection_c/turtlesim/srv/detail/teleport_absolute__type_support.c.o[0m
[3.053s] [ 43%] [32mBuilding CXX object CMakeFiles/turtlesim__rosidl_typesupport_introspection_cpp.dir/rosidl_typesupport_introspection_cpp/turtlesim/msg/detail/color__type_support.cpp.o[0m
[3.061s] [ 44%] [32mBuilding C object CMakeFiles/turtlesim__rosidl_typesupport_introspection_c.dir/rosidl_typesupport_introspection_c/turtlesim/srv/detail/teleport_relative__type_support.c.o[0m
[3.065s] [ 45%] [32mBuilding CXX object CMakeFiles/turtlesim__rosidl_typesupport_introspection_cpp.dir/rosidl_typesupport_introspection_cpp/turtlesim/msg/detail/pose__type_support.cpp.o[0m
[3.067s] [ 46%] [32mBuilding CXX object CMakeFiles/turtlesim__rosidl_typesupport_introspection_cpp.dir/rosidl_typesupport_introspection_cpp/turtlesim/srv/detail/kill__type_support.cpp.o[0m
[3.076s] [ 47%] [32mBuilding CXX object CMakeFiles/turtlesim__rosidl_typesupport_introspection_cpp.dir/rosidl_typesupport_introspection_cpp/turtlesim/srv/detail/set_pen__type_support.cpp.o[0m
[3.077s] [ 48%] [32mBuilding CXX object CMakeFiles/turtlesim__rosidl_typesupport_introspection_cpp.dir/rosidl_typesupport_introspection_cpp/turtlesim/srv/detail/spawn__type_support.cpp.o[0m
[3.097s] [ 49%] [32m[1mLinking C shared library libturtlesim__rosidl_typesupport_introspection_c.so[0m
[3.121s] [ 50%] [32m[1mLinking CXX shared library libturtlesim__rosidl_typesupport_cpp.so[0m
[3.134s] [ 50%] Built target turtlesim__rosidl_typesupport_introspection_c
[3.145s] [ 51%] [32mBuilding CXX object CMakeFiles/turtlesim__rosidl_typesupport_introspection_cpp.dir/rosidl_typesupport_introspection_cpp/turtlesim/srv/detail/teleport_absolute__type_support.cpp.o[0m
[3.165s] [ 51%] Built target turtlesim__rosidl_typesupport_cpp
[3.174s] [ 52%] [32mBuilding CXX object CMakeFiles/turtlesim__rosidl_typesupport_fastrtps_cpp.dir/rosidl_typesupport_fastrtps_cpp/turtlesim/msg/detail/dds_fastrtps/color__type_support.cpp.o[0m
[3.305s] [ 53%] [32mBuilding CXX object CMakeFiles/turtlesim__rosidl_typesupport_introspection_cpp.dir/rosidl_typesupport_introspection_cpp/turtlesim/srv/detail/teleport_relative__type_support.cpp.o[0m
[3.320s] [ 54%] [32mBuilding CXX object CMakeFiles/turtlesim__rosidl_typesupport_fastrtps_cpp.dir/rosidl_typesupport_fastrtps_cpp/turtlesim/msg/detail/dds_fastrtps/pose__type_support.cpp.o[0m
[3.331s] [ 55%] [32mBuilding CXX object CMakeFiles/turtlesim__rosidl_typesupport_fastrtps_cpp.dir/rosidl_typesupport_fastrtps_cpp/turtlesim/srv/detail/dds_fastrtps/kill__type_support.cpp.o[0m
[3.332s] [ 56%] [32mBuilding CXX object CMakeFiles/turtlesim__rosidl_typesupport_fastrtps_cpp.dir/rosidl_typesupport_fastrtps_cpp/turtlesim/srv/detail/dds_fastrtps/set_pen__type_support.cpp.o[0m
[3.350s] [ 57%] [32mBuilding CXX object CMakeFiles/turtlesim__rosidl_typesupport_fastrtps_cpp.dir/rosidl_typesupport_fastrtps_cpp/turtlesim/srv/detail/dds_fastrtps/spawn__type_support.cpp.o[0m
[3.377s] [ 58%] [32mBuilding CXX object CMakeFiles/turtlesim__rosidl_typesupport_fastrtps_cpp.dir/rosidl_typesupport_fastrtps_cpp/turtlesim/srv/detail/dds_fastrtps/teleport_absolute__type_support.cpp.o[0m
[3.410s] [ 59%] [32mBuilding CXX object CMakeFiles/turtlesim__rosidl_typesupport_fastrtps_cpp.dir/rosidl_typesupport_fastrtps_cpp/turtlesim/srv/detail/dds_fastrtps/teleport_relative__type_support.cpp.o[0m
[3.567s] [ 60%] [32m[1mLinking CXX shared library libturtlesim__rosidl_typesupport_introspection_cpp.so[0m
[3.635s] [ 60%] Built target turtlesim__rosidl_typesupport_introspection_cpp
[3.760s] [ 61%] [32m[1mLinking CXX shared library libturtlesim__rosidl_typesupport_fastrtps_cpp.so[0m
[3.818s] [ 61%] Built target turtlesim__rosidl_typesupport_fastrtps_cpp
[3.826s] [ 62%] [34m[1mGenerating C type support for eProsima Fast-RTPS[0m
[4.291s] [35m[1mScanning dependencies of target turtlesim__rosidl_typesupport_fastrtps_c[0m
[4.314s] [ 64%] [32mBuilding CXX object CMakeFiles/turtlesim__rosidl_typesupport_fastrtps_c.dir/rosidl_typesupport_fastrtps_c/turtlesim/msg/detail/color__type_support_c.cpp.o[0m
[4.314s] [ 64%] [32mBuilding CXX object CMakeFiles/turtlesim__rosidl_typesupport_fastrtps_c.dir/rosidl_typesupport_fastrtps_c/turtlesim/action/detail/rotate_absolute__type_support_c.cpp.o[0m
[4.314s] [ 65%] [32mBuilding CXX object CMakeFiles/turtlesim__rosidl_typesupport_fastrtps_c.dir/rosidl_typesupport_fastrtps_c/turtlesim/msg/detail/pose__type_support_c.cpp.o[0m
[4.315s] [ 66%] [32mBuilding CXX object CMakeFiles/turtlesim__rosidl_typesupport_fastrtps_c.dir/rosidl_typesupport_fastrtps_c/turtlesim/srv/detail/set_pen__type_support_c.cpp.o[0m
[4.315s] [ 67%] [32mBuilding CXX object CMakeFiles/turtlesim__rosidl_typesupport_fastrtps_c.dir/rosidl_typesupport_fastrtps_c/turtlesim/srv/detail/kill__type_support_c.cpp.o[0m
[4.316s] [ 68%] [32mBuilding CXX object CMakeFiles/turtlesim__rosidl_typesupport_fastrtps_c.dir/rosidl_typesupport_fastrtps_c/turtlesim/srv/detail/spawn__type_support_c.cpp.o[0m
[4.321s] [ 69%] [32mBuilding CXX object CMakeFiles/turtlesim__rosidl_typesupport_fastrtps_c.dir/rosidl_typesupport_fastrtps_c/turtlesim/srv/detail/teleport_relative__type_support_c.cpp.o[0m
[4.321s] [ 70%] [32mBuilding CXX object CMakeFiles/turtlesim__rosidl_typesupport_fastrtps_c.dir/rosidl_typesupport_fastrtps_c/turtlesim/srv/detail/teleport_absolute__type_support_c.cpp.o[0m
[4.672s] [ 71%] [32m[1mLinking CXX shared library libturtlesim__rosidl_typesupport_fastrtps_c.so[0m
[4.733s] [ 71%] Built target turtlesim__rosidl_typesupport_fastrtps_c
[4.740s] [35m[1mScanning dependencies of target turtlesim[0m
[4.748s] [ 71%] Built target turtlesim
[4.756s] [35m[1mScanning dependencies of target mimic[0m
[4.756s] [35m[1mScanning dependencies of target draw_square[0m
[4.756s] [35m[1mScanning dependencies of target turtlesim__py[0m
[4.756s] [ 72%] [34m[1mGenerating include/turtlesim/moc_turtle_frame.cpp[0m
[4.757s] [35m[1mScanning dependencies of target turtle_teleop_key[0m
[4.766s] [ 73%] [34m[1mGenerating Python code for ROS interfaces[0m
[4.789s] [ 74%] [32mBuilding CXX object CMakeFiles/mimic.dir/tutorials/mimic.cpp.o[0m
[4.794s] [ 75%] [32mBuilding CXX object CMakeFiles/draw_square.dir/tutorials/draw_square.cpp.o[0m
[4.794s] [ 76%] [32mBuilding CXX object CMakeFiles/turtle_teleop_key.dir/tutorials/teleop_turtle_key.cpp.o[0m
[4.851s] [35m[1mScanning dependencies of target turtlesim_node[0m
[4.927s] [ 79%] [32mBuilding CXX object CMakeFiles/turtlesim_node.dir/src/turtle.cpp.o[0m
[4.927s] [ 79%] [32mBuilding CXX object CMakeFiles/turtlesim_node.dir/src/turtlesim.cpp.o[0m
[4.927s] [ 79%] [32mBuilding CXX object CMakeFiles/turtlesim_node.dir/src/turtle_frame.cpp.o[0m
[4.933s] [ 80%] [32mBuilding CXX object CMakeFiles/turtlesim_node.dir/include/turtlesim/moc_turtle_frame.cpp.o[0m
[6.485s] [ 80%] Built target turtlesim__py
[6.496s] [35m[1mScanning dependencies of target turtlesim__python[0m
[6.536s] [ 81%] [32mBuilding C object CMakeFiles/turtlesim__python.dir/rosidl_generator_py/turtlesim/action/_rotate_absolute_s.c.o[0m
[6.663s] [ 82%] [32mBuilding C object CMakeFiles/turtlesim__python.dir/rosidl_generator_py/turtlesim/msg/_color_s.c.o[0m
[6.747s] [ 83%] [32mBuilding C object CMakeFiles/turtlesim__python.dir/rosidl_generator_py/turtlesim/msg/_pose_s.c.o[0m
[6.835s] [ 84%] [32mBuilding C object CMakeFiles/turtlesim__python.dir/rosidl_generator_py/turtlesim/srv/_kill_s.c.o[0m
[6.921s] [ 85%] [32mBuilding C object CMakeFiles/turtlesim__python.dir/rosidl_generator_py/turtlesim/srv/_set_pen_s.c.o[0m
[7.013s] [ 86%] [32mBuilding C object CMakeFiles/turtlesim__python.dir/rosidl_generator_py/turtlesim/srv/_spawn_s.c.o[0m
[7.108s] [ 87%] [32mBuilding C object CMakeFiles/turtlesim__python.dir/rosidl_generator_py/turtlesim/srv/_teleport_absolute_s.c.o[0m
[7.203s] [ 88%] [32mBuilding C object CMakeFiles/turtlesim__python.dir/rosidl_generator_py/turtlesim/srv/_teleport_relative_s.c.o[0m
[7.293s] [ 89%] [32m[1mLinking C shared library rosidl_generator_py/turtlesim/libturtlesim__python.so[0m
[7.340s] [ 89%] Built target turtlesim__python
[7.352s] [35m[1mScanning dependencies of target turtlesim__rosidl_typesupport_introspection_c__pyext[0m
[7.377s] [ 90%] [32mBuilding C object CMakeFiles/turtlesim__rosidl_typesupport_introspection_c__pyext.dir/rosidl_generator_py/turtlesim/_turtlesim_s.ep.rosidl_typesupport_introspection_c.c.o[0m
[7.510s] [ 91%] [32m[1mLinking C shared library rosidl_generator_py/turtlesim/turtlesim_s__rosidl_typesupport_introspection_c.cpython-38-x86_64-linux-gnu.so[0m
[7.552s] [ 91%] Built target turtlesim__rosidl_typesupport_introspection_c__pyext
[7.555s] [35m[1mScanning dependencies of target turtlesim__rosidl_typesupport_fastrtps_c__pyext[0m
[7.564s] [35m[1mScanning dependencies of target turtlesim__rosidl_typesupport_c__pyext[0m
[7.581s] [ 92%] [32mBuilding C object CMakeFiles/turtlesim__rosidl_typesupport_fastrtps_c__pyext.dir/rosidl_generator_py/turtlesim/_turtlesim_s.ep.rosidl_typesupport_fastrtps_c.c.o[0m
[7.590s] [ 93%] [32mBuilding C object CMakeFiles/turtlesim__rosidl_typesupport_c__pyext.dir/rosidl_generator_py/turtlesim/_turtlesim_s.ep.rosidl_typesupport_c.c.o[0m
[7.721s] [ 94%] [32m[1mLinking CXX shared library rosidl_generator_py/turtlesim/turtlesim_s__rosidl_typesupport_fastrtps_c.cpython-38-x86_64-linux-gnu.so[0m
[7.723s] [ 95%] [32m[1mLinking C shared library rosidl_generator_py/turtlesim/turtlesim_s__rosidl_typesupport_c.cpython-38-x86_64-linux-gnu.so[0m
[7.761s] [ 95%] Built target turtlesim__rosidl_typesupport_c__pyext
[7.786s] [ 95%] Built target turtlesim__rosidl_typesupport_fastrtps_c__pyext
[8.666s] [ 96%] [32m[1mLinking CXX executable turtle_teleop_key[0m
[8.856s] [ 96%] Built target turtle_teleop_key
[9.416s] [ 97%] [32m[1mLinking CXX executable mimic[0m
[9.613s] [ 97%] Built target mimic
[9.755s] [ 98%] [32m[1mLinking CXX executable draw_square[0m
[9.954s] [ 98%] Built target draw_square
[11.469s] [100%] [32m[1mLinking CXX executable turtlesim_node[0m
[12.350s] [100%] Built target turtlesim_node
[12.360s] Invoked command in '/home/skola/ros2_ws/build/turtlesim' returned '0': CMAKE_PREFIX_PATH=/opt/ros/foxy /usr/bin/cmake --build /home/skola/ros2_ws/build/turtlesim -- -j8 -l8
[12.491s] Invoking command in '/home/skola/ros2_ws/build/turtlesim': CMAKE_PREFIX_PATH=/opt/ros/foxy /usr/bin/cmake --install /home/skola/ros2_ws/build/turtlesim
[12.497s] -- Install configuration: ""
[12.498s] -- Installing: /home/skola/ros2_ws/install/turtlesim/share/ament_index/resource_index/rosidl_interfaces/turtlesim
[12.498s] -- Installing: /home/skola/ros2_ws/install/turtlesim/include/turtlesim
[12.498s] -- Installing: /home/skola/ros2_ws/install/turtlesim/include/turtlesim/action
[12.498s] -- Installing: /home/skola/ros2_ws/install/turtlesim/include/turtlesim/action/rotate_absolute.h
[12.498s] -- Installing: /home/skola/ros2_ws/install/turtlesim/include/turtlesim/action/detail
[12.498s] -- Installing: /home/skola/ros2_ws/install/turtlesim/include/turtlesim/action/detail/rotate_absolute__functions.c
[12.498s] -- Installing: /home/skola/ros2_ws/install/turtlesim/include/turtlesim/action/detail/rotate_absolute__struct.h
[12.498s] -- Installing: /home/skola/ros2_ws/install/turtlesim/include/turtlesim/action/detail/rotate_absolute__functions.h
[12.498s] -- Installing: /home/skola/ros2_ws/install/turtlesim/include/turtlesim/action/detail/rotate_absolute__type_support.h
[12.498s] -- Installing: /home/skola/ros2_ws/install/turtlesim/include/turtlesim/srv
[12.498s] -- Installing: /home/skola/ros2_ws/install/turtlesim/include/turtlesim/srv/kill.h
[12.498s] -- Installing: /home/skola/ros2_ws/install/turtlesim/include/turtlesim/srv/spawn.h
[12.498s] -- Installing: /home/skola/ros2_ws/install/turtlesim/include/turtlesim/srv/set_pen.h
[12.498s] -- Installing: /home/skola/ros2_ws/install/turtlesim/include/turtlesim/srv/detail
[12.499s] -- Installing: /home/skola/ros2_ws/install/turtlesim/include/turtlesim/srv/detail/teleport_absolute__struct.h
[12.499s] -- Installing: /home/skola/ros2_ws/install/turtlesim/include/turtlesim/srv/detail/spawn__struct.h
[12.499s] -- Installing: /home/skola/ros2_ws/install/turtlesim/include/turtlesim/srv/detail/teleport_relative__type_support.h
[12.499s] -- Installing: /home/skola/ros2_ws/install/turtlesim/include/turtlesim/srv/detail/kill__functions.c
[12.499s] -- Installing: /home/skola/ros2_ws/install/turtlesim/include/turtlesim/srv/detail/teleport_absolute__type_support.h
[12.499s] -- Installing: /home/skola/ros2_ws/install/turtlesim/include/turtlesim/srv/detail/teleport_absolute__functions.h
[12.499s] -- Installing: /home/skola/ros2_ws/install/turtlesim/include/turtlesim/srv/detail/set_pen__functions.c
[12.499s] -- Installing: /home/skola/ros2_ws/install/turtlesim/include/turtlesim/srv/detail/kill__functions.h
[12.499s] -- Installing: /home/skola/ros2_ws/install/turtlesim/include/turtlesim/srv/detail/kill__struct.h
[12.499s] -- Installing: /home/skola/ros2_ws/install/turtlesim/include/turtlesim/srv/detail/spawn__functions.h
[12.499s] -- Installing: /home/skola/ros2_ws/install/turtlesim/include/turtlesim/srv/detail/spawn__type_support.h
[12.499s] -- Installing: /home/skola/ros2_ws/install/turtlesim/include/turtlesim/srv/detail/spawn__functions.c
[12.499s] -- Installing: /home/skola/ros2_ws/install/turtlesim/include/turtlesim/srv/detail/teleport_relative__functions.h
[12.499s] -- Installing: /home/skola/ros2_ws/install/turtlesim/include/turtlesim/srv/detail/kill__type_support.h
[12.499s] -- Installing: /home/skola/ros2_ws/install/turtlesim/include/turtlesim/srv/detail/teleport_relative__functions.c
[12.499s] -- Installing: /home/skola/ros2_ws/install/turtlesim/include/turtlesim/srv/detail/set_pen__struct.h
[12.500s] -- Installing: /home/skola/ros2_ws/install/turtlesim/include/turtlesim/srv/detail/set_pen__type_support.h
[12.500s] -- Installing: /home/skola/ros2_ws/install/turtlesim/include/turtlesim/srv/detail/teleport_absolute__functions.c
[12.500s] -- Installing: /home/skola/ros2_ws/install/turtlesim/include/turtlesim/srv/detail/set_pen__functions.h
[12.500s] -- Installing: /home/skola/ros2_ws/install/turtlesim/include/turtlesim/srv/detail/teleport_relative__struct.h
[12.500s] -- Installing: /home/skola/ros2_ws/install/turtlesim/include/turtlesim/srv/teleport_absolute.h
[12.500s] -- Installing: /home/skola/ros2_ws/install/turtlesim/include/turtlesim/srv/teleport_relative.h
[12.500s] -- Installing: /home/skola/ros2_ws/install/turtlesim/include/turtlesim/msg
[12.500s] -- Installing: /home/skola/ros2_ws/install/turtlesim/include/turtlesim/msg/rosidl_generator_c__visibility_control.h
[12.500s] -- Installing: /home/skola/ros2_ws/install/turtlesim/include/turtlesim/msg/pose.h
[12.500s] -- Installing: /home/skola/ros2_ws/install/turtlesim/include/turtlesim/msg/detail
[12.500s] -- Installing: /home/skola/ros2_ws/install/turtlesim/include/turtlesim/msg/detail/pose__struct.h
[12.500s] -- Installing: /home/skola/ros2_ws/install/turtlesim/include/turtlesim/msg/detail/color__struct.h
[12.500s] -- Installing: /home/skola/ros2_ws/install/turtlesim/include/turtlesim/msg/detail/color__type_support.h
[12.500s] -- Installing: /home/skola/ros2_ws/install/turtlesim/include/turtlesim/msg/detail/pose__functions.h
[12.500s] -- Installing: /home/skola/ros2_ws/install/turtlesim/include/turtlesim/msg/detail/color__functions.h
[12.500s] -- Installing: /home/skola/ros2_ws/install/turtlesim/include/turtlesim/msg/detail/color__functions.c
[12.500s] -- Installing: /home/skola/ros2_ws/install/turtlesim/include/turtlesim/msg/detail/pose__functions.c
[12.501s] -- Installing: /home/skola/ros2_ws/install/turtlesim/include/turtlesim/msg/detail/pose__type_support.h
[12.501s] -- Installing: /home/skola/ros2_ws/install/turtlesim/include/turtlesim/msg/color.h
[12.501s] -- Installing: /home/skola/ros2_ws/install/turtlesim/share/turtlesim/environment/library_path.sh
[12.501s] -- Installing: /home/skola/ros2_ws/install/turtlesim/share/turtlesim/environment/library_path.dsv
[12.501s] -- Installing: /home/skola/ros2_ws/install/turtlesim/lib/libturtlesim__rosidl_generator_c.so
[12.501s] -- Set runtime path of "/home/skola/ros2_ws/install/turtlesim/lib/libturtlesim__rosidl_generator_c.so" to ""
[12.501s] -- Up-to-date: /home/skola/ros2_ws/install/turtlesim/include/turtlesim
[12.501s] -- Up-to-date: /home/skola/ros2_ws/install/turtlesim/include/turtlesim/action
[12.501s] -- Up-to-date: /home/skola/ros2_ws/install/turtlesim/include/turtlesim/action/detail
[12.501s] -- Installing: /home/skola/ros2_ws/install/turtlesim/include/turtlesim/action/detail/rotate_absolute__rosidl_typesupport_fastrtps_c.h
[12.501s] -- Up-to-date: /home/skola/ros2_ws/install/turtlesim/include/turtlesim/srv
[12.501s] -- Up-to-date: /home/skola/ros2_ws/install/turtlesim/include/turtlesim/srv/detail
[12.501s] -- Installing: /home/skola/ros2_ws/install/turtlesim/include/turtlesim/srv/detail/set_pen__rosidl_typesupport_fastrtps_c.h
[12.501s] -- Installing: /home/skola/ros2_ws/install/turtlesim/include/turtlesim/srv/detail/spawn__rosidl_typesupport_fastrtps_c.h
[12.501s] -- Installing: /home/skola/ros2_ws/install/turtlesim/include/turtlesim/srv/detail/kill__rosidl_typesupport_fastrtps_c.h
[12.501s] -- Installing: /home/skola/ros2_ws/install/turtlesim/include/turtlesim/srv/detail/teleport_relative__rosidl_typesupport_fastrtps_c.h
[12.502s] -- Installing: /home/skola/ros2_ws/install/turtlesim/include/turtlesim/srv/detail/teleport_absolute__rosidl_typesupport_fastrtps_c.h
[12.502s] -- Up-to-date: /home/skola/ros2_ws/install/turtlesim/include/turtlesim/msg
[12.502s] -- Up-to-date: /home/skola/ros2_ws/install/turtlesim/include/turtlesim/msg/detail
[12.502s] -- Installing: /home/skola/ros2_ws/install/turtlesim/include/turtlesim/msg/detail/color__rosidl_typesupport_fastrtps_c.h
[12.502s] -- Installing: /home/skola/ros2_ws/install/turtlesim/include/turtlesim/msg/detail/pose__rosidl_typesupport_fastrtps_c.h
[12.502s] -- Installing: /home/skola/ros2_ws/install/turtlesim/include/turtlesim/msg/rosidl_typesupport_fastrtps_c__visibility_control.h
[12.502s] -- Installing: /home/skola/ros2_ws/install/turtlesim/lib/libturtlesim__rosidl_typesupport_fastrtps_c.so
[12.502s] -- Set runtime path of "/home/skola/ros2_ws/install/turtlesim/lib/libturtlesim__rosidl_typesupport_fastrtps_c.so" to ""
[12.502s] -- Up-to-date: /home/skola/ros2_ws/install/turtlesim/include/turtlesim
[12.502s] -- Up-to-date: /home/skola/ros2_ws/install/turtlesim/include/turtlesim/action
[12.502s] -- Up-to-date: /home/skola/ros2_ws/install/turtlesim/include/turtlesim/action/detail
[12.502s] -- Installing: /home/skola/ros2_ws/install/turtlesim/include/turtlesim/action/detail/dds_fastrtps
[12.502s] -- Installing: /home/skola/ros2_ws/install/turtlesim/include/turtlesim/action/detail/rotate_absolute__rosidl_typesupport_fastrtps_cpp.hpp
[12.502s] -- Up-to-date: /home/skola/ros2_ws/install/turtlesim/include/turtlesim/srv
[12.502s] -- Up-to-date: /home/skola/ros2_ws/install/turtlesim/include/turtlesim/srv/detail
[12.503s] -- Installing: /home/skola/ros2_ws/install/turtlesim/include/turtlesim/srv/detail/dds_fastrtps
[12.503s] -- Installing: /home/skola/ros2_ws/install/turtlesim/include/turtlesim/srv/detail/teleport_absolute__rosidl_typesupport_fastrtps_cpp.hpp
[12.503s] -- Installing: /home/skola/ros2_ws/install/turtlesim/include/turtlesim/srv/detail/set_pen__rosidl_typesupport_fastrtps_cpp.hpp
[12.503s] -- Installing: /home/skola/ros2_ws/install/turtlesim/include/turtlesim/srv/detail/spawn__rosidl_typesupport_fastrtps_cpp.hpp
[12.503s] -- Installing: /home/skola/ros2_ws/install/turtlesim/include/turtlesim/srv/detail/kill__rosidl_typesupport_fastrtps_cpp.hpp
[12.503s] -- Installing: /home/skola/ros2_ws/install/turtlesim/include/turtlesim/srv/detail/teleport_relative__rosidl_typesupport_fastrtps_cpp.hpp
[12.503s] -- Up-to-date: /home/skola/ros2_ws/install/turtlesim/include/turtlesim/msg
[12.503s] -- Up-to-date: /home/skola/ros2_ws/install/turtlesim/include/turtlesim/msg/detail
[12.503s] -- Installing: /home/skola/ros2_ws/install/turtlesim/include/turtlesim/msg/detail/dds_fastrtps
[12.503s] -- Installing: /home/skola/ros2_ws/install/turtlesim/include/turtlesim/msg/detail/pose__rosidl_typesupport_fastrtps_cpp.hpp
[12.503s] -- Installing: /home/skola/ros2_ws/install/turtlesim/include/turtlesim/msg/detail/color__rosidl_typesupport_fastrtps_cpp.hpp
[12.503s] -- Installing: /home/skola/ros2_ws/install/turtlesim/include/turtlesim/msg/rosidl_typesupport_fastrtps_cpp__visibility_control.h
[12.503s] -- Installing: /home/skola/ros2_ws/install/turtlesim/lib/libturtlesim__rosidl_typesupport_fastrtps_cpp.so
[12.503s] -- Set runtime path of "/home/skola/ros2_ws/install/turtlesim/lib/libturtlesim__rosidl_typesupport_fastrtps_cpp.so" to ""
[12.503s] -- Up-to-date: /home/skola/ros2_ws/install/turtlesim/include/turtlesim
[12.503s] -- Up-to-date: /home/skola/ros2_ws/install/turtlesim/include/turtlesim/action
[12.503s] -- Up-to-date: /home/skola/ros2_ws/install/turtlesim/include/turtlesim/action/detail
[12.504s] -- Installing: /home/skola/ros2_ws/install/turtlesim/include/turtlesim/action/detail/rotate_absolute__rosidl_typesupport_introspection_c.h
[12.504s] -- Installing: /home/skola/ros2_ws/install/turtlesim/include/turtlesim/action/detail/rotate_absolute__type_support.c
[12.504s] -- Up-to-date: /home/skola/ros2_ws/install/turtlesim/include/turtlesim/srv
[12.504s] -- Up-to-date: /home/skola/ros2_ws/install/turtlesim/include/turtlesim/srv/detail
[12.504s] -- Installing: /home/skola/ros2_ws/install/turtlesim/include/turtlesim/srv/detail/spawn__rosidl_typesupport_introspection_c.h
[12.504s] -- Installing: /home/skola/ros2_ws/install/turtlesim/include/turtlesim/srv/detail/teleport_relative__type_support.c
[12.504s] -- Installing: /home/skola/ros2_ws/install/turtlesim/include/turtlesim/srv/detail/teleport_absolute__type_support.c
[12.504s] -- Installing: /home/skola/ros2_ws/install/turtlesim/include/turtlesim/srv/detail/spawn__type_support.c
[12.504s] -- Installing: /home/skola/ros2_ws/install/turtlesim/include/turtlesim/srv/detail/set_pen__rosidl_typesupport_introspection_c.h
[12.504s] -- Installing: /home/skola/ros2_ws/install/turtlesim/include/turtlesim/srv/detail/kill__rosidl_typesupport_introspection_c.h
[12.504s] -- Installing: /home/skola/ros2_ws/install/turtlesim/include/turtlesim/srv/detail/teleport_absolute__rosidl_typesupport_introspection_c.h
[12.504s] -- Installing: /home/skola/ros2_ws/install/turtlesim/include/turtlesim/srv/detail/kill__type_support.c
[12.504s] -- Installing: /home/skola/ros2_ws/install/turtlesim/include/turtlesim/srv/detail/set_pen__type_support.c
[12.504s] -- Installing: /home/skola/ros2_ws/install/turtlesim/include/turtlesim/srv/detail/teleport_relative__rosidl_typesupport_introspection_c.h
[12.504s] -- Up-to-date: /home/skola/ros2_ws/install/turtlesim/include/turtlesim/msg
[12.504s] -- Installing: /home/skola/ros2_ws/install/turtlesim/include/turtlesim/msg/rosidl_typesupport_introspection_c__visibility_control.h
[12.504s] -- Up-to-date: /home/skola/ros2_ws/install/turtlesim/include/turtlesim/msg/detail
[12.505s] -- Installing: /home/skola/ros2_ws/install/turtlesim/include/turtlesim/msg/detail/pose__type_support.c
[12.505s] -- Installing: /home/skola/ros2_ws/install/turtlesim/include/turtlesim/msg/detail/color__rosidl_typesupport_introspection_c.h
[12.505s] -- Installing: /home/skola/ros2_ws/install/turtlesim/include/turtlesim/msg/detail/color__type_support.c
[12.505s] -- Installing: /home/skola/ros2_ws/install/turtlesim/include/turtlesim/msg/detail/pose__rosidl_typesupport_introspection_c.h
[12.505s] -- Installing: /home/skola/ros2_ws/install/turtlesim/lib/libturtlesim__rosidl_typesupport_introspection_c.so
[12.505s] -- Set runtime path of "/home/skola/ros2_ws/install/turtlesim/lib/libturtlesim__rosidl_typesupport_introspection_c.so" to ""
[12.505s] -- Installing: /home/skola/ros2_ws/install/turtlesim/lib/libturtlesim__rosidl_typesupport_c.so
[12.505s] -- Set runtime path of "/home/skola/ros2_ws/install/turtlesim/lib/libturtlesim__rosidl_typesupport_c.so" to ""
[12.505s] -- Up-to-date: /home/skola/ros2_ws/install/turtlesim/include/turtlesim
[12.505s] -- Up-to-date: /home/skola/ros2_ws/install/turtlesim/include/turtlesim/action
[12.505s] -- Installing: /home/skola/ros2_ws/install/turtlesim/include/turtlesim/action/rotate_absolute.hpp
[12.505s] -- Up-to-date: /home/skola/ros2_ws/install/turtlesim/include/turtlesim/action/detail
[12.505s] -- Installing: /home/skola/ros2_ws/install/turtlesim/include/turtlesim/action/detail/rotate_absolute__traits.hpp
[12.505s] -- Installing: /home/skola/ros2_ws/install/turtlesim/include/turtlesim/action/detail/rotate_absolute__builder.hpp
[12.506s] -- Installing: /home/skola/ros2_ws/install/turtlesim/include/turtlesim/action/detail/rotate_absolute__struct.hpp
[12.506s] -- Up-to-date: /home/skola/ros2_ws/install/turtlesim/include/turtlesim/srv
[12.506s] -- Installing: /home/skola/ros2_ws/install/turtlesim/include/turtlesim/srv/set_pen.hpp
[12.506s] -- Installing: /home/skola/ros2_ws/install/turtlesim/include/turtlesim/srv/spawn.hpp
[12.506s] -- Up-to-date: /home/skola/ros2_ws/install/turtlesim/include/turtlesim/srv/detail
[12.506s] -- Installing: /home/skola/ros2_ws/install/turtlesim/include/turtlesim/srv/detail/teleport_relative__builder.hpp
[12.506s] -- Installing: /home/skola/ros2_ws/install/turtlesim/include/turtlesim/srv/detail/teleport_absolute__struct.hpp
[12.506s] -- Installing: /home/skola/ros2_ws/install/turtlesim/include/turtlesim/srv/detail/spawn__traits.hpp
[12.506s] -- Installing: /home/skola/ros2_ws/install/turtlesim/include/turtlesim/srv/detail/spawn__builder.hpp
[12.506s] -- Installing: /home/skola/ros2_ws/install/turtlesim/include/turtlesim/srv/detail/kill__builder.hpp
[12.506s] -- Installing: /home/skola/ros2_ws/install/turtlesim/include/turtlesim/srv/detail/kill__traits.hpp
[12.506s] -- Installing: /home/skola/ros2_ws/install/turtlesim/include/turtlesim/srv/detail/teleport_relative__struct.hpp
[12.506s] -- Installing: /home/skola/ros2_ws/install/turtlesim/include/turtlesim/srv/detail/teleport_relative__traits.hpp
[12.506s] -- Installing: /home/skola/ros2_ws/install/turtlesim/include/turtlesim/srv/detail/kill__struct.hpp
[12.506s] -- Installing: /home/skola/ros2_ws/install/turtlesim/include/turtlesim/srv/detail/set_pen__traits.hpp
[12.507s] -- Installing: /home/skola/ros2_ws/install/turtlesim/include/turtlesim/srv/detail/teleport_absolute__builder.hpp
[12.507s] -- Installing: /home/skola/ros2_ws/install/turtlesim/include/turtlesim/srv/detail/set_pen__builder.hpp
[12.507s] -- Installing: /home/skola/ros2_ws/install/turtlesim/include/turtlesim/srv/detail/teleport_absolute__traits.hpp
[12.507s] -- Installing: /home/skola/ros2_ws/install/turtlesim/include/turtlesim/srv/detail/set_pen__struct.hpp
[12.507s] -- Installing: /home/skola/ros2_ws/install/turtlesim/include/turtlesim/srv/detail/spawn__struct.hpp
[12.507s] -- Installing: /home/skola/ros2_ws/install/turtlesim/include/turtlesim/srv/teleport_relative.hpp
[12.507s] -- Installing: /home/skola/ros2_ws/install/turtlesim/include/turtlesim/srv/teleport_absolute.hpp
[12.507s] -- Installing: /home/skola/ros2_ws/install/turtlesim/include/turtlesim/srv/kill.hpp
[12.507s] -- Up-to-date: /home/skola/ros2_ws/install/turtlesim/include/turtlesim/msg
[12.507s] -- Installing: /home/skola/ros2_ws/install/turtlesim/include/turtlesim/msg/color.hpp
[12.507s] -- Installing: /home/skola/ros2_ws/install/turtlesim/include/turtlesim/msg/pose.hpp
[12.507s] -- Up-to-date: /home/skola/ros2_ws/install/turtlesim/include/turtlesim/msg/detail
[12.507s] -- Installing: /home/skola/ros2_ws/install/turtlesim/include/turtlesim/msg/detail/color__builder.hpp
[12.507s] -- Installing: /home/skola/ros2_ws/install/turtlesim/include/turtlesim/msg/detail/color__traits.hpp
[12.507s] -- Installing: /home/skola/ros2_ws/install/turtlesim/include/turtlesim/msg/detail/color__struct.hpp
[12.507s] -- Installing: /home/skola/ros2_ws/install/turtlesim/include/turtlesim/msg/detail/pose__builder.hpp
[12.507s] -- Installing: /home/skola/ros2_ws/install/turtlesim/include/turtlesim/msg/detail/pose__struct.hpp
[12.508s] -- Installing: /home/skola/ros2_ws/install/turtlesim/include/turtlesim/msg/detail/pose__traits.hpp
[12.508s] -- Up-to-date: /home/skola/ros2_ws/install/turtlesim/include/turtlesim
[12.508s] -- Up-to-date: /home/skola/ros2_ws/install/turtlesim/include/turtlesim/action
[12.508s] -- Up-to-date: /home/skola/ros2_ws/install/turtlesim/include/turtlesim/action/detail
[12.508s] -- Installing: /home/skola/ros2_ws/install/turtlesim/include/turtlesim/action/detail/rotate_absolute__type_support.cpp
[12.508s] -- Installing: /home/skola/ros2_ws/install/turtlesim/include/turtlesim/action/detail/rotate_absolute__rosidl_typesupport_introspection_cpp.hpp
[12.508s] -- Up-to-date: /home/skola/ros2_ws/install/turtlesim/include/turtlesim/srv
[12.508s] -- Up-to-date: /home/skola/ros2_ws/install/turtlesim/include/turtlesim/srv/detail
[12.508s] -- Installing: /home/skola/ros2_ws/install/turtlesim/include/turtlesim/srv/detail/teleport_relative__rosidl_typesupport_introspection_cpp.hpp
[12.508s] -- Installing: /home/skola/ros2_ws/install/turtlesim/include/turtlesim/srv/detail/set_pen__rosidl_typesupport_introspection_cpp.hpp
[12.508s] -- Installing: /home/skola/ros2_ws/install/turtlesim/include/turtlesim/srv/detail/teleport_relative__type_support.cpp
[12.508s] -- Installing: /home/skola/ros2_ws/install/turtlesim/include/turtlesim/srv/detail/set_pen__type_support.cpp
[12.508s] -- Installing: /home/skola/ros2_ws/install/turtlesim/include/turtlesim/srv/detail/teleport_absolute__rosidl_typesupport_introspection_cpp.hpp
[12.508s] -- Installing: /home/skola/ros2_ws/install/turtlesim/include/turtlesim/srv/detail/kill__rosidl_typesupport_introspection_cpp.hpp
[12.508s] -- Installing: /home/skola/ros2_ws/install/turtlesim/include/turtlesim/srv/detail/spawn__type_support.cpp
[12.508s] -- Installing: /home/skola/ros2_ws/install/turtlesim/include/turtlesim/srv/detail/teleport_absolute__type_support.cpp
[12.508s] -- Installing: /home/skola/ros2_ws/install/turtlesim/include/turtlesim/srv/detail/kill__type_support.cpp
[12.509s] -- Installing: /home/skola/ros2_ws/install/turtlesim/include/turtlesim/srv/detail/spawn__rosidl_typesupport_introspection_cpp.hpp
[12.509s] -- Up-to-date: /home/skola/ros2_ws/install/turtlesim/include/turtlesim/msg
[12.509s] -- Up-to-date: /home/skola/ros2_ws/install/turtlesim/include/turtlesim/msg/detail
[12.509s] -- Installing: /home/skola/ros2_ws/install/turtlesim/include/turtlesim/msg/detail/color__type_support.cpp
[12.509s] -- Installing: /home/skola/ros2_ws/install/turtlesim/include/turtlesim/msg/detail/color__rosidl_typesupport_introspection_cpp.hpp
[12.509s] -- Installing: /home/skola/ros2_ws/install/turtlesim/include/turtlesim/msg/detail/pose__type_support.cpp
[12.509s] -- Installing: /home/skola/ros2_ws/install/turtlesim/include/turtlesim/msg/detail/pose__rosidl_typesupport_introspection_cpp.hpp
[12.509s] -- Installing: /home/skola/ros2_ws/install/turtlesim/lib/libturtlesim__rosidl_typesupport_introspection_cpp.so
[12.509s] -- Set runtime path of "/home/skola/ros2_ws/install/turtlesim/lib/libturtlesim__rosidl_typesupport_introspection_cpp.so" to ""
[12.509s] -- Installing: /home/skola/ros2_ws/install/turtlesim/lib/libturtlesim__rosidl_typesupport_cpp.so
[12.509s] -- Set runtime path of "/home/skola/ros2_ws/install/turtlesim/lib/libturtlesim__rosidl_typesupport_cpp.so" to ""
[12.509s] -- Installing: /home/skola/ros2_ws/install/turtlesim/share/turtlesim/environment/pythonpath.sh
[12.509s] -- Installing: /home/skola/ros2_ws/install/turtlesim/share/turtlesim/environment/pythonpath.dsv
[12.509s] -- Installing: /home/skola/ros2_ws/install/turtlesim/lib/python3.8/site-packages/turtlesim/__init__.py
[12.530s] Compiling '/home/skola/ros2_ws/install/turtlesim/lib/python3.8/site-packages/turtlesim/__init__.py'...
[12.532s] -- Installing: /home/skola/ros2_ws/install/turtlesim/lib/python3.8/site-packages/turtlesim/action
[12.532s] -- Installing: /home/skola/ros2_ws/install/turtlesim/lib/python3.8/site-packages/turtlesim/action/_rotate_absolute_s.c
[12.533s] -- Installing: /home/skola/ros2_ws/install/turtlesim/lib/python3.8/site-packages/turtlesim/action/__init__.py
[12.533s] -- Installing: /home/skola/ros2_ws/install/turtlesim/lib/python3.8/site-packages/turtlesim/action/_rotate_absolute.py
[12.533s] -- Installing: /home/skola/ros2_ws/install/turtlesim/lib/python3.8/site-packages/turtlesim/msg
[12.533s] -- Installing: /home/skola/ros2_ws/install/turtlesim/lib/python3.8/site-packages/turtlesim/msg/_pose_s.c
[12.533s] -- Installing: /home/skola/ros2_ws/install/turtlesim/lib/python3.8/site-packages/turtlesim/msg/_color.py
[12.533s] -- Installing: /home/skola/ros2_ws/install/turtlesim/lib/python3.8/site-packages/turtlesim/msg/_color_s.c
[12.533s] -- Installing: /home/skola/ros2_ws/install/turtlesim/lib/python3.8/site-packages/turtlesim/msg/_pose.py
[12.533s] -- Installing: /home/skola/ros2_ws/install/turtlesim/lib/python3.8/site-packages/turtlesim/msg/__init__.py
[12.533s] -- Installing: /home/skola/ros2_ws/install/turtlesim/lib/python3.8/site-packages/turtlesim/srv
[12.533s] -- Installing: /home/skola/ros2_ws/install/turtlesim/lib/python3.8/site-packages/turtlesim/srv/_teleport_relative_s.c
[12.533s] -- Installing: /home/skola/ros2_ws/install/turtlesim/lib/python3.8/site-packages/turtlesim/srv/_kill.py
[12.533s] -- Installing: /home/skola/ros2_ws/install/turtlesim/lib/python3.8/site-packages/turtlesim/srv/_teleport_relative.py
[12.533s] -- Installing: /home/skola/ros2_ws/install/turtlesim/lib/python3.8/site-packages/turtlesim/srv/_set_pen.py
[12.533s] -- Installing: /home/skola/ros2_ws/install/turtlesim/lib/python3.8/site-packages/turtlesim/srv/_spawn.py
[12.534s] -- Installing: /home/skola/ros2_ws/install/turtlesim/lib/python3.8/site-packages/turtlesim/srv/_spawn_s.c
[12.534s] -- Installing: /home/skola/ros2_ws/install/turtlesim/lib/python3.8/site-packages/turtlesim/srv/_teleport_absolute_s.c
[12.534s] -- Installing: /home/skola/ros2_ws/install/turtlesim/lib/python3.8/site-packages/turtlesim/srv/__init__.py
[12.534s] -- Installing: /home/skola/ros2_ws/install/turtlesim/lib/python3.8/site-packages/turtlesim/srv/_kill_s.c
[12.534s] -- Installing: /home/skola/ros2_ws/install/turtlesim/lib/python3.8/site-packages/turtlesim/srv/_set_pen_s.c
[12.534s] -- Installing: /home/skola/ros2_ws/install/turtlesim/lib/python3.8/site-packages/turtlesim/srv/_teleport_absolute.py
[12.534s] -- Installing: /home/skola/ros2_ws/install/turtlesim/lib/python3.8/site-packages/turtlesim/turtlesim_s__rosidl_typesupport_fastrtps_c.cpython-38-x86_64-linux-gnu.so
[12.534s] -- Set runtime path of "/home/skola/ros2_ws/install/turtlesim/lib/python3.8/site-packages/turtlesim/turtlesim_s__rosidl_typesupport_fastrtps_c.cpython-38-x86_64-linux-gnu.so" to ""
[12.534s] -- Installing: /home/skola/ros2_ws/install/turtlesim/lib/python3.8/site-packages/turtlesim/turtlesim_s__rosidl_typesupport_introspection_c.cpython-38-x86_64-linux-gnu.so
[12.535s] -- Set runtime path of "/home/skola/ros2_ws/install/turtlesim/lib/python3.8/site-packages/turtlesim/turtlesim_s__rosidl_typesupport_introspection_c.cpython-38-x86_64-linux-gnu.so" to ""
[12.535s] -- Installing: /home/skola/ros2_ws/install/turtlesim/lib/python3.8/site-packages/turtlesim/turtlesim_s__rosidl_typesupport_c.cpython-38-x86_64-linux-gnu.so
[12.535s] -- Set runtime path of "/home/skola/ros2_ws/install/turtlesim/lib/python3.8/site-packages/turtlesim/turtlesim_s__rosidl_typesupport_c.cpython-38-x86_64-linux-gnu.so" to ""
[12.535s] -- Installing: /home/skola/ros2_ws/install/turtlesim/lib/libturtlesim__python.so
[12.535s] -- Set runtime path of "/home/skola/ros2_ws/install/turtlesim/lib/libturtlesim__python.so" to ""
[12.535s] -- Installing: /home/skola/ros2_ws/install/turtlesim/share/turtlesim/action/RotateAbsolute.idl
[12.536s] -- Installing: /home/skola/ros2_ws/install/turtlesim/share/turtlesim/msg/Color.idl
[12.536s] -- Installing: /home/skola/ros2_ws/install/turtlesim/share/turtlesim/msg/Pose.idl
[12.536s] -- Installing: /home/skola/ros2_ws/install/turtlesim/share/turtlesim/srv/Kill.idl
[12.536s] -- Installing: /home/skola/ros2_ws/install/turtlesim/share/turtlesim/srv/SetPen.idl
[12.536s] -- Installing: /home/skola/ros2_ws/install/turtlesim/share/turtlesim/srv/Spawn.idl
[12.536s] -- Installing: /home/skola/ros2_ws/install/turtlesim/share/turtlesim/srv/TeleportAbsolute.idl
[12.536s] -- Installing: /home/skola/ros2_ws/install/turtlesim/share/turtlesim/srv/TeleportRelative.idl
[12.536s] -- Installing: /home/skola/ros2_ws/install/turtlesim/share/turtlesim/action/RotateAbsolute.action
[12.536s] -- Installing: /home/skola/ros2_ws/install/turtlesim/share/turtlesim/msg/Color.msg
[12.536s] -- Installing: /home/skola/ros2_ws/install/turtlesim/share/turtlesim/msg/Pose.msg
[12.536s] -- Installing: /home/skola/ros2_ws/install/turtlesim/share/turtlesim/srv/Kill.srv
[12.536s] -- Installing: /home/skola/ros2_ws/install/turtlesim/share/turtlesim/srv/Kill_Request.msg
[12.537s] -- Installing: /home/skola/ros2_ws/install/turtlesim/share/turtlesim/srv/Kill_Response.msg
[12.537s] -- Installing: /home/skola/ros2_ws/install/turtlesim/share/turtlesim/srv/SetPen.srv
[12.537s] -- Installing: /home/skola/ros2_ws/install/turtlesim/share/turtlesim/srv/SetPen_Request.msg
[12.537s] -- Installing: /home/skola/ros2_ws/install/turtlesim/share/turtlesim/srv/SetPen_Response.msg
[12.537s] -- Installing: /home/skola/ros2_ws/install/turtlesim/share/turtlesim/srv/Spawn.srv
[12.537s] -- Installing: /home/skola/ros2_ws/install/turtlesim/share/turtlesim/srv/Spawn_Request.msg
[12.537s] -- Installing: /home/skola/ros2_ws/install/turtlesim/share/turtlesim/srv/Spawn_Response.msg
[12.537s] -- Installing: /home/skola/ros2_ws/install/turtlesim/share/turtlesim/srv/TeleportAbsolute.srv
[12.537s] -- Installing: /home/skola/ros2_ws/install/turtlesim/share/turtlesim/srv/TeleportAbsolute_Request.msg
[12.537s] -- Installing: /home/skola/ros2_ws/install/turtlesim/share/turtlesim/srv/TeleportAbsolute_Response.msg
[12.537s] -- Installing: /home/skola/ros2_ws/install/turtlesim/share/turtlesim/srv/TeleportRelative.srv
[12.537s] -- Installing: /home/skola/ros2_ws/install/turtlesim/share/turtlesim/srv/TeleportRelative_Request.msg
[12.538s] -- Installing: /home/skola/ros2_ws/install/turtlesim/share/turtlesim/srv/TeleportRelative_Response.msg
[12.538s] -- Installing: /home/skola/ros2_ws/install/turtlesim/lib/turtlesim/turtlesim_node
[12.541s] -- Set runtime path of "/home/skola/ros2_ws/install/turtlesim/lib/turtlesim/turtlesim_node" to ""
[12.542s] -- Installing: /home/skola/ros2_ws/install/turtlesim/lib/turtlesim/turtle_teleop_key
[12.543s] -- Set runtime path of "/home/skola/ros2_ws/install/turtlesim/lib/turtlesim/turtle_teleop_key" to ""
[12.543s] -- Installing: /home/skola/ros2_ws/install/turtlesim/lib/turtlesim/draw_square
[12.545s] -- Set runtime path of "/home/skola/ros2_ws/install/turtlesim/lib/turtlesim/draw_square" to ""
[12.545s] -- Installing: /home/skola/ros2_ws/install/turtlesim/lib/turtlesim/mimic
[12.547s] -- Set runtime path of "/home/skola/ros2_ws/install/turtlesim/lib/turtlesim/mimic" to ""
[12.547s] -- Installing: /home/skola/ros2_ws/install/turtlesim/share/turtlesim/images
[12.547s] -- Installing: /home/skola/ros2_ws/install/turtlesim/share/turtlesim/images/dashing.png
[12.547s] -- Installing: /home/skola/ros2_ws/install/turtlesim/share/turtlesim/images/crystal.png
[12.547s] -- Installing: /home/skola/ros2_ws/install/turtlesim/share/turtlesim/images/ardent.png
[12.547s] -- Installing: /home/skola/ros2_ws/install/turtlesim/share/turtlesim/images/foxy.png
[12.547s] -- Installing: /home/skola/ros2_ws/install/turtlesim/share/turtlesim/images/eloquent.png
[12.547s] -- Installing: /home/skola/ros2_ws/install/turtlesim/share/turtlesim/images/bouncy.png
[12.547s] -- Installing: /home/skola/ros2_ws/install/turtlesim/share/turtlesim/launch
[12.547s] -- Installing: /home/skola/ros2_ws/install/turtlesim/share/turtlesim/launch/multisim.launch.py
[12.547s] -- Installing: /home/skola/ros2_ws/install/turtlesim/share/ament_index/resource_index/package_run_dependencies/turtlesim
[12.547s] -- Installing: /home/skola/ros2_ws/install/turtlesim/share/ament_index/resource_index/parent_prefix_path/turtlesim
[12.547s] -- Installing: /home/skola/ros2_ws/install/turtlesim/share/turtlesim/environment/ament_prefix_path.sh
[12.547s] -- Installing: /home/skola/ros2_ws/install/turtlesim/share/turtlesim/environment/ament_prefix_path.dsv
[12.548s] -- Installing: /home/skola/ros2_ws/install/turtlesim/share/turtlesim/environment/path.sh
[12.548s] -- Installing: /home/skola/ros2_ws/install/turtlesim/share/turtlesim/environment/path.dsv
[12.548s] -- Installing: /home/skola/ros2_ws/install/turtlesim/share/turtlesim/local_setup.bash
[12.548s] -- Installing: /home/skola/ros2_ws/install/turtlesim/share/turtlesim/local_setup.sh
[12.548s] -- Installing: /home/skola/ros2_ws/install/turtlesim/share/turtlesim/local_setup.zsh
[12.548s] -- Installing: /home/skola/ros2_ws/install/turtlesim/share/turtlesim/local_setup.dsv
[12.548s] -- Installing: /home/skola/ros2_ws/install/turtlesim/share/turtlesim/package.dsv
[12.548s] -- Installing: /home/skola/ros2_ws/install/turtlesim/share/ament_index/resource_index/packages/turtlesim
[12.548s] -- Installing: /home/skola/ros2_ws/install/turtlesim/share/turtlesim/cmake/turtlesim__rosidl_generator_cExport.cmake
[12.548s] -- Installing: /home/skola/ros2_ws/install/turtlesim/share/turtlesim/cmake/turtlesim__rosidl_generator_cExport-noconfig.cmake
[12.549s] -- Installing: /home/skola/ros2_ws/install/turtlesim/share/turtlesim/cmake/turtlesim__rosidl_typesupport_introspection_cExport.cmake
[12.549s] -- Installing: /home/skola/ros2_ws/install/turtlesim/share/turtlesim/cmake/turtlesim__rosidl_typesupport_introspection_cExport-noconfig.cmake
[12.549s] -- Installing: /home/skola/ros2_ws/install/turtlesim/share/turtlesim/cmake/turtlesim__rosidl_typesupport_cExport.cmake
[12.549s] -- Installing: /home/skola/ros2_ws/install/turtlesim/share/turtlesim/cmake/turtlesim__rosidl_typesupport_cExport-noconfig.cmake
[12.549s] -- Installing: /home/skola/ros2_ws/install/turtlesim/share/turtlesim/cmake/turtlesim__rosidl_generator_cppExport.cmake
[12.549s] -- Installing: /home/skola/ros2_ws/install/turtlesim/share/turtlesim/cmake/turtlesim__rosidl_typesupport_introspection_cppExport.cmake
[12.549s] -- Installing: /home/skola/ros2_ws/install/turtlesim/share/turtlesim/cmake/turtlesim__rosidl_typesupport_introspection_cppExport-noconfig.cmake
[12.549s] -- Installing: /home/skola/ros2_ws/install/turtlesim/share/turtlesim/cmake/turtlesim__rosidl_typesupport_cppExport.cmake
[12.549s] -- Installing: /home/skola/ros2_ws/install/turtlesim/share/turtlesim/cmake/turtlesim__rosidl_typesupport_cppExport-noconfig.cmake
[12.549s] -- Installing: /home/skola/ros2_ws/install/turtlesim/share/turtlesim/cmake/rosidl_cmake-extras.cmake
[12.549s] -- Installing: /home/skola/ros2_ws/install/turtlesim/share/turtlesim/cmake/ament_cmake_export_dependencies-extras.cmake
[12.550s] -- Installing: /home/skola/ros2_ws/install/turtlesim/share/turtlesim/cmake/ament_cmake_export_libraries-extras.cmake
[12.550s] -- Installing: /home/skola/ros2_ws/install/turtlesim/share/turtlesim/cmake/ament_cmake_export_targets-extras.cmake
[12.550s] -- Installing: /home/skola/ros2_ws/install/turtlesim/share/turtlesim/cmake/ament_cmake_export_include_directories-extras.cmake
[12.550s] -- Installing: /home/skola/ros2_ws/install/turtlesim/share/turtlesim/cmake/rosidl_cmake_export_typesupport_libraries-extras.cmake
[12.550s] -- Installing: /home/skola/ros2_ws/install/turtlesim/share/turtlesim/cmake/rosidl_cmake_export_typesupport_targets-extras.cmake
[12.550s] -- Installing: /home/skola/ros2_ws/install/turtlesim/share/turtlesim/cmake/turtlesimConfig.cmake
[12.550s] -- Installing: /home/skola/ros2_ws/install/turtlesim/share/turtlesim/cmake/turtlesimConfig-version.cmake
[12.550s] -- Installing: /home/skola/ros2_ws/install/turtlesim/share/turtlesim/package.xml
[12.554s] Invoked command in '/home/skola/ros2_ws/build/turtlesim' returned '0': CMAKE_PREFIX_PATH=/opt/ros/foxy /usr/bin/cmake --install /home/skola/ros2_ws/build/turtlesim
