[0.016s] Invoking command in '/home/skola/ros2_ws/build/cpp_parameters': CMAKE_PREFIX_PATH=/opt/ros/foxy /usr/bin/cmake --build /home/skola/ros2_ws/build/cpp_parameters -- -j8 -l8
[0.054s] -- Found ament_cmake: 0.9.9 (/opt/ros/foxy/share/ament_cmake/cmake)
[0.078s] -- Using PYTHON_EXECUTABLE: /usr/bin/python3
[0.242s] -- Found rclcpp: 2.4.0 (/opt/ros/foxy/share/rclcpp/cmake)
[0.276s] -- Using all available rosidl_typesupport_c: rosidl_typesupport_fastrtps_c;rosidl_typesupport_introspection_c
[0.279s] -- Found rosidl_adapter: 1.2.1 (/opt/ros/foxy/share/rosidl_adapter/cmake)
[0.398s] -- Using all available rosidl_typesupport_cpp: rosidl_typesupport_fastrtps_cpp;rosidl_typesupport_introspection_cpp
[0.441s] -- Found rmw_implementation_cmake: 1.0.3 (/opt/ros/foxy/share/rmw_implementation_cmake/cmake)
[0.442s] -- Using RMW implementation 'rmw_fastrtps_cpp' as default
[0.647s] -- Found ament_lint_auto: 0.9.6 (/opt/ros/foxy/share/ament_lint_auto/cmake)
[0.805s] -- Added test 'copyright' to check source files copyright and LICENSE
[0.806s] -- Added test 'cppcheck' to perform static code analysis on C / C++ code
[0.807s] -- Configured cppcheck include dirs: 
[0.807s] -- Configured cppcheck exclude dirs and/or files: 
[0.807s] -- Added test 'cpplint' to check C / C++ code against the Google style
[0.808s] -- Configured cpplint exclude dirs and/or files: 
[0.808s] -- Added test 'flake8' to check Python code syntax and style conventions
[0.810s] -- Added test 'lint_cmake' to check CMake code style
[0.811s] -- Added test 'pep257' to check Python code against some of the style conventions in PEP 257
[0.815s] -- Added test 'uncrustify' to check C / C++ code style
[0.815s] -- Configured uncrustify additional arguments: 
[0.815s] -- Added test 'xmllint' to check XML markup files
[0.822s] -- Configuring done
[0.841s] -- Generating done
[0.843s] -- Build files have been written to: /home/skola/ros2_ws/build/cpp_parameters
[0.918s] [100%] Built target parameter_node
[0.935s] Invoked command in '/home/skola/ros2_ws/build/cpp_parameters' returned '0': CMAKE_PREFIX_PATH=/opt/ros/foxy /usr/bin/cmake --build /home/skola/ros2_ws/build/cpp_parameters -- -j8 -l8
[1.011s] Invoking command in '/home/skola/ros2_ws/build/cpp_parameters': CMAKE_PREFIX_PATH=/opt/ros/foxy /usr/bin/cmake --install /home/skola/ros2_ws/build/cpp_parameters
[1.035s] -- Install configuration: ""
[1.035s] CMake Error at cmake_install.cmake:61 (file):
[1.035s]   file INSTALL cannot find "/home/skola/ros2_ws/src/cpp_parameters/launch":
[1.035s]   No such file or directory.
[1.035s] 
[1.035s] 
[1.035s] -- Up-to-date: /home/skola/ros2_ws/install/cpp_parameters/lib/cpp_parameters/parameter_node
[1.041s] Invoked command in '/home/skola/ros2_ws/build/cpp_parameters' returned '1': CMAKE_PREFIX_PATH=/opt/ros/foxy /usr/bin/cmake --install /home/skola/ros2_ws/build/cpp_parameters
