[0.050s] Invoking command in '/home/skola/ros2_ws/build/cpp_topic': CMAKE_PREFIX_PATH=/opt/ros/foxy /usr/bin/cmake /home/skola/ros2_ws/src/cpp_topic -DCMAKE_INSTALL_PREFIX=/home/skola/ros2_ws/install/cpp_topic
[0.144s] -- The C compiler identification is GNU 9.3.0
[0.248s] -- The CXX compiler identification is GNU 9.3.0
[0.262s] -- Check for working C compiler: /usr/bin/cc
[0.391s] -- Check for working C compiler: /usr/bin/cc -- works
[0.392s] -- Detecting C compiler ABI info
[0.502s] -- Detecting C compiler ABI info - done
[0.522s] -- Detecting C compile features
[0.523s] -- Detecting C compile features - done
[0.526s] -- Check for working CXX compiler: /usr/bin/c++
[0.675s] -- Check for working CXX compiler: /usr/bin/c++ -- works
[0.676s] -- Detecting CXX compiler ABI info
[0.851s] -- Detecting CXX compiler ABI info - done
[0.871s] -- Detecting CXX compile features
[0.871s] -- Detecting CXX compile features - done
[0.875s] -- Found ament_cmake: 0.9.9 (/opt/ros/foxy/share/ament_cmake/cmake)
[0.917s] -- Found PythonInterp: /usr/bin/python3 (found suitable version "3.8.10", minimum required is "3") 
[0.917s] -- Using PYTHON_EXECUTABLE: /usr/bin/python3
[1.155s] -- Found rclcpp: 2.4.0 (/opt/ros/foxy/share/rclcpp/cmake)
[1.206s] -- Using all available rosidl_typesupport_c: rosidl_typesupport_fastrtps_c;rosidl_typesupport_introspection_c
[1.214s] -- Found rosidl_adapter: 1.2.1 (/opt/ros/foxy/share/rosidl_adapter/cmake)
[1.411s] -- Found OpenSSL: /usr/lib/x86_64-linux-gnu/libcrypto.so (found version "1.1.1f")  
[1.455s] -- Found FastRTPS: /opt/ros/foxy/include  
[1.554s] -- Using all available rosidl_typesupport_cpp: rosidl_typesupport_fastrtps_cpp;rosidl_typesupport_introspection_cpp
[1.620s] -- Found rmw_implementation_cmake: 1.0.3 (/opt/ros/foxy/share/rmw_implementation_cmake/cmake)
[1.622s] -- Using RMW implementation 'rmw_fastrtps_cpp' as default
[1.623s] -- Looking for pthread.h
[1.730s] -- Looking for pthread.h - found
[1.731s] -- Performing Test CMAKE_HAVE_LIBC_PTHREAD
[1.846s] -- Performing Test CMAKE_HAVE_LIBC_PTHREAD - Failed
[1.848s] -- Looking for pthread_create in pthreads
[1.956s] -- Looking for pthread_create in pthreads - not found
[1.956s] -- Looking for pthread_create in pthread
[2.075s] -- Looking for pthread_create in pthread - found
[2.077s] -- Found Threads: TRUE  
[2.281s] -- Found geometry_msgs: 2.0.4 (/opt/ros/foxy/share/geometry_msgs/cmake)
[2.320s] -- Found ament_lint_auto: 0.9.6 (/opt/ros/foxy/share/ament_lint_auto/cmake)
[2.436s] -- Added test 'copyright' to check source files copyright and LICENSE
[2.447s] -- Added test 'cppcheck' to perform static code analysis on C / C++ code
[2.448s] -- Configured cppcheck include dirs: 
[2.449s] -- Configured cppcheck exclude dirs and/or files: 
[2.458s] -- Added test 'cpplint' to check C / C++ code against the Google style
[2.458s] -- Configured cpplint exclude dirs and/or files: 
[2.460s] -- Added test 'flake8' to check Python code syntax and style conventions
[2.463s] -- Added test 'lint_cmake' to check CMake code style
[2.465s] -- Added test 'pep257' to check Python code against some of the style conventions in PEP 257
[2.474s] -- Added test 'uncrustify' to check C / C++ code style
[2.474s] -- Configured uncrustify additional arguments: 
[2.477s] -- Added test 'xmllint' to check XML markup files
[2.482s] -- Configuring done
[2.493s] -- Generating done
[2.495s] -- Build files have been written to: /home/skola/ros2_ws/build/cpp_topic
