[0.160s] Invoking command in '/home/skola/ros2_ws/build/turtlesim': CMAKE_PREFIX_PATH=${CMAKE_PREFIX_PATH}:/opt/ros/foxy /usr/bin/cmake --build /home/skola/ros2_ws/build/turtlesim -- -j8 -l8
[0.369s] [  1%] Built target turtlesim__cpp
[0.417s] [ 11%] Built target turtlesim__rosidl_generator_c
[0.502s] [ 21%] Built target turtlesim__rosidl_typesupport_introspection_cpp
[0.505s] [ 31%] Built target turtlesim__rosidl_typesupport_cpp
[0.506s] [ 41%] Built target turtlesim__rosidl_typesupport_fastrtps_cpp
[0.508s] [ 51%] Built target turtlesim__rosidl_typesupport_c
[0.538s] [ 61%] Built target turtlesim__rosidl_typesupport_introspection_c
[0.624s] [ 71%] Built target turtlesim__rosidl_typesupport_fastrtps_c
[0.685s] [ 71%] Built target turtlesim
[0.763s] [ 72%] Built target turtlesim__py
[0.784s] [ 74%] Built target turtle_teleop_key
[0.793s] [ 76%] Built target mimic
[0.830s] [ 78%] Built target draw_square
[0.839s] [ 84%] Built target turtlesim_node
[0.885s] [ 93%] Built target turtlesim__python
[0.983s] [ 95%] Built target turtlesim__rosidl_typesupport_introspection_c__pyext
[0.988s] [ 97%] Built target turtlesim__rosidl_typesupport_fastrtps_c__pyext
[1.015s] [100%] Built target turtlesim__rosidl_typesupport_c__pyext
[1.064s] Invoked command in '/home/skola/ros2_ws/build/turtlesim' returned '0': CMAKE_PREFIX_PATH=${CMAKE_PREFIX_PATH}:/opt/ros/foxy /usr/bin/cmake --build /home/skola/ros2_ws/build/turtlesim -- -j8 -l8
[1.639s] Invoking command in '/home/skola/ros2_ws/build/turtlesim': CMAKE_PREFIX_PATH=${CMAKE_PREFIX_PATH}:/opt/ros/foxy /usr/bin/cmake --install /home/skola/ros2_ws/build/turtlesim
[1.661s] -- Install configuration: ""
[1.662s] -- Up-to-date: /home/skola/ros2_ws/install/turtlesim/share/ament_index/resource_index/rosidl_interfaces/turtlesim
[1.662s] -- Up-to-date: /home/skola/ros2_ws/install/turtlesim/include/turtlesim
[1.668s] -- Up-to-date: /home/skola/ros2_ws/install/turtlesim/include/turtlesim/action
[1.672s] -- Up-to-date: /home/skola/ros2_ws/install/turtlesim/include/turtlesim/action/rotate_absolute.h
[1.672s] -- Up-to-date: /home/skola/ros2_ws/install/turtlesim/include/turtlesim/action/detail
[1.672s] -- Up-to-date: /home/skola/ros2_ws/install/turtlesim/include/turtlesim/action/detail/rotate_absolute__functions.c
[1.673s] -- Up-to-date: /home/skola/ros2_ws/install/turtlesim/include/turtlesim/action/detail/rotate_absolute__struct.h
[1.674s] -- Up-to-date: /home/skola/ros2_ws/install/turtlesim/include/turtlesim/action/detail/rotate_absolute__functions.h
[1.675s] -- Up-to-date: /home/skola/ros2_ws/install/turtlesim/include/turtlesim/action/detail/rotate_absolute__type_support.h
[1.675s] -- Up-to-date: /home/skola/ros2_ws/install/turtlesim/include/turtlesim/srv
[1.676s] -- Up-to-date: /home/skola/ros2_ws/install/turtlesim/include/turtlesim/srv/kill.h
[1.677s] -- Up-to-date: /home/skola/ros2_ws/install/turtlesim/include/turtlesim/srv/spawn.h
[1.677s] -- Up-to-date: /home/skola/ros2_ws/install/turtlesim/include/turtlesim/srv/set_pen.h
[1.677s] -- Up-to-date: /home/skola/ros2_ws/install/turtlesim/include/turtlesim/srv/detail
[1.678s] -- Up-to-date: /home/skola/ros2_ws/install/turtlesim/include/turtlesim/srv/detail/teleport_absolute__struct.h
[1.678s] -- Up-to-date: /home/skola/ros2_ws/install/turtlesim/include/turtlesim/srv/detail/spawn__struct.h
[1.678s] -- Up-to-date: /home/skola/ros2_ws/install/turtlesim/include/turtlesim/srv/detail/teleport_relative__type_support.h
[1.680s] -- Up-to-date: /home/skola/ros2_ws/install/turtlesim/include/turtlesim/srv/detail/kill__functions.c
[1.681s] -- Up-to-date: /home/skola/ros2_ws/install/turtlesim/include/turtlesim/srv/detail/teleport_absolute__type_support.h
[1.681s] -- Up-to-date: /home/skola/ros2_ws/install/turtlesim/include/turtlesim/srv/detail/teleport_absolute__functions.h
[1.682s] -- Up-to-date: /home/skola/ros2_ws/install/turtlesim/include/turtlesim/srv/detail/set_pen__functions.c
[1.684s] -- Up-to-date: /home/skola/ros2_ws/install/turtlesim/include/turtlesim/srv/detail/kill__functions.h
[1.684s] -- Up-to-date: /home/skola/ros2_ws/install/turtlesim/include/turtlesim/srv/detail/kill__struct.h
[1.684s] -- Up-to-date: /home/skola/ros2_ws/install/turtlesim/include/turtlesim/srv/detail/spawn__functions.h
[1.685s] -- Up-to-date: /home/skola/ros2_ws/install/turtlesim/include/turtlesim/srv/detail/spawn__type_support.h
[1.685s] -- Up-to-date: /home/skola/ros2_ws/install/turtlesim/include/turtlesim/srv/detail/spawn__functions.c
[1.685s] -- Up-to-date: /home/skola/ros2_ws/install/turtlesim/include/turtlesim/srv/detail/teleport_relative__functions.h
[1.685s] -- Up-to-date: /home/skola/ros2_ws/install/turtlesim/include/turtlesim/srv/detail/kill__type_support.h
[1.685s] -- Up-to-date: /home/skola/ros2_ws/install/turtlesim/include/turtlesim/srv/detail/teleport_relative__functions.c
[1.685s] -- Up-to-date: /home/skola/ros2_ws/install/turtlesim/include/turtlesim/srv/detail/set_pen__struct.h
[1.685s] -- Up-to-date: /home/skola/ros2_ws/install/turtlesim/include/turtlesim/srv/detail/set_pen__type_support.h
[1.685s] -- Up-to-date: /home/skola/ros2_ws/install/turtlesim/include/turtlesim/srv/detail/teleport_absolute__functions.c
[1.686s] -- Up-to-date: /home/skola/ros2_ws/install/turtlesim/include/turtlesim/srv/detail/set_pen__functions.h
[1.686s] -- Up-to-date: /home/skola/ros2_ws/install/turtlesim/include/turtlesim/srv/detail/teleport_relative__struct.h
[1.686s] -- Up-to-date: /home/skola/ros2_ws/install/turtlesim/include/turtlesim/srv/teleport_absolute.h
[1.686s] -- Up-to-date: /home/skola/ros2_ws/install/turtlesim/include/turtlesim/srv/teleport_relative.h
[1.686s] -- Up-to-date: /home/skola/ros2_ws/install/turtlesim/include/turtlesim/msg
[1.686s] -- Up-to-date: /home/skola/ros2_ws/install/turtlesim/include/turtlesim/msg/rosidl_generator_c__visibility_control.h
[1.686s] -- Up-to-date: /home/skola/ros2_ws/install/turtlesim/include/turtlesim/msg/pose.h
[1.686s] -- Up-to-date: /home/skola/ros2_ws/install/turtlesim/include/turtlesim/msg/detail
[1.686s] -- Up-to-date: /home/skola/ros2_ws/install/turtlesim/include/turtlesim/msg/detail/pose__struct.h
[1.687s] -- Up-to-date: /home/skola/ros2_ws/install/turtlesim/include/turtlesim/msg/detail/color__struct.h
[1.687s] -- Up-to-date: /home/skola/ros2_ws/install/turtlesim/include/turtlesim/msg/detail/color__type_support.h
[1.687s] -- Up-to-date: /home/skola/ros2_ws/install/turtlesim/include/turtlesim/msg/detail/pose__functions.h
[1.687s] -- Up-to-date: /home/skola/ros2_ws/install/turtlesim/include/turtlesim/msg/detail/color__functions.h
[1.687s] -- Up-to-date: /home/skola/ros2_ws/install/turtlesim/include/turtlesim/msg/detail/color__functions.c
[1.687s] -- Up-to-date: /home/skola/ros2_ws/install/turtlesim/include/turtlesim/msg/detail/pose__functions.c
[1.687s] -- Up-to-date: /home/skola/ros2_ws/install/turtlesim/include/turtlesim/msg/detail/pose__type_support.h
[1.687s] -- Up-to-date: /home/skola/ros2_ws/install/turtlesim/include/turtlesim/msg/color.h
[1.688s] -- Up-to-date: /home/skola/ros2_ws/install/turtlesim/share/turtlesim/environment/library_path.sh
[1.689s] -- Up-to-date: /home/skola/ros2_ws/install/turtlesim/share/turtlesim/environment/library_path.dsv
[1.689s] -- Up-to-date: /home/skola/ros2_ws/install/turtlesim/lib/libturtlesim__rosidl_generator_c.so
[1.689s] -- Up-to-date: /home/skola/ros2_ws/install/turtlesim/include/turtlesim
[1.689s] -- Up-to-date: /home/skola/ros2_ws/install/turtlesim/include/turtlesim/action
[1.690s] -- Up-to-date: /home/skola/ros2_ws/install/turtlesim/include/turtlesim/action/detail
[1.690s] -- Up-to-date: /home/skola/ros2_ws/install/turtlesim/include/turtlesim/action/detail/rotate_absolute__rosidl_typesupport_fastrtps_c.h
[1.691s] -- Up-to-date: /home/skola/ros2_ws/install/turtlesim/include/turtlesim/srv
[1.691s] -- Up-to-date: /home/skola/ros2_ws/install/turtlesim/include/turtlesim/srv/detail
[1.691s] -- Up-to-date: /home/skola/ros2_ws/install/turtlesim/include/turtlesim/srv/detail/set_pen__rosidl_typesupport_fastrtps_c.h
[1.691s] -- Up-to-date: /home/skola/ros2_ws/install/turtlesim/include/turtlesim/srv/detail/spawn__rosidl_typesupport_fastrtps_c.h
[1.691s] -- Up-to-date: /home/skola/ros2_ws/install/turtlesim/include/turtlesim/srv/detail/kill__rosidl_typesupport_fastrtps_c.h
[1.691s] -- Up-to-date: /home/skola/ros2_ws/install/turtlesim/include/turtlesim/srv/detail/teleport_relative__rosidl_typesupport_fastrtps_c.h
[1.692s] -- Up-to-date: /home/skola/ros2_ws/install/turtlesim/include/turtlesim/srv/detail/teleport_absolute__rosidl_typesupport_fastrtps_c.h
[1.692s] -- Up-to-date: /home/skola/ros2_ws/install/turtlesim/include/turtlesim/msg
[1.692s] -- Up-to-date: /home/skola/ros2_ws/install/turtlesim/include/turtlesim/msg/detail
[1.692s] -- Up-to-date: /home/skola/ros2_ws/install/turtlesim/include/turtlesim/msg/detail/color__rosidl_typesupport_fastrtps_c.h
[1.692s] -- Up-to-date: /home/skola/ros2_ws/install/turtlesim/include/turtlesim/msg/detail/pose__rosidl_typesupport_fastrtps_c.h
[1.692s] -- Up-to-date: /home/skola/ros2_ws/install/turtlesim/include/turtlesim/msg/rosidl_typesupport_fastrtps_c__visibility_control.h
[1.692s] -- Up-to-date: /home/skola/ros2_ws/install/turtlesim/lib/libturtlesim__rosidl_typesupport_fastrtps_c.so
[1.692s] -- Up-to-date: /home/skola/ros2_ws/install/turtlesim/include/turtlesim
[1.692s] -- Up-to-date: /home/skola/ros2_ws/install/turtlesim/include/turtlesim/action
[1.692s] -- Up-to-date: /home/skola/ros2_ws/install/turtlesim/include/turtlesim/action/detail
[1.692s] -- Up-to-date: /home/skola/ros2_ws/install/turtlesim/include/turtlesim/action/detail/dds_fastrtps
[1.693s] -- Up-to-date: /home/skola/ros2_ws/install/turtlesim/include/turtlesim/action/detail/rotate_absolute__rosidl_typesupport_fastrtps_cpp.hpp
[1.693s] -- Up-to-date: /home/skola/ros2_ws/install/turtlesim/include/turtlesim/srv
[1.693s] -- Up-to-date: /home/skola/ros2_ws/install/turtlesim/include/turtlesim/srv/detail
[1.693s] -- Up-to-date: /home/skola/ros2_ws/install/turtlesim/include/turtlesim/srv/detail/dds_fastrtps
[1.693s] -- Up-to-date: /home/skola/ros2_ws/install/turtlesim/include/turtlesim/srv/detail/teleport_absolute__rosidl_typesupport_fastrtps_cpp.hpp
[1.693s] -- Up-to-date: /home/skola/ros2_ws/install/turtlesim/include/turtlesim/srv/detail/set_pen__rosidl_typesupport_fastrtps_cpp.hpp
[1.693s] -- Up-to-date: /home/skola/ros2_ws/install/turtlesim/include/turtlesim/srv/detail/spawn__rosidl_typesupport_fastrtps_cpp.hpp
[1.693s] -- Up-to-date: /home/skola/ros2_ws/install/turtlesim/include/turtlesim/srv/detail/kill__rosidl_typesupport_fastrtps_cpp.hpp
[1.693s] -- Up-to-date: /home/skola/ros2_ws/install/turtlesim/include/turtlesim/srv/detail/teleport_relative__rosidl_typesupport_fastrtps_cpp.hpp
[1.694s] -- Up-to-date: /home/skola/ros2_ws/install/turtlesim/include/turtlesim/msg
[1.694s] -- Up-to-date: /home/skola/ros2_ws/install/turtlesim/include/turtlesim/msg/detail
[1.694s] -- Up-to-date: /home/skola/ros2_ws/install/turtlesim/include/turtlesim/msg/detail/dds_fastrtps
[1.694s] -- Up-to-date: /home/skola/ros2_ws/install/turtlesim/include/turtlesim/msg/detail/pose__rosidl_typesupport_fastrtps_cpp.hpp
[1.694s] -- Up-to-date: /home/skola/ros2_ws/install/turtlesim/include/turtlesim/msg/detail/color__rosidl_typesupport_fastrtps_cpp.hpp
[1.694s] -- Up-to-date: /home/skola/ros2_ws/install/turtlesim/include/turtlesim/msg/rosidl_typesupport_fastrtps_cpp__visibility_control.h
[1.694s] -- Up-to-date: /home/skola/ros2_ws/install/turtlesim/lib/libturtlesim__rosidl_typesupport_fastrtps_cpp.so
[1.694s] -- Up-to-date: /home/skola/ros2_ws/install/turtlesim/include/turtlesim
[1.695s] -- Up-to-date: /home/skola/ros2_ws/install/turtlesim/include/turtlesim/action
[1.695s] -- Up-to-date: /home/skola/ros2_ws/install/turtlesim/include/turtlesim/action/detail
[1.695s] -- Up-to-date: /home/skola/ros2_ws/install/turtlesim/include/turtlesim/action/detail/rotate_absolute__rosidl_typesupport_introspection_c.h
[1.695s] -- Up-to-date: /home/skola/ros2_ws/install/turtlesim/include/turtlesim/action/detail/rotate_absolute__type_support.c
[1.695s] -- Up-to-date: /home/skola/ros2_ws/install/turtlesim/include/turtlesim/srv
[1.695s] -- Up-to-date: /home/skola/ros2_ws/install/turtlesim/include/turtlesim/srv/detail
[1.695s] -- Up-to-date: /home/skola/ros2_ws/install/turtlesim/include/turtlesim/srv/detail/spawn__rosidl_typesupport_introspection_c.h
[1.695s] -- Up-to-date: /home/skola/ros2_ws/install/turtlesim/include/turtlesim/srv/detail/teleport_relative__type_support.c
[1.695s] -- Up-to-date: /home/skola/ros2_ws/install/turtlesim/include/turtlesim/srv/detail/teleport_absolute__type_support.c
[1.695s] -- Up-to-date: /home/skola/ros2_ws/install/turtlesim/include/turtlesim/srv/detail/spawn__type_support.c
[1.695s] -- Up-to-date: /home/skola/ros2_ws/install/turtlesim/include/turtlesim/srv/detail/set_pen__rosidl_typesupport_introspection_c.h
[1.696s] -- Up-to-date: /home/skola/ros2_ws/install/turtlesim/include/turtlesim/srv/detail/kill__rosidl_typesupport_introspection_c.h
[1.696s] -- Up-to-date: /home/skola/ros2_ws/install/turtlesim/include/turtlesim/srv/detail/teleport_absolute__rosidl_typesupport_introspection_c.h
[1.696s] -- Up-to-date: /home/skola/ros2_ws/install/turtlesim/include/turtlesim/srv/detail/kill__type_support.c
[1.696s] -- Up-to-date: /home/skola/ros2_ws/install/turtlesim/include/turtlesim/srv/detail/set_pen__type_support.c
[1.696s] -- Up-to-date: /home/skola/ros2_ws/install/turtlesim/include/turtlesim/srv/detail/teleport_relative__rosidl_typesupport_introspection_c.h
[1.696s] -- Up-to-date: /home/skola/ros2_ws/install/turtlesim/include/turtlesim/msg
[1.696s] -- Up-to-date: /home/skola/ros2_ws/install/turtlesim/include/turtlesim/msg/rosidl_typesupport_introspection_c__visibility_control.h
[1.697s] -- Up-to-date: /home/skola/ros2_ws/install/turtlesim/include/turtlesim/msg/detail
[1.697s] -- Up-to-date: /home/skola/ros2_ws/install/turtlesim/include/turtlesim/msg/detail/pose__type_support.c
[1.697s] -- Up-to-date: /home/skola/ros2_ws/install/turtlesim/include/turtlesim/msg/detail/color__rosidl_typesupport_introspection_c.h
[1.698s] -- Up-to-date: /home/skola/ros2_ws/install/turtlesim/include/turtlesim/msg/detail/color__type_support.c
[1.698s] -- Up-to-date: /home/skola/ros2_ws/install/turtlesim/include/turtlesim/msg/detail/pose__rosidl_typesupport_introspection_c.h
[1.698s] -- Up-to-date: /home/skola/ros2_ws/install/turtlesim/lib/libturtlesim__rosidl_typesupport_introspection_c.so
[1.698s] -- Up-to-date: /home/skola/ros2_ws/install/turtlesim/lib/libturtlesim__rosidl_typesupport_c.so
[1.698s] -- Up-to-date: /home/skola/ros2_ws/install/turtlesim/include/turtlesim
[1.698s] -- Up-to-date: /home/skola/ros2_ws/install/turtlesim/include/turtlesim/action
[1.698s] -- Up-to-date: /home/skola/ros2_ws/install/turtlesim/include/turtlesim/action/rotate_absolute.hpp
[1.698s] -- Up-to-date: /home/skola/ros2_ws/install/turtlesim/include/turtlesim/action/detail
[1.698s] -- Up-to-date: /home/skola/ros2_ws/install/turtlesim/include/turtlesim/action/detail/rotate_absolute__traits.hpp
[1.699s] -- Up-to-date: /home/skola/ros2_ws/install/turtlesim/include/turtlesim/action/detail/rotate_absolute__builder.hpp
[1.699s] -- Up-to-date: /home/skola/ros2_ws/install/turtlesim/include/turtlesim/action/detail/rotate_absolute__struct.hpp
[1.699s] -- Up-to-date: /home/skola/ros2_ws/install/turtlesim/include/turtlesim/srv
[1.699s] -- Up-to-date: /home/skola/ros2_ws/install/turtlesim/include/turtlesim/srv/set_pen.hpp
[1.699s] -- Up-to-date: /home/skola/ros2_ws/install/turtlesim/include/turtlesim/srv/spawn.hpp
[1.699s] -- Up-to-date: /home/skola/ros2_ws/install/turtlesim/include/turtlesim/srv/detail
[1.699s] -- Up-to-date: /home/skola/ros2_ws/install/turtlesim/include/turtlesim/srv/detail/teleport_relative__builder.hpp
[1.699s] -- Up-to-date: /home/skola/ros2_ws/install/turtlesim/include/turtlesim/srv/detail/teleport_absolute__struct.hpp
[1.699s] -- Up-to-date: /home/skola/ros2_ws/install/turtlesim/include/turtlesim/srv/detail/spawn__traits.hpp
[1.699s] -- Up-to-date: /home/skola/ros2_ws/install/turtlesim/include/turtlesim/srv/detail/spawn__builder.hpp
[1.699s] -- Up-to-date: /home/skola/ros2_ws/install/turtlesim/include/turtlesim/srv/detail/kill__builder.hpp
[1.700s] -- Up-to-date: /home/skola/ros2_ws/install/turtlesim/include/turtlesim/srv/detail/kill__traits.hpp
[1.700s] -- Up-to-date: /home/skola/ros2_ws/install/turtlesim/include/turtlesim/srv/detail/teleport_relative__struct.hpp
[1.700s] -- Up-to-date: /home/skola/ros2_ws/install/turtlesim/include/turtlesim/srv/detail/teleport_relative__traits.hpp
[1.701s] -- Up-to-date: /home/skola/ros2_ws/install/turtlesim/include/turtlesim/srv/detail/kill__struct.hpp
[1.701s] -- Up-to-date: /home/skola/ros2_ws/install/turtlesim/include/turtlesim/srv/detail/set_pen__traits.hpp
[1.701s] -- Up-to-date: /home/skola/ros2_ws/install/turtlesim/include/turtlesim/srv/detail/teleport_absolute__builder.hpp
[1.701s] -- Up-to-date: /home/skola/ros2_ws/install/turtlesim/include/turtlesim/srv/detail/set_pen__builder.hpp
[1.701s] -- Up-to-date: /home/skola/ros2_ws/install/turtlesim/include/turtlesim/srv/detail/teleport_absolute__traits.hpp
[1.701s] -- Up-to-date: /home/skola/ros2_ws/install/turtlesim/include/turtlesim/srv/detail/set_pen__struct.hpp
[1.701s] -- Up-to-date: /home/skola/ros2_ws/install/turtlesim/include/turtlesim/srv/detail/spawn__struct.hpp
[1.701s] -- Up-to-date: /home/skola/ros2_ws/install/turtlesim/include/turtlesim/srv/teleport_relative.hpp
[1.701s] -- Up-to-date: /home/skola/ros2_ws/install/turtlesim/include/turtlesim/srv/teleport_absolute.hpp
[1.702s] -- Up-to-date: /home/skola/ros2_ws/install/turtlesim/include/turtlesim/srv/kill.hpp
[1.702s] -- Up-to-date: /home/skola/ros2_ws/install/turtlesim/include/turtlesim/msg
[1.702s] -- Up-to-date: /home/skola/ros2_ws/install/turtlesim/include/turtlesim/msg/color.hpp
[1.702s] -- Up-to-date: /home/skola/ros2_ws/install/turtlesim/include/turtlesim/msg/pose.hpp
[1.702s] -- Up-to-date: /home/skola/ros2_ws/install/turtlesim/include/turtlesim/msg/detail
[1.702s] -- Up-to-date: /home/skola/ros2_ws/install/turtlesim/include/turtlesim/msg/detail/color__builder.hpp
[1.702s] -- Up-to-date: /home/skola/ros2_ws/install/turtlesim/include/turtlesim/msg/detail/color__traits.hpp
[1.702s] -- Up-to-date: /home/skola/ros2_ws/install/turtlesim/include/turtlesim/msg/detail/color__struct.hpp
[1.702s] -- Up-to-date: /home/skola/ros2_ws/install/turtlesim/include/turtlesim/msg/detail/pose__builder.hpp
[1.702s] -- Up-to-date: /home/skola/ros2_ws/install/turtlesim/include/turtlesim/msg/detail/pose__struct.hpp
[1.702s] -- Up-to-date: /home/skola/ros2_ws/install/turtlesim/include/turtlesim/msg/detail/pose__traits.hpp
[1.703s] -- Up-to-date: /home/skola/ros2_ws/install/turtlesim/include/turtlesim
[1.703s] -- Up-to-date: /home/skola/ros2_ws/install/turtlesim/include/turtlesim/action
[1.703s] -- Up-to-date: /home/skola/ros2_ws/install/turtlesim/include/turtlesim/action/detail
[1.703s] -- Up-to-date: /home/skola/ros2_ws/install/turtlesim/include/turtlesim/action/detail/rotate_absolute__type_support.cpp
[1.703s] -- Up-to-date: /home/skola/ros2_ws/install/turtlesim/include/turtlesim/action/detail/rotate_absolute__rosidl_typesupport_introspection_cpp.hpp
[1.703s] -- Up-to-date: /home/skola/ros2_ws/install/turtlesim/include/turtlesim/srv
[1.703s] -- Up-to-date: /home/skola/ros2_ws/install/turtlesim/include/turtlesim/srv/detail
[1.703s] -- Up-to-date: /home/skola/ros2_ws/install/turtlesim/include/turtlesim/srv/detail/teleport_relative__rosidl_typesupport_introspection_cpp.hpp
[1.703s] -- Up-to-date: /home/skola/ros2_ws/install/turtlesim/include/turtlesim/srv/detail/set_pen__rosidl_typesupport_introspection_cpp.hpp
[1.703s] -- Up-to-date: /home/skola/ros2_ws/install/turtlesim/include/turtlesim/srv/detail/teleport_relative__type_support.cpp
[1.703s] -- Up-to-date: /home/skola/ros2_ws/install/turtlesim/include/turtlesim/srv/detail/set_pen__type_support.cpp
[1.704s] -- Up-to-date: /home/skola/ros2_ws/install/turtlesim/include/turtlesim/srv/detail/teleport_absolute__rosidl_typesupport_introspection_cpp.hpp
[1.704s] -- Up-to-date: /home/skola/ros2_ws/install/turtlesim/include/turtlesim/srv/detail/kill__rosidl_typesupport_introspection_cpp.hpp
[1.704s] -- Up-to-date: /home/skola/ros2_ws/install/turtlesim/include/turtlesim/srv/detail/spawn__type_support.cpp
[1.704s] -- Up-to-date: /home/skola/ros2_ws/install/turtlesim/include/turtlesim/srv/detail/teleport_absolute__type_support.cpp
[1.704s] -- Up-to-date: /home/skola/ros2_ws/install/turtlesim/include/turtlesim/srv/detail/kill__type_support.cpp
[1.704s] -- Up-to-date: /home/skola/ros2_ws/install/turtlesim/include/turtlesim/srv/detail/spawn__rosidl_typesupport_introspection_cpp.hpp
[1.704s] -- Up-to-date: /home/skola/ros2_ws/install/turtlesim/include/turtlesim/msg
[1.704s] -- Up-to-date: /home/skola/ros2_ws/install/turtlesim/include/turtlesim/msg/detail
[1.704s] -- Up-to-date: /home/skola/ros2_ws/install/turtlesim/include/turtlesim/msg/detail/color__type_support.cpp
[1.704s] -- Up-to-date: /home/skola/ros2_ws/install/turtlesim/include/turtlesim/msg/detail/color__rosidl_typesupport_introspection_cpp.hpp
[1.705s] -- Up-to-date: /home/skola/ros2_ws/install/turtlesim/include/turtlesim/msg/detail/pose__type_support.cpp
[1.705s] -- Up-to-date: /home/skola/ros2_ws/install/turtlesim/include/turtlesim/msg/detail/pose__rosidl_typesupport_introspection_cpp.hpp
[1.705s] -- Up-to-date: /home/skola/ros2_ws/install/turtlesim/lib/libturtlesim__rosidl_typesupport_introspection_cpp.so
[1.705s] -- Up-to-date: /home/skola/ros2_ws/install/turtlesim/lib/libturtlesim__rosidl_typesupport_cpp.so
[1.705s] -- Up-to-date: /home/skola/ros2_ws/install/turtlesim/share/turtlesim/environment/pythonpath.sh
[1.705s] -- Up-to-date: /home/skola/ros2_ws/install/turtlesim/share/turtlesim/environment/pythonpath.dsv
[1.705s] -- Up-to-date: /home/skola/ros2_ws/install/turtlesim/lib/python3.8/site-packages/turtlesim/__init__.py
[1.752s] -- Up-to-date: /home/skola/ros2_ws/install/turtlesim/lib/python3.8/site-packages/turtlesim/action
[1.753s] -- Up-to-date: /home/skola/ros2_ws/install/turtlesim/lib/python3.8/site-packages/turtlesim/action/_rotate_absolute_s.c
[1.753s] -- Up-to-date: /home/skola/ros2_ws/install/turtlesim/lib/python3.8/site-packages/turtlesim/action/__init__.py
[1.753s] -- Up-to-date: /home/skola/ros2_ws/install/turtlesim/lib/python3.8/site-packages/turtlesim/action/_rotate_absolute.py
[1.754s] -- Up-to-date: /home/skola/ros2_ws/install/turtlesim/lib/python3.8/site-packages/turtlesim/msg
[1.754s] -- Up-to-date: /home/skola/ros2_ws/install/turtlesim/lib/python3.8/site-packages/turtlesim/msg/_pose_s.c
[1.754s] -- Up-to-date: /home/skola/ros2_ws/install/turtlesim/lib/python3.8/site-packages/turtlesim/msg/_color.py
[1.754s] -- Up-to-date: /home/skola/ros2_ws/install/turtlesim/lib/python3.8/site-packages/turtlesim/msg/_color_s.c
[1.755s] -- Up-to-date: /home/skola/ros2_ws/install/turtlesim/lib/python3.8/site-packages/turtlesim/msg/_pose.py
[1.755s] -- Up-to-date: /home/skola/ros2_ws/install/turtlesim/lib/python3.8/site-packages/turtlesim/msg/__init__.py
[1.755s] -- Up-to-date: /home/skola/ros2_ws/install/turtlesim/lib/python3.8/site-packages/turtlesim/srv
[1.755s] -- Up-to-date: /home/skola/ros2_ws/install/turtlesim/lib/python3.8/site-packages/turtlesim/srv/_teleport_relative_s.c
[1.755s] -- Up-to-date: /home/skola/ros2_ws/install/turtlesim/lib/python3.8/site-packages/turtlesim/srv/_kill.py
[1.755s] -- Up-to-date: /home/skola/ros2_ws/install/turtlesim/lib/python3.8/site-packages/turtlesim/srv/_teleport_relative.py
[1.755s] -- Up-to-date: /home/skola/ros2_ws/install/turtlesim/lib/python3.8/site-packages/turtlesim/srv/_set_pen.py
[1.756s] -- Up-to-date: /home/skola/ros2_ws/install/turtlesim/lib/python3.8/site-packages/turtlesim/srv/_spawn.py
[1.756s] -- Up-to-date: /home/skola/ros2_ws/install/turtlesim/lib/python3.8/site-packages/turtlesim/srv/_spawn_s.c
[1.756s] -- Up-to-date: /home/skola/ros2_ws/install/turtlesim/lib/python3.8/site-packages/turtlesim/srv/_teleport_absolute_s.c
[1.756s] -- Up-to-date: /home/skola/ros2_ws/install/turtlesim/lib/python3.8/site-packages/turtlesim/srv/__init__.py
[1.756s] -- Up-to-date: /home/skola/ros2_ws/install/turtlesim/lib/python3.8/site-packages/turtlesim/srv/_kill_s.c
[1.756s] -- Up-to-date: /home/skola/ros2_ws/install/turtlesim/lib/python3.8/site-packages/turtlesim/srv/_set_pen_s.c
[1.756s] -- Up-to-date: /home/skola/ros2_ws/install/turtlesim/lib/python3.8/site-packages/turtlesim/srv/_teleport_absolute.py
[1.757s] -- Up-to-date: /home/skola/ros2_ws/install/turtlesim/lib/python3.8/site-packages/turtlesim/turtlesim_s__rosidl_typesupport_fastrtps_c.cpython-38-x86_64-linux-gnu.so
[1.762s] -- Up-to-date: /home/skola/ros2_ws/install/turtlesim/lib/python3.8/site-packages/turtlesim/turtlesim_s__rosidl_typesupport_introspection_c.cpython-38-x86_64-linux-gnu.so
[1.768s] -- Up-to-date: /home/skola/ros2_ws/install/turtlesim/lib/python3.8/site-packages/turtlesim/turtlesim_s__rosidl_typesupport_c.cpython-38-x86_64-linux-gnu.so
[1.773s] -- Up-to-date: /home/skola/ros2_ws/install/turtlesim/lib/libturtlesim__python.so
[1.775s] -- Up-to-date: /home/skola/ros2_ws/install/turtlesim/share/turtlesim/action/RotateAbsolute.idl
[1.776s] -- Up-to-date: /home/skola/ros2_ws/install/turtlesim/share/turtlesim/msg/Color.idl
[1.776s] -- Up-to-date: /home/skola/ros2_ws/install/turtlesim/share/turtlesim/msg/Pose.idl
[1.776s] -- Up-to-date: /home/skola/ros2_ws/install/turtlesim/share/turtlesim/srv/Kill.idl
[1.776s] -- Up-to-date: /home/skola/ros2_ws/install/turtlesim/share/turtlesim/srv/SetPen.idl
[1.776s] -- Up-to-date: /home/skola/ros2_ws/install/turtlesim/share/turtlesim/srv/Spawn.idl
[1.777s] -- Up-to-date: /home/skola/ros2_ws/install/turtlesim/share/turtlesim/srv/TeleportAbsolute.idl
[1.777s] -- Up-to-date: /home/skola/ros2_ws/install/turtlesim/share/turtlesim/srv/TeleportRelative.idl
[1.777s] -- Up-to-date: /home/skola/ros2_ws/install/turtlesim/share/turtlesim/action/RotateAbsolute.action
[1.778s] -- Up-to-date: /home/skola/ros2_ws/install/turtlesim/share/turtlesim/msg/Color.msg
[1.779s] -- Up-to-date: /home/skola/ros2_ws/install/turtlesim/share/turtlesim/msg/Pose.msg
[1.779s] -- Up-to-date: /home/skola/ros2_ws/install/turtlesim/share/turtlesim/srv/Kill.srv
[1.779s] -- Up-to-date: /home/skola/ros2_ws/install/turtlesim/share/turtlesim/srv/Kill_Request.msg
[1.779s] -- Up-to-date: /home/skola/ros2_ws/install/turtlesim/share/turtlesim/srv/Kill_Response.msg
[1.779s] -- Up-to-date: /home/skola/ros2_ws/install/turtlesim/share/turtlesim/srv/SetPen.srv
[1.780s] -- Up-to-date: /home/skola/ros2_ws/install/turtlesim/share/turtlesim/srv/SetPen_Request.msg
[1.780s] -- Up-to-date: /home/skola/ros2_ws/install/turtlesim/share/turtlesim/srv/SetPen_Response.msg
[1.780s] -- Up-to-date: /home/skola/ros2_ws/install/turtlesim/share/turtlesim/srv/Spawn.srv
[1.780s] -- Up-to-date: /home/skola/ros2_ws/install/turtlesim/share/turtlesim/srv/Spawn_Request.msg
[1.780s] -- Up-to-date: /home/skola/ros2_ws/install/turtlesim/share/turtlesim/srv/Spawn_Response.msg
[1.780s] -- Up-to-date: /home/skola/ros2_ws/install/turtlesim/share/turtlesim/srv/TeleportAbsolute.srv
[1.780s] -- Up-to-date: /home/skola/ros2_ws/install/turtlesim/share/turtlesim/srv/TeleportAbsolute_Request.msg
[1.780s] -- Up-to-date: /home/skola/ros2_ws/install/turtlesim/share/turtlesim/srv/TeleportAbsolute_Response.msg
[1.780s] -- Up-to-date: /home/skola/ros2_ws/install/turtlesim/share/turtlesim/srv/TeleportRelative.srv
[1.780s] -- Up-to-date: /home/skola/ros2_ws/install/turtlesim/share/turtlesim/srv/TeleportRelative_Request.msg
[1.781s] -- Up-to-date: /home/skola/ros2_ws/install/turtlesim/share/turtlesim/srv/TeleportRelative_Response.msg
[1.784s] -- Up-to-date: /home/skola/ros2_ws/install/turtlesim/lib/turtlesim/turtlesim_node
[1.789s] -- Up-to-date: /home/skola/ros2_ws/install/turtlesim/lib/turtlesim/turtle_teleop_key
[1.793s] -- Up-to-date: /home/skola/ros2_ws/install/turtlesim/lib/turtlesim/draw_square
[1.798s] -- Up-to-date: /home/skola/ros2_ws/install/turtlesim/lib/turtlesim/mimic
[1.799s] -- Up-to-date: /home/skola/ros2_ws/install/turtlesim/share/turtlesim/images
[1.799s] -- Up-to-date: /home/skola/ros2_ws/install/turtlesim/share/turtlesim/images/dashing.png
[1.799s] -- Up-to-date: /home/skola/ros2_ws/install/turtlesim/share/turtlesim/images/crystal.png
[1.799s] -- Up-to-date: /home/skola/ros2_ws/install/turtlesim/share/turtlesim/images/ardent.png
[1.799s] -- Up-to-date: /home/skola/ros2_ws/install/turtlesim/share/turtlesim/images/foxy.png
[1.799s] -- Up-to-date: /home/skola/ros2_ws/install/turtlesim/share/turtlesim/images/eloquent.png
[1.800s] -- Up-to-date: /home/skola/ros2_ws/install/turtlesim/share/turtlesim/images/bouncy.png
[1.800s] -- Up-to-date: /home/skola/ros2_ws/install/turtlesim/share/turtlesim/launch
[1.800s] -- Up-to-date: /home/skola/ros2_ws/install/turtlesim/share/turtlesim/launch/multisim.launch.py
[1.800s] -- Up-to-date: /home/skola/ros2_ws/install/turtlesim/share/ament_index/resource_index/package_run_dependencies/turtlesim
[1.801s] -- Up-to-date: /home/skola/ros2_ws/install/turtlesim/share/ament_index/resource_index/parent_prefix_path/turtlesim
[1.801s] -- Up-to-date: /home/skola/ros2_ws/install/turtlesim/share/turtlesim/environment/ament_prefix_path.sh
[1.802s] -- Up-to-date: /home/skola/ros2_ws/install/turtlesim/share/turtlesim/environment/ament_prefix_path.dsv
[1.802s] -- Up-to-date: /home/skola/ros2_ws/install/turtlesim/share/turtlesim/environment/path.sh
[1.802s] -- Up-to-date: /home/skola/ros2_ws/install/turtlesim/share/turtlesim/environment/path.dsv
[1.802s] -- Up-to-date: /home/skola/ros2_ws/install/turtlesim/share/turtlesim/local_setup.bash
[1.802s] -- Up-to-date: /home/skola/ros2_ws/install/turtlesim/share/turtlesim/local_setup.sh
[1.802s] -- Up-to-date: /home/skola/ros2_ws/install/turtlesim/share/turtlesim/local_setup.zsh
[1.802s] -- Up-to-date: /home/skola/ros2_ws/install/turtlesim/share/turtlesim/local_setup.dsv
[1.802s] -- Installing: /home/skola/ros2_ws/install/turtlesim/share/turtlesim/package.dsv
[1.802s] -- Up-to-date: /home/skola/ros2_ws/install/turtlesim/share/ament_index/resource_index/packages/turtlesim
[1.804s] -- Up-to-date: /home/skola/ros2_ws/install/turtlesim/share/turtlesim/cmake/turtlesim__rosidl_generator_cExport.cmake
[1.804s] -- Up-to-date: /home/skola/ros2_ws/install/turtlesim/share/turtlesim/cmake/turtlesim__rosidl_generator_cExport-noconfig.cmake
[1.807s] -- Up-to-date: /home/skola/ros2_ws/install/turtlesim/share/turtlesim/cmake/turtlesim__rosidl_typesupport_introspection_cExport.cmake
[1.807s] -- Up-to-date: /home/skola/ros2_ws/install/turtlesim/share/turtlesim/cmake/turtlesim__rosidl_typesupport_introspection_cExport-noconfig.cmake
[1.811s] -- Up-to-date: /home/skola/ros2_ws/install/turtlesim/share/turtlesim/cmake/turtlesim__rosidl_typesupport_cExport.cmake
[1.811s] -- Up-to-date: /home/skola/ros2_ws/install/turtlesim/share/turtlesim/cmake/turtlesim__rosidl_typesupport_cExport-noconfig.cmake
[1.814s] -- Up-to-date: /home/skola/ros2_ws/install/turtlesim/share/turtlesim/cmake/turtlesim__rosidl_generator_cppExport.cmake
[1.820s] -- Up-to-date: /home/skola/ros2_ws/install/turtlesim/share/turtlesim/cmake/turtlesim__rosidl_typesupport_introspection_cppExport.cmake
[1.820s] -- Up-to-date: /home/skola/ros2_ws/install/turtlesim/share/turtlesim/cmake/turtlesim__rosidl_typesupport_introspection_cppExport-noconfig.cmake
[1.822s] -- Up-to-date: /home/skola/ros2_ws/install/turtlesim/share/turtlesim/cmake/turtlesim__rosidl_typesupport_cppExport.cmake
[1.822s] -- Up-to-date: /home/skola/ros2_ws/install/turtlesim/share/turtlesim/cmake/turtlesim__rosidl_typesupport_cppExport-noconfig.cmake
[1.823s] -- Up-to-date: /home/skola/ros2_ws/install/turtlesim/share/turtlesim/cmake/rosidl_cmake-extras.cmake
[1.823s] -- Up-to-date: /home/skola/ros2_ws/install/turtlesim/share/turtlesim/cmake/ament_cmake_export_dependencies-extras.cmake
[1.824s] -- Up-to-date: /home/skola/ros2_ws/install/turtlesim/share/turtlesim/cmake/ament_cmake_export_libraries-extras.cmake
[1.824s] -- Up-to-date: /home/skola/ros2_ws/install/turtlesim/share/turtlesim/cmake/ament_cmake_export_targets-extras.cmake
[1.824s] -- Up-to-date: /home/skola/ros2_ws/install/turtlesim/share/turtlesim/cmake/ament_cmake_export_include_directories-extras.cmake
[1.824s] -- Up-to-date: /home/skola/ros2_ws/install/turtlesim/share/turtlesim/cmake/rosidl_cmake_export_typesupport_libraries-extras.cmake
[1.824s] -- Up-to-date: /home/skola/ros2_ws/install/turtlesim/share/turtlesim/cmake/rosidl_cmake_export_typesupport_targets-extras.cmake
[1.824s] -- Up-to-date: /home/skola/ros2_ws/install/turtlesim/share/turtlesim/cmake/turtlesimConfig.cmake
[1.825s] -- Up-to-date: /home/skola/ros2_ws/install/turtlesim/share/turtlesim/cmake/turtlesimConfig-version.cmake
[1.825s] -- Up-to-date: /home/skola/ros2_ws/install/turtlesim/share/turtlesim/package.xml
[1.836s] Invoked command in '/home/skola/ros2_ws/build/turtlesim' returned '0': CMAKE_PREFIX_PATH=${CMAKE_PREFIX_PATH}:/opt/ros/foxy /usr/bin/cmake --install /home/skola/ros2_ws/build/turtlesim
