[0.093s] Invoking command in '/home/skola/ros2_ws/build/my_package': CMAKE_PREFIX_PATH=${CMAKE_PREFIX_PATH}:/opt/ros/foxy /usr/bin/cmake --build /home/skola/ros2_ws/build/my_package -- -j8 -l8
[0.236s] [100%] Built target my_node
[0.285s] Invoked command in '/home/skola/ros2_ws/build/my_package' returned '0': CMAKE_PREFIX_PATH=${CMAKE_PREFIX_PATH}:/opt/ros/foxy /usr/bin/cmake --build /home/skola/ros2_ws/build/my_package -- -j8 -l8
[0.380s] Invoking command in '/home/skola/ros2_ws/build/my_package': CMAKE_PREFIX_PATH=${CMAKE_PREFIX_PATH}:/opt/ros/foxy /usr/bin/cmake --install /home/skola/ros2_ws/build/my_package
[0.392s] -- Install configuration: ""
[0.392s] -- Up-to-date: /home/skola/ros2_ws/install/my_package/lib/my_package/my_node
[0.392s] -- Up-to-date: /home/skola/ros2_ws/install/my_package/share/ament_index/resource_index/package_run_dependencies/my_package
[0.392s] -- Up-to-date: /home/skola/ros2_ws/install/my_package/share/ament_index/resource_index/parent_prefix_path/my_package
[0.392s] -- Up-to-date: /home/skola/ros2_ws/install/my_package/share/my_package/environment/ament_prefix_path.sh
[0.395s] -- Up-to-date: /home/skola/ros2_ws/install/my_package/share/my_package/environment/ament_prefix_path.dsv
[0.395s] -- Up-to-date: /home/skola/ros2_ws/install/my_package/share/my_package/environment/path.sh
[0.395s] -- Up-to-date: /home/skola/ros2_ws/install/my_package/share/my_package/environment/path.dsv
[0.396s] -- Up-to-date: /home/skola/ros2_ws/install/my_package/share/my_package/local_setup.bash
[0.396s] -- Up-to-date: /home/skola/ros2_ws/install/my_package/share/my_package/local_setup.sh
[0.396s] -- Up-to-date: /home/skola/ros2_ws/install/my_package/share/my_package/local_setup.zsh
[0.397s] -- Up-to-date: /home/skola/ros2_ws/install/my_package/share/my_package/local_setup.dsv
[0.397s] -- Installing: /home/skola/ros2_ws/install/my_package/share/my_package/package.dsv
[0.397s] -- Up-to-date: /home/skola/ros2_ws/install/my_package/share/ament_index/resource_index/packages/my_package
[0.397s] -- Up-to-date: /home/skola/ros2_ws/install/my_package/share/my_package/cmake/my_packageConfig.cmake
[0.397s] -- Up-to-date: /home/skola/ros2_ws/install/my_package/share/my_package/cmake/my_packageConfig-version.cmake
[0.398s] -- Up-to-date: /home/skola/ros2_ws/install/my_package/share/my_package/package.xml
[0.436s] Invoked command in '/home/skola/ros2_ws/build/my_package' returned '0': CMAKE_PREFIX_PATH=${CMAKE_PREFIX_PATH}:/opt/ros/foxy /usr/bin/cmake --install /home/skola/ros2_ws/build/my_package
