[0.029s] Invoking command in '/home/skola/ros2_ws/build/more_interfaces': CMAKE_PREFIX_PATH=/opt/ros/foxy /usr/bin/cmake /home/skola/ros2_ws/src/more_interfaces -DCMAKE_INSTALL_PREFIX=/home/skola/ros2_ws/install/more_interfaces
[0.187s] -- The C compiler identification is GNU 9.3.0
[0.268s] -- The CXX compiler identification is GNU 9.3.0
[0.273s] -- Check for working C compiler: /usr/bin/cc
[0.391s] -- Check for working C compiler: /usr/bin/cc -- works
[0.392s] -- Detecting C compiler ABI info
[0.499s] -- Detecting C compiler ABI info - done
[0.514s] -- Detecting C compile features
[0.514s] -- Detecting C compile features - done
[0.518s] -- Check for working CXX compiler: /usr/bin/c++
[0.628s] -- Check for working CXX compiler: /usr/bin/c++ -- works
[0.629s] -- Detecting CXX compiler ABI info
[0.749s] -- Detecting CXX compiler ABI info - done
[0.765s] -- Detecting CXX compile features
[0.766s] -- Detecting CXX compile features - done
[0.770s] -- Found ament_cmake: 0.9.9 (/opt/ros/foxy/share/ament_cmake/cmake)
[0.805s] -- Found PythonInterp: /usr/bin/python3 (found suitable version "3.8.10", minimum required is "3") 
[0.805s] -- Using PYTHON_EXECUTABLE: /usr/bin/python3
[1.006s] -- Found rosidl_default_generators: 1.0.1 (/opt/ros/foxy/share/rosidl_default_generators/cmake)
[1.009s] -- Using all available rosidl_typesupport_c: rosidl_typesupport_fastrtps_c;rosidl_typesupport_introspection_c
[1.018s] -- Found rosidl_adapter: 1.2.1 (/opt/ros/foxy/share/rosidl_adapter/cmake)
[1.143s] -- Found OpenSSL: /usr/lib/x86_64-linux-gnu/libcrypto.so (found version "1.1.1f")  
[1.176s] -- Found FastRTPS: /opt/ros/foxy/include  
[1.260s] -- Using all available rosidl_typesupport_cpp: rosidl_typesupport_fastrtps_cpp;rosidl_typesupport_introspection_cpp
[1.307s] -- Found PythonInterp: /usr/bin/python3 (found version "3.8.10") 
[1.441s] -- Found ament_cmake_ros: 0.9.2 (/opt/ros/foxy/share/ament_cmake_ros/cmake)
[1.559s] -- Using all available rosidl_typesupport_c: rosidl_typesupport_fastrtps_c;rosidl_typesupport_introspection_c
[1.565s] -- Using all available rosidl_typesupport_cpp: rosidl_typesupport_fastrtps_cpp;rosidl_typesupport_introspection_cpp
[1.593s] -- Found PythonInterp: /usr/bin/python3 (found suitable version "3.8.10", minimum required is "3.5") 
[1.595s] -- Found python_cmake_module: 0.8.1 (/opt/ros/foxy/share/python_cmake_module/cmake)
[1.628s] -- Found PythonLibs: /usr/lib/x86_64-linux-gnu/libpython3.8.so (found suitable version "3.8.10", minimum required is "3.5") 
[1.628s] -- Using PYTHON_EXECUTABLE: /usr/bin/python3
[1.629s] -- Using PYTHON_INCLUDE_DIRS: /usr/include/python3.8
[1.629s] -- Using PYTHON_LIBRARIES: /usr/lib/x86_64-linux-gnu/libpython3.8.so
[1.651s] -- Found PythonExtra: .so  
[1.749s] -- Found rclcpp: 2.4.0 (/opt/ros/foxy/share/rclcpp/cmake)
[1.815s] -- Found rmw_implementation_cmake: 1.0.3 (/opt/ros/foxy/share/rmw_implementation_cmake/cmake)
[1.817s] -- Using RMW implementation 'rmw_fastrtps_cpp' as default
[1.820s] -- Looking for pthread.h
[1.934s] -- Looking for pthread.h - found
[1.935s] -- Performing Test CMAKE_HAVE_LIBC_PTHREAD
[2.097s] -- Performing Test CMAKE_HAVE_LIBC_PTHREAD - Failed
[2.097s] -- Looking for pthread_create in pthreads
[2.188s] -- Looking for pthread_create in pthreads - not found
[2.189s] -- Looking for pthread_create in pthread
[2.297s] -- Looking for pthread_create in pthread - found
[2.298s] -- Found Threads: TRUE  
[2.596s] -- Found ament_lint_auto: 0.9.6 (/opt/ros/foxy/share/ament_lint_auto/cmake)
[2.616s] -- Added test 'copyright' to check source files copyright and LICENSE
[2.617s] -- Added test 'cppcheck' to perform static code analysis on C / C++ code
[2.618s] -- Configured cppcheck include dirs: 
[2.618s] -- Configured cppcheck exclude dirs and/or files: 
[2.619s] -- Added test 'cpplint' to check C / C++ code against the Google style
[2.619s] -- Configured cpplint exclude dirs and/or files: 
[2.620s] -- Added test 'lint_cmake' to check CMake code style
[2.621s] -- Added test 'uncrustify' to check C / C++ code style
[2.621s] -- Configured uncrustify additional arguments: 
[2.621s] -- Added test 'xmllint' to check XML markup files
[2.626s] -- Configuring done
[2.656s] -- Generating done
[2.661s] -- Build files have been written to: /home/skola/ros2_ws/build/more_interfaces
[2.677s] Invoked command in '/home/skola/ros2_ws/build/more_interfaces' returned '0': CMAKE_PREFIX_PATH=/opt/ros/foxy /usr/bin/cmake /home/skola/ros2_ws/src/more_interfaces -DCMAKE_INSTALL_PREFIX=/home/skola/ros2_ws/install/more_interfaces
[2.678s] Invoking command in '/home/skola/ros2_ws/build/more_interfaces': CMAKE_PREFIX_PATH=/opt/ros/foxy /usr/bin/cmake --build /home/skola/ros2_ws/build/more_interfaces -- -j8 -l8
[2.734s] [35m[1mScanning dependencies of target more_interfaces__cpp[0m
[2.735s] [  3%] [34m[1mGenerating C code for ROS interfaces[0m
[2.753s] [  6%] [34m[1mGenerating C++ code for ROS interfaces[0m
[3.002s] [35m[1mScanning dependencies of target more_interfaces__rosidl_generator_c[0m
[3.017s] [  6%] Built target more_interfaces__cpp
[3.032s] [  9%] [34m[1mGenerating C++ type support for eProsima Fast-RTPS[0m
[3.034s] [ 12%] [34m[1mGenerating C++ type support dispatch for ROS interfaces[0m
[3.035s] [ 15%] [34m[1mGenerating C++ introspection for ROS interfaces[0m
[3.068s] [ 18%] [32mBuilding C object CMakeFiles/more_interfaces__rosidl_generator_c.dir/rosidl_generator_c/more_interfaces/msg/detail/address_book__functions.c.o[0m
[3.141s] [ 21%] [32m[1mLinking C shared library libmore_interfaces__rosidl_generator_c.so[0m
[3.217s] [ 21%] Built target more_interfaces__rosidl_generator_c
[3.234s] [ 24%] [34m[1mGenerating C type support dispatch for ROS interfaces[0m
[3.238s] [ 27%] [34m[1mGenerating C introspection for ROS interfaces[0m
[3.304s] [35m[1mScanning dependencies of target more_interfaces__rosidl_typesupport_cpp[0m
[3.324s] [ 30%] [32mBuilding CXX object CMakeFiles/more_interfaces__rosidl_typesupport_cpp.dir/rosidl_typesupport_cpp/more_interfaces/msg/address_book__type_support.cpp.o[0m
[3.340s] [35m[1mScanning dependencies of target more_interfaces__rosidl_typesupport_fastrtps_cpp[0m
[3.365s] [ 33%] [32mBuilding CXX object CMakeFiles/more_interfaces__rosidl_typesupport_fastrtps_cpp.dir/rosidl_typesupport_fastrtps_cpp/more_interfaces/msg/detail/dds_fastrtps/address_book__type_support.cpp.o[0m
[3.370s] [35m[1mScanning dependencies of target more_interfaces__rosidl_typesupport_introspection_cpp[0m
[3.393s] [ 36%] [32mBuilding CXX object CMakeFiles/more_interfaces__rosidl_typesupport_introspection_cpp.dir/rosidl_typesupport_introspection_cpp/more_interfaces/msg/detail/address_book__type_support.cpp.o[0m
[3.512s] [35m[1mScanning dependencies of target more_interfaces__rosidl_typesupport_c[0m
[3.536s] [ 39%] [32mBuilding CXX object CMakeFiles/more_interfaces__rosidl_typesupport_c.dir/rosidl_typesupport_c/more_interfaces/msg/address_book__type_support.cpp.o[0m
[3.597s] [35m[1mScanning dependencies of target more_interfaces__rosidl_typesupport_introspection_c[0m
[3.598s] [ 42%] [32m[1mLinking CXX shared library libmore_interfaces__rosidl_typesupport_c.so[0m
[3.618s] [ 45%] [32mBuilding C object CMakeFiles/more_interfaces__rosidl_typesupport_introspection_c.dir/rosidl_typesupport_introspection_c/more_interfaces/msg/detail/address_book__type_support.c.o[0m
[3.678s] [ 45%] Built target more_interfaces__rosidl_typesupport_c
[3.681s] [ 48%] [32m[1mLinking C shared library libmore_interfaces__rosidl_typesupport_introspection_c.so[0m
[3.736s] [ 51%] [32m[1mLinking CXX shared library libmore_interfaces__rosidl_typesupport_cpp.so[0m
[3.738s] [ 51%] Built target more_interfaces__rosidl_typesupport_introspection_c
[3.782s] [ 54%] [32m[1mLinking CXX shared library libmore_interfaces__rosidl_typesupport_introspection_cpp.so[0m
[3.808s] [ 54%] Built target more_interfaces__rosidl_typesupport_cpp
[3.874s] [ 54%] Built target more_interfaces__rosidl_typesupport_introspection_cpp
[3.920s] [ 57%] [32m[1mLinking CXX shared library libmore_interfaces__rosidl_typesupport_fastrtps_cpp.so[0m
[4.038s] [ 57%] Built target more_interfaces__rosidl_typesupport_fastrtps_cpp
[4.053s] [ 60%] [34m[1mGenerating C type support for eProsima Fast-RTPS[0m
[4.269s] [35m[1mScanning dependencies of target more_interfaces__rosidl_typesupport_fastrtps_c[0m
[4.290s] [ 63%] [32mBuilding CXX object CMakeFiles/more_interfaces__rosidl_typesupport_fastrtps_c.dir/rosidl_typesupport_fastrtps_c/more_interfaces/msg/detail/address_book__type_support_c.cpp.o[0m
[4.670s] [ 66%] [32m[1mLinking CXX shared library libmore_interfaces__rosidl_typesupport_fastrtps_c.so[0m
[4.768s] [ 66%] Built target more_interfaces__rosidl_typesupport_fastrtps_c
[4.785s] [35m[1mScanning dependencies of target more_interfaces[0m
[4.802s] [ 66%] Built target more_interfaces
[4.818s] [35m[1mScanning dependencies of target more_interfaces__py[0m
[4.819s] [35m[1mScanning dependencies of target publish_address_book[0m
[4.837s] [ 69%] [34m[1mGenerating Python code for ROS interfaces[0m
[4.867s] [ 72%] [32mBuilding CXX object CMakeFiles/publish_address_book.dir/src/publish_address_book.cpp.o[0m
[5.356s] [ 72%] Built target more_interfaces__py
[5.369s] [35m[1mScanning dependencies of target more_interfaces__python[0m
[5.401s] [ 75%] [32mBuilding C object CMakeFiles/more_interfaces__python.dir/rosidl_generator_py/more_interfaces/msg/_address_book_s.c.o[0m
[5.525s] [ 78%] [32m[1mLinking C shared library rosidl_generator_py/more_interfaces/libmore_interfaces__python.so[0m
[5.592s] [ 78%] Built target more_interfaces__python
[5.613s] [35m[1mScanning dependencies of target more_interfaces__rosidl_typesupport_c__pyext[0m
[5.613s] [35m[1mScanning dependencies of target more_interfaces__rosidl_typesupport_fastrtps_c__pyext[0m
[5.614s] [35m[1mScanning dependencies of target more_interfaces__rosidl_typesupport_introspection_c__pyext[0m
[5.656s] [ 81%] [32mBuilding C object CMakeFiles/more_interfaces__rosidl_typesupport_c__pyext.dir/rosidl_generator_py/more_interfaces/_more_interfaces_s.ep.rosidl_typesupport_c.c.o[0m
[5.658s] [ 87%] [32mBuilding C object CMakeFiles/more_interfaces__rosidl_typesupport_fastrtps_c__pyext.dir/rosidl_generator_py/more_interfaces/_more_interfaces_s.ep.rosidl_typesupport_fastrtps_c.c.o[0m
[5.658s] [ 87%] [32mBuilding C object CMakeFiles/more_interfaces__rosidl_typesupport_introspection_c__pyext.dir/rosidl_generator_py/more_interfaces/_more_interfaces_s.ep.rosidl_typesupport_introspection_c.c.o[0m
[5.780s] [ 93%] [32m[1mLinking CXX shared library rosidl_generator_py/more_interfaces/more_interfaces_s__rosidl_typesupport_fastrtps_c.cpython-38-x86_64-linux-gnu.so[0m
[5.780s] [ 93%] [32m[1mLinking C shared library rosidl_generator_py/more_interfaces/more_interfaces_s__rosidl_typesupport_introspection_c.cpython-38-x86_64-linux-gnu.so[0m
[5.780s] [ 96%] [32m[1mLinking C shared library rosidl_generator_py/more_interfaces/more_interfaces_s__rosidl_typesupport_c.cpython-38-x86_64-linux-gnu.so[0m
[5.840s] [ 96%] Built target more_interfaces__rosidl_typesupport_introspection_c__pyext
[5.840s] [ 96%] Built target more_interfaces__rosidl_typesupport_c__pyext
[5.894s] [ 96%] Built target more_interfaces__rosidl_typesupport_fastrtps_c__pyext
[8.217s] [100%] [32m[1mLinking CXX executable publish_address_book[0m
[8.468s] [100%] Built target publish_address_book
[8.489s] Invoked command in '/home/skola/ros2_ws/build/more_interfaces' returned '0': CMAKE_PREFIX_PATH=/opt/ros/foxy /usr/bin/cmake --build /home/skola/ros2_ws/build/more_interfaces -- -j8 -l8
[8.614s] Invoking command in '/home/skola/ros2_ws/build/more_interfaces': CMAKE_PREFIX_PATH=/opt/ros/foxy /usr/bin/cmake --install /home/skola/ros2_ws/build/more_interfaces
[8.628s] -- Install configuration: ""
[8.628s] -- Installing: /home/skola/ros2_ws/install/more_interfaces/share/ament_index/resource_index/rosidl_interfaces/more_interfaces
[8.629s] -- Installing: /home/skola/ros2_ws/install/more_interfaces/include/more_interfaces
[8.629s] -- Installing: /home/skola/ros2_ws/install/more_interfaces/include/more_interfaces/msg
[8.629s] -- Installing: /home/skola/ros2_ws/install/more_interfaces/include/more_interfaces/msg/rosidl_generator_c__visibility_control.h
[8.629s] -- Installing: /home/skola/ros2_ws/install/more_interfaces/include/more_interfaces/msg/address_book.h
[8.629s] -- Installing: /home/skola/ros2_ws/install/more_interfaces/include/more_interfaces/msg/detail
[8.630s] -- Installing: /home/skola/ros2_ws/install/more_interfaces/include/more_interfaces/msg/detail/address_book__struct.h
[8.630s] -- Installing: /home/skola/ros2_ws/install/more_interfaces/include/more_interfaces/msg/detail/address_book__functions.h
[8.630s] -- Installing: /home/skola/ros2_ws/install/more_interfaces/include/more_interfaces/msg/detail/address_book__type_support.h
[8.630s] -- Installing: /home/skola/ros2_ws/install/more_interfaces/include/more_interfaces/msg/detail/address_book__functions.c
[8.631s] -- Installing: /home/skola/ros2_ws/install/more_interfaces/share/more_interfaces/environment/library_path.sh
[8.631s] -- Installing: /home/skola/ros2_ws/install/more_interfaces/share/more_interfaces/environment/library_path.dsv
[8.631s] -- Installing: /home/skola/ros2_ws/install/more_interfaces/lib/libmore_interfaces__rosidl_generator_c.so
[8.631s] -- Set runtime path of "/home/skola/ros2_ws/install/more_interfaces/lib/libmore_interfaces__rosidl_generator_c.so" to ""
[8.631s] -- Up-to-date: /home/skola/ros2_ws/install/more_interfaces/include/more_interfaces
[8.631s] -- Up-to-date: /home/skola/ros2_ws/install/more_interfaces/include/more_interfaces/msg
[8.631s] -- Up-to-date: /home/skola/ros2_ws/install/more_interfaces/include/more_interfaces/msg/detail
[8.632s] -- Installing: /home/skola/ros2_ws/install/more_interfaces/include/more_interfaces/msg/detail/address_book__rosidl_typesupport_fastrtps_c.h
[8.632s] -- Installing: /home/skola/ros2_ws/install/more_interfaces/include/more_interfaces/msg/rosidl_typesupport_fastrtps_c__visibility_control.h
[8.632s] -- Installing: /home/skola/ros2_ws/install/more_interfaces/lib/libmore_interfaces__rosidl_typesupport_fastrtps_c.so
[8.632s] -- Set runtime path of "/home/skola/ros2_ws/install/more_interfaces/lib/libmore_interfaces__rosidl_typesupport_fastrtps_c.so" to ""
[8.632s] -- Up-to-date: /home/skola/ros2_ws/install/more_interfaces/include/more_interfaces
[8.632s] -- Up-to-date: /home/skola/ros2_ws/install/more_interfaces/include/more_interfaces/msg
[8.633s] -- Up-to-date: /home/skola/ros2_ws/install/more_interfaces/include/more_interfaces/msg/detail
[8.633s] -- Installing: /home/skola/ros2_ws/install/more_interfaces/include/more_interfaces/msg/detail/dds_fastrtps
[8.633s] -- Installing: /home/skola/ros2_ws/install/more_interfaces/include/more_interfaces/msg/detail/address_book__rosidl_typesupport_fastrtps_cpp.hpp
[8.633s] -- Installing: /home/skola/ros2_ws/install/more_interfaces/include/more_interfaces/msg/rosidl_typesupport_fastrtps_cpp__visibility_control.h
[8.633s] -- Installing: /home/skola/ros2_ws/install/more_interfaces/lib/libmore_interfaces__rosidl_typesupport_fastrtps_cpp.so
[8.633s] -- Set runtime path of "/home/skola/ros2_ws/install/more_interfaces/lib/libmore_interfaces__rosidl_typesupport_fastrtps_cpp.so" to ""
[8.633s] -- Up-to-date: /home/skola/ros2_ws/install/more_interfaces/include/more_interfaces
[8.634s] -- Up-to-date: /home/skola/ros2_ws/install/more_interfaces/include/more_interfaces/msg
[8.634s] -- Installing: /home/skola/ros2_ws/install/more_interfaces/include/more_interfaces/msg/rosidl_typesupport_introspection_c__visibility_control.h
[8.635s] -- Up-to-date: /home/skola/ros2_ws/install/more_interfaces/include/more_interfaces/msg/detail
[8.635s] -- Installing: /home/skola/ros2_ws/install/more_interfaces/include/more_interfaces/msg/detail/address_book__rosidl_typesupport_introspection_c.h
[8.636s] -- Installing: /home/skola/ros2_ws/install/more_interfaces/include/more_interfaces/msg/detail/address_book__type_support.c
[8.636s] -- Installing: /home/skola/ros2_ws/install/more_interfaces/lib/libmore_interfaces__rosidl_typesupport_introspection_c.so
[8.636s] -- Set runtime path of "/home/skola/ros2_ws/install/more_interfaces/lib/libmore_interfaces__rosidl_typesupport_introspection_c.so" to ""
[8.636s] -- Installing: /home/skola/ros2_ws/install/more_interfaces/lib/libmore_interfaces__rosidl_typesupport_c.so
[8.636s] -- Set runtime path of "/home/skola/ros2_ws/install/more_interfaces/lib/libmore_interfaces__rosidl_typesupport_c.so" to ""
[8.636s] -- Up-to-date: /home/skola/ros2_ws/install/more_interfaces/include/more_interfaces
[8.636s] -- Up-to-date: /home/skola/ros2_ws/install/more_interfaces/include/more_interfaces/msg
[8.636s] -- Installing: /home/skola/ros2_ws/install/more_interfaces/include/more_interfaces/msg/address_book.hpp
[8.636s] -- Up-to-date: /home/skola/ros2_ws/install/more_interfaces/include/more_interfaces/msg/detail
[8.636s] -- Installing: /home/skola/ros2_ws/install/more_interfaces/include/more_interfaces/msg/detail/address_book__struct.hpp
[8.637s] -- Installing: /home/skola/ros2_ws/install/more_interfaces/include/more_interfaces/msg/detail/address_book__builder.hpp
[8.637s] -- Installing: /home/skola/ros2_ws/install/more_interfaces/include/more_interfaces/msg/detail/address_book__traits.hpp
[8.637s] -- Up-to-date: /home/skola/ros2_ws/install/more_interfaces/include/more_interfaces
[8.637s] -- Up-to-date: /home/skola/ros2_ws/install/more_interfaces/include/more_interfaces/msg
[8.637s] -- Up-to-date: /home/skola/ros2_ws/install/more_interfaces/include/more_interfaces/msg/detail
[8.637s] -- Installing: /home/skola/ros2_ws/install/more_interfaces/include/more_interfaces/msg/detail/address_book__rosidl_typesupport_introspection_cpp.hpp
[8.637s] -- Installing: /home/skola/ros2_ws/install/more_interfaces/include/more_interfaces/msg/detail/address_book__type_support.cpp
[8.637s] -- Installing: /home/skola/ros2_ws/install/more_interfaces/lib/libmore_interfaces__rosidl_typesupport_introspection_cpp.so
[8.637s] -- Set runtime path of "/home/skola/ros2_ws/install/more_interfaces/lib/libmore_interfaces__rosidl_typesupport_introspection_cpp.so" to ""
[8.637s] -- Installing: /home/skola/ros2_ws/install/more_interfaces/lib/libmore_interfaces__rosidl_typesupport_cpp.so
[8.637s] -- Set runtime path of "/home/skola/ros2_ws/install/more_interfaces/lib/libmore_interfaces__rosidl_typesupport_cpp.so" to ""
[8.637s] -- Installing: /home/skola/ros2_ws/install/more_interfaces/share/more_interfaces/environment/pythonpath.sh
[8.638s] -- Installing: /home/skola/ros2_ws/install/more_interfaces/share/more_interfaces/environment/pythonpath.dsv
[8.638s] -- Installing: /home/skola/ros2_ws/install/more_interfaces/lib/python3.8/site-packages/more_interfaces/__init__.py
[8.671s] Compiling '/home/skola/ros2_ws/install/more_interfaces/lib/python3.8/site-packages/more_interfaces/__init__.py'...
[8.675s] -- Installing: /home/skola/ros2_ws/install/more_interfaces/lib/python3.8/site-packages/more_interfaces/msg
[8.676s] -- Installing: /home/skola/ros2_ws/install/more_interfaces/lib/python3.8/site-packages/more_interfaces/msg/_address_book.py
[8.676s] -- Installing: /home/skola/ros2_ws/install/more_interfaces/lib/python3.8/site-packages/more_interfaces/msg/_address_book_s.c
[8.676s] -- Installing: /home/skola/ros2_ws/install/more_interfaces/lib/python3.8/site-packages/more_interfaces/msg/__init__.py
[8.676s] -- Installing: /home/skola/ros2_ws/install/more_interfaces/lib/python3.8/site-packages/more_interfaces/more_interfaces_s__rosidl_typesupport_fastrtps_c.cpython-38-x86_64-linux-gnu.so
[8.676s] -- Set runtime path of "/home/skola/ros2_ws/install/more_interfaces/lib/python3.8/site-packages/more_interfaces/more_interfaces_s__rosidl_typesupport_fastrtps_c.cpython-38-x86_64-linux-gnu.so" to ""
[8.677s] -- Installing: /home/skola/ros2_ws/install/more_interfaces/lib/python3.8/site-packages/more_interfaces/more_interfaces_s__rosidl_typesupport_introspection_c.cpython-38-x86_64-linux-gnu.so
[8.677s] -- Set runtime path of "/home/skola/ros2_ws/install/more_interfaces/lib/python3.8/site-packages/more_interfaces/more_interfaces_s__rosidl_typesupport_introspection_c.cpython-38-x86_64-linux-gnu.so" to ""
[8.677s] -- Installing: /home/skola/ros2_ws/install/more_interfaces/lib/python3.8/site-packages/more_interfaces/more_interfaces_s__rosidl_typesupport_c.cpython-38-x86_64-linux-gnu.so
[8.677s] -- Set runtime path of "/home/skola/ros2_ws/install/more_interfaces/lib/python3.8/site-packages/more_interfaces/more_interfaces_s__rosidl_typesupport_c.cpython-38-x86_64-linux-gnu.so" to ""
[8.677s] -- Installing: /home/skola/ros2_ws/install/more_interfaces/lib/libmore_interfaces__python.so
[8.678s] -- Set runtime path of "/home/skola/ros2_ws/install/more_interfaces/lib/libmore_interfaces__python.so" to ""
[8.678s] -- Installing: /home/skola/ros2_ws/install/more_interfaces/share/more_interfaces/msg/AddressBook.idl
[8.678s] -- Installing: /home/skola/ros2_ws/install/more_interfaces/share/more_interfaces/msg/AddressBook.msg
[8.678s] -- Installing: /home/skola/ros2_ws/install/more_interfaces/lib/more_interfaces/publish_address_book
[8.679s] -- Set runtime path of "/home/skola/ros2_ws/install/more_interfaces/lib/more_interfaces/publish_address_book" to ""
[8.680s] -- Installing: /home/skola/ros2_ws/install/more_interfaces/share/ament_index/resource_index/package_run_dependencies/more_interfaces
[8.680s] -- Installing: /home/skola/ros2_ws/install/more_interfaces/share/ament_index/resource_index/parent_prefix_path/more_interfaces
[8.680s] -- Installing: /home/skola/ros2_ws/install/more_interfaces/share/more_interfaces/environment/ament_prefix_path.sh
[8.680s] -- Installing: /home/skola/ros2_ws/install/more_interfaces/share/more_interfaces/environment/ament_prefix_path.dsv
[8.681s] -- Installing: /home/skola/ros2_ws/install/more_interfaces/share/more_interfaces/environment/path.sh
[8.682s] -- Installing: /home/skola/ros2_ws/install/more_interfaces/share/more_interfaces/environment/path.dsv
[8.682s] -- Installing: /home/skola/ros2_ws/install/more_interfaces/share/more_interfaces/local_setup.bash
[8.682s] -- Installing: /home/skola/ros2_ws/install/more_interfaces/share/more_interfaces/local_setup.sh
[8.682s] -- Installing: /home/skola/ros2_ws/install/more_interfaces/share/more_interfaces/local_setup.zsh
[8.682s] -- Installing: /home/skola/ros2_ws/install/more_interfaces/share/more_interfaces/local_setup.dsv
[8.683s] -- Installing: /home/skola/ros2_ws/install/more_interfaces/share/more_interfaces/package.dsv
[8.683s] -- Installing: /home/skola/ros2_ws/install/more_interfaces/share/ament_index/resource_index/packages/more_interfaces
[8.683s] -- Installing: /home/skola/ros2_ws/install/more_interfaces/share/more_interfaces/cmake/more_interfaces__rosidl_generator_cExport.cmake
[8.683s] -- Installing: /home/skola/ros2_ws/install/more_interfaces/share/more_interfaces/cmake/more_interfaces__rosidl_generator_cExport-noconfig.cmake
[8.684s] -- Installing: /home/skola/ros2_ws/install/more_interfaces/share/more_interfaces/cmake/more_interfaces__rosidl_typesupport_introspection_cExport.cmake
[8.684s] -- Installing: /home/skola/ros2_ws/install/more_interfaces/share/more_interfaces/cmake/more_interfaces__rosidl_typesupport_introspection_cExport-noconfig.cmake
[8.684s] -- Installing: /home/skola/ros2_ws/install/more_interfaces/share/more_interfaces/cmake/more_interfaces__rosidl_typesupport_cExport.cmake
[8.684s] -- Installing: /home/skola/ros2_ws/install/more_interfaces/share/more_interfaces/cmake/more_interfaces__rosidl_typesupport_cExport-noconfig.cmake
[8.684s] -- Installing: /home/skola/ros2_ws/install/more_interfaces/share/more_interfaces/cmake/more_interfaces__rosidl_generator_cppExport.cmake
[8.685s] -- Installing: /home/skola/ros2_ws/install/more_interfaces/share/more_interfaces/cmake/more_interfaces__rosidl_typesupport_introspection_cppExport.cmake
[8.685s] -- Installing: /home/skola/ros2_ws/install/more_interfaces/share/more_interfaces/cmake/more_interfaces__rosidl_typesupport_introspection_cppExport-noconfig.cmake
[8.685s] -- Installing: /home/skola/ros2_ws/install/more_interfaces/share/more_interfaces/cmake/more_interfaces__rosidl_typesupport_cppExport.cmake
[8.685s] -- Installing: /home/skola/ros2_ws/install/more_interfaces/share/more_interfaces/cmake/more_interfaces__rosidl_typesupport_cppExport-noconfig.cmake
[8.685s] -- Installing: /home/skola/ros2_ws/install/more_interfaces/share/more_interfaces/cmake/rosidl_cmake-extras.cmake
[8.685s] -- Installing: /home/skola/ros2_ws/install/more_interfaces/share/more_interfaces/cmake/ament_cmake_export_dependencies-extras.cmake
[8.685s] -- Installing: /home/skola/ros2_ws/install/more_interfaces/share/more_interfaces/cmake/ament_cmake_export_libraries-extras.cmake
[8.686s] -- Installing: /home/skola/ros2_ws/install/more_interfaces/share/more_interfaces/cmake/ament_cmake_export_targets-extras.cmake
[8.686s] -- Installing: /home/skola/ros2_ws/install/more_interfaces/share/more_interfaces/cmake/ament_cmake_export_include_directories-extras.cmake
[8.686s] -- Installing: /home/skola/ros2_ws/install/more_interfaces/share/more_interfaces/cmake/rosidl_cmake_export_typesupport_libraries-extras.cmake
[8.686s] -- Installing: /home/skola/ros2_ws/install/more_interfaces/share/more_interfaces/cmake/rosidl_cmake_export_typesupport_targets-extras.cmake
[8.686s] -- Installing: /home/skola/ros2_ws/install/more_interfaces/share/more_interfaces/cmake/more_interfacesConfig.cmake
[8.686s] -- Installing: /home/skola/ros2_ws/install/more_interfaces/share/more_interfaces/cmake/more_interfacesConfig-version.cmake
[8.686s] -- Installing: /home/skola/ros2_ws/install/more_interfaces/share/more_interfaces/package.xml
[8.696s] Invoked command in '/home/skola/ros2_ws/build/more_interfaces' returned '0': CMAKE_PREFIX_PATH=/opt/ros/foxy /usr/bin/cmake --install /home/skola/ros2_ws/build/more_interfaces
