[0.382s] DEBUG:colcon:Command line arguments: ['/usr/bin/colcon', 'build']
[0.383s] DEBUG:colcon:Parsed command line arguments: Namespace(ament_cmake_args=None, base_paths=['.'], build_base='build', catkin_cmake_args=None, catkin_skip_building_tests=False, cmake_args=None, cmake_clean_cache=False, cmake_clean_first=False, cmake_force_configure=False, cmake_target=None, cmake_target_skip_unavailable=False, continue_on_error=False, event_handlers=None, executor='parallel', ignore_user_meta=False, install_base='install', log_base=None, log_level=None, main=<bound method BuildVerb.main of <colcon_core.verb.build.BuildVerb object at 0x7fd776a0a4c0>>, merge_install=False, metas=['./colcon.meta'], packages_above=None, packages_above_and_dependencies=None, packages_above_depth=None, packages_end=None, packages_ignore=None, packages_ignore_regex=None, packages_select=None, packages_select_build_failed=False, packages_select_by_dep=None, packages_select_regex=None, packages_select_test_failures=False, packages_skip=None, packages_skip_build_finished=False, packages_skip_by_dep=None, packages_skip_regex=None, packages_skip_test_passed=False, packages_skip_up_to=None, packages_start=None, packages_up_to=None, packages_up_to_regex=None, parallel_workers=1, paths=None, symlink_install=False, test_result_base=None, verb_extension=<colcon_core.verb.build.BuildVerb object at 0x7fd776a0a4c0>, verb_name='build', verb_parser=<colcon_defaults.argument_parser.defaults.DefaultArgumentsDecorator object at 0x7fd776a0aa00>)
[0.410s] Level 1:colcon.colcon_core.package_discovery:discover_packages(colcon_meta) check parameters
[0.411s] Level 1:colcon.colcon_core.package_discovery:discover_packages(recursive) check parameters
[0.412s] Level 1:colcon.colcon_core.package_discovery:discover_packages(ignore) check parameters
[0.412s] Level 1:colcon.colcon_core.package_discovery:discover_packages(path) check parameters
[0.412s] Level 1:colcon.colcon_core.package_discovery:discover_packages(colcon_meta) discover
[0.413s] Level 1:colcon.colcon_core.package_discovery:discover_packages(recursive) discover
[0.413s] INFO:colcon.colcon_core.package_discovery:Crawling recursively for packages in '/workspaces/awesome_ros_ws'
[0.413s] Level 1:colcon.colcon_core.package_identification:_identify(.) by extensions ['ignore', 'ignore_ament_install']
[0.413s] Level 1:colcon.colcon_core.package_identification:_identify(.) by extension 'ignore'
[0.414s] Level 1:colcon.colcon_core.package_identification:_identify(.) by extension 'ignore_ament_install'
[0.415s] Level 1:colcon.colcon_core.package_identification:_identify(.) by extensions ['colcon_pkg']
[0.415s] Level 1:colcon.colcon_core.package_identification:_identify(.) by extension 'colcon_pkg'
[0.415s] Level 1:colcon.colcon_core.package_identification:_identify(.) by extensions ['colcon_meta']
[0.415s] Level 1:colcon.colcon_core.package_identification:_identify(.) by extension 'colcon_meta'
[0.415s] Level 1:colcon.colcon_core.package_identification:_identify(.) by extensions ['ros']
[0.416s] Level 1:colcon.colcon_core.package_identification:_identify(.) by extension 'ros'
[0.431s] DEBUG:colcon.colcon_core.package_identification:Package '.' with type 'ros.ament_cmake' and name 'cpp_topic'
[0.431s] Level 1:colcon.colcon_core.package_discovery:discover_packages(recursive) using defaults
[0.431s] Level 1:colcon.colcon_core.package_discovery:discover_packages(ignore) discover
[0.431s] Level 1:colcon.colcon_core.package_discovery:discover_packages(ignore) using defaults
[0.432s] Level 1:colcon.colcon_core.package_discovery:discover_packages(path) discover
[0.432s] Level 1:colcon.colcon_core.package_discovery:discover_packages(path) using defaults
[0.450s] Level 5:colcon.colcon_core.verb:set package 'cpp_topic' build argument 'cmake_args' from command line to 'None'
[0.450s] Level 5:colcon.colcon_core.verb:set package 'cpp_topic' build argument 'cmake_target' from command line to 'None'
[0.450s] Level 5:colcon.colcon_core.verb:set package 'cpp_topic' build argument 'cmake_target_skip_unavailable' from command line to 'False'
[0.451s] Level 5:colcon.colcon_core.verb:set package 'cpp_topic' build argument 'cmake_clean_cache' from command line to 'False'
[0.451s] Level 5:colcon.colcon_core.verb:set package 'cpp_topic' build argument 'cmake_clean_first' from command line to 'False'
[0.451s] Level 5:colcon.colcon_core.verb:set package 'cpp_topic' build argument 'cmake_force_configure' from command line to 'False'
[0.451s] Level 5:colcon.colcon_core.verb:set package 'cpp_topic' build argument 'ament_cmake_args' from command line to 'None'
[0.452s] Level 5:colcon.colcon_core.verb:set package 'cpp_topic' build argument 'catkin_cmake_args' from command line to 'None'
[0.452s] Level 5:colcon.colcon_core.verb:set package 'cpp_topic' build argument 'catkin_skip_building_tests' from command line to 'False'
[0.452s] DEBUG:colcon.colcon_core.verb:Building package 'cpp_topic' with the following arguments: {'ament_cmake_args': None, 'build_base': '/workspaces/awesome_ros_ws/build/cpp_topic', 'catkin_cmake_args': None, 'catkin_skip_building_tests': False, 'cmake_args': None, 'cmake_clean_cache': False, 'cmake_clean_first': False, 'cmake_force_configure': False, 'cmake_target': None, 'cmake_target_skip_unavailable': False, 'install_base': '/workspaces/awesome_ros_ws/install/cpp_topic', 'merge_install': False, 'path': '/workspaces/awesome_ros_ws', 'symlink_install': False, 'test_result_base': None}
[0.452s] INFO:colcon.colcon_core.executor:Executing jobs using 'parallel' executor
[0.454s] DEBUG:colcon.colcon_parallel_executor.executor.parallel:run_until_complete
[0.454s] INFO:colcon.colcon_ros.task.ament_cmake.build:Building ROS package in '/workspaces/awesome_ros_ws' with build type 'ament_cmake'
[0.454s] INFO:colcon.colcon_cmake.task.cmake.build:Building CMake package in '/workspaces/awesome_ros_ws'
[0.457s] INFO:colcon.colcon_core.plugin_system:Skipping extension 'colcon_core.shell.bat': Not used on non-Windows systems
[0.468s] INFO:colcon.colcon_core.shell:Skip shell extension 'powershell' for command environment: Not usable outside of PowerShell
[0.468s] DEBUG:colcon.colcon_core.shell:Skip shell extension 'dsv' for command environment
[0.472s] DEBUG:colcon.colcon_core.shell:Ignoring prefix path '/opt/ros/foxy'
[0.495s] DEBUG:colcon.colcon_core.event_handler.log_command:Invoking command in '/workspaces/awesome_ros_ws/build/cpp_topic': CMAKE_PREFIX_PATH=/opt/ros/foxy /usr/bin/cmake /workspaces/awesome_ros_ws -DCMAKE_INSTALL_PREFIX=/workspaces/awesome_ros_ws/install/cpp_topic
[7.930s] DEBUG:colcon.colcon_core.event_handler.log_command:Invoked command in '/workspaces/awesome_ros_ws/build/cpp_topic' returned '0': CMAKE_PREFIX_PATH=/opt/ros/foxy /usr/bin/cmake /workspaces/awesome_ros_ws -DCMAKE_INSTALL_PREFIX=/workspaces/awesome_ros_ws/install/cpp_topic
[7.930s] DEBUG:colcon.colcon_core.event_handler.log_command:Invoking command in '/workspaces/awesome_ros_ws/build/cpp_topic': CMAKE_PREFIX_PATH=/opt/ros/foxy /usr/bin/cmake --build /workspaces/awesome_ros_ws/build/cpp_topic -- -j1 -l1
[33.534s] DEBUG:colcon.colcon_core.event_handler.log_command:Invoked command in '/workspaces/awesome_ros_ws/build/cpp_topic' returned '0': CMAKE_PREFIX_PATH=/opt/ros/foxy /usr/bin/cmake --build /workspaces/awesome_ros_ws/build/cpp_topic -- -j1 -l1
[33.557s] DEBUG:colcon.colcon_core.event_handler.log_command:Invoking command in '/workspaces/awesome_ros_ws/build/cpp_topic': CMAKE_PREFIX_PATH=/opt/ros/foxy /usr/bin/cmake --install /workspaces/awesome_ros_ws/build/cpp_topic
[33.767s] Level 1:colcon.colcon_core.environment:create_environment_scripts_only(cpp_topic)
[33.773s] DEBUG:colcon.colcon_core.event_handler.log_command:Invoked command in '/workspaces/awesome_ros_ws/build/cpp_topic' returned '0': CMAKE_PREFIX_PATH=/opt/ros/foxy /usr/bin/cmake --install /workspaces/awesome_ros_ws/build/cpp_topic
[33.807s] Level 1:colcon.colcon_core.environment:checking '/workspaces/awesome_ros_ws/install/cpp_topic' for CMake module files
[33.808s] Level 1:colcon.colcon_core.environment:checking '/workspaces/awesome_ros_ws/install/cpp_topic' for CMake config files
[33.817s] Level 1:colcon.colcon_core.shell:create_environment_hook('cpp_topic', 'cmake_prefix_path')
[33.819s] INFO:colcon.colcon_core.shell:Creating environment hook '/workspaces/awesome_ros_ws/install/cpp_topic/share/cpp_topic/hook/cmake_prefix_path.ps1'
[33.828s] INFO:colcon.colcon_core.shell:Creating environment descriptor '/workspaces/awesome_ros_ws/install/cpp_topic/share/cpp_topic/hook/cmake_prefix_path.dsv'
[33.830s] INFO:colcon.colcon_core.shell:Creating environment hook '/workspaces/awesome_ros_ws/install/cpp_topic/share/cpp_topic/hook/cmake_prefix_path.sh'
[33.843s] Level 1:colcon.colcon_core.environment:checking '/workspaces/awesome_ros_ws/install/cpp_topic/lib'
[33.847s] Level 1:colcon.colcon_core.environment:checking '/workspaces/awesome_ros_ws/install/cpp_topic/bin'
[33.847s] Level 1:colcon.colcon_core.environment:checking '/workspaces/awesome_ros_ws/install/cpp_topic/lib/pkgconfig/cpp_topic.pc'
[33.847s] Level 1:colcon.colcon_core.environment:checking '/workspaces/awesome_ros_ws/install/cpp_topic/lib/python3.8/site-packages'
[33.848s] INFO:colcon.colcon_core.shell:Creating package script '/workspaces/awesome_ros_ws/install/cpp_topic/share/cpp_topic/package.ps1'
[33.854s] INFO:colcon.colcon_core.shell:Creating package descriptor '/workspaces/awesome_ros_ws/install/cpp_topic/share/cpp_topic/package.dsv'
[33.859s] INFO:colcon.colcon_core.shell:Creating package script '/workspaces/awesome_ros_ws/install/cpp_topic/share/cpp_topic/package.sh'
[33.871s] INFO:colcon.colcon_core.shell:Creating package script '/workspaces/awesome_ros_ws/install/cpp_topic/share/cpp_topic/package.bash'
[33.875s] INFO:colcon.colcon_core.shell:Creating package script '/workspaces/awesome_ros_ws/install/cpp_topic/share/cpp_topic/package.zsh'
[33.879s] Level 1:colcon.colcon_core.environment:create_file_with_runtime_dependencies(/workspaces/awesome_ros_ws/install/cpp_topic/share/colcon-core/packages/cpp_topic)
[33.958s] Level 1:colcon.colcon_core.environment:create_environment_scripts_only(cpp_topic)
[33.959s] Level 1:colcon.colcon_core.environment:checking '/workspaces/awesome_ros_ws/install/cpp_topic' for CMake module files
[33.959s] Level 1:colcon.colcon_core.environment:checking '/workspaces/awesome_ros_ws/install/cpp_topic' for CMake config files
[33.960s] Level 1:colcon.colcon_core.shell:create_environment_hook('cpp_topic', 'cmake_prefix_path')
[33.960s] INFO:colcon.colcon_core.shell:Creating environment hook '/workspaces/awesome_ros_ws/install/cpp_topic/share/cpp_topic/hook/cmake_prefix_path.ps1'
[33.964s] INFO:colcon.colcon_core.shell:Creating environment descriptor '/workspaces/awesome_ros_ws/install/cpp_topic/share/cpp_topic/hook/cmake_prefix_path.dsv'
[33.968s] INFO:colcon.colcon_core.shell:Creating environment hook '/workspaces/awesome_ros_ws/install/cpp_topic/share/cpp_topic/hook/cmake_prefix_path.sh'
[33.978s] Level 1:colcon.colcon_core.environment:checking '/workspaces/awesome_ros_ws/install/cpp_topic/lib'
[33.978s] Level 1:colcon.colcon_core.environment:checking '/workspaces/awesome_ros_ws/install/cpp_topic/bin'
[33.979s] Level 1:colcon.colcon_core.environment:checking '/workspaces/awesome_ros_ws/install/cpp_topic/lib/pkgconfig/cpp_topic.pc'
[33.979s] Level 1:colcon.colcon_core.environment:checking '/workspaces/awesome_ros_ws/install/cpp_topic/lib/python3.8/site-packages'
[33.980s] INFO:colcon.colcon_core.shell:Creating package script '/workspaces/awesome_ros_ws/install/cpp_topic/share/cpp_topic/package.ps1'
[33.987s] INFO:colcon.colcon_core.shell:Creating package descriptor '/workspaces/awesome_ros_ws/install/cpp_topic/share/cpp_topic/package.dsv'
[33.988s] INFO:colcon.colcon_core.shell:Creating package script '/workspaces/awesome_ros_ws/install/cpp_topic/share/cpp_topic/package.sh'
[33.992s] INFO:colcon.colcon_core.shell:Creating package script '/workspaces/awesome_ros_ws/install/cpp_topic/share/cpp_topic/package.bash'
[33.994s] INFO:colcon.colcon_core.shell:Creating package script '/workspaces/awesome_ros_ws/install/cpp_topic/share/cpp_topic/package.zsh'
[33.998s] Level 1:colcon.colcon_core.environment:create_file_with_runtime_dependencies(/workspaces/awesome_ros_ws/install/cpp_topic/share/colcon-core/packages/cpp_topic)
[34.023s] DEBUG:colcon.colcon_parallel_executor.executor.parallel:closing loop
[34.024s] DEBUG:colcon.colcon_parallel_executor.executor.parallel:loop closed
[34.025s] DEBUG:colcon.colcon_parallel_executor.executor.parallel:run_until_complete finished with '0'
[34.025s] DEBUG:colcon.colcon_core.event_reactor:joining thread
[34.099s] INFO:colcon.colcon_core.plugin_system:Skipping extension 'colcon_notification.desktop_notification.notify_send': Could not find 'notify-send'
[34.100s] INFO:colcon.colcon_core.plugin_system:Skipping extension 'colcon_notification.desktop_notification.terminal_notifier': Not used on non-Darwin systems
[34.101s] INFO:colcon.colcon_core.plugin_system:Skipping extension 'colcon_notification.desktop_notification.win32': Not used on non-Windows systems
[34.101s] INFO:colcon.colcon_notification.desktop_notification:Sending desktop notification using 'notify2'
[34.106s] DEBUG:colcon.colcon_notification.desktop_notification.notify2:Failed to initialize notify2: org.freedesktop.DBus.Error.Spawn.ExecFailed: /usr/bin/dbus-launch terminated abnormally without any error message
[34.107s] DEBUG:colcon.colcon_core.event_reactor:joined thread
[34.108s] INFO:colcon.colcon_core.shell:Creating prefix script '/workspaces/awesome_ros_ws/install/local_setup.ps1'
[34.115s] INFO:colcon.colcon_core.shell:Creating prefix util module '/workspaces/awesome_ros_ws/install/_local_setup_util_ps1.py'
[34.117s] INFO:colcon.colcon_core.shell:Creating prefix chain script '/workspaces/awesome_ros_ws/install/setup.ps1'
[34.129s] INFO:colcon.colcon_core.shell:Creating prefix script '/workspaces/awesome_ros_ws/install/local_setup.sh'
[34.132s] INFO:colcon.colcon_core.shell:Creating prefix util module '/workspaces/awesome_ros_ws/install/_local_setup_util_sh.py'
[34.133s] INFO:colcon.colcon_core.shell:Creating prefix chain script '/workspaces/awesome_ros_ws/install/setup.sh'
[34.147s] INFO:colcon.colcon_core.shell:Creating prefix script '/workspaces/awesome_ros_ws/install/local_setup.bash'
[34.149s] INFO:colcon.colcon_core.shell:Creating prefix chain script '/workspaces/awesome_ros_ws/install/setup.bash'
[34.157s] INFO:colcon.colcon_core.shell:Creating prefix script '/workspaces/awesome_ros_ws/install/local_setup.zsh'
[34.165s] INFO:colcon.colcon_core.shell:Creating prefix chain script '/workspaces/awesome_ros_ws/install/setup.zsh'
