[0.072s] Invoking command in '/home/skola/ros2_ws/build/cpp_topic': CMAKE_PREFIX_PATH=${CMAKE_PREFIX_PATH}:/opt/ros/foxy /usr/bin/cmake --build /home/skola/ros2_ws/build/cpp_topic -- -j8 -l8
[0.204s] [ 50%] Built target cpp_sub_spiral
[0.227s] [100%] Built target cpp_pub_spiral
[0.252s] Invoked command in '/home/skola/ros2_ws/build/cpp_topic' returned '0': CMAKE_PREFIX_PATH=${CMAKE_PREFIX_PATH}:/opt/ros/foxy /usr/bin/cmake --build /home/skola/ros2_ws/build/cpp_topic -- -j8 -l8
[0.353s] Invoking command in '/home/skola/ros2_ws/build/cpp_topic': CMAKE_PREFIX_PATH=${CMAKE_PREFIX_PATH}:/opt/ros/foxy /usr/bin/cmake --install /home/skola/ros2_ws/build/cpp_topic
[0.367s] -- Install configuration: ""
[0.368s] -- Up-to-date: /home/skola/ros2_ws/install/cpp_topic/lib/cpp_topic/cpp_pub_spiral
[0.368s] -- Up-to-date: /home/skola/ros2_ws/install/cpp_topic/lib/cpp_topic/cpp_sub_spiral
[0.368s] -- Up-to-date: /home/skola/ros2_ws/install/cpp_topic/share/ament_index/resource_index/package_run_dependencies/cpp_topic
[0.369s] -- Up-to-date: /home/skola/ros2_ws/install/cpp_topic/share/ament_index/resource_index/parent_prefix_path/cpp_topic
[0.370s] -- Up-to-date: /home/skola/ros2_ws/install/cpp_topic/share/cpp_topic/environment/ament_prefix_path.sh
[0.370s] -- Up-to-date: /home/skola/ros2_ws/install/cpp_topic/share/cpp_topic/environment/ament_prefix_path.dsv
[0.370s] -- Up-to-date: /home/skola/ros2_ws/install/cpp_topic/share/cpp_topic/environment/path.sh
[0.370s] -- Up-to-date: /home/skola/ros2_ws/install/cpp_topic/share/cpp_topic/environment/path.dsv
[0.370s] -- Up-to-date: /home/skola/ros2_ws/install/cpp_topic/share/cpp_topic/local_setup.bash
[0.370s] -- Up-to-date: /home/skola/ros2_ws/install/cpp_topic/share/cpp_topic/local_setup.sh
[0.370s] -- Up-to-date: /home/skola/ros2_ws/install/cpp_topic/share/cpp_topic/local_setup.zsh
[0.370s] -- Up-to-date: /home/skola/ros2_ws/install/cpp_topic/share/cpp_topic/local_setup.dsv
[0.371s] -- Installing: /home/skola/ros2_ws/install/cpp_topic/share/cpp_topic/package.dsv
[0.371s] -- Up-to-date: /home/skola/ros2_ws/install/cpp_topic/share/ament_index/resource_index/packages/cpp_topic
[0.371s] -- Up-to-date: /home/skola/ros2_ws/install/cpp_topic/share/cpp_topic/cmake/cpp_topicConfig.cmake
[0.371s] -- Up-to-date: /home/skola/ros2_ws/install/cpp_topic/share/cpp_topic/cmake/cpp_topicConfig-version.cmake
[0.373s] -- Up-to-date: /home/skola/ros2_ws/install/cpp_topic/share/cpp_topic/package.xml
[0.376s] Invoked command in '/home/skola/ros2_ws/build/cpp_topic' returned '0': CMAKE_PREFIX_PATH=${CMAKE_PREFIX_PATH}:/opt/ros/foxy /usr/bin/cmake --install /home/skola/ros2_ws/build/cpp_topic
