[0.048s] Invoking command in '/home/skola/ros2_ws/build/turtlesim': CMAKE_PREFIX_PATH=/opt/ros/foxy /usr/bin/cmake --build /home/skola/ros2_ws/build/turtlesim -- -j8 -l8
[0.166s] [  2%] Built target turtlesim__cpp
[0.166s] [ 11%] Built target turtlesim__rosidl_generator_c
[0.227s] [ 12%] [32m[1mLinking C shared library libturtlesim__rosidl_typesupport_introspection_c.so[0m
[0.233s] [ 13%] [32m[1mLinking CXX shared library libturtlesim__rosidl_typesupport_cpp.so[0m
[0.237s] [ 23%] Built target turtlesim__rosidl_typesupport_fastrtps_cpp
[0.246s] [ 24%] [32m[1mLinking CXX shared library libturtlesim__rosidl_typesupport_introspection_cpp.so[0m
[0.309s] [ 33%] Built target turtlesim__rosidl_typesupport_introspection_c
[0.310s] [ 43%] Built target turtlesim__rosidl_typesupport_c
[0.324s] [ 52%] Built target turtlesim__rosidl_typesupport_cpp
[0.325s] [ 62%] Built target turtlesim__rosidl_typesupport_fastrtps_c
[0.365s] [ 71%] Built target turtlesim__rosidl_typesupport_introspection_cpp
[0.404s] [ 71%] Built target turtlesim
[0.431s] [ 72%] Built target turtlesim__py
[0.457s] [ 73%] [32m[1mLinking CXX executable mimic[0m
[0.461s] [ 74%] [32m[1mLinking CXX executable turtle_teleop_key[0m
[0.469s] [ 75%] [32m[1mLinking CXX executable draw_square[0m
[0.473s] [ 84%] Built target turtlesim__python
[0.486s] [ 85%] [32m[1mLinking CXX executable turtlesim_node[0m
[0.531s] [ 87%] Built target turtlesim__rosidl_typesupport_fastrtps_c__pyext
[0.539s] [ 88%] [32m[1mLinking C shared library rosidl_generator_py/turtlesim/turtlesim_s__rosidl_typesupport_introspection_c.cpython-38-x86_64-linux-gnu.so[0m
[0.559s] [ 90%] Built target turtlesim__rosidl_typesupport_c__pyext
[0.601s] [ 91%] Built target turtlesim__rosidl_typesupport_introspection_c__pyext
[0.776s] [ 92%] Built target turtle_teleop_key
[0.832s] [ 93%] Built target mimic
[0.897s] [ 94%] Built target draw_square
[2.022s] [100%] Built target turtlesim_node
[2.044s] Invoked command in '/home/skola/ros2_ws/build/turtlesim' returned '0': CMAKE_PREFIX_PATH=/opt/ros/foxy /usr/bin/cmake --build /home/skola/ros2_ws/build/turtlesim -- -j8 -l8
