[0.013s] Invoking command in '/home/skola/ros2_ws/build/my_package': CMAKE_PREFIX_PATH=${CMAKE_PREFIX_PATH}:/opt/ros/foxy /usr/bin/cmake /home/skola/ros2_ws/src/my_package -DCMAKE_INSTALL_PREFIX=/home/skola/ros2_ws/install/my_package
[0.055s] -- The C compiler identification is GNU 9.3.0
[0.100s] -- The CXX compiler identification is GNU 9.3.0
[0.104s] -- Check for working C compiler: /usr/bin/cc
[0.159s] -- Check for working C compiler: /usr/bin/cc -- works
[0.160s] -- Detecting C compiler ABI info
[0.223s] -- Detecting C compiler ABI info - done
[0.233s] -- Detecting C compile features
[0.233s] -- Detecting C compile features - done
[0.243s] -- Check for working CXX compiler: /usr/bin/c++
[0.322s] -- Check for working CXX compiler: /usr/bin/c++ -- works
[0.323s] -- Detecting CXX compiler ABI info
[0.403s] -- Detecting CXX compiler ABI info - done
[0.412s] -- Detecting CXX compile features
[0.413s] -- Detecting CXX compile features - done
[0.415s] -- Found ament_cmake: 0.9.9 (/opt/ros/foxy/share/ament_cmake/cmake)
[0.435s] -- Found PythonInterp: /usr/bin/python3 (found suitable version "3.8.10", minimum required is "3") 
[0.435s] -- Using PYTHON_EXECUTABLE: /usr/bin/python3
[0.598s] -- Found ament_lint_auto: 0.9.6 (/opt/ros/foxy/share/ament_lint_auto/cmake)
[0.663s] -- Added test 'copyright' to check source files copyright and LICENSE
[0.663s] -- Added test 'cppcheck' to perform static code analysis on C / C++ code
[0.663s] -- Configured cppcheck include dirs: $<BUILD_INTERFACE:/home/skola/ros2_ws/src/my_package/include>
[0.664s] -- Configured cppcheck exclude dirs and/or files: 
[0.664s] -- Added test 'cpplint' to check C / C++ code against the Google style
[0.664s] -- Configured cpplint exclude dirs and/or files: 
[0.665s] -- Added test 'lint_cmake' to check CMake code style
[0.665s] -- Added test 'uncrustify' to check C / C++ code style
[0.665s] -- Configured uncrustify additional arguments: 
[0.666s] -- Added test 'xmllint' to check XML markup files
[0.667s] -- Configuring done
[0.671s] -- Generating done
[0.671s] -- Build files have been written to: /home/skola/ros2_ws/build/my_package
[0.676s] Invoked command in '/home/skola/ros2_ws/build/my_package' returned '0': CMAKE_PREFIX_PATH=${CMAKE_PREFIX_PATH}:/opt/ros/foxy /usr/bin/cmake /home/skola/ros2_ws/src/my_package -DCMAKE_INSTALL_PREFIX=/home/skola/ros2_ws/install/my_package
[0.679s] Invoking command in '/home/skola/ros2_ws/build/my_package': CMAKE_PREFIX_PATH=${CMAKE_PREFIX_PATH}:/opt/ros/foxy /usr/bin/cmake --build /home/skola/ros2_ws/build/my_package -- -j8 -l8
[0.732s] [35m[1mScanning dependencies of target my_node[0m
[0.748s] [ 50%] [32mBuilding CXX object CMakeFiles/my_node.dir/src/my_node.cpp.o[0m
[0.783s] [100%] [32m[1mLinking CXX executable my_node[0m
[0.833s] [100%] Built target my_node
[0.848s] Invoked command in '/home/skola/ros2_ws/build/my_package' returned '0': CMAKE_PREFIX_PATH=${CMAKE_PREFIX_PATH}:/opt/ros/foxy /usr/bin/cmake --build /home/skola/ros2_ws/build/my_package -- -j8 -l8
[0.915s] Invoking command in '/home/skola/ros2_ws/build/my_package': CMAKE_PREFIX_PATH=${CMAKE_PREFIX_PATH}:/opt/ros/foxy /usr/bin/cmake --install /home/skola/ros2_ws/build/my_package
[0.927s] -- Install configuration: ""
[0.928s] -- Installing: /home/skola/ros2_ws/install/my_package/lib/my_package/my_node
[0.928s] -- Installing: /home/skola/ros2_ws/install/my_package/share/ament_index/resource_index/package_run_dependencies/my_package
[0.928s] -- Installing: /home/skola/ros2_ws/install/my_package/share/ament_index/resource_index/parent_prefix_path/my_package
[0.928s] -- Installing: /home/skola/ros2_ws/install/my_package/share/my_package/environment/ament_prefix_path.sh
[0.928s] -- Installing: /home/skola/ros2_ws/install/my_package/share/my_package/environment/ament_prefix_path.dsv
[0.928s] -- Installing: /home/skola/ros2_ws/install/my_package/share/my_package/environment/path.sh
[0.928s] -- Installing: /home/skola/ros2_ws/install/my_package/share/my_package/environment/path.dsv
[0.928s] -- Installing: /home/skola/ros2_ws/install/my_package/share/my_package/local_setup.bash
[0.928s] -- Installing: /home/skola/ros2_ws/install/my_package/share/my_package/local_setup.sh
[0.929s] -- Installing: /home/skola/ros2_ws/install/my_package/share/my_package/local_setup.zsh
[0.929s] -- Installing: /home/skola/ros2_ws/install/my_package/share/my_package/local_setup.dsv
[0.929s] -- Installing: /home/skola/ros2_ws/install/my_package/share/my_package/package.dsv
[0.929s] -- Installing: /home/skola/ros2_ws/install/my_package/share/ament_index/resource_index/packages/my_package
[0.929s] -- Installing: /home/skola/ros2_ws/install/my_package/share/my_package/cmake/my_packageConfig.cmake
[0.929s] -- Installing: /home/skola/ros2_ws/install/my_package/share/my_package/cmake/my_packageConfig-version.cmake
[0.930s] -- Installing: /home/skola/ros2_ws/install/my_package/share/my_package/package.xml
[0.935s] Invoked command in '/home/skola/ros2_ws/build/my_package' returned '0': CMAKE_PREFIX_PATH=${CMAKE_PREFIX_PATH}:/opt/ros/foxy /usr/bin/cmake --install /home/skola/ros2_ws/build/my_package
