[0.073s] Invoking command in '/home/skola/ros2_ws/build/turtlesim': CMAKE_PREFIX_PATH=${CMAKE_PREFIX_PATH}:/opt/ros/foxy /usr/bin/cmake --build /home/skola/ros2_ws/build/turtlesim -- -j8 -l8
[0.210s] [  1%] Built target turtlesim__cpp
[0.218s] [ 11%] Built target turtlesim__rosidl_generator_c
[0.276s] [ 21%] Built target turtlesim__rosidl_typesupport_introspection_cpp
[0.276s] [ 31%] Built target turtlesim__rosidl_typesupport_c
[0.283s] [ 41%] Built target turtlesim__rosidl_typesupport_cpp
[0.283s] [ 51%] Built target turtlesim__rosidl_typesupport_fastrtps_cpp
[0.286s] [ 61%] Built target turtlesim__rosidl_typesupport_introspection_c
[0.357s] [ 71%] Built target turtlesim__rosidl_typesupport_fastrtps_c
[0.398s] [ 71%] Built target turtlesim
[0.434s] [ 72%] Built target turtlesim__py
[0.456s] [ 74%] Built target draw_square
[0.459s] [ 76%] Built target mimic
[0.467s] [ 78%] Built target turtle_teleop_key
[0.477s] [ 84%] Built target turtlesim_node
[0.500s] [ 93%] Built target turtlesim__python
[0.557s] [ 95%] Built target turtlesim__rosidl_typesupport_fastrtps_c__pyext
[0.559s] [ 97%] Built target turtlesim__rosidl_typesupport_introspection_c__pyext
[0.559s] [100%] Built target turtlesim__rosidl_typesupport_c__pyext
[0.578s] Invoked command in '/home/skola/ros2_ws/build/turtlesim' returned '0': CMAKE_PREFIX_PATH=${CMAKE_PREFIX_PATH}:/opt/ros/foxy /usr/bin/cmake --build /home/skola/ros2_ws/build/turtlesim -- -j8 -l8
