[0.101s] Invoking command in '/home/skola/ros2_ws/build/tutorial_interfaces': CMAKE_PREFIX_PATH=${CMAKE_PREFIX_PATH}:/opt/ros/foxy /usr/bin/cmake --build /home/skola/ros2_ws/build/tutorial_interfaces -- -j8 -l8
[0.190s] [  2%] Built target tutorial_interfaces__cpp
[0.198s] [ 12%] Built target tutorial_interfaces__rosidl_generator_c
[0.228s] [ 23%] Built target tutorial_interfaces__rosidl_typesupport_cpp
[0.232s] [ 33%] Built target tutorial_interfaces__rosidl_typesupport_introspection_cpp
[0.235s] [ 43%] Built target tutorial_interfaces__rosidl_typesupport_introspection_c
[0.250s] [ 53%] Built target tutorial_interfaces__rosidl_typesupport_c
[0.250s] [ 64%] Built target tutorial_interfaces__rosidl_typesupport_fastrtps_cpp
[0.299s] [ 74%] Built target tutorial_interfaces__rosidl_typesupport_fastrtps_c
[0.344s] [ 74%] Built target tutorial_interfaces
[0.393s] [ 76%] Built target tutorial_interfaces__py
[0.450s] [ 84%] Built target tutorial_interfaces__python
[0.515s] [ 89%] Built target tutorial_interfaces__rosidl_typesupport_c__pyext
[0.517s] [ 94%] Built target tutorial_interfaces__rosidl_typesupport_fastrtps_c__pyext
[0.517s] [100%] Built target tutorial_interfaces__rosidl_typesupport_introspection_c__pyext
[0.541s] Invoked command in '/home/skola/ros2_ws/build/tutorial_interfaces' returned '0': CMAKE_PREFIX_PATH=${CMAKE_PREFIX_PATH}:/opt/ros/foxy /usr/bin/cmake --build /home/skola/ros2_ws/build/tutorial_interfaces -- -j8 -l8
[0.752s] Invoking command in '/home/skola/ros2_ws/build/tutorial_interfaces': CMAKE_PREFIX_PATH=${CMAKE_PREFIX_PATH}:/opt/ros/foxy /usr/bin/cmake --install /home/skola/ros2_ws/build/tutorial_interfaces
[0.774s] -- Install configuration: ""
[0.774s] -- Up-to-date: /home/skola/ros2_ws/install/tutorial_interfaces/share/ament_index/resource_index/rosidl_interfaces/tutorial_interfaces
[0.774s] -- Up-to-date: /home/skola/ros2_ws/install/tutorial_interfaces/include/tutorial_interfaces
[0.774s] -- Up-to-date: /home/skola/ros2_ws/install/tutorial_interfaces/include/tutorial_interfaces/srv
[0.775s] -- Up-to-date: /home/skola/ros2_ws/install/tutorial_interfaces/include/tutorial_interfaces/srv/add_three_ints.h
[0.775s] -- Up-to-date: /home/skola/ros2_ws/install/tutorial_interfaces/include/tutorial_interfaces/srv/detail
[0.775s] -- Up-to-date: /home/skola/ros2_ws/install/tutorial_interfaces/include/tutorial_interfaces/srv/detail/add_three_ints__functions.h
[0.775s] -- Up-to-date: /home/skola/ros2_ws/install/tutorial_interfaces/include/tutorial_interfaces/srv/detail/add_three_ints__type_support.h
[0.775s] -- Up-to-date: /home/skola/ros2_ws/install/tutorial_interfaces/include/tutorial_interfaces/srv/detail/add_three_ints__functions.c
[0.775s] -- Up-to-date: /home/skola/ros2_ws/install/tutorial_interfaces/include/tutorial_interfaces/srv/detail/add_three_ints__struct.h
[0.777s] -- Up-to-date: /home/skola/ros2_ws/install/tutorial_interfaces/include/tutorial_interfaces/msg
[0.777s] -- Up-to-date: /home/skola/ros2_ws/install/tutorial_interfaces/include/tutorial_interfaces/msg/rosidl_generator_c__visibility_control.h
[0.777s] -- Up-to-date: /home/skola/ros2_ws/install/tutorial_interfaces/include/tutorial_interfaces/msg/num.h
[0.777s] -- Up-to-date: /home/skola/ros2_ws/install/tutorial_interfaces/include/tutorial_interfaces/msg/detail
[0.777s] -- Up-to-date: /home/skola/ros2_ws/install/tutorial_interfaces/include/tutorial_interfaces/msg/detail/num__functions.c
[0.778s] -- Up-to-date: /home/skola/ros2_ws/install/tutorial_interfaces/include/tutorial_interfaces/msg/detail/num__type_support.h
[0.778s] -- Up-to-date: /home/skola/ros2_ws/install/tutorial_interfaces/include/tutorial_interfaces/msg/detail/num__functions.h
[0.778s] -- Up-to-date: /home/skola/ros2_ws/install/tutorial_interfaces/include/tutorial_interfaces/msg/detail/num__struct.h
[0.778s] -- Up-to-date: /home/skola/ros2_ws/install/tutorial_interfaces/share/tutorial_interfaces/environment/library_path.sh
[0.779s] -- Up-to-date: /home/skola/ros2_ws/install/tutorial_interfaces/share/tutorial_interfaces/environment/library_path.dsv
[0.779s] -- Up-to-date: /home/skola/ros2_ws/install/tutorial_interfaces/lib/libtutorial_interfaces__rosidl_generator_c.so
[0.779s] -- Up-to-date: /home/skola/ros2_ws/install/tutorial_interfaces/include/tutorial_interfaces
[0.780s] -- Up-to-date: /home/skola/ros2_ws/install/tutorial_interfaces/include/tutorial_interfaces/srv
[0.780s] -- Up-to-date: /home/skola/ros2_ws/install/tutorial_interfaces/include/tutorial_interfaces/srv/detail
[0.780s] -- Up-to-date: /home/skola/ros2_ws/install/tutorial_interfaces/include/tutorial_interfaces/srv/detail/add_three_ints__rosidl_typesupport_fastrtps_c.h
[0.780s] -- Up-to-date: /home/skola/ros2_ws/install/tutorial_interfaces/include/tutorial_interfaces/msg
[0.780s] -- Up-to-date: /home/skola/ros2_ws/install/tutorial_interfaces/include/tutorial_interfaces/msg/detail
[0.780s] -- Up-to-date: /home/skola/ros2_ws/install/tutorial_interfaces/include/tutorial_interfaces/msg/detail/num__rosidl_typesupport_fastrtps_c.h
[0.780s] -- Up-to-date: /home/skola/ros2_ws/install/tutorial_interfaces/include/tutorial_interfaces/msg/rosidl_typesupport_fastrtps_c__visibility_control.h
[0.781s] -- Up-to-date: /home/skola/ros2_ws/install/tutorial_interfaces/lib/libtutorial_interfaces__rosidl_typesupport_fastrtps_c.so
[0.781s] -- Up-to-date: /home/skola/ros2_ws/install/tutorial_interfaces/include/tutorial_interfaces
[0.782s] -- Up-to-date: /home/skola/ros2_ws/install/tutorial_interfaces/include/tutorial_interfaces/srv
[0.782s] -- Up-to-date: /home/skola/ros2_ws/install/tutorial_interfaces/include/tutorial_interfaces/srv/detail
[0.782s] -- Up-to-date: /home/skola/ros2_ws/install/tutorial_interfaces/include/tutorial_interfaces/srv/detail/dds_fastrtps
[0.782s] -- Up-to-date: /home/skola/ros2_ws/install/tutorial_interfaces/include/tutorial_interfaces/srv/detail/add_three_ints__rosidl_typesupport_fastrtps_cpp.hpp
[0.782s] -- Up-to-date: /home/skola/ros2_ws/install/tutorial_interfaces/include/tutorial_interfaces/msg
[0.782s] -- Up-to-date: /home/skola/ros2_ws/install/tutorial_interfaces/include/tutorial_interfaces/msg/detail
[0.782s] -- Up-to-date: /home/skola/ros2_ws/install/tutorial_interfaces/include/tutorial_interfaces/msg/detail/dds_fastrtps
[0.782s] -- Up-to-date: /home/skola/ros2_ws/install/tutorial_interfaces/include/tutorial_interfaces/msg/detail/num__rosidl_typesupport_fastrtps_cpp.hpp
[0.783s] -- Up-to-date: /home/skola/ros2_ws/install/tutorial_interfaces/include/tutorial_interfaces/msg/rosidl_typesupport_fastrtps_cpp__visibility_control.h
[0.785s] -- Up-to-date: /home/skola/ros2_ws/install/tutorial_interfaces/lib/libtutorial_interfaces__rosidl_typesupport_fastrtps_cpp.so
[0.785s] -- Up-to-date: /home/skola/ros2_ws/install/tutorial_interfaces/include/tutorial_interfaces
[0.785s] -- Up-to-date: /home/skola/ros2_ws/install/tutorial_interfaces/include/tutorial_interfaces/srv
[0.786s] -- Up-to-date: /home/skola/ros2_ws/install/tutorial_interfaces/include/tutorial_interfaces/srv/detail
[0.786s] -- Up-to-date: /home/skola/ros2_ws/install/tutorial_interfaces/include/tutorial_interfaces/srv/detail/add_three_ints__type_support.c
[0.786s] -- Up-to-date: /home/skola/ros2_ws/install/tutorial_interfaces/include/tutorial_interfaces/srv/detail/add_three_ints__rosidl_typesupport_introspection_c.h
[0.786s] -- Up-to-date: /home/skola/ros2_ws/install/tutorial_interfaces/include/tutorial_interfaces/msg
[0.786s] -- Up-to-date: /home/skola/ros2_ws/install/tutorial_interfaces/include/tutorial_interfaces/msg/rosidl_typesupport_introspection_c__visibility_control.h
[0.786s] -- Up-to-date: /home/skola/ros2_ws/install/tutorial_interfaces/include/tutorial_interfaces/msg/detail
[0.786s] -- Up-to-date: /home/skola/ros2_ws/install/tutorial_interfaces/include/tutorial_interfaces/msg/detail/num__type_support.c
[0.786s] -- Up-to-date: /home/skola/ros2_ws/install/tutorial_interfaces/include/tutorial_interfaces/msg/detail/num__rosidl_typesupport_introspection_c.h
[0.787s] -- Up-to-date: /home/skola/ros2_ws/install/tutorial_interfaces/lib/libtutorial_interfaces__rosidl_typesupport_introspection_c.so
[0.788s] -- Up-to-date: /home/skola/ros2_ws/install/tutorial_interfaces/lib/libtutorial_interfaces__rosidl_typesupport_c.so
[0.788s] -- Up-to-date: /home/skola/ros2_ws/install/tutorial_interfaces/include/tutorial_interfaces
[0.788s] -- Up-to-date: /home/skola/ros2_ws/install/tutorial_interfaces/include/tutorial_interfaces/srv
[0.789s] -- Up-to-date: /home/skola/ros2_ws/install/tutorial_interfaces/include/tutorial_interfaces/srv/add_three_ints.hpp
[0.789s] -- Up-to-date: /home/skola/ros2_ws/install/tutorial_interfaces/include/tutorial_interfaces/srv/detail
[0.789s] -- Up-to-date: /home/skola/ros2_ws/install/tutorial_interfaces/include/tutorial_interfaces/srv/detail/add_three_ints__struct.hpp
[0.789s] -- Up-to-date: /home/skola/ros2_ws/install/tutorial_interfaces/include/tutorial_interfaces/srv/detail/add_three_ints__traits.hpp
[0.790s] -- Up-to-date: /home/skola/ros2_ws/install/tutorial_interfaces/include/tutorial_interfaces/srv/detail/add_three_ints__builder.hpp
[0.790s] -- Up-to-date: /home/skola/ros2_ws/install/tutorial_interfaces/include/tutorial_interfaces/msg
[0.790s] -- Up-to-date: /home/skola/ros2_ws/install/tutorial_interfaces/include/tutorial_interfaces/msg/num.hpp
[0.790s] -- Up-to-date: /home/skola/ros2_ws/install/tutorial_interfaces/include/tutorial_interfaces/msg/detail
[0.790s] -- Up-to-date: /home/skola/ros2_ws/install/tutorial_interfaces/include/tutorial_interfaces/msg/detail/num__struct.hpp
[0.790s] -- Up-to-date: /home/skola/ros2_ws/install/tutorial_interfaces/include/tutorial_interfaces/msg/detail/num__builder.hpp
[0.790s] -- Up-to-date: /home/skola/ros2_ws/install/tutorial_interfaces/include/tutorial_interfaces/msg/detail/num__traits.hpp
[0.791s] -- Up-to-date: /home/skola/ros2_ws/install/tutorial_interfaces/include/tutorial_interfaces
[0.792s] -- Up-to-date: /home/skola/ros2_ws/install/tutorial_interfaces/include/tutorial_interfaces/srv
[0.792s] -- Up-to-date: /home/skola/ros2_ws/install/tutorial_interfaces/include/tutorial_interfaces/srv/detail
[0.793s] -- Up-to-date: /home/skola/ros2_ws/install/tutorial_interfaces/include/tutorial_interfaces/srv/detail/add_three_ints__rosidl_typesupport_introspection_cpp.hpp
[0.793s] -- Up-to-date: /home/skola/ros2_ws/install/tutorial_interfaces/include/tutorial_interfaces/srv/detail/add_three_ints__type_support.cpp
[0.793s] -- Up-to-date: /home/skola/ros2_ws/install/tutorial_interfaces/include/tutorial_interfaces/msg
[0.793s] -- Up-to-date: /home/skola/ros2_ws/install/tutorial_interfaces/include/tutorial_interfaces/msg/detail
[0.793s] -- Up-to-date: /home/skola/ros2_ws/install/tutorial_interfaces/include/tutorial_interfaces/msg/detail/num__rosidl_typesupport_introspection_cpp.hpp
[0.793s] -- Up-to-date: /home/skola/ros2_ws/install/tutorial_interfaces/include/tutorial_interfaces/msg/detail/num__type_support.cpp
[0.794s] -- Up-to-date: /home/skola/ros2_ws/install/tutorial_interfaces/lib/libtutorial_interfaces__rosidl_typesupport_introspection_cpp.so
[0.795s] -- Up-to-date: /home/skola/ros2_ws/install/tutorial_interfaces/lib/libtutorial_interfaces__rosidl_typesupport_cpp.so
[0.795s] -- Up-to-date: /home/skola/ros2_ws/install/tutorial_interfaces/share/tutorial_interfaces/environment/pythonpath.sh
[0.796s] -- Up-to-date: /home/skola/ros2_ws/install/tutorial_interfaces/share/tutorial_interfaces/environment/pythonpath.dsv
[0.796s] -- Up-to-date: /home/skola/ros2_ws/install/tutorial_interfaces/lib/python3.8/site-packages/tutorial_interfaces/__init__.py
[0.841s] -- Up-to-date: /home/skola/ros2_ws/install/tutorial_interfaces/lib/python3.8/site-packages/tutorial_interfaces/msg
[0.842s] -- Up-to-date: /home/skola/ros2_ws/install/tutorial_interfaces/lib/python3.8/site-packages/tutorial_interfaces/msg/_num_s.c
[0.842s] -- Up-to-date: /home/skola/ros2_ws/install/tutorial_interfaces/lib/python3.8/site-packages/tutorial_interfaces/msg/_num.py
[0.842s] -- Up-to-date: /home/skola/ros2_ws/install/tutorial_interfaces/lib/python3.8/site-packages/tutorial_interfaces/msg/__init__.py
[0.842s] -- Up-to-date: /home/skola/ros2_ws/install/tutorial_interfaces/lib/python3.8/site-packages/tutorial_interfaces/srv
[0.842s] -- Up-to-date: /home/skola/ros2_ws/install/tutorial_interfaces/lib/python3.8/site-packages/tutorial_interfaces/srv/_add_three_ints_s.c
[0.843s] -- Up-to-date: /home/skola/ros2_ws/install/tutorial_interfaces/lib/python3.8/site-packages/tutorial_interfaces/srv/__init__.py
[0.843s] -- Up-to-date: /home/skola/ros2_ws/install/tutorial_interfaces/lib/python3.8/site-packages/tutorial_interfaces/srv/_add_three_ints.py
[0.844s] -- Up-to-date: /home/skola/ros2_ws/install/tutorial_interfaces/lib/python3.8/site-packages/tutorial_interfaces/tutorial_interfaces_s__rosidl_typesupport_fastrtps_c.cpython-38-x86_64-linux-gnu.so
[0.845s] -- Up-to-date: /home/skola/ros2_ws/install/tutorial_interfaces/lib/python3.8/site-packages/tutorial_interfaces/tutorial_interfaces_s__rosidl_typesupport_introspection_c.cpython-38-x86_64-linux-gnu.so
[0.846s] -- Up-to-date: /home/skola/ros2_ws/install/tutorial_interfaces/lib/python3.8/site-packages/tutorial_interfaces/tutorial_interfaces_s__rosidl_typesupport_c.cpython-38-x86_64-linux-gnu.so
[0.848s] -- Up-to-date: /home/skola/ros2_ws/install/tutorial_interfaces/lib/libtutorial_interfaces__python.so
[0.848s] -- Up-to-date: /home/skola/ros2_ws/install/tutorial_interfaces/share/tutorial_interfaces/msg/Num.idl
[0.848s] -- Up-to-date: /home/skola/ros2_ws/install/tutorial_interfaces/share/tutorial_interfaces/srv/AddThreeInts.idl
[0.849s] -- Up-to-date: /home/skola/ros2_ws/install/tutorial_interfaces/share/tutorial_interfaces/msg/Num.msg
[0.849s] -- Up-to-date: /home/skola/ros2_ws/install/tutorial_interfaces/share/tutorial_interfaces/srv/AddThreeInts.srv
[0.850s] -- Up-to-date: /home/skola/ros2_ws/install/tutorial_interfaces/share/tutorial_interfaces/srv/AddThreeInts_Request.msg
[0.850s] -- Up-to-date: /home/skola/ros2_ws/install/tutorial_interfaces/share/tutorial_interfaces/srv/AddThreeInts_Response.msg
[0.850s] -- Up-to-date: /home/skola/ros2_ws/install/tutorial_interfaces/share/ament_index/resource_index/package_run_dependencies/tutorial_interfaces
[0.851s] -- Up-to-date: /home/skola/ros2_ws/install/tutorial_interfaces/share/ament_index/resource_index/parent_prefix_path/tutorial_interfaces
[0.852s] -- Up-to-date: /home/skola/ros2_ws/install/tutorial_interfaces/share/tutorial_interfaces/environment/ament_prefix_path.sh
[0.852s] -- Up-to-date: /home/skola/ros2_ws/install/tutorial_interfaces/share/tutorial_interfaces/environment/ament_prefix_path.dsv
[0.852s] -- Up-to-date: /home/skola/ros2_ws/install/tutorial_interfaces/share/tutorial_interfaces/environment/path.sh
[0.853s] -- Up-to-date: /home/skola/ros2_ws/install/tutorial_interfaces/share/tutorial_interfaces/environment/path.dsv
[0.853s] -- Up-to-date: /home/skola/ros2_ws/install/tutorial_interfaces/share/tutorial_interfaces/local_setup.bash
[0.853s] -- Up-to-date: /home/skola/ros2_ws/install/tutorial_interfaces/share/tutorial_interfaces/local_setup.sh
[0.854s] -- Up-to-date: /home/skola/ros2_ws/install/tutorial_interfaces/share/tutorial_interfaces/local_setup.zsh
[0.854s] -- Up-to-date: /home/skola/ros2_ws/install/tutorial_interfaces/share/tutorial_interfaces/local_setup.dsv
[0.854s] -- Installing: /home/skola/ros2_ws/install/tutorial_interfaces/share/tutorial_interfaces/package.dsv
[0.855s] -- Up-to-date: /home/skola/ros2_ws/install/tutorial_interfaces/share/ament_index/resource_index/packages/tutorial_interfaces
[0.855s] -- Up-to-date: /home/skola/ros2_ws/install/tutorial_interfaces/share/tutorial_interfaces/cmake/tutorial_interfaces__rosidl_generator_cExport.cmake
[0.855s] -- Up-to-date: /home/skola/ros2_ws/install/tutorial_interfaces/share/tutorial_interfaces/cmake/tutorial_interfaces__rosidl_generator_cExport-noconfig.cmake
[0.856s] -- Up-to-date: /home/skola/ros2_ws/install/tutorial_interfaces/share/tutorial_interfaces/cmake/tutorial_interfaces__rosidl_typesupport_introspection_cExport.cmake
[0.856s] -- Up-to-date: /home/skola/ros2_ws/install/tutorial_interfaces/share/tutorial_interfaces/cmake/tutorial_interfaces__rosidl_typesupport_introspection_cExport-noconfig.cmake
[0.857s] -- Up-to-date: /home/skola/ros2_ws/install/tutorial_interfaces/share/tutorial_interfaces/cmake/tutorial_interfaces__rosidl_typesupport_cExport.cmake
[0.857s] -- Up-to-date: /home/skola/ros2_ws/install/tutorial_interfaces/share/tutorial_interfaces/cmake/tutorial_interfaces__rosidl_typesupport_cExport-noconfig.cmake
[0.857s] -- Up-to-date: /home/skola/ros2_ws/install/tutorial_interfaces/share/tutorial_interfaces/cmake/tutorial_interfaces__rosidl_generator_cppExport.cmake
[0.858s] -- Up-to-date: /home/skola/ros2_ws/install/tutorial_interfaces/share/tutorial_interfaces/cmake/tutorial_interfaces__rosidl_typesupport_introspection_cppExport.cmake
[0.858s] -- Up-to-date: /home/skola/ros2_ws/install/tutorial_interfaces/share/tutorial_interfaces/cmake/tutorial_interfaces__rosidl_typesupport_introspection_cppExport-noconfig.cmake
[0.858s] -- Up-to-date: /home/skola/ros2_ws/install/tutorial_interfaces/share/tutorial_interfaces/cmake/tutorial_interfaces__rosidl_typesupport_cppExport.cmake
[0.858s] -- Up-to-date: /home/skola/ros2_ws/install/tutorial_interfaces/share/tutorial_interfaces/cmake/tutorial_interfaces__rosidl_typesupport_cppExport-noconfig.cmake
[0.859s] -- Up-to-date: /home/skola/ros2_ws/install/tutorial_interfaces/share/tutorial_interfaces/cmake/rosidl_cmake-extras.cmake
[0.859s] -- Up-to-date: /home/skola/ros2_ws/install/tutorial_interfaces/share/tutorial_interfaces/cmake/ament_cmake_export_dependencies-extras.cmake
[0.859s] -- Up-to-date: /home/skola/ros2_ws/install/tutorial_interfaces/share/tutorial_interfaces/cmake/ament_cmake_export_libraries-extras.cmake
[0.859s] -- Up-to-date: /home/skola/ros2_ws/install/tutorial_interfaces/share/tutorial_interfaces/cmake/ament_cmake_export_targets-extras.cmake
[0.859s] -- Up-to-date: /home/skola/ros2_ws/install/tutorial_interfaces/share/tutorial_interfaces/cmake/ament_cmake_export_include_directories-extras.cmake
[0.860s] -- Up-to-date: /home/skola/ros2_ws/install/tutorial_interfaces/share/tutorial_interfaces/cmake/rosidl_cmake_export_typesupport_libraries-extras.cmake
[0.860s] -- Up-to-date: /home/skola/ros2_ws/install/tutorial_interfaces/share/tutorial_interfaces/cmake/rosidl_cmake_export_typesupport_targets-extras.cmake
[0.860s] -- Up-to-date: /home/skola/ros2_ws/install/tutorial_interfaces/share/tutorial_interfaces/cmake/tutorial_interfacesConfig.cmake
[0.860s] -- Up-to-date: /home/skola/ros2_ws/install/tutorial_interfaces/share/tutorial_interfaces/cmake/tutorial_interfacesConfig-version.cmake
[0.860s] -- Up-to-date: /home/skola/ros2_ws/install/tutorial_interfaces/share/tutorial_interfaces/package.xml
[0.868s] Invoked command in '/home/skola/ros2_ws/build/tutorial_interfaces' returned '0': CMAKE_PREFIX_PATH=${CMAKE_PREFIX_PATH}:/opt/ros/foxy /usr/bin/cmake --install /home/skola/ros2_ws/build/tutorial_interfaces
