[0.134s] Invoking command in '/home/skola/ros2_ws/build/cpp_pubsub': CMAKE_PREFIX_PATH=${CMAKE_PREFIX_PATH}:/opt/ros/foxy /usr/bin/cmake --build /home/skola/ros2_ws/build/cpp_pubsub -- -j8 -l8
[0.571s] [ 50%] Built target talker
[0.576s] [100%] Built target listener
[0.630s] Invoked command in '/home/skola/ros2_ws/build/cpp_pubsub' returned '0': CMAKE_PREFIX_PATH=${CMAKE_PREFIX_PATH}:/opt/ros/foxy /usr/bin/cmake --build /home/skola/ros2_ws/build/cpp_pubsub -- -j8 -l8
[0.822s] Invoking command in '/home/skola/ros2_ws/build/cpp_pubsub': CMAKE_PREFIX_PATH=${CMAKE_PREFIX_PATH}:/opt/ros/foxy /usr/bin/cmake --install /home/skola/ros2_ws/build/cpp_pubsub
[0.851s] -- Install configuration: ""
[0.854s] -- Up-to-date: /home/skola/ros2_ws/install/cpp_pubsub/lib/cpp_pubsub/talker
[0.855s] -- Up-to-date: /home/skola/ros2_ws/install/cpp_pubsub/lib/cpp_pubsub/listener
[0.857s] -- Up-to-date: /home/skola/ros2_ws/install/cpp_pubsub/share/ament_index/resource_index/package_run_dependencies/cpp_pubsub
[0.861s] -- Up-to-date: /home/skola/ros2_ws/install/cpp_pubsub/share/ament_index/resource_index/parent_prefix_path/cpp_pubsub
[0.861s] -- Up-to-date: /home/skola/ros2_ws/install/cpp_pubsub/share/cpp_pubsub/environment/ament_prefix_path.sh
[0.862s] -- Up-to-date: /home/skola/ros2_ws/install/cpp_pubsub/share/cpp_pubsub/environment/ament_prefix_path.dsv
[0.862s] -- Up-to-date: /home/skola/ros2_ws/install/cpp_pubsub/share/cpp_pubsub/environment/path.sh
[0.864s] -- Up-to-date: /home/skola/ros2_ws/install/cpp_pubsub/share/cpp_pubsub/environment/path.dsv
[0.864s] -- Up-to-date: /home/skola/ros2_ws/install/cpp_pubsub/share/cpp_pubsub/local_setup.bash
[0.865s] -- Up-to-date: /home/skola/ros2_ws/install/cpp_pubsub/share/cpp_pubsub/local_setup.sh
[0.865s] -- Up-to-date: /home/skola/ros2_ws/install/cpp_pubsub/share/cpp_pubsub/local_setup.zsh
[0.865s] -- Up-to-date: /home/skola/ros2_ws/install/cpp_pubsub/share/cpp_pubsub/local_setup.dsv
[0.865s] -- Installing: /home/skola/ros2_ws/install/cpp_pubsub/share/cpp_pubsub/package.dsv
[0.865s] -- Up-to-date: /home/skola/ros2_ws/install/cpp_pubsub/share/ament_index/resource_index/packages/cpp_pubsub
[0.866s] -- Up-to-date: /home/skola/ros2_ws/install/cpp_pubsub/share/cpp_pubsub/cmake/cpp_pubsubConfig.cmake
[0.866s] -- Up-to-date: /home/skola/ros2_ws/install/cpp_pubsub/share/cpp_pubsub/cmake/cpp_pubsubConfig-version.cmake
[0.866s] -- Up-to-date: /home/skola/ros2_ws/install/cpp_pubsub/share/cpp_pubsub/package.xml
[0.996s] Invoked command in '/home/skola/ros2_ws/build/cpp_pubsub' returned '0': CMAKE_PREFIX_PATH=${CMAKE_PREFIX_PATH}:/opt/ros/foxy /usr/bin/cmake --install /home/skola/ros2_ws/build/cpp_pubsub
