[0.088s] Invoking command in '/home/skola/ros2_ws/build/more_interfaces': CMAKE_PREFIX_PATH=${CMAKE_PREFIX_PATH}:/opt/ros/foxy /usr/bin/cmake --build /home/skola/ros2_ws/build/more_interfaces -- -j8 -l8
[0.230s] [  3%] Built target more_interfaces__cpp
[0.266s] [ 12%] Built target more_interfaces__rosidl_generator_c
[0.337s] [ 21%] Built target more_interfaces__rosidl_typesupport_c
[0.344s] [ 30%] Built target more_interfaces__rosidl_typesupport_introspection_c
[0.344s] [ 39%] Built target more_interfaces__rosidl_typesupport_introspection_cpp
[0.351s] [ 48%] Built target more_interfaces__rosidl_typesupport_fastrtps_cpp
[0.352s] [ 57%] Built target more_interfaces__rosidl_typesupport_cpp
[0.414s] [ 66%] Built target more_interfaces__rosidl_typesupport_fastrtps_c
[0.453s] [ 66%] Built target more_interfaces
[0.497s] [ 69%] Built target more_interfaces__py
[0.516s] [ 75%] Built target publish_address_book
[0.555s] [ 81%] Built target more_interfaces__python
[0.611s] [ 87%] Built target more_interfaces__rosidl_typesupport_introspection_c__pyext
[0.613s] [ 93%] Built target more_interfaces__rosidl_typesupport_c__pyext
[0.629s] [100%] Built target more_interfaces__rosidl_typesupport_fastrtps_c__pyext
[0.675s] Invoked command in '/home/skola/ros2_ws/build/more_interfaces' returned '0': CMAKE_PREFIX_PATH=${CMAKE_PREFIX_PATH}:/opt/ros/foxy /usr/bin/cmake --build /home/skola/ros2_ws/build/more_interfaces -- -j8 -l8
[0.786s] Invoking command in '/home/skola/ros2_ws/build/more_interfaces': CMAKE_PREFIX_PATH=${CMAKE_PREFIX_PATH}:/opt/ros/foxy /usr/bin/cmake --install /home/skola/ros2_ws/build/more_interfaces
[0.797s] -- Install configuration: ""
[0.797s] -- Up-to-date: /home/skola/ros2_ws/install/more_interfaces/share/ament_index/resource_index/rosidl_interfaces/more_interfaces
[0.797s] -- Up-to-date: /home/skola/ros2_ws/install/more_interfaces/include/more_interfaces
[0.797s] -- Up-to-date: /home/skola/ros2_ws/install/more_interfaces/include/more_interfaces/msg
[0.797s] -- Up-to-date: /home/skola/ros2_ws/install/more_interfaces/include/more_interfaces/msg/rosidl_generator_c__visibility_control.h
[0.798s] -- Up-to-date: /home/skola/ros2_ws/install/more_interfaces/include/more_interfaces/msg/address_book.h
[0.798s] -- Up-to-date: /home/skola/ros2_ws/install/more_interfaces/include/more_interfaces/msg/detail
[0.798s] -- Up-to-date: /home/skola/ros2_ws/install/more_interfaces/include/more_interfaces/msg/detail/address_book__struct.h
[0.799s] -- Up-to-date: /home/skola/ros2_ws/install/more_interfaces/include/more_interfaces/msg/detail/address_book__functions.h
[0.799s] -- Up-to-date: /home/skola/ros2_ws/install/more_interfaces/include/more_interfaces/msg/detail/address_book__type_support.h
[0.799s] -- Up-to-date: /home/skola/ros2_ws/install/more_interfaces/include/more_interfaces/msg/detail/address_book__functions.c
[0.799s] -- Up-to-date: /home/skola/ros2_ws/install/more_interfaces/share/more_interfaces/environment/library_path.sh
[0.799s] -- Up-to-date: /home/skola/ros2_ws/install/more_interfaces/share/more_interfaces/environment/library_path.dsv
[0.799s] -- Up-to-date: /home/skola/ros2_ws/install/more_interfaces/lib/libmore_interfaces__rosidl_generator_c.so
[0.799s] -- Up-to-date: /home/skola/ros2_ws/install/more_interfaces/include/more_interfaces
[0.799s] -- Up-to-date: /home/skola/ros2_ws/install/more_interfaces/include/more_interfaces/msg
[0.800s] -- Up-to-date: /home/skola/ros2_ws/install/more_interfaces/include/more_interfaces/msg/detail
[0.800s] -- Up-to-date: /home/skola/ros2_ws/install/more_interfaces/include/more_interfaces/msg/detail/address_book__rosidl_typesupport_fastrtps_c.h
[0.800s] -- Up-to-date: /home/skola/ros2_ws/install/more_interfaces/include/more_interfaces/msg/rosidl_typesupport_fastrtps_c__visibility_control.h
[0.800s] -- Up-to-date: /home/skola/ros2_ws/install/more_interfaces/lib/libmore_interfaces__rosidl_typesupport_fastrtps_c.so
[0.800s] -- Up-to-date: /home/skola/ros2_ws/install/more_interfaces/include/more_interfaces
[0.800s] -- Up-to-date: /home/skola/ros2_ws/install/more_interfaces/include/more_interfaces/msg
[0.801s] -- Up-to-date: /home/skola/ros2_ws/install/more_interfaces/include/more_interfaces/msg/detail
[0.801s] -- Up-to-date: /home/skola/ros2_ws/install/more_interfaces/include/more_interfaces/msg/detail/dds_fastrtps
[0.801s] -- Up-to-date: /home/skola/ros2_ws/install/more_interfaces/include/more_interfaces/msg/detail/address_book__rosidl_typesupport_fastrtps_cpp.hpp
[0.802s] -- Up-to-date: /home/skola/ros2_ws/install/more_interfaces/include/more_interfaces/msg/rosidl_typesupport_fastrtps_cpp__visibility_control.h
[0.802s] -- Up-to-date: /home/skola/ros2_ws/install/more_interfaces/lib/libmore_interfaces__rosidl_typesupport_fastrtps_cpp.so
[0.804s] -- Up-to-date: /home/skola/ros2_ws/install/more_interfaces/include/more_interfaces
[0.804s] -- Up-to-date: /home/skola/ros2_ws/install/more_interfaces/include/more_interfaces/msg
[0.804s] -- Up-to-date: /home/skola/ros2_ws/install/more_interfaces/include/more_interfaces/msg/rosidl_typesupport_introspection_c__visibility_control.h
[0.805s] -- Up-to-date: /home/skola/ros2_ws/install/more_interfaces/include/more_interfaces/msg/detail
[0.805s] -- Up-to-date: /home/skola/ros2_ws/install/more_interfaces/include/more_interfaces/msg/detail/address_book__rosidl_typesupport_introspection_c.h
[0.805s] -- Up-to-date: /home/skola/ros2_ws/install/more_interfaces/include/more_interfaces/msg/detail/address_book__type_support.c
[0.805s] -- Up-to-date: /home/skola/ros2_ws/install/more_interfaces/lib/libmore_interfaces__rosidl_typesupport_introspection_c.so
[0.805s] -- Up-to-date: /home/skola/ros2_ws/install/more_interfaces/lib/libmore_interfaces__rosidl_typesupport_c.so
[0.805s] -- Up-to-date: /home/skola/ros2_ws/install/more_interfaces/include/more_interfaces
[0.805s] -- Up-to-date: /home/skola/ros2_ws/install/more_interfaces/include/more_interfaces/msg
[0.805s] -- Up-to-date: /home/skola/ros2_ws/install/more_interfaces/include/more_interfaces/msg/address_book.hpp
[0.805s] -- Up-to-date: /home/skola/ros2_ws/install/more_interfaces/include/more_interfaces/msg/detail
[0.805s] -- Up-to-date: /home/skola/ros2_ws/install/more_interfaces/include/more_interfaces/msg/detail/address_book__struct.hpp
[0.805s] -- Up-to-date: /home/skola/ros2_ws/install/more_interfaces/include/more_interfaces/msg/detail/address_book__builder.hpp
[0.805s] -- Up-to-date: /home/skola/ros2_ws/install/more_interfaces/include/more_interfaces/msg/detail/address_book__traits.hpp
[0.806s] -- Up-to-date: /home/skola/ros2_ws/install/more_interfaces/include/more_interfaces
[0.806s] -- Up-to-date: /home/skola/ros2_ws/install/more_interfaces/include/more_interfaces/msg
[0.806s] -- Up-to-date: /home/skola/ros2_ws/install/more_interfaces/include/more_interfaces/msg/detail
[0.806s] -- Up-to-date: /home/skola/ros2_ws/install/more_interfaces/include/more_interfaces/msg/detail/address_book__rosidl_typesupport_introspection_cpp.hpp
[0.806s] -- Up-to-date: /home/skola/ros2_ws/install/more_interfaces/include/more_interfaces/msg/detail/address_book__type_support.cpp
[0.806s] -- Up-to-date: /home/skola/ros2_ws/install/more_interfaces/lib/libmore_interfaces__rosidl_typesupport_introspection_cpp.so
[0.806s] -- Up-to-date: /home/skola/ros2_ws/install/more_interfaces/lib/libmore_interfaces__rosidl_typesupport_cpp.so
[0.806s] -- Up-to-date: /home/skola/ros2_ws/install/more_interfaces/share/more_interfaces/environment/pythonpath.sh
[0.808s] -- Up-to-date: /home/skola/ros2_ws/install/more_interfaces/share/more_interfaces/environment/pythonpath.dsv
[0.808s] -- Up-to-date: /home/skola/ros2_ws/install/more_interfaces/lib/python3.8/site-packages/more_interfaces/__init__.py
[0.864s] -- Up-to-date: /home/skola/ros2_ws/install/more_interfaces/lib/python3.8/site-packages/more_interfaces/msg
[0.865s] -- Up-to-date: /home/skola/ros2_ws/install/more_interfaces/lib/python3.8/site-packages/more_interfaces/msg/_address_book.py
[0.865s] -- Up-to-date: /home/skola/ros2_ws/install/more_interfaces/lib/python3.8/site-packages/more_interfaces/msg/_address_book_s.c
[0.865s] -- Up-to-date: /home/skola/ros2_ws/install/more_interfaces/lib/python3.8/site-packages/more_interfaces/msg/__init__.py
[0.865s] -- Up-to-date: /home/skola/ros2_ws/install/more_interfaces/lib/python3.8/site-packages/more_interfaces/more_interfaces_s__rosidl_typesupport_fastrtps_c.cpython-38-x86_64-linux-gnu.so
[0.866s] -- Up-to-date: /home/skola/ros2_ws/install/more_interfaces/lib/python3.8/site-packages/more_interfaces/more_interfaces_s__rosidl_typesupport_introspection_c.cpython-38-x86_64-linux-gnu.so
[0.867s] -- Up-to-date: /home/skola/ros2_ws/install/more_interfaces/lib/python3.8/site-packages/more_interfaces/more_interfaces_s__rosidl_typesupport_c.cpython-38-x86_64-linux-gnu.so
[0.868s] -- Up-to-date: /home/skola/ros2_ws/install/more_interfaces/lib/libmore_interfaces__python.so
[0.868s] -- Up-to-date: /home/skola/ros2_ws/install/more_interfaces/share/more_interfaces/msg/AddressBook.idl
[0.868s] -- Up-to-date: /home/skola/ros2_ws/install/more_interfaces/share/more_interfaces/msg/AddressBook.msg
[0.868s] -- Up-to-date: /home/skola/ros2_ws/install/more_interfaces/lib/more_interfaces/publish_address_book
[0.868s] -- Up-to-date: /home/skola/ros2_ws/install/more_interfaces/share/ament_index/resource_index/package_run_dependencies/more_interfaces
[0.868s] -- Up-to-date: /home/skola/ros2_ws/install/more_interfaces/share/ament_index/resource_index/parent_prefix_path/more_interfaces
[0.869s] -- Up-to-date: /home/skola/ros2_ws/install/more_interfaces/share/more_interfaces/environment/ament_prefix_path.sh
[0.869s] -- Up-to-date: /home/skola/ros2_ws/install/more_interfaces/share/more_interfaces/environment/ament_prefix_path.dsv
[0.869s] -- Up-to-date: /home/skola/ros2_ws/install/more_interfaces/share/more_interfaces/environment/path.sh
[0.869s] -- Up-to-date: /home/skola/ros2_ws/install/more_interfaces/share/more_interfaces/environment/path.dsv
[0.869s] -- Up-to-date: /home/skola/ros2_ws/install/more_interfaces/share/more_interfaces/local_setup.bash
[0.869s] -- Up-to-date: /home/skola/ros2_ws/install/more_interfaces/share/more_interfaces/local_setup.sh
[0.870s] -- Up-to-date: /home/skola/ros2_ws/install/more_interfaces/share/more_interfaces/local_setup.zsh
[0.870s] -- Up-to-date: /home/skola/ros2_ws/install/more_interfaces/share/more_interfaces/local_setup.dsv
[0.871s] -- Installing: /home/skola/ros2_ws/install/more_interfaces/share/more_interfaces/package.dsv
[0.871s] -- Up-to-date: /home/skola/ros2_ws/install/more_interfaces/share/ament_index/resource_index/packages/more_interfaces
[0.871s] -- Up-to-date: /home/skola/ros2_ws/install/more_interfaces/share/more_interfaces/cmake/more_interfaces__rosidl_generator_cExport.cmake
[0.871s] -- Up-to-date: /home/skola/ros2_ws/install/more_interfaces/share/more_interfaces/cmake/more_interfaces__rosidl_generator_cExport-noconfig.cmake
[0.872s] -- Up-to-date: /home/skola/ros2_ws/install/more_interfaces/share/more_interfaces/cmake/more_interfaces__rosidl_typesupport_introspection_cExport.cmake
[0.873s] -- Up-to-date: /home/skola/ros2_ws/install/more_interfaces/share/more_interfaces/cmake/more_interfaces__rosidl_typesupport_introspection_cExport-noconfig.cmake
[0.873s] -- Up-to-date: /home/skola/ros2_ws/install/more_interfaces/share/more_interfaces/cmake/more_interfaces__rosidl_typesupport_cExport.cmake
[0.873s] -- Up-to-date: /home/skola/ros2_ws/install/more_interfaces/share/more_interfaces/cmake/more_interfaces__rosidl_typesupport_cExport-noconfig.cmake
[0.873s] -- Up-to-date: /home/skola/ros2_ws/install/more_interfaces/share/more_interfaces/cmake/more_interfaces__rosidl_generator_cppExport.cmake
[0.873s] -- Up-to-date: /home/skola/ros2_ws/install/more_interfaces/share/more_interfaces/cmake/more_interfaces__rosidl_typesupport_introspection_cppExport.cmake
[0.874s] -- Up-to-date: /home/skola/ros2_ws/install/more_interfaces/share/more_interfaces/cmake/more_interfaces__rosidl_typesupport_introspection_cppExport-noconfig.cmake
[0.874s] -- Up-to-date: /home/skola/ros2_ws/install/more_interfaces/share/more_interfaces/cmake/more_interfaces__rosidl_typesupport_cppExport.cmake
[0.874s] -- Up-to-date: /home/skola/ros2_ws/install/more_interfaces/share/more_interfaces/cmake/more_interfaces__rosidl_typesupport_cppExport-noconfig.cmake
[0.874s] -- Up-to-date: /home/skola/ros2_ws/install/more_interfaces/share/more_interfaces/cmake/rosidl_cmake-extras.cmake
[0.874s] -- Up-to-date: /home/skola/ros2_ws/install/more_interfaces/share/more_interfaces/cmake/ament_cmake_export_dependencies-extras.cmake
[0.874s] -- Up-to-date: /home/skola/ros2_ws/install/more_interfaces/share/more_interfaces/cmake/ament_cmake_export_libraries-extras.cmake
[0.874s] -- Up-to-date: /home/skola/ros2_ws/install/more_interfaces/share/more_interfaces/cmake/ament_cmake_export_targets-extras.cmake
[0.875s] -- Up-to-date: /home/skola/ros2_ws/install/more_interfaces/share/more_interfaces/cmake/ament_cmake_export_include_directories-extras.cmake
[0.875s] -- Up-to-date: /home/skola/ros2_ws/install/more_interfaces/share/more_interfaces/cmake/rosidl_cmake_export_typesupport_libraries-extras.cmake
[0.875s] -- Up-to-date: /home/skola/ros2_ws/install/more_interfaces/share/more_interfaces/cmake/rosidl_cmake_export_typesupport_targets-extras.cmake
[0.875s] -- Up-to-date: /home/skola/ros2_ws/install/more_interfaces/share/more_interfaces/cmake/more_interfacesConfig.cmake
[0.875s] -- Up-to-date: /home/skola/ros2_ws/install/more_interfaces/share/more_interfaces/cmake/more_interfacesConfig-version.cmake
[0.876s] -- Up-to-date: /home/skola/ros2_ws/install/more_interfaces/share/more_interfaces/package.xml
[0.883s] Invoked command in '/home/skola/ros2_ws/build/more_interfaces' returned '0': CMAKE_PREFIX_PATH=${CMAKE_PREFIX_PATH}:/opt/ros/foxy /usr/bin/cmake --install /home/skola/ros2_ws/build/more_interfaces
