make: Warning: File 'Makefile' has modification time 2695 s in the future
make[1]: Warning: File 'CMakeFiles/Makefile2' has modification time 2695 s in the future
make[2]: Warning: File 'CMakeFiles/pubber.dir/flags.make' has modification time 2695 s in the future
make[2]: Warning: File 'CMakeFiles/subber.dir/flags.make' has modification time 2695 s in the future
make[2]: warning:  Clock skew detected.  Your build may be incomplete.
make[2]: Warning: File 'CMakeFiles/pubber.dir/flags.make' has modification time 2695 s in the future
make[2]: warning:  Clock skew detected.  Your build may be incomplete.
make[2]: warning:  Clock skew detected.  Your build may be incomplete.
make[2]: Warning: File 'CMakeFiles/subber.dir/flags.make' has modification time 2695 s in the future
[ 50%] Built target pubber
make[2]: warning:  Clock skew detected.  Your build may be incomplete.
[100%] Built target subber
make[1]: warning:  Clock skew detected.  Your build may be incomplete.
make: warning:  Clock skew detected.  Your build may be incomplete.
-- Install configuration: ""
-- Up-to-date: /home/skola/ros2_ws/install/sublisher/lib/sublisher/pubber
-- Up-to-date: /home/skola/ros2_ws/install/sublisher/lib/sublisher/subber
-- Up-to-date: /home/skola/ros2_ws/install/sublisher/share/ament_index/resource_index/package_run_dependencies/sublisher
-- Up-to-date: /home/skola/ros2_ws/install/sublisher/share/ament_index/resource_index/parent_prefix_path/sublisher
-- Up-to-date: /home/skola/ros2_ws/install/sublisher/share/sublisher/environment/ament_prefix_path.sh
-- Up-to-date: /home/skola/ros2_ws/install/sublisher/share/sublisher/environment/ament_prefix_path.dsv
-- Up-to-date: /home/skola/ros2_ws/install/sublisher/share/sublisher/environment/path.sh
-- Up-to-date: /home/skola/ros2_ws/install/sublisher/share/sublisher/environment/path.dsv
-- Up-to-date: /home/skola/ros2_ws/install/sublisher/share/sublisher/local_setup.bash
-- Up-to-date: /home/skola/ros2_ws/install/sublisher/share/sublisher/local_setup.sh
-- Up-to-date: /home/skola/ros2_ws/install/sublisher/share/sublisher/local_setup.zsh
-- Up-to-date: /home/skola/ros2_ws/install/sublisher/share/sublisher/local_setup.dsv
-- Installing: /home/skola/ros2_ws/install/sublisher/share/sublisher/package.dsv
-- Up-to-date: /home/skola/ros2_ws/install/sublisher/share/ament_index/resource_index/packages/sublisher
-- Up-to-date: /home/skola/ros2_ws/install/sublisher/share/sublisher/cmake/sublisherConfig.cmake
-- Up-to-date: /home/skola/ros2_ws/install/sublisher/share/sublisher/cmake/sublisherConfig-version.cmake
-- Up-to-date: /home/skola/ros2_ws/install/sublisher/share/sublisher/package.xml
