[0.225s] DEBUG:colcon:Command line arguments: ['/usr/bin/colcon', 'build']
[0.225s] DEBUG:colcon:Parsed command line arguments: Namespace(ament_cmake_args=None, base_paths=['.'], build_base='build', catkin_cmake_args=None, catkin_skip_building_tests=False, cmake_args=None, cmake_clean_cache=False, cmake_clean_first=False, cmake_force_configure=False, cmake_target=None, cmake_target_skip_unavailable=False, continue_on_error=False, event_handlers=None, executor='parallel', ignore_user_meta=False, install_base='install', log_base=None, log_level=None, main=<bound method BuildVerb.main of <colcon_core.verb.build.BuildVerb object at 0x7f2120197370>>, merge_install=False, metas=['./colcon.meta'], packages_above=None, packages_above_and_dependencies=None, packages_above_depth=None, packages_end=None, packages_ignore=None, packages_ignore_regex=None, packages_select=None, packages_select_build_failed=False, packages_select_by_dep=None, packages_select_regex=None, packages_select_test_failures=False, packages_skip=None, packages_skip_build_finished=False, packages_skip_by_dep=None, packages_skip_regex=None, packages_skip_test_passed=False, packages_skip_up_to=None, packages_start=None, packages_up_to=None, packages_up_to_regex=None, parallel_workers=8, paths=None, symlink_install=False, test_result_base=None, verb_extension=<colcon_core.verb.build.BuildVerb object at 0x7f2120197370>, verb_name='build', verb_parser=<colcon_defaults.argument_parser.defaults.DefaultArgumentsDecorator object at 0x7f21201978b0>)
[0.229s] Level 1:colcon.colcon_core.package_discovery:discover_packages(colcon_meta) check parameters
[0.229s] Level 1:colcon.colcon_core.package_discovery:discover_packages(recursive) check parameters
[0.229s] Level 1:colcon.colcon_core.package_discovery:discover_packages(ignore) check parameters
[0.229s] Level 1:colcon.colcon_core.package_discovery:discover_packages(path) check parameters
[0.229s] Level 1:colcon.colcon_core.package_discovery:discover_packages(colcon_meta) discover
[0.229s] Level 1:colcon.colcon_core.package_discovery:discover_packages(recursive) discover
[0.229s] INFO:colcon.colcon_core.package_discovery:Crawling recursively for packages in '/home/skola/ros2_ws'
[0.229s] Level 1:colcon.colcon_core.package_identification:_identify(.) by extensions ['ignore', 'ignore_ament_install']
[0.229s] Level 1:colcon.colcon_core.package_identification:_identify(.) by extension 'ignore'
[0.229s] Level 1:colcon.colcon_core.package_identification:_identify(.) by extension 'ignore_ament_install'
[0.230s] Level 1:colcon.colcon_core.package_identification:_identify(.) by extensions ['colcon_pkg']
[0.230s] Level 1:colcon.colcon_core.package_identification:_identify(.) by extension 'colcon_pkg'
[0.230s] Level 1:colcon.colcon_core.package_identification:_identify(.) by extensions ['colcon_meta']
[0.230s] Level 1:colcon.colcon_core.package_identification:_identify(.) by extension 'colcon_meta'
[0.230s] Level 1:colcon.colcon_core.package_identification:_identify(.) by extensions ['ros']
[0.230s] Level 1:colcon.colcon_core.package_identification:_identify(.) by extension 'ros'
[0.239s] Level 1:colcon.colcon_core.package_identification:_identify(.) by extensions ['cmake', 'python']
[0.239s] Level 1:colcon.colcon_core.package_identification:_identify(.) by extension 'cmake'
[0.239s] Level 1:colcon.colcon_core.package_identification:_identify(.) by extension 'python'
[0.239s] Level 1:colcon.colcon_core.package_identification:_identify(.) by extensions ['python_setup_py']
[0.239s] Level 1:colcon.colcon_core.package_identification:_identify(.) by extension 'python_setup_py'
[0.239s] Level 1:colcon.colcon_core.package_identification:_identify(build) by extensions ['ignore', 'ignore_ament_install']
[0.239s] Level 1:colcon.colcon_core.package_identification:_identify(build) by extension 'ignore'
[0.239s] Level 1:colcon.colcon_core.package_identification:_identify(build) ignored
[0.239s] Level 1:colcon.colcon_core.package_identification:_identify(install) by extensions ['ignore', 'ignore_ament_install']
[0.239s] Level 1:colcon.colcon_core.package_identification:_identify(install) by extension 'ignore'
[0.239s] Level 1:colcon.colcon_core.package_identification:_identify(install) ignored
[0.239s] Level 1:colcon.colcon_core.package_identification:_identify(log) by extensions ['ignore', 'ignore_ament_install']
[0.239s] Level 1:colcon.colcon_core.package_identification:_identify(log) by extension 'ignore'
[0.239s] Level 1:colcon.colcon_core.package_identification:_identify(log) ignored
[0.239s] Level 1:colcon.colcon_core.package_identification:_identify(src) by extensions ['ignore', 'ignore_ament_install']
[0.239s] Level 1:colcon.colcon_core.package_identification:_identify(src) by extension 'ignore'
[0.240s] Level 1:colcon.colcon_core.package_identification:_identify(src) by extension 'ignore_ament_install'
[0.240s] Level 1:colcon.colcon_core.package_identification:_identify(src) by extensions ['colcon_pkg']
[0.240s] Level 1:colcon.colcon_core.package_identification:_identify(src) by extension 'colcon_pkg'
[0.240s] Level 1:colcon.colcon_core.package_identification:_identify(src) by extensions ['colcon_meta']
[0.240s] Level 1:colcon.colcon_core.package_identification:_identify(src) by extension 'colcon_meta'
[0.240s] Level 1:colcon.colcon_core.package_identification:_identify(src) by extensions ['ros']
[0.240s] Level 1:colcon.colcon_core.package_identification:_identify(src) by extension 'ros'
[0.240s] Level 1:colcon.colcon_core.package_identification:_identify(src) by extensions ['cmake', 'python']
[0.240s] Level 1:colcon.colcon_core.package_identification:_identify(src) by extension 'cmake'
[0.240s] Level 1:colcon.colcon_core.package_identification:_identify(src) by extension 'python'
[0.240s] Level 1:colcon.colcon_core.package_identification:_identify(src) by extensions ['python_setup_py']
[0.240s] Level 1:colcon.colcon_core.package_identification:_identify(src) by extension 'python_setup_py'
[0.240s] Level 1:colcon.colcon_core.package_identification:_identify(src/cpp_pubsub) by extensions ['ignore', 'ignore_ament_install']
[0.240s] Level 1:colcon.colcon_core.package_identification:_identify(src/cpp_pubsub) by extension 'ignore'
[0.240s] Level 1:colcon.colcon_core.package_identification:_identify(src/cpp_pubsub) by extension 'ignore_ament_install'
[0.240s] Level 1:colcon.colcon_core.package_identification:_identify(src/cpp_pubsub) by extensions ['colcon_pkg']
[0.240s] Level 1:colcon.colcon_core.package_identification:_identify(src/cpp_pubsub) by extension 'colcon_pkg'
[0.240s] Level 1:colcon.colcon_core.package_identification:_identify(src/cpp_pubsub) by extensions ['colcon_meta']
[0.240s] Level 1:colcon.colcon_core.package_identification:_identify(src/cpp_pubsub) by extension 'colcon_meta'
[0.240s] Level 1:colcon.colcon_core.package_identification:_identify(src/cpp_pubsub) by extensions ['ros']
[0.240s] Level 1:colcon.colcon_core.package_identification:_identify(src/cpp_pubsub) by extension 'ros'
[0.242s] DEBUG:colcon.colcon_core.package_identification:Package 'src/cpp_pubsub' with type 'ros.ament_cmake' and name 'cpp_pubsub'
[0.242s] Level 1:colcon.colcon_core.package_identification:_identify(src/cpp_topic) by extensions ['ignore', 'ignore_ament_install']
[0.242s] Level 1:colcon.colcon_core.package_identification:_identify(src/cpp_topic) by extension 'ignore'
[0.242s] Level 1:colcon.colcon_core.package_identification:_identify(src/cpp_topic) by extension 'ignore_ament_install'
[0.242s] Level 1:colcon.colcon_core.package_identification:_identify(src/cpp_topic) by extensions ['colcon_pkg']
[0.242s] Level 1:colcon.colcon_core.package_identification:_identify(src/cpp_topic) by extension 'colcon_pkg'
[0.242s] Level 1:colcon.colcon_core.package_identification:_identify(src/cpp_topic) by extensions ['colcon_meta']
[0.242s] Level 1:colcon.colcon_core.package_identification:_identify(src/cpp_topic) by extension 'colcon_meta'
[0.242s] Level 1:colcon.colcon_core.package_identification:_identify(src/cpp_topic) by extensions ['ros']
[0.242s] Level 1:colcon.colcon_core.package_identification:_identify(src/cpp_topic) by extension 'ros'
[0.243s] DEBUG:colcon.colcon_core.package_identification:Package 'src/cpp_topic' with type 'ros.ament_cmake' and name 'cpp_topic'
[0.243s] Level 1:colcon.colcon_core.package_identification:_identify(src/my_package) by extensions ['ignore', 'ignore_ament_install']
[0.243s] Level 1:colcon.colcon_core.package_identification:_identify(src/my_package) by extension 'ignore'
[0.243s] Level 1:colcon.colcon_core.package_identification:_identify(src/my_package) by extension 'ignore_ament_install'
[0.243s] Level 1:colcon.colcon_core.package_identification:_identify(src/my_package) by extensions ['colcon_pkg']
[0.243s] Level 1:colcon.colcon_core.package_identification:_identify(src/my_package) by extension 'colcon_pkg'
[0.243s] Level 1:colcon.colcon_core.package_identification:_identify(src/my_package) by extensions ['colcon_meta']
[0.243s] Level 1:colcon.colcon_core.package_identification:_identify(src/my_package) by extension 'colcon_meta'
[0.243s] Level 1:colcon.colcon_core.package_identification:_identify(src/my_package) by extensions ['ros']
[0.244s] Level 1:colcon.colcon_core.package_identification:_identify(src/my_package) by extension 'ros'
[0.244s] DEBUG:colcon.colcon_core.package_identification:Package 'src/my_package' with type 'ros.ament_cmake' and name 'my_package'
[0.244s] Level 1:colcon.colcon_core.package_identification:_identify(src/ros_tutorials) by extensions ['ignore', 'ignore_ament_install']
[0.244s] Level 1:colcon.colcon_core.package_identification:_identify(src/ros_tutorials) by extension 'ignore'
[0.244s] Level 1:colcon.colcon_core.package_identification:_identify(src/ros_tutorials) by extension 'ignore_ament_install'
[0.244s] Level 1:colcon.colcon_core.package_identification:_identify(src/ros_tutorials) by extensions ['colcon_pkg']
[0.244s] Level 1:colcon.colcon_core.package_identification:_identify(src/ros_tutorials) by extension 'colcon_pkg'
[0.244s] Level 1:colcon.colcon_core.package_identification:_identify(src/ros_tutorials) by extensions ['colcon_meta']
[0.244s] Level 1:colcon.colcon_core.package_identification:_identify(src/ros_tutorials) by extension 'colcon_meta'
[0.244s] Level 1:colcon.colcon_core.package_identification:_identify(src/ros_tutorials) by extensions ['ros']
[0.244s] Level 1:colcon.colcon_core.package_identification:_identify(src/ros_tutorials) by extension 'ros'
[0.244s] Level 1:colcon.colcon_core.package_identification:_identify(src/ros_tutorials) by extensions ['cmake', 'python']
[0.244s] Level 1:colcon.colcon_core.package_identification:_identify(src/ros_tutorials) by extension 'cmake'
[0.244s] Level 1:colcon.colcon_core.package_identification:_identify(src/ros_tutorials) by extension 'python'
[0.244s] Level 1:colcon.colcon_core.package_identification:_identify(src/ros_tutorials) by extensions ['python_setup_py']
[0.244s] Level 1:colcon.colcon_core.package_identification:_identify(src/ros_tutorials) by extension 'python_setup_py'
[0.245s] Level 1:colcon.colcon_core.package_identification:_identify(src/ros_tutorials/ros_tutorials) by extensions ['ignore', 'ignore_ament_install']
[0.245s] Level 1:colcon.colcon_core.package_identification:_identify(src/ros_tutorials/ros_tutorials) by extension 'ignore'
[0.245s] Level 1:colcon.colcon_core.package_identification:_identify(src/ros_tutorials/ros_tutorials) ignored
[0.245s] Level 1:colcon.colcon_core.package_identification:_identify(src/ros_tutorials/roscpp_tutorials) by extensions ['ignore', 'ignore_ament_install']
[0.245s] Level 1:colcon.colcon_core.package_identification:_identify(src/ros_tutorials/roscpp_tutorials) by extension 'ignore'
[0.245s] Level 1:colcon.colcon_core.package_identification:_identify(src/ros_tutorials/roscpp_tutorials) ignored
[0.245s] Level 1:colcon.colcon_core.package_identification:_identify(src/ros_tutorials/rospy_tutorials) by extensions ['ignore', 'ignore_ament_install']
[0.245s] Level 1:colcon.colcon_core.package_identification:_identify(src/ros_tutorials/rospy_tutorials) by extension 'ignore'
[0.245s] Level 1:colcon.colcon_core.package_identification:_identify(src/ros_tutorials/rospy_tutorials) ignored
[0.245s] Level 1:colcon.colcon_core.package_identification:_identify(src/ros_tutorials/turtlesim) by extensions ['ignore', 'ignore_ament_install']
[0.245s] Level 1:colcon.colcon_core.package_identification:_identify(src/ros_tutorials/turtlesim) by extension 'ignore'
[0.245s] Level 1:colcon.colcon_core.package_identification:_identify(src/ros_tutorials/turtlesim) by extension 'ignore_ament_install'
[0.245s] Level 1:colcon.colcon_core.package_identification:_identify(src/ros_tutorials/turtlesim) by extensions ['colcon_pkg']
[0.245s] Level 1:colcon.colcon_core.package_identification:_identify(src/ros_tutorials/turtlesim) by extension 'colcon_pkg'
[0.245s] Level 1:colcon.colcon_core.package_identification:_identify(src/ros_tutorials/turtlesim) by extensions ['colcon_meta']
[0.245s] Level 1:colcon.colcon_core.package_identification:_identify(src/ros_tutorials/turtlesim) by extension 'colcon_meta'
[0.245s] Level 1:colcon.colcon_core.package_identification:_identify(src/ros_tutorials/turtlesim) by extensions ['ros']
[0.245s] Level 1:colcon.colcon_core.package_identification:_identify(src/ros_tutorials/turtlesim) by extension 'ros'
[0.246s] DEBUG:colcon.colcon_core.package_identification:Package 'src/ros_tutorials/turtlesim' with type 'ros.ament_cmake' and name 'turtlesim'
[0.246s] Level 1:colcon.colcon_core.package_identification:_identify(src/sublisher) by extensions ['ignore', 'ignore_ament_install']
[0.246s] Level 1:colcon.colcon_core.package_identification:_identify(src/sublisher) by extension 'ignore'
[0.246s] Level 1:colcon.colcon_core.package_identification:_identify(src/sublisher) by extension 'ignore_ament_install'
[0.246s] Level 1:colcon.colcon_core.package_identification:_identify(src/sublisher) by extensions ['colcon_pkg']
[0.246s] Level 1:colcon.colcon_core.package_identification:_identify(src/sublisher) by extension 'colcon_pkg'
[0.246s] Level 1:colcon.colcon_core.package_identification:_identify(src/sublisher) by extensions ['colcon_meta']
[0.246s] Level 1:colcon.colcon_core.package_identification:_identify(src/sublisher) by extension 'colcon_meta'
[0.246s] Level 1:colcon.colcon_core.package_identification:_identify(src/sublisher) by extensions ['ros']
[0.246s] Level 1:colcon.colcon_core.package_identification:_identify(src/sublisher) by extension 'ros'
[0.247s] DEBUG:colcon.colcon_core.package_identification:Package 'src/sublisher' with type 'ros.ament_cmake' and name 'sublisher'
[0.247s] Level 1:colcon.colcon_core.package_discovery:discover_packages(recursive) using defaults
[0.247s] Level 1:colcon.colcon_core.package_discovery:discover_packages(ignore) discover
[0.247s] Level 1:colcon.colcon_core.package_discovery:discover_packages(ignore) using defaults
[0.247s] Level 1:colcon.colcon_core.package_discovery:discover_packages(path) discover
[0.247s] Level 1:colcon.colcon_core.package_discovery:discover_packages(path) using defaults
[0.261s] Level 5:colcon.colcon_core.verb:set package 'cpp_pubsub' build argument 'cmake_args' from command line to 'None'
[0.262s] Level 5:colcon.colcon_core.verb:set package 'cpp_pubsub' build argument 'cmake_target' from command line to 'None'
[0.262s] Level 5:colcon.colcon_core.verb:set package 'cpp_pubsub' build argument 'cmake_target_skip_unavailable' from command line to 'False'
[0.262s] Level 5:colcon.colcon_core.verb:set package 'cpp_pubsub' build argument 'cmake_clean_cache' from command line to 'False'
[0.262s] Level 5:colcon.colcon_core.verb:set package 'cpp_pubsub' build argument 'cmake_clean_first' from command line to 'False'
[0.262s] Level 5:colcon.colcon_core.verb:set package 'cpp_pubsub' build argument 'cmake_force_configure' from command line to 'False'
[0.262s] Level 5:colcon.colcon_core.verb:set package 'cpp_pubsub' build argument 'ament_cmake_args' from command line to 'None'
[0.262s] Level 5:colcon.colcon_core.verb:set package 'cpp_pubsub' build argument 'catkin_cmake_args' from command line to 'None'
[0.262s] Level 5:colcon.colcon_core.verb:set package 'cpp_pubsub' build argument 'catkin_skip_building_tests' from command line to 'False'
[0.262s] DEBUG:colcon.colcon_core.verb:Building package 'cpp_pubsub' with the following arguments: {'ament_cmake_args': None, 'build_base': '/home/skola/ros2_ws/build/cpp_pubsub', 'catkin_cmake_args': None, 'catkin_skip_building_tests': False, 'cmake_args': None, 'cmake_clean_cache': False, 'cmake_clean_first': False, 'cmake_force_configure': False, 'cmake_target': None, 'cmake_target_skip_unavailable': False, 'install_base': '/home/skola/ros2_ws/install/cpp_pubsub', 'merge_install': False, 'path': '/home/skola/ros2_ws/src/cpp_pubsub', 'symlink_install': False, 'test_result_base': None}
[0.263s] Level 5:colcon.colcon_core.verb:set package 'cpp_topic' build argument 'cmake_args' from command line to 'None'
[0.263s] Level 5:colcon.colcon_core.verb:set package 'cpp_topic' build argument 'cmake_target' from command line to 'None'
[0.263s] Level 5:colcon.colcon_core.verb:set package 'cpp_topic' build argument 'cmake_target_skip_unavailable' from command line to 'False'
[0.263s] Level 5:colcon.colcon_core.verb:set package 'cpp_topic' build argument 'cmake_clean_cache' from command line to 'False'
[0.263s] Level 5:colcon.colcon_core.verb:set package 'cpp_topic' build argument 'cmake_clean_first' from command line to 'False'
[0.263s] Level 5:colcon.colcon_core.verb:set package 'cpp_topic' build argument 'cmake_force_configure' from command line to 'False'
[0.263s] Level 5:colcon.colcon_core.verb:set package 'cpp_topic' build argument 'ament_cmake_args' from command line to 'None'
[0.263s] Level 5:colcon.colcon_core.verb:set package 'cpp_topic' build argument 'catkin_cmake_args' from command line to 'None'
[0.263s] Level 5:colcon.colcon_core.verb:set package 'cpp_topic' build argument 'catkin_skip_building_tests' from command line to 'False'
[0.263s] DEBUG:colcon.colcon_core.verb:Building package 'cpp_topic' with the following arguments: {'ament_cmake_args': None, 'build_base': '/home/skola/ros2_ws/build/cpp_topic', 'catkin_cmake_args': None, 'catkin_skip_building_tests': False, 'cmake_args': None, 'cmake_clean_cache': False, 'cmake_clean_first': False, 'cmake_force_configure': False, 'cmake_target': None, 'cmake_target_skip_unavailable': False, 'install_base': '/home/skola/ros2_ws/install/cpp_topic', 'merge_install': False, 'path': '/home/skola/ros2_ws/src/cpp_topic', 'symlink_install': False, 'test_result_base': None}
[0.265s] Level 5:colcon.colcon_core.verb:set package 'my_package' build argument 'cmake_args' from command line to 'None'
[0.265s] Level 5:colcon.colcon_core.verb:set package 'my_package' build argument 'cmake_target' from command line to 'None'
[0.265s] Level 5:colcon.colcon_core.verb:set package 'my_package' build argument 'cmake_target_skip_unavailable' from command line to 'False'
[0.265s] Level 5:colcon.colcon_core.verb:set package 'my_package' build argument 'cmake_clean_cache' from command line to 'False'
[0.265s] Level 5:colcon.colcon_core.verb:set package 'my_package' build argument 'cmake_clean_first' from command line to 'False'
[0.265s] Level 5:colcon.colcon_core.verb:set package 'my_package' build argument 'cmake_force_configure' from command line to 'False'
[0.265s] Level 5:colcon.colcon_core.verb:set package 'my_package' build argument 'ament_cmake_args' from command line to 'None'
[0.265s] Level 5:colcon.colcon_core.verb:set package 'my_package' build argument 'catkin_cmake_args' from command line to 'None'
[0.265s] Level 5:colcon.colcon_core.verb:set package 'my_package' build argument 'catkin_skip_building_tests' from command line to 'False'
[0.265s] DEBUG:colcon.colcon_core.verb:Building package 'my_package' with the following arguments: {'ament_cmake_args': None, 'build_base': '/home/skola/ros2_ws/build/my_package', 'catkin_cmake_args': None, 'catkin_skip_building_tests': False, 'cmake_args': None, 'cmake_clean_cache': False, 'cmake_clean_first': False, 'cmake_force_configure': False, 'cmake_target': None, 'cmake_target_skip_unavailable': False, 'install_base': '/home/skola/ros2_ws/install/my_package', 'merge_install': False, 'path': '/home/skola/ros2_ws/src/my_package', 'symlink_install': False, 'test_result_base': None}
[0.267s] Level 5:colcon.colcon_core.verb:set package 'sublisher' build argument 'cmake_args' from command line to 'None'
[0.267s] Level 5:colcon.colcon_core.verb:set package 'sublisher' build argument 'cmake_target' from command line to 'None'
[0.267s] Level 5:colcon.colcon_core.verb:set package 'sublisher' build argument 'cmake_target_skip_unavailable' from command line to 'False'
[0.267s] Level 5:colcon.colcon_core.verb:set package 'sublisher' build argument 'cmake_clean_cache' from command line to 'False'
[0.267s] Level 5:colcon.colcon_core.verb:set package 'sublisher' build argument 'cmake_clean_first' from command line to 'False'
[0.267s] Level 5:colcon.colcon_core.verb:set package 'sublisher' build argument 'cmake_force_configure' from command line to 'False'
[0.267s] Level 5:colcon.colcon_core.verb:set package 'sublisher' build argument 'ament_cmake_args' from command line to 'None'
[0.267s] Level 5:colcon.colcon_core.verb:set package 'sublisher' build argument 'catkin_cmake_args' from command line to 'None'
[0.267s] Level 5:colcon.colcon_core.verb:set package 'sublisher' build argument 'catkin_skip_building_tests' from command line to 'False'
[0.267s] DEBUG:colcon.colcon_core.verb:Building package 'sublisher' with the following arguments: {'ament_cmake_args': None, 'build_base': '/home/skola/ros2_ws/build/sublisher', 'catkin_cmake_args': None, 'catkin_skip_building_tests': False, 'cmake_args': None, 'cmake_clean_cache': False, 'cmake_clean_first': False, 'cmake_force_configure': False, 'cmake_target': None, 'cmake_target_skip_unavailable': False, 'install_base': '/home/skola/ros2_ws/install/sublisher', 'merge_install': False, 'path': '/home/skola/ros2_ws/src/sublisher', 'symlink_install': False, 'test_result_base': None}
[0.268s] Level 5:colcon.colcon_core.verb:set package 'turtlesim' build argument 'cmake_args' from command line to 'None'
[0.268s] Level 5:colcon.colcon_core.verb:set package 'turtlesim' build argument 'cmake_target' from command line to 'None'
[0.268s] Level 5:colcon.colcon_core.verb:set package 'turtlesim' build argument 'cmake_target_skip_unavailable' from command line to 'False'
[0.268s] Level 5:colcon.colcon_core.verb:set package 'turtlesim' build argument 'cmake_clean_cache' from command line to 'False'
[0.268s] Level 5:colcon.colcon_core.verb:set package 'turtlesim' build argument 'cmake_clean_first' from command line to 'False'
[0.268s] Level 5:colcon.colcon_core.verb:set package 'turtlesim' build argument 'cmake_force_configure' from command line to 'False'
[0.268s] Level 5:colcon.colcon_core.verb:set package 'turtlesim' build argument 'ament_cmake_args' from command line to 'None'
[0.268s] Level 5:colcon.colcon_core.verb:set package 'turtlesim' build argument 'catkin_cmake_args' from command line to 'None'
[0.268s] Level 5:colcon.colcon_core.verb:set package 'turtlesim' build argument 'catkin_skip_building_tests' from command line to 'False'
[0.269s] DEBUG:colcon.colcon_core.verb:Building package 'turtlesim' with the following arguments: {'ament_cmake_args': None, 'build_base': '/home/skola/ros2_ws/build/turtlesim', 'catkin_cmake_args': None, 'catkin_skip_building_tests': False, 'cmake_args': None, 'cmake_clean_cache': False, 'cmake_clean_first': False, 'cmake_force_configure': False, 'cmake_target': None, 'cmake_target_skip_unavailable': False, 'install_base': '/home/skola/ros2_ws/install/turtlesim', 'merge_install': False, 'path': '/home/skola/ros2_ws/src/ros_tutorials/turtlesim', 'symlink_install': False, 'test_result_base': None}
[0.269s] INFO:colcon.colcon_core.executor:Executing jobs using 'parallel' executor
[0.270s] DEBUG:colcon.colcon_parallel_executor.executor.parallel:run_until_complete
[0.271s] INFO:colcon.colcon_ros.task.ament_cmake.build:Building ROS package in '/home/skola/ros2_ws/src/cpp_pubsub' with build type 'ament_cmake'
[0.271s] INFO:colcon.colcon_cmake.task.cmake.build:Building CMake package in '/home/skola/ros2_ws/src/cpp_pubsub'
[0.274s] INFO:colcon.colcon_core.plugin_system:Skipping extension 'colcon_core.shell.bat': Not used on non-Windows systems
[0.275s] INFO:colcon.colcon_core.shell:Skip shell extension 'powershell' for command environment: Not usable outside of PowerShell
[0.275s] DEBUG:colcon.colcon_core.shell:Skip shell extension 'dsv' for command environment
[0.277s] DEBUG:colcon.colcon_core.shell:Ignoring prefix path '/opt/ros/foxy'
[0.281s] INFO:colcon.colcon_ros.task.ament_cmake.build:Building ROS package in '/home/skola/ros2_ws/src/cpp_topic' with build type 'ament_cmake'
[0.281s] INFO:colcon.colcon_cmake.task.cmake.build:Building CMake package in '/home/skola/ros2_ws/src/cpp_topic'
[0.282s] INFO:colcon.colcon_core.shell:Skip shell extension 'powershell' for command environment: Not usable outside of PowerShell
[0.282s] DEBUG:colcon.colcon_core.shell:Skip shell extension 'dsv' for command environment
[0.284s] DEBUG:colcon.colcon_core.shell:Ignoring prefix path '/opt/ros/foxy'
[0.288s] INFO:colcon.colcon_ros.task.ament_cmake.build:Building ROS package in '/home/skola/ros2_ws/src/my_package' with build type 'ament_cmake'
[0.288s] INFO:colcon.colcon_cmake.task.cmake.build:Building CMake package in '/home/skola/ros2_ws/src/my_package'
[0.290s] INFO:colcon.colcon_core.shell:Skip shell extension 'powershell' for command environment: Not usable outside of PowerShell
[0.290s] DEBUG:colcon.colcon_core.shell:Skip shell extension 'dsv' for command environment
[0.292s] DEBUG:colcon.colcon_core.shell:Ignoring prefix path '/opt/ros/foxy'
[0.295s] INFO:colcon.colcon_ros.task.ament_cmake.build:Building ROS package in '/home/skola/ros2_ws/src/sublisher' with build type 'ament_cmake'
[0.296s] INFO:colcon.colcon_cmake.task.cmake.build:Building CMake package in '/home/skola/ros2_ws/src/sublisher'
[0.297s] INFO:colcon.colcon_core.shell:Skip shell extension 'powershell' for command environment: Not usable outside of PowerShell
[0.297s] DEBUG:colcon.colcon_core.shell:Skip shell extension 'dsv' for command environment
[0.299s] DEBUG:colcon.colcon_core.shell:Ignoring prefix path '/opt/ros/foxy'
[0.303s] INFO:colcon.colcon_ros.task.ament_cmake.build:Building ROS package in '/home/skola/ros2_ws/src/ros_tutorials/turtlesim' with build type 'ament_cmake'
[0.303s] INFO:colcon.colcon_cmake.task.cmake.build:Building CMake package in '/home/skola/ros2_ws/src/ros_tutorials/turtlesim'
[0.306s] INFO:colcon.colcon_core.shell:Skip shell extension 'powershell' for command environment: Not usable outside of PowerShell
[0.306s] DEBUG:colcon.colcon_core.shell:Skip shell extension 'dsv' for command environment
[0.308s] DEBUG:colcon.colcon_core.shell:Ignoring prefix path '/opt/ros/foxy'
[0.347s] DEBUG:colcon.colcon_core.event_handler.log_command:Invoking command in '/home/skola/ros2_ws/build/my_package': CMAKE_PREFIX_PATH=${CMAKE_PREFIX_PATH}:/opt/ros/foxy /usr/bin/cmake --build /home/skola/ros2_ws/build/my_package -- -j8 -l8
[0.356s] DEBUG:colcon.colcon_core.event_handler.log_command:Invoking command in '/home/skola/ros2_ws/build/cpp_topic': CMAKE_PREFIX_PATH=${CMAKE_PREFIX_PATH}:/opt/ros/foxy /usr/bin/cmake --build /home/skola/ros2_ws/build/cpp_topic -- -j8 -l8
[0.363s] DEBUG:colcon.colcon_core.event_handler.log_command:Invoking command in '/home/skola/ros2_ws/build/cpp_pubsub': CMAKE_PREFIX_PATH=${CMAKE_PREFIX_PATH}:/opt/ros/foxy /usr/bin/cmake --build /home/skola/ros2_ws/build/cpp_pubsub -- -j8 -l8
[0.364s] DEBUG:colcon.colcon_core.event_handler.log_command:Invoking command in '/home/skola/ros2_ws/build/sublisher': CMAKE_PREFIX_PATH=${CMAKE_PREFIX_PATH}:/opt/ros/foxy /usr/bin/cmake /home/skola/ros2_ws/src/sublisher -DCMAKE_INSTALL_PREFIX=/home/skola/ros2_ws/install/sublisher
[0.380s] DEBUG:colcon.colcon_core.event_handler.log_command:Invoking command in '/home/skola/ros2_ws/build/turtlesim': CMAKE_PREFIX_PATH=${CMAKE_PREFIX_PATH}:/opt/ros/foxy /usr/bin/cmake --build /home/skola/ros2_ws/build/turtlesim -- -j8 -l8
[0.474s] DEBUG:colcon.colcon_core.event_handler.log_command:Invoked command in '/home/skola/ros2_ws/build/my_package' returned '0': CMAKE_PREFIX_PATH=${CMAKE_PREFIX_PATH}:/opt/ros/foxy /usr/bin/cmake --build /home/skola/ros2_ws/build/my_package -- -j8 -l8
[0.535s] DEBUG:colcon.colcon_core.event_handler.log_command:Invoked command in '/home/skola/ros2_ws/build/cpp_topic' returned '0': CMAKE_PREFIX_PATH=${CMAKE_PREFIX_PATH}:/opt/ros/foxy /usr/bin/cmake --build /home/skola/ros2_ws/build/cpp_topic -- -j8 -l8
[0.575s] DEBUG:colcon.colcon_core.event_handler.log_command:Invoking command in '/home/skola/ros2_ws/build/my_package': CMAKE_PREFIX_PATH=${CMAKE_PREFIX_PATH}:/opt/ros/foxy /usr/bin/cmake --install /home/skola/ros2_ws/build/my_package
[0.580s] DEBUG:colcon.colcon_core.event_handler.log_command:Invoked command in '/home/skola/ros2_ws/build/cpp_pubsub' returned '0': CMAKE_PREFIX_PATH=${CMAKE_PREFIX_PATH}:/opt/ros/foxy /usr/bin/cmake --build /home/skola/ros2_ws/build/cpp_pubsub -- -j8 -l8
[0.598s] Level 1:colcon.colcon_core.environment:create_environment_scripts_only(my_package)
[0.601s] DEBUG:colcon.colcon_core.event_handler.log_command:Invoked command in '/home/skola/ros2_ws/build/my_package' returned '0': CMAKE_PREFIX_PATH=${CMAKE_PREFIX_PATH}:/opt/ros/foxy /usr/bin/cmake --install /home/skola/ros2_ws/build/my_package
[0.608s] Level 1:colcon.colcon_core.environment:checking '/home/skola/ros2_ws/install/my_package' for CMake module files
[0.608s] Level 1:colcon.colcon_core.environment:checking '/home/skola/ros2_ws/install/my_package' for CMake config files
[0.609s] Level 1:colcon.colcon_core.shell:create_environment_hook('my_package', 'cmake_prefix_path')
[0.610s] INFO:colcon.colcon_core.shell:Creating environment hook '/home/skola/ros2_ws/install/my_package/share/my_package/hook/cmake_prefix_path.ps1'
[0.611s] INFO:colcon.colcon_core.shell:Creating environment descriptor '/home/skola/ros2_ws/install/my_package/share/my_package/hook/cmake_prefix_path.dsv'
[0.611s] INFO:colcon.colcon_core.shell:Creating environment hook '/home/skola/ros2_ws/install/my_package/share/my_package/hook/cmake_prefix_path.sh'
[0.612s] Level 1:colcon.colcon_core.environment:checking '/home/skola/ros2_ws/install/my_package/lib'
[0.613s] Level 1:colcon.colcon_core.environment:checking '/home/skola/ros2_ws/install/my_package/bin'
[0.613s] Level 1:colcon.colcon_core.environment:checking '/home/skola/ros2_ws/install/my_package/lib/pkgconfig/my_package.pc'
[0.613s] Level 1:colcon.colcon_core.environment:checking '/home/skola/ros2_ws/install/my_package/lib/python3.8/site-packages'
[0.614s] INFO:colcon.colcon_core.shell:Creating package script '/home/skola/ros2_ws/install/my_package/share/my_package/package.ps1'
[0.620s] INFO:colcon.colcon_core.shell:Creating package descriptor '/home/skola/ros2_ws/install/my_package/share/my_package/package.dsv'
[0.622s] INFO:colcon.colcon_core.shell:Creating package script '/home/skola/ros2_ws/install/my_package/share/my_package/package.sh'
[0.623s] INFO:colcon.colcon_core.shell:Creating package script '/home/skola/ros2_ws/install/my_package/share/my_package/package.bash'
[0.624s] INFO:colcon.colcon_core.shell:Creating package script '/home/skola/ros2_ws/install/my_package/share/my_package/package.zsh'
[0.625s] Level 1:colcon.colcon_core.environment:create_file_with_runtime_dependencies(/home/skola/ros2_ws/install/my_package/share/colcon-core/packages/my_package)
[0.637s] DEBUG:colcon.colcon_core.event_handler.log_command:Invoking command in '/home/skola/ros2_ws/build/cpp_topic': CMAKE_PREFIX_PATH=${CMAKE_PREFIX_PATH}:/opt/ros/foxy /usr/bin/cmake --install /home/skola/ros2_ws/build/cpp_topic
[0.657s] Level 1:colcon.colcon_core.environment:create_environment_scripts_only(cpp_topic)
[0.658s] Level 1:colcon.colcon_core.environment:checking '/home/skola/ros2_ws/install/cpp_topic' for CMake module files
[0.659s] DEBUG:colcon.colcon_core.event_handler.log_command:Invoked command in '/home/skola/ros2_ws/build/cpp_topic' returned '0': CMAKE_PREFIX_PATH=${CMAKE_PREFIX_PATH}:/opt/ros/foxy /usr/bin/cmake --install /home/skola/ros2_ws/build/cpp_topic
[0.660s] Level 1:colcon.colcon_core.environment:checking '/home/skola/ros2_ws/install/cpp_topic' for CMake config files
[0.660s] Level 1:colcon.colcon_core.shell:create_environment_hook('cpp_topic', 'cmake_prefix_path')
[0.661s] INFO:colcon.colcon_core.shell:Creating environment hook '/home/skola/ros2_ws/install/cpp_topic/share/cpp_topic/hook/cmake_prefix_path.ps1'
[0.662s] INFO:colcon.colcon_core.shell:Creating environment descriptor '/home/skola/ros2_ws/install/cpp_topic/share/cpp_topic/hook/cmake_prefix_path.dsv'
[0.663s] INFO:colcon.colcon_core.shell:Creating environment hook '/home/skola/ros2_ws/install/cpp_topic/share/cpp_topic/hook/cmake_prefix_path.sh'
[0.664s] Level 1:colcon.colcon_core.environment:checking '/home/skola/ros2_ws/install/cpp_topic/lib'
[0.664s] Level 1:colcon.colcon_core.environment:checking '/home/skola/ros2_ws/install/cpp_topic/bin'
[0.665s] Level 1:colcon.colcon_core.environment:checking '/home/skola/ros2_ws/install/cpp_topic/lib/pkgconfig/cpp_topic.pc'
[0.665s] Level 1:colcon.colcon_core.environment:checking '/home/skola/ros2_ws/install/cpp_topic/lib/python3.8/site-packages'
[0.666s] INFO:colcon.colcon_core.shell:Creating package script '/home/skola/ros2_ws/install/cpp_topic/share/cpp_topic/package.ps1'
[0.666s] INFO:colcon.colcon_core.shell:Creating package descriptor '/home/skola/ros2_ws/install/cpp_topic/share/cpp_topic/package.dsv'
[0.667s] INFO:colcon.colcon_core.shell:Creating package script '/home/skola/ros2_ws/install/cpp_topic/share/cpp_topic/package.sh'
[0.667s] INFO:colcon.colcon_core.shell:Creating package script '/home/skola/ros2_ws/install/cpp_topic/share/cpp_topic/package.bash'
[0.668s] INFO:colcon.colcon_core.shell:Creating package script '/home/skola/ros2_ws/install/cpp_topic/share/cpp_topic/package.zsh'
[0.670s] Level 1:colcon.colcon_core.environment:create_file_with_runtime_dependencies(/home/skola/ros2_ws/install/cpp_topic/share/colcon-core/packages/cpp_topic)
[0.682s] DEBUG:colcon.colcon_core.event_handler.log_command:Invoking command in '/home/skola/ros2_ws/build/cpp_pubsub': CMAKE_PREFIX_PATH=${CMAKE_PREFIX_PATH}:/opt/ros/foxy /usr/bin/cmake --install /home/skola/ros2_ws/build/cpp_pubsub
[0.685s] Level 1:colcon.colcon_core.environment:create_environment_scripts_only(my_package)
[0.686s] Level 1:colcon.colcon_core.environment:checking '/home/skola/ros2_ws/install/my_package' for CMake module files
[0.687s] Level 1:colcon.colcon_core.environment:checking '/home/skola/ros2_ws/install/my_package' for CMake config files
[0.688s] Level 1:colcon.colcon_core.shell:create_environment_hook('my_package', 'cmake_prefix_path')
[0.690s] INFO:colcon.colcon_core.shell:Creating environment hook '/home/skola/ros2_ws/install/my_package/share/my_package/hook/cmake_prefix_path.ps1'
[0.691s] INFO:colcon.colcon_core.shell:Creating environment descriptor '/home/skola/ros2_ws/install/my_package/share/my_package/hook/cmake_prefix_path.dsv'
[0.691s] INFO:colcon.colcon_core.shell:Creating environment hook '/home/skola/ros2_ws/install/my_package/share/my_package/hook/cmake_prefix_path.sh'
[0.692s] Level 1:colcon.colcon_core.environment:checking '/home/skola/ros2_ws/install/my_package/lib'
[0.692s] Level 1:colcon.colcon_core.environment:checking '/home/skola/ros2_ws/install/my_package/bin'
[0.692s] Level 1:colcon.colcon_core.environment:checking '/home/skola/ros2_ws/install/my_package/lib/pkgconfig/my_package.pc'
[0.692s] Level 1:colcon.colcon_core.environment:checking '/home/skola/ros2_ws/install/my_package/lib/python3.8/site-packages'
[0.693s] INFO:colcon.colcon_core.shell:Creating package script '/home/skola/ros2_ws/install/my_package/share/my_package/package.ps1'
[0.695s] INFO:colcon.colcon_core.shell:Creating package descriptor '/home/skola/ros2_ws/install/my_package/share/my_package/package.dsv'
[0.700s] INFO:colcon.colcon_core.shell:Creating package script '/home/skola/ros2_ws/install/my_package/share/my_package/package.sh'
[0.703s] INFO:colcon.colcon_core.shell:Creating package script '/home/skola/ros2_ws/install/my_package/share/my_package/package.bash'
[0.705s] INFO:colcon.colcon_core.shell:Creating package script '/home/skola/ros2_ws/install/my_package/share/my_package/package.zsh'
[0.706s] Level 1:colcon.colcon_core.environment:create_file_with_runtime_dependencies(/home/skola/ros2_ws/install/my_package/share/colcon-core/packages/my_package)
[0.709s] Level 1:colcon.colcon_core.environment:create_environment_scripts_only(cpp_pubsub)
[0.710s] Level 1:colcon.colcon_core.environment:checking '/home/skola/ros2_ws/install/cpp_pubsub' for CMake module files
[0.714s] DEBUG:colcon.colcon_core.event_handler.log_command:Invoked command in '/home/skola/ros2_ws/build/cpp_pubsub' returned '0': CMAKE_PREFIX_PATH=${CMAKE_PREFIX_PATH}:/opt/ros/foxy /usr/bin/cmake --install /home/skola/ros2_ws/build/cpp_pubsub
[0.714s] Level 1:colcon.colcon_core.environment:checking '/home/skola/ros2_ws/install/cpp_pubsub' for CMake config files
[0.714s] Level 1:colcon.colcon_core.shell:create_environment_hook('cpp_pubsub', 'cmake_prefix_path')
[0.715s] INFO:colcon.colcon_core.shell:Creating environment hook '/home/skola/ros2_ws/install/cpp_pubsub/share/cpp_pubsub/hook/cmake_prefix_path.ps1'
[0.716s] INFO:colcon.colcon_core.shell:Creating environment descriptor '/home/skola/ros2_ws/install/cpp_pubsub/share/cpp_pubsub/hook/cmake_prefix_path.dsv'
[0.717s] INFO:colcon.colcon_core.shell:Creating environment hook '/home/skola/ros2_ws/install/cpp_pubsub/share/cpp_pubsub/hook/cmake_prefix_path.sh'
[0.718s] Level 1:colcon.colcon_core.environment:checking '/home/skola/ros2_ws/install/cpp_pubsub/lib'
[0.718s] Level 1:colcon.colcon_core.environment:checking '/home/skola/ros2_ws/install/cpp_pubsub/bin'
[0.718s] Level 1:colcon.colcon_core.environment:checking '/home/skola/ros2_ws/install/cpp_pubsub/lib/pkgconfig/cpp_pubsub.pc'
[0.718s] Level 1:colcon.colcon_core.environment:checking '/home/skola/ros2_ws/install/cpp_pubsub/lib/python3.8/site-packages'
[0.719s] INFO:colcon.colcon_core.shell:Creating package script '/home/skola/ros2_ws/install/cpp_pubsub/share/cpp_pubsub/package.ps1'
[0.720s] INFO:colcon.colcon_core.shell:Creating package descriptor '/home/skola/ros2_ws/install/cpp_pubsub/share/cpp_pubsub/package.dsv'
[0.720s] INFO:colcon.colcon_core.shell:Creating package script '/home/skola/ros2_ws/install/cpp_pubsub/share/cpp_pubsub/package.sh'
[0.721s] INFO:colcon.colcon_core.shell:Creating package script '/home/skola/ros2_ws/install/cpp_pubsub/share/cpp_pubsub/package.bash'
[0.721s] INFO:colcon.colcon_core.shell:Creating package script '/home/skola/ros2_ws/install/cpp_pubsub/share/cpp_pubsub/package.zsh'
[0.722s] Level 1:colcon.colcon_core.environment:create_file_with_runtime_dependencies(/home/skola/ros2_ws/install/cpp_pubsub/share/colcon-core/packages/cpp_pubsub)
[0.750s] Level 1:colcon.colcon_core.environment:create_environment_scripts_only(cpp_topic)
[0.751s] Level 1:colcon.colcon_core.environment:checking '/home/skola/ros2_ws/install/cpp_topic' for CMake module files
[0.751s] Level 1:colcon.colcon_core.environment:checking '/home/skola/ros2_ws/install/cpp_topic' for CMake config files
[0.752s] Level 1:colcon.colcon_core.shell:create_environment_hook('cpp_topic', 'cmake_prefix_path')
[0.753s] INFO:colcon.colcon_core.shell:Creating environment hook '/home/skola/ros2_ws/install/cpp_topic/share/cpp_topic/hook/cmake_prefix_path.ps1'
[0.754s] INFO:colcon.colcon_core.shell:Creating environment descriptor '/home/skola/ros2_ws/install/cpp_topic/share/cpp_topic/hook/cmake_prefix_path.dsv'
[0.754s] INFO:colcon.colcon_core.shell:Creating environment hook '/home/skola/ros2_ws/install/cpp_topic/share/cpp_topic/hook/cmake_prefix_path.sh'
[0.755s] Level 1:colcon.colcon_core.environment:checking '/home/skola/ros2_ws/install/cpp_topic/lib'
[0.755s] Level 1:colcon.colcon_core.environment:checking '/home/skola/ros2_ws/install/cpp_topic/bin'
[0.755s] Level 1:colcon.colcon_core.environment:checking '/home/skola/ros2_ws/install/cpp_topic/lib/pkgconfig/cpp_topic.pc'
[0.755s] Level 1:colcon.colcon_core.environment:checking '/home/skola/ros2_ws/install/cpp_topic/lib/python3.8/site-packages'
[0.756s] INFO:colcon.colcon_core.shell:Creating package script '/home/skola/ros2_ws/install/cpp_topic/share/cpp_topic/package.ps1'
[0.758s] INFO:colcon.colcon_core.shell:Creating package descriptor '/home/skola/ros2_ws/install/cpp_topic/share/cpp_topic/package.dsv'
[0.758s] INFO:colcon.colcon_core.shell:Creating package script '/home/skola/ros2_ws/install/cpp_topic/share/cpp_topic/package.sh'
[0.759s] INFO:colcon.colcon_core.shell:Creating package script '/home/skola/ros2_ws/install/cpp_topic/share/cpp_topic/package.bash'
[0.759s] INFO:colcon.colcon_core.shell:Creating package script '/home/skola/ros2_ws/install/cpp_topic/share/cpp_topic/package.zsh'
[0.760s] Level 1:colcon.colcon_core.environment:create_file_with_runtime_dependencies(/home/skola/ros2_ws/install/cpp_topic/share/colcon-core/packages/cpp_topic)
[0.781s] Level 1:colcon.colcon_core.environment:create_environment_scripts_only(cpp_pubsub)
[0.782s] Level 1:colcon.colcon_core.environment:checking '/home/skola/ros2_ws/install/cpp_pubsub' for CMake module files
[0.783s] Level 1:colcon.colcon_core.environment:checking '/home/skola/ros2_ws/install/cpp_pubsub' for CMake config files
[0.783s] Level 1:colcon.colcon_core.shell:create_environment_hook('cpp_pubsub', 'cmake_prefix_path')
[0.784s] INFO:colcon.colcon_core.shell:Creating environment hook '/home/skola/ros2_ws/install/cpp_pubsub/share/cpp_pubsub/hook/cmake_prefix_path.ps1'
[0.785s] INFO:colcon.colcon_core.shell:Creating environment descriptor '/home/skola/ros2_ws/install/cpp_pubsub/share/cpp_pubsub/hook/cmake_prefix_path.dsv'
[0.786s] INFO:colcon.colcon_core.shell:Creating environment hook '/home/skola/ros2_ws/install/cpp_pubsub/share/cpp_pubsub/hook/cmake_prefix_path.sh'
[0.787s] Level 1:colcon.colcon_core.environment:checking '/home/skola/ros2_ws/install/cpp_pubsub/lib'
[0.787s] Level 1:colcon.colcon_core.environment:checking '/home/skola/ros2_ws/install/cpp_pubsub/bin'
[0.787s] Level 1:colcon.colcon_core.environment:checking '/home/skola/ros2_ws/install/cpp_pubsub/lib/pkgconfig/cpp_pubsub.pc'
[0.787s] Level 1:colcon.colcon_core.environment:checking '/home/skola/ros2_ws/install/cpp_pubsub/lib/python3.8/site-packages'
[0.788s] INFO:colcon.colcon_core.shell:Creating package script '/home/skola/ros2_ws/install/cpp_pubsub/share/cpp_pubsub/package.ps1'
[0.788s] INFO:colcon.colcon_core.shell:Creating package descriptor '/home/skola/ros2_ws/install/cpp_pubsub/share/cpp_pubsub/package.dsv'
[0.789s] INFO:colcon.colcon_core.shell:Creating package script '/home/skola/ros2_ws/install/cpp_pubsub/share/cpp_pubsub/package.sh'
[0.790s] INFO:colcon.colcon_core.shell:Creating package script '/home/skola/ros2_ws/install/cpp_pubsub/share/cpp_pubsub/package.bash'
[0.790s] INFO:colcon.colcon_core.shell:Creating package script '/home/skola/ros2_ws/install/cpp_pubsub/share/cpp_pubsub/package.zsh'
[0.791s] Level 1:colcon.colcon_core.environment:create_file_with_runtime_dependencies(/home/skola/ros2_ws/install/cpp_pubsub/share/colcon-core/packages/cpp_pubsub)
[0.885s] DEBUG:colcon.colcon_core.event_handler.log_command:Invoked command in '/home/skola/ros2_ws/build/turtlesim' returned '0': CMAKE_PREFIX_PATH=${CMAKE_PREFIX_PATH}:/opt/ros/foxy /usr/bin/cmake --build /home/skola/ros2_ws/build/turtlesim -- -j8 -l8
[1.123s] DEBUG:colcon.colcon_core.event_handler.log_command:Invoked command in '/home/skola/ros2_ws/build/sublisher' returned '1': CMAKE_PREFIX_PATH=${CMAKE_PREFIX_PATH}:/opt/ros/foxy /usr/bin/cmake /home/skola/ros2_ws/src/sublisher -DCMAKE_INSTALL_PREFIX=/home/skola/ros2_ws/install/sublisher
[1.148s] Level 1:colcon.colcon_core.environment:create_environment_scripts_only(sublisher)
[1.149s] Level 1:colcon.colcon_core.environment:checking '/home/skola/ros2_ws/install/sublisher' for CMake module files
[1.150s] Level 1:colcon.colcon_core.environment:checking '/home/skola/ros2_ws/install/sublisher' for CMake config files
[1.150s] Level 1:colcon.colcon_core.environment:checking '/home/skola/ros2_ws/install/sublisher/bin'
[1.150s] Level 1:colcon.colcon_core.environment:checking '/home/skola/ros2_ws/install/sublisher/lib/pkgconfig/sublisher.pc'
[1.150s] Level 1:colcon.colcon_core.environment:checking '/home/skola/ros2_ws/install/sublisher/lib/python3.8/site-packages'
[1.151s] INFO:colcon.colcon_core.shell:Creating package script '/home/skola/ros2_ws/install/sublisher/share/sublisher/package.ps1'
[1.152s] INFO:colcon.colcon_core.shell:Creating package descriptor '/home/skola/ros2_ws/install/sublisher/share/sublisher/package.dsv'
[1.153s] INFO:colcon.colcon_core.shell:Creating package script '/home/skola/ros2_ws/install/sublisher/share/sublisher/package.sh'
[1.153s] INFO:colcon.colcon_core.shell:Creating package script '/home/skola/ros2_ws/install/sublisher/share/sublisher/package.bash'
[1.154s] INFO:colcon.colcon_core.shell:Creating package script '/home/skola/ros2_ws/install/sublisher/share/sublisher/package.zsh'
[1.154s] Level 1:colcon.colcon_core.environment:create_file_with_runtime_dependencies(/home/skola/ros2_ws/install/sublisher/share/colcon-core/packages/sublisher)
[1.286s] DEBUG:colcon.colcon_parallel_executor.executor.parallel:closing loop
[1.286s] DEBUG:colcon.colcon_parallel_executor.executor.parallel:loop closed
[1.286s] DEBUG:colcon.colcon_parallel_executor.executor.parallel:run_until_complete finished with '1'
[1.286s] DEBUG:colcon.colcon_core.event_reactor:joining thread
[1.296s] INFO:colcon.colcon_core.plugin_system:Skipping extension 'colcon_notification.desktop_notification.terminal_notifier': Not used on non-Darwin systems
[1.297s] INFO:colcon.colcon_core.plugin_system:Skipping extension 'colcon_notification.desktop_notification.win32': Not used on non-Windows systems
[1.297s] INFO:colcon.colcon_notification.desktop_notification:Sending desktop notification using 'notify2'
[1.326s] DEBUG:colcon.colcon_core.event_reactor:joined thread
[1.327s] INFO:colcon.colcon_core.shell:Creating prefix script '/home/skola/ros2_ws/install/local_setup.ps1'
[1.328s] INFO:colcon.colcon_core.shell:Creating prefix util module '/home/skola/ros2_ws/install/_local_setup_util_ps1.py'
[1.330s] INFO:colcon.colcon_core.shell:Creating prefix chain script '/home/skola/ros2_ws/install/setup.ps1'
[1.332s] INFO:colcon.colcon_core.shell:Creating prefix script '/home/skola/ros2_ws/install/local_setup.sh'
[1.332s] INFO:colcon.colcon_core.shell:Creating prefix util module '/home/skola/ros2_ws/install/_local_setup_util_sh.py'
[1.333s] INFO:colcon.colcon_core.shell:Creating prefix chain script '/home/skola/ros2_ws/install/setup.sh'
[1.335s] INFO:colcon.colcon_core.shell:Creating prefix script '/home/skola/ros2_ws/install/local_setup.bash'
[1.336s] INFO:colcon.colcon_core.shell:Creating prefix chain script '/home/skola/ros2_ws/install/setup.bash'
[1.338s] INFO:colcon.colcon_core.shell:Creating prefix script '/home/skola/ros2_ws/install/local_setup.zsh'
[1.339s] INFO:colcon.colcon_core.shell:Creating prefix chain script '/home/skola/ros2_ws/install/setup.zsh'
