[0.038s] Invoking command in '/home/skola/ros2_ws/build/my_package': CMAKE_PREFIX_PATH=${CMAKE_PREFIX_PATH}:/opt/ros/foxy /usr/bin/cmake --build /home/skola/ros2_ws/build/my_package -- -j8 -l8
[0.109s] [100%] Built target my_node
[0.142s] Invoked command in '/home/skola/ros2_ws/build/my_package' returned '0': CMAKE_PREFIX_PATH=${CMAKE_PREFIX_PATH}:/opt/ros/foxy /usr/bin/cmake --build /home/skola/ros2_ws/build/my_package -- -j8 -l8
[0.178s] Invoking command in '/home/skola/ros2_ws/build/my_package': CMAKE_PREFIX_PATH=${CMAKE_PREFIX_PATH}:/opt/ros/foxy /usr/bin/cmake --install /home/skola/ros2_ws/build/my_package
[0.191s] -- Install configuration: ""
[0.191s] -- Up-to-date: /home/skola/ros2_ws/install/my_package/lib/my_package/my_node
[0.191s] -- Up-to-date: /home/skola/ros2_ws/install/my_package/share/ament_index/resource_index/package_run_dependencies/my_package
[0.191s] -- Up-to-date: /home/skola/ros2_ws/install/my_package/share/ament_index/resource_index/parent_prefix_path/my_package
[0.191s] -- Up-to-date: /home/skola/ros2_ws/install/my_package/share/my_package/environment/ament_prefix_path.sh
[0.191s] -- Up-to-date: /home/skola/ros2_ws/install/my_package/share/my_package/environment/ament_prefix_path.dsv
[0.191s] -- Up-to-date: /home/skola/ros2_ws/install/my_package/share/my_package/environment/path.sh
[0.191s] -- Up-to-date: /home/skola/ros2_ws/install/my_package/share/my_package/environment/path.dsv
[0.191s] -- Up-to-date: /home/skola/ros2_ws/install/my_package/share/my_package/local_setup.bash
[0.191s] -- Up-to-date: /home/skola/ros2_ws/install/my_package/share/my_package/local_setup.sh
[0.191s] -- Up-to-date: /home/skola/ros2_ws/install/my_package/share/my_package/local_setup.zsh
[0.191s] -- Up-to-date: /home/skola/ros2_ws/install/my_package/share/my_package/local_setup.dsv
[0.191s] -- Installing: /home/skola/ros2_ws/install/my_package/share/my_package/package.dsv
[0.192s] -- Up-to-date: /home/skola/ros2_ws/install/my_package/share/ament_index/resource_index/packages/my_package
[0.192s] -- Up-to-date: /home/skola/ros2_ws/install/my_package/share/my_package/cmake/my_packageConfig.cmake
[0.192s] -- Up-to-date: /home/skola/ros2_ws/install/my_package/share/my_package/cmake/my_packageConfig-version.cmake
[0.192s] -- Up-to-date: /home/skola/ros2_ws/install/my_package/share/my_package/package.xml
[0.218s] Invoked command in '/home/skola/ros2_ws/build/my_package' returned '0': CMAKE_PREFIX_PATH=${CMAKE_PREFIX_PATH}:/opt/ros/foxy /usr/bin/cmake --install /home/skola/ros2_ws/build/my_package
