[0.038s] Invoking command in '/home/skola/ros2_ws/build/tutorial_interfaces': CMAKE_PREFIX_PATH=/opt/ros/foxy /usr/bin/cmake --build /home/skola/ros2_ws/build/tutorial_interfaces -- -j8 -l8
[0.083s] -- Found ament_cmake: 0.9.9 (/opt/ros/foxy/share/ament_cmake/cmake)
[0.108s] -- Found PythonInterp: /usr/bin/python3 (found suitable version "3.8.10", minimum required is "3") 
[0.108s] -- Using PYTHON_EXECUTABLE: /usr/bin/python3
[0.237s] -- Found rosidl_default_generators: 1.0.1 (/opt/ros/foxy/share/rosidl_default_generators/cmake)
[0.239s] -- Using all available rosidl_typesupport_c: rosidl_typesupport_fastrtps_c;rosidl_typesupport_introspection_c
[0.242s] -- Found rosidl_adapter: 1.2.1 (/opt/ros/foxy/share/rosidl_adapter/cmake)
[0.351s] -- Using all available rosidl_typesupport_cpp: rosidl_typesupport_fastrtps_cpp;rosidl_typesupport_introspection_cpp
[0.394s] -- Found PythonInterp: /usr/bin/python3 (found version "3.8.10") 
[0.552s] -- Found ament_cmake_ros: 0.9.2 (/opt/ros/foxy/share/ament_cmake_ros/cmake)
[0.644s] -- Using all available rosidl_typesupport_c: rosidl_typesupport_fastrtps_c;rosidl_typesupport_introspection_c
[0.654s] -- Using all available rosidl_typesupport_cpp: rosidl_typesupport_fastrtps_cpp;rosidl_typesupport_introspection_cpp
[0.673s] -- Found PythonInterp: /usr/bin/python3 (found suitable version "3.8.10", minimum required is "3.5") 
[0.674s] -- Found python_cmake_module: 0.8.1 (/opt/ros/foxy/share/python_cmake_module/cmake)
[0.695s] -- Using PYTHON_EXECUTABLE: /usr/bin/python3
[0.695s] -- Using PYTHON_INCLUDE_DIRS: /usr/include/python3.8
[0.695s] -- Using PYTHON_LIBRARIES: /usr/lib/x86_64-linux-gnu/libpython3.8.so
[0.707s] -- Found ament_lint_auto: 0.9.6 (/opt/ros/foxy/share/ament_lint_auto/cmake)
[0.723s] -- Added test 'copyright' to check source files copyright and LICENSE
[0.725s] -- Added test 'lint_cmake' to check CMake code style
[0.726s] -- Added test 'xmllint' to check XML markup files
[0.733s] -- Configuring done
[0.809s] -- Generating done
[0.812s] -- Build files have been written to: /home/skola/ros2_ws/build/tutorial_interfaces
[0.838s] [35m[1mScanning dependencies of target tutorial_interfaces__rosidl_generator_c[0m
[0.846s] [  2%] Built target tutorial_interfaces__cpp
[0.847s] [  5%] [32mBuilding C object CMakeFiles/tutorial_interfaces__rosidl_generator_c.dir/rosidl_generator_c/tutorial_interfaces/srv/detail/add_three_ints__functions.c.o[0m
[0.847s] [  7%] [32mBuilding C object CMakeFiles/tutorial_interfaces__rosidl_generator_c.dir/rosidl_generator_c/tutorial_interfaces/msg/detail/num__functions.c.o[0m
[0.869s] [ 17%] Built target tutorial_interfaces__rosidl_typesupport_cpp
[0.871s] [ 28%] Built target tutorial_interfaces__rosidl_typesupport_introspection_cpp
[0.872s] [ 38%] Built target tutorial_interfaces__rosidl_typesupport_fastrtps_cpp
[0.991s] [ 41%] [32m[1mLinking C shared library libtutorial_interfaces__rosidl_generator_c.so[0m
[1.039s] [ 43%] Built target tutorial_interfaces__rosidl_generator_c
[1.052s] [35m[1mScanning dependencies of target tutorial_interfaces__rosidl_typesupport_introspection_c[0m
[1.052s] [35m[1mScanning dependencies of target tutorial_interfaces__rosidl_typesupport_fastrtps_c[0m
[1.062s] [ 53%] Built target tutorial_interfaces__rosidl_typesupport_c
[1.062s] [ 58%] [32mBuilding C object CMakeFiles/tutorial_interfaces__rosidl_typesupport_introspection_c.dir/rosidl_typesupport_introspection_c/tutorial_interfaces/srv/detail/add_three_ints__type_support.c.o[0m
[1.062s] [ 58%] [32mBuilding C object CMakeFiles/tutorial_interfaces__rosidl_typesupport_introspection_c.dir/rosidl_typesupport_introspection_c/tutorial_interfaces/msg/detail/num__type_support.c.o[0m
[1.064s] [ 61%] [32mBuilding CXX object CMakeFiles/tutorial_interfaces__rosidl_typesupport_fastrtps_c.dir/rosidl_typesupport_fastrtps_c/tutorial_interfaces/msg/detail/num__type_support_c.cpp.o[0m
[1.066s] [ 64%] [32mBuilding CXX object CMakeFiles/tutorial_interfaces__rosidl_typesupport_fastrtps_c.dir/rosidl_typesupport_fastrtps_c/tutorial_interfaces/srv/detail/add_three_ints__type_support_c.cpp.o[0m
[1.096s] [ 66%] [32m[1mLinking C shared library libtutorial_interfaces__rosidl_typesupport_introspection_c.so[0m
[1.125s] [ 69%] Built target tutorial_interfaces__rosidl_typesupport_introspection_c
[1.341s] [ 71%] [32m[1mLinking CXX shared library libtutorial_interfaces__rosidl_typesupport_fastrtps_c.so[0m
[1.413s] [ 74%] Built target tutorial_interfaces__rosidl_typesupport_fastrtps_c
[1.432s] [ 74%] Built target tutorial_interfaces
[1.452s] [ 76%] Built target tutorial_interfaces__py
[1.465s] [35m[1mScanning dependencies of target tutorial_interfaces__python[0m
[1.480s] [ 82%] [32mBuilding C object CMakeFiles/tutorial_interfaces__python.dir/rosidl_generator_py/tutorial_interfaces/srv/_add_three_ints_s.c.o[0m
[1.480s] [ 82%] [32mBuilding C object CMakeFiles/tutorial_interfaces__python.dir/rosidl_generator_py/tutorial_interfaces/msg/_num_s.c.o[0m
[1.594s] [ 84%] [32m[1mLinking C shared library rosidl_generator_py/tutorial_interfaces/libtutorial_interfaces__python.so[0m
[1.631s] [ 84%] Built target tutorial_interfaces__python
[1.643s] [35m[1mScanning dependencies of target tutorial_interfaces__rosidl_typesupport_fastrtps_c__pyext[0m
[1.643s] [35m[1mScanning dependencies of target tutorial_interfaces__rosidl_typesupport_c__pyext[0m
[1.643s] [35m[1mScanning dependencies of target tutorial_interfaces__rosidl_typesupport_introspection_c__pyext[0m
[1.658s] [ 87%] [32mBuilding C object CMakeFiles/tutorial_interfaces__rosidl_typesupport_fastrtps_c__pyext.dir/rosidl_generator_py/tutorial_interfaces/_tutorial_interfaces_s.ep.rosidl_typesupport_fastrtps_c.c.o[0m
[1.658s] [ 89%] [32mBuilding C object CMakeFiles/tutorial_interfaces__rosidl_typesupport_introspection_c__pyext.dir/rosidl_generator_py/tutorial_interfaces/_tutorial_interfaces_s.ep.rosidl_typesupport_introspection_c.c.o[0m
[1.659s] [ 92%] [32mBuilding C object CMakeFiles/tutorial_interfaces__rosidl_typesupport_c__pyext.dir/rosidl_generator_py/tutorial_interfaces/_tutorial_interfaces_s.ep.rosidl_typesupport_c.c.o[0m
[1.729s] [ 94%] [32m[1mLinking C shared library rosidl_generator_py/tutorial_interfaces/tutorial_interfaces_s__rosidl_typesupport_introspection_c.cpython-38-x86_64-linux-gnu.so[0m
[1.729s] [ 97%] [32m[1mLinking C shared library rosidl_generator_py/tutorial_interfaces/tutorial_interfaces_s__rosidl_typesupport_c.cpython-38-x86_64-linux-gnu.so[0m
[1.736s] [100%] [32m[1mLinking CXX shared library rosidl_generator_py/tutorial_interfaces/tutorial_interfaces_s__rosidl_typesupport_fastrtps_c.cpython-38-x86_64-linux-gnu.so[0m
[1.759s] [100%] Built target tutorial_interfaces__rosidl_typesupport_c__pyext
[1.759s] [100%] Built target tutorial_interfaces__rosidl_typesupport_introspection_c__pyext
[1.787s] [100%] Built target tutorial_interfaces__rosidl_typesupport_fastrtps_c__pyext
[1.799s] Invoked command in '/home/skola/ros2_ws/build/tutorial_interfaces' returned '0': CMAKE_PREFIX_PATH=/opt/ros/foxy /usr/bin/cmake --build /home/skola/ros2_ws/build/tutorial_interfaces -- -j8 -l8
[1.856s] Invoking command in '/home/skola/ros2_ws/build/tutorial_interfaces': CMAKE_PREFIX_PATH=/opt/ros/foxy /usr/bin/cmake --install /home/skola/ros2_ws/build/tutorial_interfaces
[1.867s] -- Install configuration: ""
[1.867s] -- Up-to-date: /home/skola/ros2_ws/install/tutorial_interfaces/share/ament_index/resource_index/rosidl_interfaces/tutorial_interfaces
[1.867s] -- Up-to-date: /home/skola/ros2_ws/install/tutorial_interfaces/include/tutorial_interfaces
[1.867s] -- Up-to-date: /home/skola/ros2_ws/install/tutorial_interfaces/include/tutorial_interfaces/srv
[1.867s] -- Up-to-date: /home/skola/ros2_ws/install/tutorial_interfaces/include/tutorial_interfaces/srv/add_three_ints.h
[1.867s] -- Up-to-date: /home/skola/ros2_ws/install/tutorial_interfaces/include/tutorial_interfaces/srv/detail
[1.867s] -- Up-to-date: /home/skola/ros2_ws/install/tutorial_interfaces/include/tutorial_interfaces/srv/detail/add_three_ints__functions.h
[1.867s] -- Up-to-date: /home/skola/ros2_ws/install/tutorial_interfaces/include/tutorial_interfaces/srv/detail/add_three_ints__type_support.h
[1.867s] -- Up-to-date: /home/skola/ros2_ws/install/tutorial_interfaces/include/tutorial_interfaces/srv/detail/add_three_ints__functions.c
[1.867s] -- Up-to-date: /home/skola/ros2_ws/install/tutorial_interfaces/include/tutorial_interfaces/srv/detail/add_three_ints__struct.h
[1.868s] -- Up-to-date: /home/skola/ros2_ws/install/tutorial_interfaces/include/tutorial_interfaces/msg
[1.868s] -- Up-to-date: /home/skola/ros2_ws/install/tutorial_interfaces/include/tutorial_interfaces/msg/rosidl_generator_c__visibility_control.h
[1.868s] -- Up-to-date: /home/skola/ros2_ws/install/tutorial_interfaces/include/tutorial_interfaces/msg/num.h
[1.868s] -- Up-to-date: /home/skola/ros2_ws/install/tutorial_interfaces/include/tutorial_interfaces/msg/detail
[1.868s] -- Up-to-date: /home/skola/ros2_ws/install/tutorial_interfaces/include/tutorial_interfaces/msg/detail/num__functions.c
[1.868s] -- Up-to-date: /home/skola/ros2_ws/install/tutorial_interfaces/include/tutorial_interfaces/msg/detail/num__type_support.h
[1.868s] -- Up-to-date: /home/skola/ros2_ws/install/tutorial_interfaces/include/tutorial_interfaces/msg/detail/num__functions.h
[1.868s] -- Up-to-date: /home/skola/ros2_ws/install/tutorial_interfaces/include/tutorial_interfaces/msg/detail/num__struct.h
[1.868s] -- Up-to-date: /home/skola/ros2_ws/install/tutorial_interfaces/share/tutorial_interfaces/environment/library_path.sh
[1.868s] -- Installing: /home/skola/ros2_ws/install/tutorial_interfaces/share/tutorial_interfaces/environment/library_path.dsv
[1.869s] -- Installing: /home/skola/ros2_ws/install/tutorial_interfaces/lib/libtutorial_interfaces__rosidl_generator_c.so
[1.869s] -- Set runtime path of "/home/skola/ros2_ws/install/tutorial_interfaces/lib/libtutorial_interfaces__rosidl_generator_c.so" to ""
[1.870s] -- Up-to-date: /home/skola/ros2_ws/install/tutorial_interfaces/include/tutorial_interfaces
[1.870s] -- Up-to-date: /home/skola/ros2_ws/install/tutorial_interfaces/include/tutorial_interfaces/srv
[1.870s] -- Up-to-date: /home/skola/ros2_ws/install/tutorial_interfaces/include/tutorial_interfaces/srv/detail
[1.870s] -- Up-to-date: /home/skola/ros2_ws/install/tutorial_interfaces/include/tutorial_interfaces/srv/detail/add_three_ints__rosidl_typesupport_fastrtps_c.h
[1.870s] -- Up-to-date: /home/skola/ros2_ws/install/tutorial_interfaces/include/tutorial_interfaces/msg
[1.870s] -- Up-to-date: /home/skola/ros2_ws/install/tutorial_interfaces/include/tutorial_interfaces/msg/detail
[1.870s] -- Up-to-date: /home/skola/ros2_ws/install/tutorial_interfaces/include/tutorial_interfaces/msg/detail/num__rosidl_typesupport_fastrtps_c.h
[1.870s] -- Up-to-date: /home/skola/ros2_ws/install/tutorial_interfaces/include/tutorial_interfaces/msg/rosidl_typesupport_fastrtps_c__visibility_control.h
[1.871s] -- Installing: /home/skola/ros2_ws/install/tutorial_interfaces/lib/libtutorial_interfaces__rosidl_typesupport_fastrtps_c.so
[1.871s] -- Set runtime path of "/home/skola/ros2_ws/install/tutorial_interfaces/lib/libtutorial_interfaces__rosidl_typesupport_fastrtps_c.so" to ""
[1.871s] -- Up-to-date: /home/skola/ros2_ws/install/tutorial_interfaces/include/tutorial_interfaces
[1.871s] -- Up-to-date: /home/skola/ros2_ws/install/tutorial_interfaces/include/tutorial_interfaces/srv
[1.871s] -- Up-to-date: /home/skola/ros2_ws/install/tutorial_interfaces/include/tutorial_interfaces/srv/detail
[1.871s] -- Up-to-date: /home/skola/ros2_ws/install/tutorial_interfaces/include/tutorial_interfaces/srv/detail/dds_fastrtps
[1.871s] -- Up-to-date: /home/skola/ros2_ws/install/tutorial_interfaces/include/tutorial_interfaces/srv/detail/add_three_ints__rosidl_typesupport_fastrtps_cpp.hpp
[1.871s] -- Up-to-date: /home/skola/ros2_ws/install/tutorial_interfaces/include/tutorial_interfaces/msg
[1.871s] -- Up-to-date: /home/skola/ros2_ws/install/tutorial_interfaces/include/tutorial_interfaces/msg/detail
[1.871s] -- Up-to-date: /home/skola/ros2_ws/install/tutorial_interfaces/include/tutorial_interfaces/msg/detail/dds_fastrtps
[1.871s] -- Up-to-date: /home/skola/ros2_ws/install/tutorial_interfaces/include/tutorial_interfaces/msg/detail/num__rosidl_typesupport_fastrtps_cpp.hpp
[1.871s] -- Up-to-date: /home/skola/ros2_ws/install/tutorial_interfaces/include/tutorial_interfaces/msg/rosidl_typesupport_fastrtps_cpp__visibility_control.h
[1.872s] -- Up-to-date: /home/skola/ros2_ws/install/tutorial_interfaces/lib/libtutorial_interfaces__rosidl_typesupport_fastrtps_cpp.so
[1.873s] -- Up-to-date: /home/skola/ros2_ws/install/tutorial_interfaces/include/tutorial_interfaces
[1.873s] -- Up-to-date: /home/skola/ros2_ws/install/tutorial_interfaces/include/tutorial_interfaces/srv
[1.873s] -- Up-to-date: /home/skola/ros2_ws/install/tutorial_interfaces/include/tutorial_interfaces/srv/detail
[1.873s] -- Up-to-date: /home/skola/ros2_ws/install/tutorial_interfaces/include/tutorial_interfaces/srv/detail/add_three_ints__type_support.c
[1.873s] -- Up-to-date: /home/skola/ros2_ws/install/tutorial_interfaces/include/tutorial_interfaces/srv/detail/add_three_ints__rosidl_typesupport_introspection_c.h
[1.873s] -- Up-to-date: /home/skola/ros2_ws/install/tutorial_interfaces/include/tutorial_interfaces/msg
[1.873s] -- Up-to-date: /home/skola/ros2_ws/install/tutorial_interfaces/include/tutorial_interfaces/msg/rosidl_typesupport_introspection_c__visibility_control.h
[1.873s] -- Up-to-date: /home/skola/ros2_ws/install/tutorial_interfaces/include/tutorial_interfaces/msg/detail
[1.873s] -- Up-to-date: /home/skola/ros2_ws/install/tutorial_interfaces/include/tutorial_interfaces/msg/detail/num__type_support.c
[1.873s] -- Up-to-date: /home/skola/ros2_ws/install/tutorial_interfaces/include/tutorial_interfaces/msg/detail/num__rosidl_typesupport_introspection_c.h
[1.874s] -- Installing: /home/skola/ros2_ws/install/tutorial_interfaces/lib/libtutorial_interfaces__rosidl_typesupport_introspection_c.so
[1.874s] -- Set runtime path of "/home/skola/ros2_ws/install/tutorial_interfaces/lib/libtutorial_interfaces__rosidl_typesupport_introspection_c.so" to ""
[1.875s] -- Up-to-date: /home/skola/ros2_ws/install/tutorial_interfaces/lib/libtutorial_interfaces__rosidl_typesupport_c.so
[1.875s] -- Up-to-date: /home/skola/ros2_ws/install/tutorial_interfaces/include/tutorial_interfaces
[1.875s] -- Up-to-date: /home/skola/ros2_ws/install/tutorial_interfaces/include/tutorial_interfaces/srv
[1.876s] -- Up-to-date: /home/skola/ros2_ws/install/tutorial_interfaces/include/tutorial_interfaces/srv/add_three_ints.hpp
[1.876s] -- Up-to-date: /home/skola/ros2_ws/install/tutorial_interfaces/include/tutorial_interfaces/srv/detail
[1.876s] -- Up-to-date: /home/skola/ros2_ws/install/tutorial_interfaces/include/tutorial_interfaces/srv/detail/add_three_ints__struct.hpp
[1.876s] -- Up-to-date: /home/skola/ros2_ws/install/tutorial_interfaces/include/tutorial_interfaces/srv/detail/add_three_ints__traits.hpp
[1.876s] -- Up-to-date: /home/skola/ros2_ws/install/tutorial_interfaces/include/tutorial_interfaces/srv/detail/add_three_ints__builder.hpp
[1.876s] -- Up-to-date: /home/skola/ros2_ws/install/tutorial_interfaces/include/tutorial_interfaces/msg
[1.876s] -- Up-to-date: /home/skola/ros2_ws/install/tutorial_interfaces/include/tutorial_interfaces/msg/num.hpp
[1.876s] -- Up-to-date: /home/skola/ros2_ws/install/tutorial_interfaces/include/tutorial_interfaces/msg/detail
[1.876s] -- Up-to-date: /home/skola/ros2_ws/install/tutorial_interfaces/include/tutorial_interfaces/msg/detail/num__struct.hpp
[1.876s] -- Up-to-date: /home/skola/ros2_ws/install/tutorial_interfaces/include/tutorial_interfaces/msg/detail/num__builder.hpp
[1.876s] -- Up-to-date: /home/skola/ros2_ws/install/tutorial_interfaces/include/tutorial_interfaces/msg/detail/num__traits.hpp
[1.876s] -- Up-to-date: /home/skola/ros2_ws/install/tutorial_interfaces/include/tutorial_interfaces
[1.876s] -- Up-to-date: /home/skola/ros2_ws/install/tutorial_interfaces/include/tutorial_interfaces/srv
[1.876s] -- Up-to-date: /home/skola/ros2_ws/install/tutorial_interfaces/include/tutorial_interfaces/srv/detail
[1.876s] -- Up-to-date: /home/skola/ros2_ws/install/tutorial_interfaces/include/tutorial_interfaces/srv/detail/add_three_ints__rosidl_typesupport_introspection_cpp.hpp
[1.876s] -- Up-to-date: /home/skola/ros2_ws/install/tutorial_interfaces/include/tutorial_interfaces/srv/detail/add_three_ints__type_support.cpp
[1.876s] -- Up-to-date: /home/skola/ros2_ws/install/tutorial_interfaces/include/tutorial_interfaces/msg
[1.876s] -- Up-to-date: /home/skola/ros2_ws/install/tutorial_interfaces/include/tutorial_interfaces/msg/detail
[1.876s] -- Up-to-date: /home/skola/ros2_ws/install/tutorial_interfaces/include/tutorial_interfaces/msg/detail/num__rosidl_typesupport_introspection_cpp.hpp
[1.876s] -- Up-to-date: /home/skola/ros2_ws/install/tutorial_interfaces/include/tutorial_interfaces/msg/detail/num__type_support.cpp
[1.877s] -- Up-to-date: /home/skola/ros2_ws/install/tutorial_interfaces/lib/libtutorial_interfaces__rosidl_typesupport_introspection_cpp.so
[1.878s] -- Up-to-date: /home/skola/ros2_ws/install/tutorial_interfaces/lib/libtutorial_interfaces__rosidl_typesupport_cpp.so
[1.878s] -- Up-to-date: /home/skola/ros2_ws/install/tutorial_interfaces/share/tutorial_interfaces/environment/pythonpath.sh
[1.878s] -- Installing: /home/skola/ros2_ws/install/tutorial_interfaces/share/tutorial_interfaces/environment/pythonpath.dsv
[1.879s] -- Installing: /home/skola/ros2_ws/install/tutorial_interfaces/lib/python3.8/site-packages/tutorial_interfaces/__init__.py
[1.903s] Compiling '/home/skola/ros2_ws/install/tutorial_interfaces/lib/python3.8/site-packages/tutorial_interfaces/__init__.py'...
[1.906s] -- Up-to-date: /home/skola/ros2_ws/install/tutorial_interfaces/lib/python3.8/site-packages/tutorial_interfaces/msg
[1.906s] -- Up-to-date: /home/skola/ros2_ws/install/tutorial_interfaces/lib/python3.8/site-packages/tutorial_interfaces/msg/_num_s.c
[1.906s] -- Up-to-date: /home/skola/ros2_ws/install/tutorial_interfaces/lib/python3.8/site-packages/tutorial_interfaces/msg/_num.py
[1.907s] -- Up-to-date: /home/skola/ros2_ws/install/tutorial_interfaces/lib/python3.8/site-packages/tutorial_interfaces/msg/__init__.py
[1.908s] -- Up-to-date: /home/skola/ros2_ws/install/tutorial_interfaces/lib/python3.8/site-packages/tutorial_interfaces/srv
[1.908s] -- Up-to-date: /home/skola/ros2_ws/install/tutorial_interfaces/lib/python3.8/site-packages/tutorial_interfaces/srv/_add_three_ints_s.c
[1.908s] -- Up-to-date: /home/skola/ros2_ws/install/tutorial_interfaces/lib/python3.8/site-packages/tutorial_interfaces/srv/__init__.py
[1.908s] -- Up-to-date: /home/skola/ros2_ws/install/tutorial_interfaces/lib/python3.8/site-packages/tutorial_interfaces/srv/_add_three_ints.py
[1.909s] -- Installing: /home/skola/ros2_ws/install/tutorial_interfaces/lib/python3.8/site-packages/tutorial_interfaces/tutorial_interfaces_s__rosidl_typesupport_fastrtps_c.cpython-38-x86_64-linux-gnu.so
[1.909s] -- Set runtime path of "/home/skola/ros2_ws/install/tutorial_interfaces/lib/python3.8/site-packages/tutorial_interfaces/tutorial_interfaces_s__rosidl_typesupport_fastrtps_c.cpython-38-x86_64-linux-gnu.so" to ""
[1.911s] -- Installing: /home/skola/ros2_ws/install/tutorial_interfaces/lib/python3.8/site-packages/tutorial_interfaces/tutorial_interfaces_s__rosidl_typesupport_introspection_c.cpython-38-x86_64-linux-gnu.so
[1.911s] -- Set runtime path of "/home/skola/ros2_ws/install/tutorial_interfaces/lib/python3.8/site-packages/tutorial_interfaces/tutorial_interfaces_s__rosidl_typesupport_introspection_c.cpython-38-x86_64-linux-gnu.so" to ""
[1.913s] -- Installing: /home/skola/ros2_ws/install/tutorial_interfaces/lib/python3.8/site-packages/tutorial_interfaces/tutorial_interfaces_s__rosidl_typesupport_c.cpython-38-x86_64-linux-gnu.so
[1.913s] -- Set runtime path of "/home/skola/ros2_ws/install/tutorial_interfaces/lib/python3.8/site-packages/tutorial_interfaces/tutorial_interfaces_s__rosidl_typesupport_c.cpython-38-x86_64-linux-gnu.so" to ""
[1.914s] -- Installing: /home/skola/ros2_ws/install/tutorial_interfaces/lib/libtutorial_interfaces__python.so
[1.914s] -- Set runtime path of "/home/skola/ros2_ws/install/tutorial_interfaces/lib/libtutorial_interfaces__python.so" to ""
[1.915s] -- Up-to-date: /home/skola/ros2_ws/install/tutorial_interfaces/share/tutorial_interfaces/msg/Num.idl
[1.915s] -- Up-to-date: /home/skola/ros2_ws/install/tutorial_interfaces/share/tutorial_interfaces/srv/AddThreeInts.idl
[1.916s] -- Up-to-date: /home/skola/ros2_ws/install/tutorial_interfaces/share/tutorial_interfaces/msg/Num.msg
[1.916s] -- Up-to-date: /home/skola/ros2_ws/install/tutorial_interfaces/share/tutorial_interfaces/srv/AddThreeInts.srv
[1.916s] -- Up-to-date: /home/skola/ros2_ws/install/tutorial_interfaces/share/tutorial_interfaces/srv/AddThreeInts_Request.msg
[1.916s] -- Up-to-date: /home/skola/ros2_ws/install/tutorial_interfaces/share/tutorial_interfaces/srv/AddThreeInts_Response.msg
[1.916s] -- Up-to-date: /home/skola/ros2_ws/install/tutorial_interfaces/share/ament_index/resource_index/package_run_dependencies/tutorial_interfaces
[1.917s] -- Up-to-date: /home/skola/ros2_ws/install/tutorial_interfaces/share/ament_index/resource_index/parent_prefix_path/tutorial_interfaces
[1.917s] -- Up-to-date: /home/skola/ros2_ws/install/tutorial_interfaces/share/tutorial_interfaces/environment/ament_prefix_path.sh
[1.917s] -- Installing: /home/skola/ros2_ws/install/tutorial_interfaces/share/tutorial_interfaces/environment/ament_prefix_path.dsv
[1.917s] -- Up-to-date: /home/skola/ros2_ws/install/tutorial_interfaces/share/tutorial_interfaces/environment/path.sh
[1.917s] -- Installing: /home/skola/ros2_ws/install/tutorial_interfaces/share/tutorial_interfaces/environment/path.dsv
[1.917s] -- Up-to-date: /home/skola/ros2_ws/install/tutorial_interfaces/share/tutorial_interfaces/local_setup.bash
[1.917s] -- Up-to-date: /home/skola/ros2_ws/install/tutorial_interfaces/share/tutorial_interfaces/local_setup.sh
[1.917s] -- Up-to-date: /home/skola/ros2_ws/install/tutorial_interfaces/share/tutorial_interfaces/local_setup.zsh
[1.917s] -- Installing: /home/skola/ros2_ws/install/tutorial_interfaces/share/tutorial_interfaces/local_setup.dsv
[1.917s] -- Installing: /home/skola/ros2_ws/install/tutorial_interfaces/share/tutorial_interfaces/package.dsv
[1.917s] -- Up-to-date: /home/skola/ros2_ws/install/tutorial_interfaces/share/ament_index/resource_index/packages/tutorial_interfaces
[1.918s] -- Up-to-date: /home/skola/ros2_ws/install/tutorial_interfaces/share/tutorial_interfaces/cmake/tutorial_interfaces__rosidl_generator_cExport.cmake
[1.918s] -- Installing: /home/skola/ros2_ws/install/tutorial_interfaces/share/tutorial_interfaces/cmake/tutorial_interfaces__rosidl_generator_cExport-noconfig.cmake
[1.919s] -- Up-to-date: /home/skola/ros2_ws/install/tutorial_interfaces/share/tutorial_interfaces/cmake/tutorial_interfaces__rosidl_typesupport_introspection_cExport.cmake
[1.919s] -- Installing: /home/skola/ros2_ws/install/tutorial_interfaces/share/tutorial_interfaces/cmake/tutorial_interfaces__rosidl_typesupport_introspection_cExport-noconfig.cmake
[1.919s] -- Up-to-date: /home/skola/ros2_ws/install/tutorial_interfaces/share/tutorial_interfaces/cmake/tutorial_interfaces__rosidl_typesupport_cExport.cmake
[1.920s] -- Installing: /home/skola/ros2_ws/install/tutorial_interfaces/share/tutorial_interfaces/cmake/tutorial_interfaces__rosidl_typesupport_cExport-noconfig.cmake
[1.920s] -- Up-to-date: /home/skola/ros2_ws/install/tutorial_interfaces/share/tutorial_interfaces/cmake/tutorial_interfaces__rosidl_generator_cppExport.cmake
[1.920s] -- Up-to-date: /home/skola/ros2_ws/install/tutorial_interfaces/share/tutorial_interfaces/cmake/tutorial_interfaces__rosidl_typesupport_introspection_cppExport.cmake
[1.920s] -- Installing: /home/skola/ros2_ws/install/tutorial_interfaces/share/tutorial_interfaces/cmake/tutorial_interfaces__rosidl_typesupport_introspection_cppExport-noconfig.cmake
[1.921s] -- Up-to-date: /home/skola/ros2_ws/install/tutorial_interfaces/share/tutorial_interfaces/cmake/tutorial_interfaces__rosidl_typesupport_cppExport.cmake
[1.921s] -- Installing: /home/skola/ros2_ws/install/tutorial_interfaces/share/tutorial_interfaces/cmake/tutorial_interfaces__rosidl_typesupport_cppExport-noconfig.cmake
[1.921s] -- Up-to-date: /home/skola/ros2_ws/install/tutorial_interfaces/share/tutorial_interfaces/cmake/rosidl_cmake-extras.cmake
[1.921s] -- Up-to-date: /home/skola/ros2_ws/install/tutorial_interfaces/share/tutorial_interfaces/cmake/ament_cmake_export_dependencies-extras.cmake
[1.921s] -- Up-to-date: /home/skola/ros2_ws/install/tutorial_interfaces/share/tutorial_interfaces/cmake/ament_cmake_export_libraries-extras.cmake
[1.921s] -- Up-to-date: /home/skola/ros2_ws/install/tutorial_interfaces/share/tutorial_interfaces/cmake/ament_cmake_export_targets-extras.cmake
[1.921s] -- Up-to-date: /home/skola/ros2_ws/install/tutorial_interfaces/share/tutorial_interfaces/cmake/ament_cmake_export_include_directories-extras.cmake
[1.921s] -- Up-to-date: /home/skola/ros2_ws/install/tutorial_interfaces/share/tutorial_interfaces/cmake/rosidl_cmake_export_typesupport_libraries-extras.cmake
[1.922s] -- Up-to-date: /home/skola/ros2_ws/install/tutorial_interfaces/share/tutorial_interfaces/cmake/rosidl_cmake_export_typesupport_targets-extras.cmake
[1.922s] -- Up-to-date: /home/skola/ros2_ws/install/tutorial_interfaces/share/tutorial_interfaces/cmake/tutorial_interfacesConfig.cmake
[1.922s] -- Up-to-date: /home/skola/ros2_ws/install/tutorial_interfaces/share/tutorial_interfaces/cmake/tutorial_interfacesConfig-version.cmake
[1.922s] -- Up-to-date: /home/skola/ros2_ws/install/tutorial_interfaces/share/tutorial_interfaces/package.xml
[1.924s] Invoked command in '/home/skola/ros2_ws/build/tutorial_interfaces' returned '0': CMAKE_PREFIX_PATH=/opt/ros/foxy /usr/bin/cmake --install /home/skola/ros2_ws/build/tutorial_interfaces
