[0.067s] Invoking command in '/home/skola/ros2_ws/build/cpp_srvcli': CMAKE_PREFIX_PATH=${CMAKE_PREFIX_PATH}:/opt/ros/foxy /usr/bin/cmake /home/skola/ros2_ws/src/cpp_srvcli -DCMAKE_INSTALL_PREFIX=/home/skola/ros2_ws/install/cpp_srvcli
[0.115s] -- Found ament_cmake: 0.9.9 (/opt/ros/foxy/share/ament_cmake/cmake)
[0.127s] -- Using PYTHON_EXECUTABLE: /usr/bin/python3
[0.384s] -- Found rclcpp: 2.4.0 (/opt/ros/foxy/share/rclcpp/cmake)
[0.441s] -- Using all available rosidl_typesupport_c: rosidl_typesupport_fastrtps_c;rosidl_typesupport_introspection_c
[0.448s] -- Found rosidl_adapter: 1.2.1 (/opt/ros/foxy/share/rosidl_adapter/cmake)
[0.599s] -- Using all available rosidl_typesupport_cpp: rosidl_typesupport_fastrtps_cpp;rosidl_typesupport_introspection_cpp
[0.648s] -- Found rmw_implementation_cmake: 1.0.3 (/opt/ros/foxy/share/rmw_implementation_cmake/cmake)
[0.650s] -- Using RMW implementation 'rmw_fastrtps_cpp' as default
[0.858s] -- Found example_interfaces: 0.9.1 (/opt/ros/foxy/share/example_interfaces/cmake)
[1.065s] -- Found ament_lint_auto: 0.9.6 (/opt/ros/foxy/share/ament_lint_auto/cmake)
[1.203s] -- Added test 'copyright' to check source files copyright and LICENSE
[1.205s] -- Added test 'cppcheck' to perform static code analysis on C / C++ code
[1.205s] -- Configured cppcheck include dirs: 
[1.205s] -- Configured cppcheck exclude dirs and/or files: 
[1.207s] -- Added test 'cpplint' to check C / C++ code against the Google style
[1.207s] -- Configured cpplint exclude dirs and/or files: 
[1.209s] -- Added test 'lint_cmake' to check CMake code style
[1.212s] -- Added test 'uncrustify' to check C / C++ code style
[1.212s] -- Configured uncrustify additional arguments: 
[1.214s] -- Added test 'xmllint' to check XML markup files
[1.219s] -- Configuring done
[1.233s] -- Generating done
[1.235s] -- Build files have been written to: /home/skola/ros2_ws/build/cpp_srvcli
[1.245s] Invoked command in '/home/skola/ros2_ws/build/cpp_srvcli' returned '0': CMAKE_PREFIX_PATH=${CMAKE_PREFIX_PATH}:/opt/ros/foxy /usr/bin/cmake /home/skola/ros2_ws/src/cpp_srvcli -DCMAKE_INSTALL_PREFIX=/home/skola/ros2_ws/install/cpp_srvcli
[1.252s] Invoking command in '/home/skola/ros2_ws/build/cpp_srvcli': CMAKE_PREFIX_PATH=${CMAKE_PREFIX_PATH}:/opt/ros/foxy /usr/bin/cmake --build /home/skola/ros2_ws/build/cpp_srvcli -- -j8 -l8
[1.309s] [35m[1mScanning dependencies of target server[0m
[1.361s] [ 50%] [32mBuilding CXX object CMakeFiles/server.dir/src/add_two_ints_server.cpp.o[0m
[3.500s] [100%] [32m[1mLinking CXX executable server[0m
[3.772s] [100%] Built target server
[3.793s] Invoked command in '/home/skola/ros2_ws/build/cpp_srvcli' returned '0': CMAKE_PREFIX_PATH=${CMAKE_PREFIX_PATH}:/opt/ros/foxy /usr/bin/cmake --build /home/skola/ros2_ws/build/cpp_srvcli -- -j8 -l8
[3.830s] Invoking command in '/home/skola/ros2_ws/build/cpp_srvcli': CMAKE_PREFIX_PATH=${CMAKE_PREFIX_PATH}:/opt/ros/foxy /usr/bin/cmake --install /home/skola/ros2_ws/build/cpp_srvcli
[3.842s] -- Install configuration: ""
[3.842s] -- Installing: /home/skola/ros2_ws/install/cpp_srvcli/share/ament_index/resource_index/package_run_dependencies/cpp_srvcli
[3.843s] -- Installing: /home/skola/ros2_ws/install/cpp_srvcli/share/ament_index/resource_index/parent_prefix_path/cpp_srvcli
[3.843s] -- Installing: /home/skola/ros2_ws/install/cpp_srvcli/share/cpp_srvcli/environment/ament_prefix_path.sh
[3.843s] -- Installing: /home/skola/ros2_ws/install/cpp_srvcli/share/cpp_srvcli/environment/ament_prefix_path.dsv
[3.843s] -- Installing: /home/skola/ros2_ws/install/cpp_srvcli/share/cpp_srvcli/environment/path.sh
[3.844s] -- Installing: /home/skola/ros2_ws/install/cpp_srvcli/share/cpp_srvcli/environment/path.dsv
[3.844s] -- Installing: /home/skola/ros2_ws/install/cpp_srvcli/share/cpp_srvcli/local_setup.bash
[3.845s] -- Installing: /home/skola/ros2_ws/install/cpp_srvcli/share/cpp_srvcli/local_setup.sh
[3.845s] -- Installing: /home/skola/ros2_ws/install/cpp_srvcli/share/cpp_srvcli/local_setup.zsh
[3.845s] -- Installing: /home/skola/ros2_ws/install/cpp_srvcli/share/cpp_srvcli/local_setup.dsv
[3.845s] -- Installing: /home/skola/ros2_ws/install/cpp_srvcli/share/cpp_srvcli/package.dsv
[3.845s] -- Installing: /home/skola/ros2_ws/install/cpp_srvcli/share/ament_index/resource_index/packages/cpp_srvcli
[3.845s] -- Installing: /home/skola/ros2_ws/install/cpp_srvcli/share/cpp_srvcli/cmake/cpp_srvcliConfig.cmake
[3.845s] -- Installing: /home/skola/ros2_ws/install/cpp_srvcli/share/cpp_srvcli/cmake/cpp_srvcliConfig-version.cmake
[3.845s] -- Installing: /home/skola/ros2_ws/install/cpp_srvcli/share/cpp_srvcli/package.xml
[3.849s] Invoked command in '/home/skola/ros2_ws/build/cpp_srvcli' returned '0': CMAKE_PREFIX_PATH=${CMAKE_PREFIX_PATH}:/opt/ros/foxy /usr/bin/cmake --install /home/skola/ros2_ws/build/cpp_srvcli
