[0.101s] Invoking command in '/home/skola/ros2_ws/build/my_package': CMAKE_PREFIX_PATH=${CMAKE_PREFIX_PATH}:/opt/ros/foxy /usr/bin/cmake --build /home/skola/ros2_ws/build/my_package -- -j8 -l8
[0.275s] [100%] Built target my_node
[0.309s] Invoked command in '/home/skola/ros2_ws/build/my_package' returned '0': CMAKE_PREFIX_PATH=${CMAKE_PREFIX_PATH}:/opt/ros/foxy /usr/bin/cmake --build /home/skola/ros2_ws/build/my_package -- -j8 -l8
[0.409s] Invoking command in '/home/skola/ros2_ws/build/my_package': CMAKE_PREFIX_PATH=${CMAKE_PREFIX_PATH}:/opt/ros/foxy /usr/bin/cmake --install /home/skola/ros2_ws/build/my_package
[0.433s] -- Install configuration: ""
[0.433s] -- Up-to-date: /home/skola/ros2_ws/install/my_package/lib/my_package/my_node
[0.435s] -- Up-to-date: /home/skola/ros2_ws/install/my_package/share/ament_index/resource_index/package_run_dependencies/my_package
[0.435s] -- Up-to-date: /home/skola/ros2_ws/install/my_package/share/ament_index/resource_index/parent_prefix_path/my_package
[0.436s] -- Up-to-date: /home/skola/ros2_ws/install/my_package/share/my_package/environment/ament_prefix_path.sh
[0.437s] -- Up-to-date: /home/skola/ros2_ws/install/my_package/share/my_package/environment/ament_prefix_path.dsv
[0.437s] -- Up-to-date: /home/skola/ros2_ws/install/my_package/share/my_package/environment/path.sh
[0.437s] -- Up-to-date: /home/skola/ros2_ws/install/my_package/share/my_package/environment/path.dsv
[0.437s] -- Up-to-date: /home/skola/ros2_ws/install/my_package/share/my_package/local_setup.bash
[0.437s] -- Up-to-date: /home/skola/ros2_ws/install/my_package/share/my_package/local_setup.sh
[0.437s] -- Up-to-date: /home/skola/ros2_ws/install/my_package/share/my_package/local_setup.zsh
[0.438s] -- Up-to-date: /home/skola/ros2_ws/install/my_package/share/my_package/local_setup.dsv
[0.438s] -- Installing: /home/skola/ros2_ws/install/my_package/share/my_package/package.dsv
[0.438s] -- Up-to-date: /home/skola/ros2_ws/install/my_package/share/ament_index/resource_index/packages/my_package
[0.443s] -- Up-to-date: /home/skola/ros2_ws/install/my_package/share/my_package/cmake/my_packageConfig.cmake
[0.444s] -- Up-to-date: /home/skola/ros2_ws/install/my_package/share/my_package/cmake/my_packageConfig-version.cmake
[0.444s] -- Up-to-date: /home/skola/ros2_ws/install/my_package/share/my_package/package.xml
[0.446s] Invoked command in '/home/skola/ros2_ws/build/my_package' returned '0': CMAKE_PREFIX_PATH=${CMAKE_PREFIX_PATH}:/opt/ros/foxy /usr/bin/cmake --install /home/skola/ros2_ws/build/my_package
