[0.038s] Invoking command in '/home/skola/ros2_ws/build/sublisher': CMAKE_PREFIX_PATH=/opt/ros/foxy /usr/bin/cmake --build /home/skola/ros2_ws/build/sublisher -- -j8 -l8
[0.096s] [35m[1mScanning dependencies of target param_sub[0m
[0.124s] [ 25%] Built target subber
[0.125s] [ 50%] Built target pubber
[0.133s] [ 62%] [32mBuilding CXX object CMakeFiles/param_sub.dir/src/param_sub.cpp.o[0m
[0.142s] [ 87%] Built target param_pub
[3.349s] [100%] [32m[1mLinking CXX executable param_sub[0m
[3.499s] [100%] Built target param_sub
[3.507s] Invoked command in '/home/skola/ros2_ws/build/sublisher' returned '0': CMAKE_PREFIX_PATH=/opt/ros/foxy /usr/bin/cmake --build /home/skola/ros2_ws/build/sublisher -- -j8 -l8
[3.535s] Invoking command in '/home/skola/ros2_ws/build/sublisher': CMAKE_PREFIX_PATH=/opt/ros/foxy /usr/bin/cmake --install /home/skola/ros2_ws/build/sublisher
[3.541s] -- Install configuration: ""
[3.542s] -- Up-to-date: /home/skola/ros2_ws/install/sublisher/lib/sublisher/pubber
[3.542s] -- Up-to-date: /home/skola/ros2_ws/install/sublisher/lib/sublisher/subber
[3.542s] -- Up-to-date: /home/skola/ros2_ws/install/sublisher/lib/sublisher/param_pub
[3.542s] -- Installing: /home/skola/ros2_ws/install/sublisher/lib/sublisher/param_sub
[3.544s] -- Set runtime path of "/home/skola/ros2_ws/install/sublisher/lib/sublisher/param_sub" to ""
[3.544s] -- Up-to-date: /home/skola/ros2_ws/install/sublisher/share/ament_index/resource_index/package_run_dependencies/sublisher
[3.544s] -- Up-to-date: /home/skola/ros2_ws/install/sublisher/share/ament_index/resource_index/parent_prefix_path/sublisher
[3.544s] -- Up-to-date: /home/skola/ros2_ws/install/sublisher/share/sublisher/environment/ament_prefix_path.sh
[3.545s] -- Up-to-date: /home/skola/ros2_ws/install/sublisher/share/sublisher/environment/ament_prefix_path.dsv
[3.545s] -- Up-to-date: /home/skola/ros2_ws/install/sublisher/share/sublisher/environment/path.sh
[3.545s] -- Up-to-date: /home/skola/ros2_ws/install/sublisher/share/sublisher/environment/path.dsv
[3.545s] -- Up-to-date: /home/skola/ros2_ws/install/sublisher/share/sublisher/local_setup.bash
[3.545s] -- Up-to-date: /home/skola/ros2_ws/install/sublisher/share/sublisher/local_setup.sh
[3.545s] -- Up-to-date: /home/skola/ros2_ws/install/sublisher/share/sublisher/local_setup.zsh
[3.545s] -- Up-to-date: /home/skola/ros2_ws/install/sublisher/share/sublisher/local_setup.dsv
[3.545s] -- Installing: /home/skola/ros2_ws/install/sublisher/share/sublisher/package.dsv
[3.545s] -- Up-to-date: /home/skola/ros2_ws/install/sublisher/share/ament_index/resource_index/packages/sublisher
[3.545s] -- Up-to-date: /home/skola/ros2_ws/install/sublisher/share/sublisher/cmake/sublisherConfig.cmake
[3.545s] -- Up-to-date: /home/skola/ros2_ws/install/sublisher/share/sublisher/cmake/sublisherConfig-version.cmake
[3.545s] -- Up-to-date: /home/skola/ros2_ws/install/sublisher/share/sublisher/package.xml
[3.547s] Invoked command in '/home/skola/ros2_ws/build/sublisher' returned '0': CMAKE_PREFIX_PATH=/opt/ros/foxy /usr/bin/cmake --install /home/skola/ros2_ws/build/sublisher
