[0.090s] Invoking command in '/home/skola/ros2_ws/build/cpp_pubsub': CMAKE_PREFIX_PATH=${CMAKE_PREFIX_PATH}:/opt/ros/foxy /usr/bin/cmake --build /home/skola/ros2_ws/build/cpp_pubsub -- -j8 -l8
[0.239s] [ 50%] Built target listener
[0.246s] [100%] Built target talker
[0.307s] Invoked command in '/home/skola/ros2_ws/build/cpp_pubsub' returned '0': CMAKE_PREFIX_PATH=${CMAKE_PREFIX_PATH}:/opt/ros/foxy /usr/bin/cmake --build /home/skola/ros2_ws/build/cpp_pubsub -- -j8 -l8
[0.409s] Invoking command in '/home/skola/ros2_ws/build/cpp_pubsub': CMAKE_PREFIX_PATH=${CMAKE_PREFIX_PATH}:/opt/ros/foxy /usr/bin/cmake --install /home/skola/ros2_ws/build/cpp_pubsub
[0.422s] -- Install configuration: ""
[0.423s] -- Up-to-date: /home/skola/ros2_ws/install/cpp_pubsub/lib/cpp_pubsub/talker
[0.424s] -- Up-to-date: /home/skola/ros2_ws/install/cpp_pubsub/lib/cpp_pubsub/listener
[0.426s] -- Up-to-date: /home/skola/ros2_ws/install/cpp_pubsub/share/ament_index/resource_index/package_run_dependencies/cpp_pubsub
[0.426s] -- Up-to-date: /home/skola/ros2_ws/install/cpp_pubsub/share/ament_index/resource_index/parent_prefix_path/cpp_pubsub
[0.427s] -- Up-to-date: /home/skola/ros2_ws/install/cpp_pubsub/share/cpp_pubsub/environment/ament_prefix_path.sh
[0.427s] -- Up-to-date: /home/skola/ros2_ws/install/cpp_pubsub/share/cpp_pubsub/environment/ament_prefix_path.dsv
[0.428s] -- Up-to-date: /home/skola/ros2_ws/install/cpp_pubsub/share/cpp_pubsub/environment/path.sh
[0.430s] -- Up-to-date: /home/skola/ros2_ws/install/cpp_pubsub/share/cpp_pubsub/environment/path.dsv
[0.430s] -- Up-to-date: /home/skola/ros2_ws/install/cpp_pubsub/share/cpp_pubsub/local_setup.bash
[0.430s] -- Up-to-date: /home/skola/ros2_ws/install/cpp_pubsub/share/cpp_pubsub/local_setup.sh
[0.430s] -- Up-to-date: /home/skola/ros2_ws/install/cpp_pubsub/share/cpp_pubsub/local_setup.zsh
[0.431s] -- Up-to-date: /home/skola/ros2_ws/install/cpp_pubsub/share/cpp_pubsub/local_setup.dsv
[0.431s] -- Installing: /home/skola/ros2_ws/install/cpp_pubsub/share/cpp_pubsub/package.dsv
[0.432s] -- Up-to-date: /home/skola/ros2_ws/install/cpp_pubsub/share/ament_index/resource_index/packages/cpp_pubsub
[0.432s] -- Up-to-date: /home/skola/ros2_ws/install/cpp_pubsub/share/cpp_pubsub/cmake/cpp_pubsubConfig.cmake
[0.432s] -- Up-to-date: /home/skola/ros2_ws/install/cpp_pubsub/share/cpp_pubsub/cmake/cpp_pubsubConfig-version.cmake
[0.432s] -- Up-to-date: /home/skola/ros2_ws/install/cpp_pubsub/share/cpp_pubsub/package.xml
[0.440s] Invoked command in '/home/skola/ros2_ws/build/cpp_pubsub' returned '0': CMAKE_PREFIX_PATH=${CMAKE_PREFIX_PATH}:/opt/ros/foxy /usr/bin/cmake --install /home/skola/ros2_ws/build/cpp_pubsub
