[0.072s] Invoking command in '/home/skola/ros2_ws/build/cpp_pubsub': CMAKE_PREFIX_PATH=${CMAKE_PREFIX_PATH}:/opt/ros/foxy /usr/bin/cmake --build /home/skola/ros2_ws/build/cpp_pubsub -- -j8 -l8
[0.175s] [ 50%] Built target talker
[0.177s] [100%] Built target listener
[0.207s] Invoked command in '/home/skola/ros2_ws/build/cpp_pubsub' returned '0': CMAKE_PREFIX_PATH=${CMAKE_PREFIX_PATH}:/opt/ros/foxy /usr/bin/cmake --build /home/skola/ros2_ws/build/cpp_pubsub -- -j8 -l8
[0.279s] Invoking command in '/home/skola/ros2_ws/build/cpp_pubsub': CMAKE_PREFIX_PATH=${CMAKE_PREFIX_PATH}:/opt/ros/foxy /usr/bin/cmake --install /home/skola/ros2_ws/build/cpp_pubsub
[0.295s] -- Install configuration: ""
[0.296s] -- Up-to-date: /home/skola/ros2_ws/install/cpp_pubsub/lib/cpp_pubsub/talker
[0.297s] -- Up-to-date: /home/skola/ros2_ws/install/cpp_pubsub/lib/cpp_pubsub/listener
[0.299s] -- Up-to-date: /home/skola/ros2_ws/install/cpp_pubsub/share/ament_index/resource_index/package_run_dependencies/cpp_pubsub
[0.300s] -- Up-to-date: /home/skola/ros2_ws/install/cpp_pubsub/share/ament_index/resource_index/parent_prefix_path/cpp_pubsub
[0.300s] -- Up-to-date: /home/skola/ros2_ws/install/cpp_pubsub/share/cpp_pubsub/environment/ament_prefix_path.sh
[0.301s] -- Up-to-date: /home/skola/ros2_ws/install/cpp_pubsub/share/cpp_pubsub/environment/ament_prefix_path.dsv
[0.302s] -- Up-to-date: /home/skola/ros2_ws/install/cpp_pubsub/share/cpp_pubsub/environment/path.sh
[0.302s] -- Up-to-date: /home/skola/ros2_ws/install/cpp_pubsub/share/cpp_pubsub/environment/path.dsv
[0.302s] -- Up-to-date: /home/skola/ros2_ws/install/cpp_pubsub/share/cpp_pubsub/local_setup.bash
[0.303s] -- Up-to-date: /home/skola/ros2_ws/install/cpp_pubsub/share/cpp_pubsub/local_setup.sh
[0.303s] -- Up-to-date: /home/skola/ros2_ws/install/cpp_pubsub/share/cpp_pubsub/local_setup.zsh
[0.304s] -- Up-to-date: /home/skola/ros2_ws/install/cpp_pubsub/share/cpp_pubsub/local_setup.dsv
[0.304s] -- Installing: /home/skola/ros2_ws/install/cpp_pubsub/share/cpp_pubsub/package.dsv
[0.305s] -- Up-to-date: /home/skola/ros2_ws/install/cpp_pubsub/share/ament_index/resource_index/packages/cpp_pubsub
[0.305s] -- Up-to-date: /home/skola/ros2_ws/install/cpp_pubsub/share/cpp_pubsub/cmake/cpp_pubsubConfig.cmake
[0.305s] -- Up-to-date: /home/skola/ros2_ws/install/cpp_pubsub/share/cpp_pubsub/cmake/cpp_pubsubConfig-version.cmake
[0.306s] -- Up-to-date: /home/skola/ros2_ws/install/cpp_pubsub/share/cpp_pubsub/package.xml
[0.339s] Invoked command in '/home/skola/ros2_ws/build/cpp_pubsub' returned '0': CMAKE_PREFIX_PATH=${CMAKE_PREFIX_PATH}:/opt/ros/foxy /usr/bin/cmake --install /home/skola/ros2_ws/build/cpp_pubsub
