[0.167s] Invoking command in '/home/skola/ros2_ws/build/sublisher': CMAKE_PREFIX_PATH=${CMAKE_PREFIX_PATH}:/opt/ros/foxy /usr/bin/cmake --build /home/skola/ros2_ws/build/sublisher -- -j8 -l8
[0.338s] [35m[1mScanning dependencies of target param_sub[0m
[0.370s] [ 25%] Built target param_pub
[0.429s] [ 50%] Built target pubber
[0.433s] [ 75%] Built target subber
[0.469s] [ 87%] [32mBuilding CXX object CMakeFiles/param_sub.dir/src/param_sub.cpp.o[0m
[5.992s] [100%] [32m[1mLinking CXX executable param_sub[0m
[6.292s] [100%] Built target param_sub
[6.314s] Invoked command in '/home/skola/ros2_ws/build/sublisher' returned '0': CMAKE_PREFIX_PATH=${CMAKE_PREFIX_PATH}:/opt/ros/foxy /usr/bin/cmake --build /home/skola/ros2_ws/build/sublisher -- -j8 -l8
[6.370s] Invoking command in '/home/skola/ros2_ws/build/sublisher': CMAKE_PREFIX_PATH=${CMAKE_PREFIX_PATH}:/opt/ros/foxy /usr/bin/cmake --install /home/skola/ros2_ws/build/sublisher
[6.428s] -- Install configuration: ""
[6.432s] -- Up-to-date: /home/skola/ros2_ws/install/sublisher/lib/sublisher/pubber
[6.435s] -- Up-to-date: /home/skola/ros2_ws/install/sublisher/lib/sublisher/subber
[6.437s] -- Up-to-date: /home/skola/ros2_ws/install/sublisher/lib/sublisher/param_pub
[6.438s] -- Installing: /home/skola/ros2_ws/install/sublisher/lib/sublisher/param_sub
[6.442s] -- Set runtime path of "/home/skola/ros2_ws/install/sublisher/lib/sublisher/param_sub" to ""
[6.442s] -- Up-to-date: /home/skola/ros2_ws/install/sublisher/share/sublisher/launch
[6.442s] -- Installing: /home/skola/ros2_ws/install/sublisher/share/sublisher/launch/sublisher_launch.py
[6.443s] -- Up-to-date: /home/skola/ros2_ws/install/sublisher/share/ament_index/resource_index/package_run_dependencies/sublisher
[6.443s] -- Up-to-date: /home/skola/ros2_ws/install/sublisher/share/ament_index/resource_index/parent_prefix_path/sublisher
[6.443s] -- Up-to-date: /home/skola/ros2_ws/install/sublisher/share/sublisher/environment/ament_prefix_path.sh
[6.443s] -- Up-to-date: /home/skola/ros2_ws/install/sublisher/share/sublisher/environment/ament_prefix_path.dsv
[6.444s] -- Up-to-date: /home/skola/ros2_ws/install/sublisher/share/sublisher/environment/path.sh
[6.444s] -- Up-to-date: /home/skola/ros2_ws/install/sublisher/share/sublisher/environment/path.dsv
[6.444s] -- Up-to-date: /home/skola/ros2_ws/install/sublisher/share/sublisher/local_setup.bash
[6.444s] -- Up-to-date: /home/skola/ros2_ws/install/sublisher/share/sublisher/local_setup.sh
[6.444s] -- Up-to-date: /home/skola/ros2_ws/install/sublisher/share/sublisher/local_setup.zsh
[6.444s] -- Up-to-date: /home/skola/ros2_ws/install/sublisher/share/sublisher/local_setup.dsv
[6.444s] -- Installing: /home/skola/ros2_ws/install/sublisher/share/sublisher/package.dsv
[6.444s] -- Up-to-date: /home/skola/ros2_ws/install/sublisher/share/ament_index/resource_index/packages/sublisher
[6.445s] -- Up-to-date: /home/skola/ros2_ws/install/sublisher/share/sublisher/cmake/sublisherConfig.cmake
[6.445s] -- Up-to-date: /home/skola/ros2_ws/install/sublisher/share/sublisher/cmake/sublisherConfig-version.cmake
[6.445s] -- Up-to-date: /home/skola/ros2_ws/install/sublisher/share/sublisher/package.xml
[6.450s] Invoked command in '/home/skola/ros2_ws/build/sublisher' returned '0': CMAKE_PREFIX_PATH=${CMAKE_PREFIX_PATH}:/opt/ros/foxy /usr/bin/cmake --install /home/skola/ros2_ws/build/sublisher
