CMake Error at CMakeLists.txt:2 (project):
  project PROJECT called with incorrect number of arguments


CMake Warning at /opt/ros/foxy/share/rcutils/cmake/ament_cmake_export_libraries-extras.cmake:116 (message):
  Package 'rcutils' exports library 'dl' which couldn't be found
Call Stack (most recent call first):
  /opt/ros/foxy/share/rcutils/cmake/rcutilsConfig.cmake:41 (include)
  /opt/ros/foxy/share/rosidl_runtime_c/cmake/ament_cmake_export_dependencies-extras.cmake:21 (find_package)
  /opt/ros/foxy/share/rosidl_runtime_c/cmake/rosidl_runtime_cConfig.cmake:41 (include)
  /opt/ros/foxy/share/builtin_interfaces/cmake/ament_cmake_export_dependencies-extras.cmake:21 (find_package)
  /opt/ros/foxy/share/builtin_interfaces/cmake/builtin_interfacesConfig.cmake:41 (include)
  /opt/ros/foxy/share/rcl_interfaces/cmake/ament_cmake_export_dependencies-extras.cmake:21 (find_package)
  /opt/ros/foxy/share/rcl_interfaces/cmake/rcl_interfacesConfig.cmake:41 (include)
  /opt/ros/foxy/share/rcl/cmake/ament_cmake_export_dependencies-extras.cmake:21 (find_package)
  /opt/ros/foxy/share/rcl/cmake/rclConfig.cmake:41 (include)
  /opt/ros/foxy/share/libstatistics_collector/cmake/ament_cmake_export_dependencies-extras.cmake:21 (find_package)
  /opt/ros/foxy/share/libstatistics_collector/cmake/libstatistics_collectorConfig.cmake:41 (include)
  /opt/ros/foxy/share/rclcpp/cmake/ament_cmake_export_dependencies-extras.cmake:21 (find_package)
  /opt/ros/foxy/share/rclcpp/cmake/rclcppConfig.cmake:41 (include)
  CMakeLists.txt:20 (find_package)


CMake Error at /usr/share/cmake-3.16/Modules/FindThreads.cmake:49 (message):
  FindThreads only works if either C or CXX language is enabled
Call Stack (most recent call first):
  /opt/ros/foxy/share/rmw_implementation/cmake/rmw_implementation-extras.cmake:67 (find_package)
  /opt/ros/foxy/share/rmw_implementation/cmake/rmw_implementationConfig.cmake:41 (include)
  /opt/ros/foxy/share/rcl/cmake/ament_cmake_export_dependencies-extras.cmake:21 (find_package)
  /opt/ros/foxy/share/rcl/cmake/rclConfig.cmake:41 (include)
  /opt/ros/foxy/share/libstatistics_collector/cmake/ament_cmake_export_dependencies-extras.cmake:21 (find_package)
  /opt/ros/foxy/share/libstatistics_collector/cmake/libstatistics_collectorConfig.cmake:41 (include)
  /opt/ros/foxy/share/rclcpp/cmake/ament_cmake_export_dependencies-extras.cmake:21 (find_package)
  /opt/ros/foxy/share/rclcpp/cmake/rclcppConfig.cmake:41 (include)
  CMakeLists.txt:20 (find_package)


