[0.064s] Invoking command in '/home/skola/ros2_ws/build/tutorial_interfaces': CMAKE_PREFIX_PATH=${CMAKE_PREFIX_PATH}:/opt/ros/foxy /usr/bin/cmake --build /home/skola/ros2_ws/build/tutorial_interfaces -- -j8 -l8
[0.213s] [  2%] Built target tutorial_interfaces__cpp
[0.221s] [ 12%] Built target tutorial_interfaces__rosidl_generator_c
[0.296s] [ 25%] Built target tutorial_interfaces__rosidl_typesupport_c
[0.296s] [ 33%] Built target tutorial_interfaces__rosidl_typesupport_cpp
[0.297s] [ 43%] Built target tutorial_interfaces__rosidl_typesupport_introspection_cpp
[0.299s] [ 53%] Built target tutorial_interfaces__rosidl_typesupport_fastrtps_cpp
[0.308s] [ 64%] Built target tutorial_interfaces__rosidl_typesupport_introspection_c
[0.366s] [ 74%] Built target tutorial_interfaces__rosidl_typesupport_fastrtps_c
[0.421s] [ 74%] Built target tutorial_interfaces
[0.465s] [ 76%] Built target tutorial_interfaces__py
[0.532s] [ 84%] Built target tutorial_interfaces__python
[0.612s] [ 89%] Built target tutorial_interfaces__rosidl_typesupport_introspection_c__pyext
[0.612s] [ 94%] Built target tutorial_interfaces__rosidl_typesupport_fastrtps_c__pyext
[0.620s] [100%] Built target tutorial_interfaces__rosidl_typesupport_c__pyext
[0.640s] Invoked command in '/home/skola/ros2_ws/build/tutorial_interfaces' returned '0': CMAKE_PREFIX_PATH=${CMAKE_PREFIX_PATH}:/opt/ros/foxy /usr/bin/cmake --build /home/skola/ros2_ws/build/tutorial_interfaces -- -j8 -l8
[0.838s] Invoking command in '/home/skola/ros2_ws/build/tutorial_interfaces': CMAKE_PREFIX_PATH=${CMAKE_PREFIX_PATH}:/opt/ros/foxy /usr/bin/cmake --install /home/skola/ros2_ws/build/tutorial_interfaces
[0.858s] -- Install configuration: ""
[0.859s] -- Up-to-date: /home/skola/ros2_ws/install/tutorial_interfaces/share/ament_index/resource_index/rosidl_interfaces/tutorial_interfaces
[0.860s] -- Up-to-date: /home/skola/ros2_ws/install/tutorial_interfaces/include/tutorial_interfaces
[0.861s] -- Up-to-date: /home/skola/ros2_ws/install/tutorial_interfaces/include/tutorial_interfaces/srv
[0.861s] -- Up-to-date: /home/skola/ros2_ws/install/tutorial_interfaces/include/tutorial_interfaces/srv/add_three_ints.h
[0.863s] -- Up-to-date: /home/skola/ros2_ws/install/tutorial_interfaces/include/tutorial_interfaces/srv/detail
[0.865s] -- Up-to-date: /home/skola/ros2_ws/install/tutorial_interfaces/include/tutorial_interfaces/srv/detail/add_three_ints__functions.h
[0.866s] -- Up-to-date: /home/skola/ros2_ws/install/tutorial_interfaces/include/tutorial_interfaces/srv/detail/add_three_ints__type_support.h
[0.868s] -- Up-to-date: /home/skola/ros2_ws/install/tutorial_interfaces/include/tutorial_interfaces/srv/detail/add_three_ints__functions.c
[0.868s] -- Up-to-date: /home/skola/ros2_ws/install/tutorial_interfaces/include/tutorial_interfaces/srv/detail/add_three_ints__struct.h
[0.868s] -- Up-to-date: /home/skola/ros2_ws/install/tutorial_interfaces/include/tutorial_interfaces/msg
[0.868s] -- Up-to-date: /home/skola/ros2_ws/install/tutorial_interfaces/include/tutorial_interfaces/msg/rosidl_generator_c__visibility_control.h
[0.869s] -- Up-to-date: /home/skola/ros2_ws/install/tutorial_interfaces/include/tutorial_interfaces/msg/num.h
[0.869s] -- Up-to-date: /home/skola/ros2_ws/install/tutorial_interfaces/include/tutorial_interfaces/msg/detail
[0.869s] -- Up-to-date: /home/skola/ros2_ws/install/tutorial_interfaces/include/tutorial_interfaces/msg/detail/num__functions.c
[0.869s] -- Up-to-date: /home/skola/ros2_ws/install/tutorial_interfaces/include/tutorial_interfaces/msg/detail/num__type_support.h
[0.869s] -- Up-to-date: /home/skola/ros2_ws/install/tutorial_interfaces/include/tutorial_interfaces/msg/detail/num__functions.h
[0.869s] -- Up-to-date: /home/skola/ros2_ws/install/tutorial_interfaces/include/tutorial_interfaces/msg/detail/num__struct.h
[0.869s] -- Up-to-date: /home/skola/ros2_ws/install/tutorial_interfaces/share/tutorial_interfaces/environment/library_path.sh
[0.869s] -- Up-to-date: /home/skola/ros2_ws/install/tutorial_interfaces/share/tutorial_interfaces/environment/library_path.dsv
[0.869s] -- Up-to-date: /home/skola/ros2_ws/install/tutorial_interfaces/lib/libtutorial_interfaces__rosidl_generator_c.so
[0.870s] -- Up-to-date: /home/skola/ros2_ws/install/tutorial_interfaces/include/tutorial_interfaces
[0.870s] -- Up-to-date: /home/skola/ros2_ws/install/tutorial_interfaces/include/tutorial_interfaces/srv
[0.870s] -- Up-to-date: /home/skola/ros2_ws/install/tutorial_interfaces/include/tutorial_interfaces/srv/detail
[0.870s] -- Up-to-date: /home/skola/ros2_ws/install/tutorial_interfaces/include/tutorial_interfaces/srv/detail/add_three_ints__rosidl_typesupport_fastrtps_c.h
[0.870s] -- Up-to-date: /home/skola/ros2_ws/install/tutorial_interfaces/include/tutorial_interfaces/msg
[0.870s] -- Up-to-date: /home/skola/ros2_ws/install/tutorial_interfaces/include/tutorial_interfaces/msg/detail
[0.871s] -- Up-to-date: /home/skola/ros2_ws/install/tutorial_interfaces/include/tutorial_interfaces/msg/detail/num__rosidl_typesupport_fastrtps_c.h
[0.872s] -- Up-to-date: /home/skola/ros2_ws/install/tutorial_interfaces/include/tutorial_interfaces/msg/rosidl_typesupport_fastrtps_c__visibility_control.h
[0.873s] -- Up-to-date: /home/skola/ros2_ws/install/tutorial_interfaces/lib/libtutorial_interfaces__rosidl_typesupport_fastrtps_c.so
[0.873s] -- Up-to-date: /home/skola/ros2_ws/install/tutorial_interfaces/include/tutorial_interfaces
[0.873s] -- Up-to-date: /home/skola/ros2_ws/install/tutorial_interfaces/include/tutorial_interfaces/srv
[0.873s] -- Up-to-date: /home/skola/ros2_ws/install/tutorial_interfaces/include/tutorial_interfaces/srv/detail
[0.873s] -- Up-to-date: /home/skola/ros2_ws/install/tutorial_interfaces/include/tutorial_interfaces/srv/detail/dds_fastrtps
[0.875s] -- Up-to-date: /home/skola/ros2_ws/install/tutorial_interfaces/include/tutorial_interfaces/srv/detail/add_three_ints__rosidl_typesupport_fastrtps_cpp.hpp
[0.876s] -- Up-to-date: /home/skola/ros2_ws/install/tutorial_interfaces/include/tutorial_interfaces/msg
[0.877s] -- Up-to-date: /home/skola/ros2_ws/install/tutorial_interfaces/include/tutorial_interfaces/msg/detail
[0.877s] -- Up-to-date: /home/skola/ros2_ws/install/tutorial_interfaces/include/tutorial_interfaces/msg/detail/dds_fastrtps
[0.877s] -- Up-to-date: /home/skola/ros2_ws/install/tutorial_interfaces/include/tutorial_interfaces/msg/detail/num__rosidl_typesupport_fastrtps_cpp.hpp
[0.877s] -- Up-to-date: /home/skola/ros2_ws/install/tutorial_interfaces/include/tutorial_interfaces/msg/rosidl_typesupport_fastrtps_cpp__visibility_control.h
[0.877s] -- Up-to-date: /home/skola/ros2_ws/install/tutorial_interfaces/lib/libtutorial_interfaces__rosidl_typesupport_fastrtps_cpp.so
[0.877s] -- Up-to-date: /home/skola/ros2_ws/install/tutorial_interfaces/include/tutorial_interfaces
[0.878s] -- Up-to-date: /home/skola/ros2_ws/install/tutorial_interfaces/include/tutorial_interfaces/srv
[0.878s] -- Up-to-date: /home/skola/ros2_ws/install/tutorial_interfaces/include/tutorial_interfaces/srv/detail
[0.878s] -- Up-to-date: /home/skola/ros2_ws/install/tutorial_interfaces/include/tutorial_interfaces/srv/detail/add_three_ints__type_support.c
[0.878s] -- Up-to-date: /home/skola/ros2_ws/install/tutorial_interfaces/include/tutorial_interfaces/srv/detail/add_three_ints__rosidl_typesupport_introspection_c.h
[0.878s] -- Up-to-date: /home/skola/ros2_ws/install/tutorial_interfaces/include/tutorial_interfaces/msg
[0.878s] -- Up-to-date: /home/skola/ros2_ws/install/tutorial_interfaces/include/tutorial_interfaces/msg/rosidl_typesupport_introspection_c__visibility_control.h
[0.879s] -- Up-to-date: /home/skola/ros2_ws/install/tutorial_interfaces/include/tutorial_interfaces/msg/detail
[0.879s] -- Up-to-date: /home/skola/ros2_ws/install/tutorial_interfaces/include/tutorial_interfaces/msg/detail/num__type_support.c
[0.879s] -- Up-to-date: /home/skola/ros2_ws/install/tutorial_interfaces/include/tutorial_interfaces/msg/detail/num__rosidl_typesupport_introspection_c.h
[0.880s] -- Up-to-date: /home/skola/ros2_ws/install/tutorial_interfaces/lib/libtutorial_interfaces__rosidl_typesupport_introspection_c.so
[0.882s] -- Up-to-date: /home/skola/ros2_ws/install/tutorial_interfaces/lib/libtutorial_interfaces__rosidl_typesupport_c.so
[0.883s] -- Up-to-date: /home/skola/ros2_ws/install/tutorial_interfaces/include/tutorial_interfaces
[0.883s] -- Up-to-date: /home/skola/ros2_ws/install/tutorial_interfaces/include/tutorial_interfaces/srv
[0.883s] -- Up-to-date: /home/skola/ros2_ws/install/tutorial_interfaces/include/tutorial_interfaces/srv/add_three_ints.hpp
[0.883s] -- Up-to-date: /home/skola/ros2_ws/install/tutorial_interfaces/include/tutorial_interfaces/srv/detail
[0.884s] -- Up-to-date: /home/skola/ros2_ws/install/tutorial_interfaces/include/tutorial_interfaces/srv/detail/add_three_ints__struct.hpp
[0.884s] -- Up-to-date: /home/skola/ros2_ws/install/tutorial_interfaces/include/tutorial_interfaces/srv/detail/add_three_ints__traits.hpp
[0.884s] -- Up-to-date: /home/skola/ros2_ws/install/tutorial_interfaces/include/tutorial_interfaces/srv/detail/add_three_ints__builder.hpp
[0.884s] -- Up-to-date: /home/skola/ros2_ws/install/tutorial_interfaces/include/tutorial_interfaces/msg
[0.884s] -- Up-to-date: /home/skola/ros2_ws/install/tutorial_interfaces/include/tutorial_interfaces/msg/num.hpp
[0.884s] -- Up-to-date: /home/skola/ros2_ws/install/tutorial_interfaces/include/tutorial_interfaces/msg/detail
[0.885s] -- Up-to-date: /home/skola/ros2_ws/install/tutorial_interfaces/include/tutorial_interfaces/msg/detail/num__struct.hpp
[0.885s] -- Up-to-date: /home/skola/ros2_ws/install/tutorial_interfaces/include/tutorial_interfaces/msg/detail/num__builder.hpp
[0.885s] -- Up-to-date: /home/skola/ros2_ws/install/tutorial_interfaces/include/tutorial_interfaces/msg/detail/num__traits.hpp
[0.885s] -- Up-to-date: /home/skola/ros2_ws/install/tutorial_interfaces/include/tutorial_interfaces
[0.885s] -- Up-to-date: /home/skola/ros2_ws/install/tutorial_interfaces/include/tutorial_interfaces/srv
[0.885s] -- Up-to-date: /home/skola/ros2_ws/install/tutorial_interfaces/include/tutorial_interfaces/srv/detail
[0.885s] -- Up-to-date: /home/skola/ros2_ws/install/tutorial_interfaces/include/tutorial_interfaces/srv/detail/add_three_ints__rosidl_typesupport_introspection_cpp.hpp
[0.885s] -- Up-to-date: /home/skola/ros2_ws/install/tutorial_interfaces/include/tutorial_interfaces/srv/detail/add_three_ints__type_support.cpp
[0.885s] -- Up-to-date: /home/skola/ros2_ws/install/tutorial_interfaces/include/tutorial_interfaces/msg
[0.885s] -- Up-to-date: /home/skola/ros2_ws/install/tutorial_interfaces/include/tutorial_interfaces/msg/detail
[0.886s] -- Up-to-date: /home/skola/ros2_ws/install/tutorial_interfaces/include/tutorial_interfaces/msg/detail/num__rosidl_typesupport_introspection_cpp.hpp
[0.886s] -- Up-to-date: /home/skola/ros2_ws/install/tutorial_interfaces/include/tutorial_interfaces/msg/detail/num__type_support.cpp
[0.887s] -- Up-to-date: /home/skola/ros2_ws/install/tutorial_interfaces/lib/libtutorial_interfaces__rosidl_typesupport_introspection_cpp.so
[0.892s] -- Up-to-date: /home/skola/ros2_ws/install/tutorial_interfaces/lib/libtutorial_interfaces__rosidl_typesupport_cpp.so
[0.893s] -- Up-to-date: /home/skola/ros2_ws/install/tutorial_interfaces/share/tutorial_interfaces/environment/pythonpath.sh
[0.893s] -- Up-to-date: /home/skola/ros2_ws/install/tutorial_interfaces/share/tutorial_interfaces/environment/pythonpath.dsv
[0.894s] -- Up-to-date: /home/skola/ros2_ws/install/tutorial_interfaces/lib/python3.8/site-packages/tutorial_interfaces/__init__.py
[0.945s] -- Up-to-date: /home/skola/ros2_ws/install/tutorial_interfaces/lib/python3.8/site-packages/tutorial_interfaces/msg
[0.945s] -- Up-to-date: /home/skola/ros2_ws/install/tutorial_interfaces/lib/python3.8/site-packages/tutorial_interfaces/msg/_num_s.c
[0.946s] -- Up-to-date: /home/skola/ros2_ws/install/tutorial_interfaces/lib/python3.8/site-packages/tutorial_interfaces/msg/_num.py
[0.946s] -- Up-to-date: /home/skola/ros2_ws/install/tutorial_interfaces/lib/python3.8/site-packages/tutorial_interfaces/msg/__init__.py
[0.947s] -- Up-to-date: /home/skola/ros2_ws/install/tutorial_interfaces/lib/python3.8/site-packages/tutorial_interfaces/srv
[0.947s] -- Up-to-date: /home/skola/ros2_ws/install/tutorial_interfaces/lib/python3.8/site-packages/tutorial_interfaces/srv/_add_three_ints_s.c
[0.948s] -- Up-to-date: /home/skola/ros2_ws/install/tutorial_interfaces/lib/python3.8/site-packages/tutorial_interfaces/srv/__init__.py
[0.948s] -- Up-to-date: /home/skola/ros2_ws/install/tutorial_interfaces/lib/python3.8/site-packages/tutorial_interfaces/srv/_add_three_ints.py
[0.949s] -- Up-to-date: /home/skola/ros2_ws/install/tutorial_interfaces/lib/python3.8/site-packages/tutorial_interfaces/tutorial_interfaces_s__rosidl_typesupport_fastrtps_c.cpython-38-x86_64-linux-gnu.so
[0.953s] -- Up-to-date: /home/skola/ros2_ws/install/tutorial_interfaces/lib/python3.8/site-packages/tutorial_interfaces/tutorial_interfaces_s__rosidl_typesupport_introspection_c.cpython-38-x86_64-linux-gnu.so
[0.958s] -- Up-to-date: /home/skola/ros2_ws/install/tutorial_interfaces/lib/python3.8/site-packages/tutorial_interfaces/tutorial_interfaces_s__rosidl_typesupport_c.cpython-38-x86_64-linux-gnu.so
[0.961s] -- Up-to-date: /home/skola/ros2_ws/install/tutorial_interfaces/lib/libtutorial_interfaces__python.so
[0.965s] -- Up-to-date: /home/skola/ros2_ws/install/tutorial_interfaces/share/tutorial_interfaces/msg/Num.idl
[0.965s] -- Up-to-date: /home/skola/ros2_ws/install/tutorial_interfaces/share/tutorial_interfaces/srv/AddThreeInts.idl
[0.966s] -- Up-to-date: /home/skola/ros2_ws/install/tutorial_interfaces/share/tutorial_interfaces/msg/Num.msg
[0.968s] -- Up-to-date: /home/skola/ros2_ws/install/tutorial_interfaces/share/tutorial_interfaces/srv/AddThreeInts.srv
[0.968s] -- Up-to-date: /home/skola/ros2_ws/install/tutorial_interfaces/share/tutorial_interfaces/srv/AddThreeInts_Request.msg
[0.968s] -- Up-to-date: /home/skola/ros2_ws/install/tutorial_interfaces/share/tutorial_interfaces/srv/AddThreeInts_Response.msg
[0.968s] -- Up-to-date: /home/skola/ros2_ws/install/tutorial_interfaces/share/ament_index/resource_index/package_run_dependencies/tutorial_interfaces
[0.969s] -- Up-to-date: /home/skola/ros2_ws/install/tutorial_interfaces/share/ament_index/resource_index/parent_prefix_path/tutorial_interfaces
[0.969s] -- Up-to-date: /home/skola/ros2_ws/install/tutorial_interfaces/share/tutorial_interfaces/environment/ament_prefix_path.sh
[0.969s] -- Up-to-date: /home/skola/ros2_ws/install/tutorial_interfaces/share/tutorial_interfaces/environment/ament_prefix_path.dsv
[0.969s] -- Up-to-date: /home/skola/ros2_ws/install/tutorial_interfaces/share/tutorial_interfaces/environment/path.sh
[0.969s] -- Up-to-date: /home/skola/ros2_ws/install/tutorial_interfaces/share/tutorial_interfaces/environment/path.dsv
[0.969s] -- Up-to-date: /home/skola/ros2_ws/install/tutorial_interfaces/share/tutorial_interfaces/local_setup.bash
[0.970s] -- Up-to-date: /home/skola/ros2_ws/install/tutorial_interfaces/share/tutorial_interfaces/local_setup.sh
[0.971s] -- Up-to-date: /home/skola/ros2_ws/install/tutorial_interfaces/share/tutorial_interfaces/local_setup.zsh
[0.971s] -- Up-to-date: /home/skola/ros2_ws/install/tutorial_interfaces/share/tutorial_interfaces/local_setup.dsv
[0.971s] -- Installing: /home/skola/ros2_ws/install/tutorial_interfaces/share/tutorial_interfaces/package.dsv
[0.971s] -- Up-to-date: /home/skola/ros2_ws/install/tutorial_interfaces/share/ament_index/resource_index/packages/tutorial_interfaces
[0.976s] -- Up-to-date: /home/skola/ros2_ws/install/tutorial_interfaces/share/tutorial_interfaces/cmake/tutorial_interfaces__rosidl_generator_cExport.cmake
[0.976s] -- Up-to-date: /home/skola/ros2_ws/install/tutorial_interfaces/share/tutorial_interfaces/cmake/tutorial_interfaces__rosidl_generator_cExport-noconfig.cmake
[0.980s] -- Up-to-date: /home/skola/ros2_ws/install/tutorial_interfaces/share/tutorial_interfaces/cmake/tutorial_interfaces__rosidl_typesupport_introspection_cExport.cmake
[0.980s] -- Up-to-date: /home/skola/ros2_ws/install/tutorial_interfaces/share/tutorial_interfaces/cmake/tutorial_interfaces__rosidl_typesupport_introspection_cExport-noconfig.cmake
[0.983s] -- Up-to-date: /home/skola/ros2_ws/install/tutorial_interfaces/share/tutorial_interfaces/cmake/tutorial_interfaces__rosidl_typesupport_cExport.cmake
[0.983s] -- Up-to-date: /home/skola/ros2_ws/install/tutorial_interfaces/share/tutorial_interfaces/cmake/tutorial_interfaces__rosidl_typesupport_cExport-noconfig.cmake
[0.986s] -- Up-to-date: /home/skola/ros2_ws/install/tutorial_interfaces/share/tutorial_interfaces/cmake/tutorial_interfaces__rosidl_generator_cppExport.cmake
[0.988s] -- Up-to-date: /home/skola/ros2_ws/install/tutorial_interfaces/share/tutorial_interfaces/cmake/tutorial_interfaces__rosidl_typesupport_introspection_cppExport.cmake
[0.988s] -- Up-to-date: /home/skola/ros2_ws/install/tutorial_interfaces/share/tutorial_interfaces/cmake/tutorial_interfaces__rosidl_typesupport_introspection_cppExport-noconfig.cmake
[0.991s] -- Up-to-date: /home/skola/ros2_ws/install/tutorial_interfaces/share/tutorial_interfaces/cmake/tutorial_interfaces__rosidl_typesupport_cppExport.cmake
[0.992s] -- Up-to-date: /home/skola/ros2_ws/install/tutorial_interfaces/share/tutorial_interfaces/cmake/tutorial_interfaces__rosidl_typesupport_cppExport-noconfig.cmake
[0.993s] -- Up-to-date: /home/skola/ros2_ws/install/tutorial_interfaces/share/tutorial_interfaces/cmake/rosidl_cmake-extras.cmake
[0.993s] -- Up-to-date: /home/skola/ros2_ws/install/tutorial_interfaces/share/tutorial_interfaces/cmake/ament_cmake_export_dependencies-extras.cmake
[0.994s] -- Up-to-date: /home/skola/ros2_ws/install/tutorial_interfaces/share/tutorial_interfaces/cmake/ament_cmake_export_libraries-extras.cmake
[0.995s] -- Up-to-date: /home/skola/ros2_ws/install/tutorial_interfaces/share/tutorial_interfaces/cmake/ament_cmake_export_targets-extras.cmake
[0.995s] -- Up-to-date: /home/skola/ros2_ws/install/tutorial_interfaces/share/tutorial_interfaces/cmake/ament_cmake_export_include_directories-extras.cmake
[0.996s] -- Up-to-date: /home/skola/ros2_ws/install/tutorial_interfaces/share/tutorial_interfaces/cmake/rosidl_cmake_export_typesupport_libraries-extras.cmake
[0.996s] -- Up-to-date: /home/skola/ros2_ws/install/tutorial_interfaces/share/tutorial_interfaces/cmake/rosidl_cmake_export_typesupport_targets-extras.cmake
[0.996s] -- Up-to-date: /home/skola/ros2_ws/install/tutorial_interfaces/share/tutorial_interfaces/cmake/tutorial_interfacesConfig.cmake
[0.996s] -- Up-to-date: /home/skola/ros2_ws/install/tutorial_interfaces/share/tutorial_interfaces/cmake/tutorial_interfacesConfig-version.cmake
[0.996s] -- Up-to-date: /home/skola/ros2_ws/install/tutorial_interfaces/share/tutorial_interfaces/package.xml
[1.003s] Invoked command in '/home/skola/ros2_ws/build/tutorial_interfaces' returned '0': CMAKE_PREFIX_PATH=${CMAKE_PREFIX_PATH}:/opt/ros/foxy /usr/bin/cmake --install /home/skola/ros2_ws/build/tutorial_interfaces
