[0.085s] Invoking command in '/home/skola/ros2_ws/build/my_package': CMAKE_PREFIX_PATH=${CMAKE_PREFIX_PATH}:/opt/ros/foxy /usr/bin/cmake --build /home/skola/ros2_ws/build/my_package -- -j8 -l8
[0.225s] [100%] Built target my_node
[0.287s] Invoked command in '/home/skola/ros2_ws/build/my_package' returned '0': CMAKE_PREFIX_PATH=${CMAKE_PREFIX_PATH}:/opt/ros/foxy /usr/bin/cmake --build /home/skola/ros2_ws/build/my_package -- -j8 -l8
[0.369s] Invoking command in '/home/skola/ros2_ws/build/my_package': CMAKE_PREFIX_PATH=${CMAKE_PREFIX_PATH}:/opt/ros/foxy /usr/bin/cmake --install /home/skola/ros2_ws/build/my_package
[0.384s] -- Install configuration: ""
[0.384s] -- Up-to-date: /home/skola/ros2_ws/install/my_package/lib/my_package/my_node
[0.384s] -- Up-to-date: /home/skola/ros2_ws/install/my_package/share/ament_index/resource_index/package_run_dependencies/my_package
[0.385s] -- Up-to-date: /home/skola/ros2_ws/install/my_package/share/ament_index/resource_index/parent_prefix_path/my_package
[0.385s] -- Up-to-date: /home/skola/ros2_ws/install/my_package/share/my_package/environment/ament_prefix_path.sh
[0.385s] -- Up-to-date: /home/skola/ros2_ws/install/my_package/share/my_package/environment/ament_prefix_path.dsv
[0.386s] -- Up-to-date: /home/skola/ros2_ws/install/my_package/share/my_package/environment/path.sh
[0.386s] -- Up-to-date: /home/skola/ros2_ws/install/my_package/share/my_package/environment/path.dsv
[0.386s] -- Up-to-date: /home/skola/ros2_ws/install/my_package/share/my_package/local_setup.bash
[0.387s] -- Up-to-date: /home/skola/ros2_ws/install/my_package/share/my_package/local_setup.sh
[0.387s] -- Up-to-date: /home/skola/ros2_ws/install/my_package/share/my_package/local_setup.zsh
[0.388s] -- Up-to-date: /home/skola/ros2_ws/install/my_package/share/my_package/local_setup.dsv
[0.388s] -- Installing: /home/skola/ros2_ws/install/my_package/share/my_package/package.dsv
[0.388s] -- Up-to-date: /home/skola/ros2_ws/install/my_package/share/ament_index/resource_index/packages/my_package
[0.388s] -- Up-to-date: /home/skola/ros2_ws/install/my_package/share/my_package/cmake/my_packageConfig.cmake
[0.388s] -- Up-to-date: /home/skola/ros2_ws/install/my_package/share/my_package/cmake/my_packageConfig-version.cmake
[0.388s] -- Up-to-date: /home/skola/ros2_ws/install/my_package/share/my_package/package.xml
[0.423s] Invoked command in '/home/skola/ros2_ws/build/my_package' returned '0': CMAKE_PREFIX_PATH=${CMAKE_PREFIX_PATH}:/opt/ros/foxy /usr/bin/cmake --install /home/skola/ros2_ws/build/my_package
