[0.181s] DEBUG:colcon:Command line arguments: ['/usr/bin/colcon', 'build']
[0.181s] DEBUG:colcon:Parsed command line arguments: Namespace(ament_cmake_args=None, base_paths=['.'], build_base='build', catkin_cmake_args=None, catkin_skip_building_tests=False, cmake_args=None, cmake_clean_cache=False, cmake_clean_first=False, cmake_force_configure=False, cmake_target=None, cmake_target_skip_unavailable=False, continue_on_error=False, event_handlers=None, executor='parallel', ignore_user_meta=False, install_base='install', log_base=None, log_level=None, main=<bound method BuildVerb.main of <colcon_core.verb.build.BuildVerb object at 0x7fe9a138a2e0>>, merge_install=False, metas=['./colcon.meta'], packages_above=None, packages_above_and_dependencies=None, packages_above_depth=None, packages_end=None, packages_ignore=None, packages_ignore_regex=None, packages_select=None, packages_select_build_failed=False, packages_select_by_dep=None, packages_select_regex=None, packages_select_test_failures=False, packages_skip=None, packages_skip_build_finished=False, packages_skip_by_dep=None, packages_skip_regex=None, packages_skip_test_passed=False, packages_skip_up_to=None, packages_start=None, packages_up_to=None, packages_up_to_regex=None, parallel_workers=8, paths=None, symlink_install=False, test_result_base=None, verb_extension=<colcon_core.verb.build.BuildVerb object at 0x7fe9a138a2e0>, verb_name='build', verb_parser=<colcon_defaults.argument_parser.defaults.DefaultArgumentsDecorator object at 0x7fe9a138a820>)
[0.184s] Level 1:colcon.colcon_core.package_discovery:discover_packages(colcon_meta) check parameters
[0.184s] Level 1:colcon.colcon_core.package_discovery:discover_packages(recursive) check parameters
[0.184s] Level 1:colcon.colcon_core.package_discovery:discover_packages(ignore) check parameters
[0.185s] Level 1:colcon.colcon_core.package_discovery:discover_packages(path) check parameters
[0.185s] Level 1:colcon.colcon_core.package_discovery:discover_packages(colcon_meta) discover
[0.185s] Level 1:colcon.colcon_core.package_discovery:discover_packages(recursive) discover
[0.185s] INFO:colcon.colcon_core.package_discovery:Crawling recursively for packages in '/home/skola/ros2_ws'
[0.185s] Level 1:colcon.colcon_core.package_identification:_identify(.) by extensions ['ignore', 'ignore_ament_install']
[0.185s] Level 1:colcon.colcon_core.package_identification:_identify(.) by extension 'ignore'
[0.185s] Level 1:colcon.colcon_core.package_identification:_identify(.) by extension 'ignore_ament_install'
[0.185s] Level 1:colcon.colcon_core.package_identification:_identify(.) by extensions ['colcon_pkg']
[0.185s] Level 1:colcon.colcon_core.package_identification:_identify(.) by extension 'colcon_pkg'
[0.185s] Level 1:colcon.colcon_core.package_identification:_identify(.) by extensions ['colcon_meta']
[0.185s] Level 1:colcon.colcon_core.package_identification:_identify(.) by extension 'colcon_meta'
[0.185s] Level 1:colcon.colcon_core.package_identification:_identify(.) by extensions ['ros']
[0.185s] Level 1:colcon.colcon_core.package_identification:_identify(.) by extension 'ros'
[0.193s] Level 1:colcon.colcon_core.package_identification:_identify(.) by extensions ['cmake', 'python']
[0.193s] Level 1:colcon.colcon_core.package_identification:_identify(.) by extension 'cmake'
[0.193s] Level 1:colcon.colcon_core.package_identification:_identify(.) by extension 'python'
[0.193s] Level 1:colcon.colcon_core.package_identification:_identify(.) by extensions ['python_setup_py']
[0.193s] Level 1:colcon.colcon_core.package_identification:_identify(.) by extension 'python_setup_py'
[0.193s] Level 1:colcon.colcon_core.package_identification:_identify(build) by extensions ['ignore', 'ignore_ament_install']
[0.193s] Level 1:colcon.colcon_core.package_identification:_identify(build) by extension 'ignore'
[0.193s] Level 1:colcon.colcon_core.package_identification:_identify(build) ignored
[0.193s] Level 1:colcon.colcon_core.package_identification:_identify(install) by extensions ['ignore', 'ignore_ament_install']
[0.193s] Level 1:colcon.colcon_core.package_identification:_identify(install) by extension 'ignore'
[0.193s] Level 1:colcon.colcon_core.package_identification:_identify(install) ignored
[0.193s] Level 1:colcon.colcon_core.package_identification:_identify(log) by extensions ['ignore', 'ignore_ament_install']
[0.193s] Level 1:colcon.colcon_core.package_identification:_identify(log) by extension 'ignore'
[0.193s] Level 1:colcon.colcon_core.package_identification:_identify(log) ignored
[0.193s] Level 1:colcon.colcon_core.package_identification:_identify(src) by extensions ['ignore', 'ignore_ament_install']
[0.193s] Level 1:colcon.colcon_core.package_identification:_identify(src) by extension 'ignore'
[0.193s] Level 1:colcon.colcon_core.package_identification:_identify(src) by extension 'ignore_ament_install'
[0.193s] Level 1:colcon.colcon_core.package_identification:_identify(src) by extensions ['colcon_pkg']
[0.193s] Level 1:colcon.colcon_core.package_identification:_identify(src) by extension 'colcon_pkg'
[0.193s] Level 1:colcon.colcon_core.package_identification:_identify(src) by extensions ['colcon_meta']
[0.193s] Level 1:colcon.colcon_core.package_identification:_identify(src) by extension 'colcon_meta'
[0.193s] Level 1:colcon.colcon_core.package_identification:_identify(src) by extensions ['ros']
[0.193s] Level 1:colcon.colcon_core.package_identification:_identify(src) by extension 'ros'
[0.193s] Level 1:colcon.colcon_core.package_identification:_identify(src) by extensions ['cmake', 'python']
[0.194s] Level 1:colcon.colcon_core.package_identification:_identify(src) by extension 'cmake'
[0.194s] Level 1:colcon.colcon_core.package_identification:_identify(src) by extension 'python'
[0.194s] Level 1:colcon.colcon_core.package_identification:_identify(src) by extensions ['python_setup_py']
[0.194s] Level 1:colcon.colcon_core.package_identification:_identify(src) by extension 'python_setup_py'
[0.194s] Level 1:colcon.colcon_core.package_identification:_identify(src/cpp_parameters) by extensions ['ignore', 'ignore_ament_install']
[0.194s] Level 1:colcon.colcon_core.package_identification:_identify(src/cpp_parameters) by extension 'ignore'
[0.194s] Level 1:colcon.colcon_core.package_identification:_identify(src/cpp_parameters) by extension 'ignore_ament_install'
[0.194s] Level 1:colcon.colcon_core.package_identification:_identify(src/cpp_parameters) by extensions ['colcon_pkg']
[0.194s] Level 1:colcon.colcon_core.package_identification:_identify(src/cpp_parameters) by extension 'colcon_pkg'
[0.194s] Level 1:colcon.colcon_core.package_identification:_identify(src/cpp_parameters) by extensions ['colcon_meta']
[0.194s] Level 1:colcon.colcon_core.package_identification:_identify(src/cpp_parameters) by extension 'colcon_meta'
[0.194s] Level 1:colcon.colcon_core.package_identification:_identify(src/cpp_parameters) by extensions ['ros']
[0.194s] Level 1:colcon.colcon_core.package_identification:_identify(src/cpp_parameters) by extension 'ros'
[0.195s] DEBUG:colcon.colcon_core.package_identification:Package 'src/cpp_parameters' with type 'ros.ament_cmake' and name 'cpp_parameters'
[0.195s] Level 1:colcon.colcon_core.package_identification:_identify(src/cpp_pubsub) by extensions ['ignore', 'ignore_ament_install']
[0.195s] Level 1:colcon.colcon_core.package_identification:_identify(src/cpp_pubsub) by extension 'ignore'
[0.195s] Level 1:colcon.colcon_core.package_identification:_identify(src/cpp_pubsub) by extension 'ignore_ament_install'
[0.195s] Level 1:colcon.colcon_core.package_identification:_identify(src/cpp_pubsub) by extensions ['colcon_pkg']
[0.195s] Level 1:colcon.colcon_core.package_identification:_identify(src/cpp_pubsub) by extension 'colcon_pkg'
[0.196s] Level 1:colcon.colcon_core.package_identification:_identify(src/cpp_pubsub) by extensions ['colcon_meta']
[0.196s] Level 1:colcon.colcon_core.package_identification:_identify(src/cpp_pubsub) by extension 'colcon_meta'
[0.196s] Level 1:colcon.colcon_core.package_identification:_identify(src/cpp_pubsub) by extensions ['ros']
[0.196s] Level 1:colcon.colcon_core.package_identification:_identify(src/cpp_pubsub) by extension 'ros'
[0.196s] DEBUG:colcon.colcon_core.package_identification:Package 'src/cpp_pubsub' with type 'ros.ament_cmake' and name 'cpp_pubsub'
[0.196s] Level 1:colcon.colcon_core.package_identification:_identify(src/cpp_srvcli) by extensions ['ignore', 'ignore_ament_install']
[0.196s] Level 1:colcon.colcon_core.package_identification:_identify(src/cpp_srvcli) by extension 'ignore'
[0.196s] Level 1:colcon.colcon_core.package_identification:_identify(src/cpp_srvcli) by extension 'ignore_ament_install'
[0.196s] Level 1:colcon.colcon_core.package_identification:_identify(src/cpp_srvcli) by extensions ['colcon_pkg']
[0.196s] Level 1:colcon.colcon_core.package_identification:_identify(src/cpp_srvcli) by extension 'colcon_pkg'
[0.196s] Level 1:colcon.colcon_core.package_identification:_identify(src/cpp_srvcli) by extensions ['colcon_meta']
[0.196s] Level 1:colcon.colcon_core.package_identification:_identify(src/cpp_srvcli) by extension 'colcon_meta'
[0.196s] Level 1:colcon.colcon_core.package_identification:_identify(src/cpp_srvcli) by extensions ['ros']
[0.196s] Level 1:colcon.colcon_core.package_identification:_identify(src/cpp_srvcli) by extension 'ros'
[0.197s] DEBUG:colcon.colcon_core.package_identification:Package 'src/cpp_srvcli' with type 'ros.ament_cmake' and name 'cpp_srvcli'
[0.197s] Level 1:colcon.colcon_core.package_identification:_identify(src/cpp_topic) by extensions ['ignore', 'ignore_ament_install']
[0.197s] Level 1:colcon.colcon_core.package_identification:_identify(src/cpp_topic) by extension 'ignore'
[0.197s] Level 1:colcon.colcon_core.package_identification:_identify(src/cpp_topic) by extension 'ignore_ament_install'
[0.197s] Level 1:colcon.colcon_core.package_identification:_identify(src/cpp_topic) by extensions ['colcon_pkg']
[0.197s] Level 1:colcon.colcon_core.package_identification:_identify(src/cpp_topic) by extension 'colcon_pkg'
[0.197s] Level 1:colcon.colcon_core.package_identification:_identify(src/cpp_topic) by extensions ['colcon_meta']
[0.197s] Level 1:colcon.colcon_core.package_identification:_identify(src/cpp_topic) by extension 'colcon_meta'
[0.197s] Level 1:colcon.colcon_core.package_identification:_identify(src/cpp_topic) by extensions ['ros']
[0.197s] Level 1:colcon.colcon_core.package_identification:_identify(src/cpp_topic) by extension 'ros'
[0.197s] DEBUG:colcon.colcon_core.package_identification:Package 'src/cpp_topic' with type 'ros.ament_cmake' and name 'cpp_topic'
[0.197s] Level 1:colcon.colcon_core.package_identification:_identify(src/more_interfaces) by extensions ['ignore', 'ignore_ament_install']
[0.198s] Level 1:colcon.colcon_core.package_identification:_identify(src/more_interfaces) by extension 'ignore'
[0.198s] Level 1:colcon.colcon_core.package_identification:_identify(src/more_interfaces) by extension 'ignore_ament_install'
[0.198s] Level 1:colcon.colcon_core.package_identification:_identify(src/more_interfaces) by extensions ['colcon_pkg']
[0.198s] Level 1:colcon.colcon_core.package_identification:_identify(src/more_interfaces) by extension 'colcon_pkg'
[0.198s] Level 1:colcon.colcon_core.package_identification:_identify(src/more_interfaces) by extensions ['colcon_meta']
[0.198s] Level 1:colcon.colcon_core.package_identification:_identify(src/more_interfaces) by extension 'colcon_meta'
[0.198s] Level 1:colcon.colcon_core.package_identification:_identify(src/more_interfaces) by extensions ['ros']
[0.198s] Level 1:colcon.colcon_core.package_identification:_identify(src/more_interfaces) by extension 'ros'
[0.198s] DEBUG:colcon.colcon_core.package_identification:Package 'src/more_interfaces' with type 'ros.ament_cmake' and name 'more_interfaces'
[0.198s] Level 1:colcon.colcon_core.package_identification:_identify(src/my_package) by extensions ['ignore', 'ignore_ament_install']
[0.198s] Level 1:colcon.colcon_core.package_identification:_identify(src/my_package) by extension 'ignore'
[0.198s] Level 1:colcon.colcon_core.package_identification:_identify(src/my_package) by extension 'ignore_ament_install'
[0.198s] Level 1:colcon.colcon_core.package_identification:_identify(src/my_package) by extensions ['colcon_pkg']
[0.198s] Level 1:colcon.colcon_core.package_identification:_identify(src/my_package) by extension 'colcon_pkg'
[0.198s] Level 1:colcon.colcon_core.package_identification:_identify(src/my_package) by extensions ['colcon_meta']
[0.198s] Level 1:colcon.colcon_core.package_identification:_identify(src/my_package) by extension 'colcon_meta'
[0.198s] Level 1:colcon.colcon_core.package_identification:_identify(src/my_package) by extensions ['ros']
[0.198s] Level 1:colcon.colcon_core.package_identification:_identify(src/my_package) by extension 'ros'
[0.199s] DEBUG:colcon.colcon_core.package_identification:Package 'src/my_package' with type 'ros.ament_cmake' and name 'my_package'
[0.199s] Level 1:colcon.colcon_core.package_identification:_identify(src/ros_tutorials) by extensions ['ignore', 'ignore_ament_install']
[0.199s] Level 1:colcon.colcon_core.package_identification:_identify(src/ros_tutorials) by extension 'ignore'
[0.199s] Level 1:colcon.colcon_core.package_identification:_identify(src/ros_tutorials) by extension 'ignore_ament_install'
[0.199s] Level 1:colcon.colcon_core.package_identification:_identify(src/ros_tutorials) by extensions ['colcon_pkg']
[0.199s] Level 1:colcon.colcon_core.package_identification:_identify(src/ros_tutorials) by extension 'colcon_pkg'
[0.199s] Level 1:colcon.colcon_core.package_identification:_identify(src/ros_tutorials) by extensions ['colcon_meta']
[0.199s] Level 1:colcon.colcon_core.package_identification:_identify(src/ros_tutorials) by extension 'colcon_meta'
[0.199s] Level 1:colcon.colcon_core.package_identification:_identify(src/ros_tutorials) by extensions ['ros']
[0.199s] Level 1:colcon.colcon_core.package_identification:_identify(src/ros_tutorials) by extension 'ros'
[0.199s] Level 1:colcon.colcon_core.package_identification:_identify(src/ros_tutorials) by extensions ['cmake', 'python']
[0.199s] Level 1:colcon.colcon_core.package_identification:_identify(src/ros_tutorials) by extension 'cmake'
[0.199s] Level 1:colcon.colcon_core.package_identification:_identify(src/ros_tutorials) by extension 'python'
[0.199s] Level 1:colcon.colcon_core.package_identification:_identify(src/ros_tutorials) by extensions ['python_setup_py']
[0.199s] Level 1:colcon.colcon_core.package_identification:_identify(src/ros_tutorials) by extension 'python_setup_py'
[0.199s] Level 1:colcon.colcon_core.package_identification:_identify(src/ros_tutorials/ros_tutorials) by extensions ['ignore', 'ignore_ament_install']
[0.199s] Level 1:colcon.colcon_core.package_identification:_identify(src/ros_tutorials/ros_tutorials) by extension 'ignore'
[0.199s] Level 1:colcon.colcon_core.package_identification:_identify(src/ros_tutorials/ros_tutorials) ignored
[0.199s] Level 1:colcon.colcon_core.package_identification:_identify(src/ros_tutorials/roscpp_tutorials) by extensions ['ignore', 'ignore_ament_install']
[0.199s] Level 1:colcon.colcon_core.package_identification:_identify(src/ros_tutorials/roscpp_tutorials) by extension 'ignore'
[0.199s] Level 1:colcon.colcon_core.package_identification:_identify(src/ros_tutorials/roscpp_tutorials) ignored
[0.199s] Level 1:colcon.colcon_core.package_identification:_identify(src/ros_tutorials/rospy_tutorials) by extensions ['ignore', 'ignore_ament_install']
[0.199s] Level 1:colcon.colcon_core.package_identification:_identify(src/ros_tutorials/rospy_tutorials) by extension 'ignore'
[0.199s] Level 1:colcon.colcon_core.package_identification:_identify(src/ros_tutorials/rospy_tutorials) ignored
[0.200s] Level 1:colcon.colcon_core.package_identification:_identify(src/ros_tutorials/turtlesim) by extensions ['ignore', 'ignore_ament_install']
[0.200s] Level 1:colcon.colcon_core.package_identification:_identify(src/ros_tutorials/turtlesim) by extension 'ignore'
[0.200s] Level 1:colcon.colcon_core.package_identification:_identify(src/ros_tutorials/turtlesim) by extension 'ignore_ament_install'
[0.200s] Level 1:colcon.colcon_core.package_identification:_identify(src/ros_tutorials/turtlesim) by extensions ['colcon_pkg']
[0.200s] Level 1:colcon.colcon_core.package_identification:_identify(src/ros_tutorials/turtlesim) by extension 'colcon_pkg'
[0.200s] Level 1:colcon.colcon_core.package_identification:_identify(src/ros_tutorials/turtlesim) by extensions ['colcon_meta']
[0.200s] Level 1:colcon.colcon_core.package_identification:_identify(src/ros_tutorials/turtlesim) by extension 'colcon_meta'
[0.200s] Level 1:colcon.colcon_core.package_identification:_identify(src/ros_tutorials/turtlesim) by extensions ['ros']
[0.200s] Level 1:colcon.colcon_core.package_identification:_identify(src/ros_tutorials/turtlesim) by extension 'ros'
[0.201s] DEBUG:colcon.colcon_core.package_identification:Package 'src/ros_tutorials/turtlesim' with type 'ros.ament_cmake' and name 'turtlesim'
[0.201s] Level 1:colcon.colcon_core.package_identification:_identify(src/sublisher) by extensions ['ignore', 'ignore_ament_install']
[0.201s] Level 1:colcon.colcon_core.package_identification:_identify(src/sublisher) by extension 'ignore'
[0.201s] Level 1:colcon.colcon_core.package_identification:_identify(src/sublisher) by extension 'ignore_ament_install'
[0.201s] Level 1:colcon.colcon_core.package_identification:_identify(src/sublisher) by extensions ['colcon_pkg']
[0.201s] Level 1:colcon.colcon_core.package_identification:_identify(src/sublisher) by extension 'colcon_pkg'
[0.201s] Level 1:colcon.colcon_core.package_identification:_identify(src/sublisher) by extensions ['colcon_meta']
[0.201s] Level 1:colcon.colcon_core.package_identification:_identify(src/sublisher) by extension 'colcon_meta'
[0.201s] Level 1:colcon.colcon_core.package_identification:_identify(src/sublisher) by extensions ['ros']
[0.201s] Level 1:colcon.colcon_core.package_identification:_identify(src/sublisher) by extension 'ros'
[0.201s] DEBUG:colcon.colcon_core.package_identification:Package 'src/sublisher' with type 'ros.ament_cmake' and name 'sublisher'
[0.201s] Level 1:colcon.colcon_core.package_identification:_identify(src/tutorial_interfaces) by extensions ['ignore', 'ignore_ament_install']
[0.201s] Level 1:colcon.colcon_core.package_identification:_identify(src/tutorial_interfaces) by extension 'ignore'
[0.201s] Level 1:colcon.colcon_core.package_identification:_identify(src/tutorial_interfaces) by extension 'ignore_ament_install'
[0.201s] Level 1:colcon.colcon_core.package_identification:_identify(src/tutorial_interfaces) by extensions ['colcon_pkg']
[0.201s] Level 1:colcon.colcon_core.package_identification:_identify(src/tutorial_interfaces) by extension 'colcon_pkg'
[0.201s] Level 1:colcon.colcon_core.package_identification:_identify(src/tutorial_interfaces) by extensions ['colcon_meta']
[0.201s] Level 1:colcon.colcon_core.package_identification:_identify(src/tutorial_interfaces) by extension 'colcon_meta'
[0.201s] Level 1:colcon.colcon_core.package_identification:_identify(src/tutorial_interfaces) by extensions ['ros']
[0.201s] Level 1:colcon.colcon_core.package_identification:_identify(src/tutorial_interfaces) by extension 'ros'
[0.202s] DEBUG:colcon.colcon_core.package_identification:Package 'src/tutorial_interfaces' with type 'ros.ament_cmake' and name 'tutorial_interfaces'
[0.202s] Level 1:colcon.colcon_core.package_discovery:discover_packages(recursive) using defaults
[0.202s] Level 1:colcon.colcon_core.package_discovery:discover_packages(ignore) discover
[0.202s] Level 1:colcon.colcon_core.package_discovery:discover_packages(ignore) using defaults
[0.202s] Level 1:colcon.colcon_core.package_discovery:discover_packages(path) discover
[0.202s] Level 1:colcon.colcon_core.package_discovery:discover_packages(path) using defaults
[0.214s] Level 5:colcon.colcon_core.verb:set package 'cpp_parameters' build argument 'cmake_args' from command line to 'None'
[0.214s] Level 5:colcon.colcon_core.verb:set package 'cpp_parameters' build argument 'cmake_target' from command line to 'None'
[0.214s] Level 5:colcon.colcon_core.verb:set package 'cpp_parameters' build argument 'cmake_target_skip_unavailable' from command line to 'False'
[0.214s] Level 5:colcon.colcon_core.verb:set package 'cpp_parameters' build argument 'cmake_clean_cache' from command line to 'False'
[0.214s] Level 5:colcon.colcon_core.verb:set package 'cpp_parameters' build argument 'cmake_clean_first' from command line to 'False'
[0.214s] Level 5:colcon.colcon_core.verb:set package 'cpp_parameters' build argument 'cmake_force_configure' from command line to 'False'
[0.214s] Level 5:colcon.colcon_core.verb:set package 'cpp_parameters' build argument 'ament_cmake_args' from command line to 'None'
[0.214s] Level 5:colcon.colcon_core.verb:set package 'cpp_parameters' build argument 'catkin_cmake_args' from command line to 'None'
[0.214s] Level 5:colcon.colcon_core.verb:set package 'cpp_parameters' build argument 'catkin_skip_building_tests' from command line to 'False'
[0.214s] DEBUG:colcon.colcon_core.verb:Building package 'cpp_parameters' with the following arguments: {'ament_cmake_args': None, 'build_base': '/home/skola/ros2_ws/build/cpp_parameters', 'catkin_cmake_args': None, 'catkin_skip_building_tests': False, 'cmake_args': None, 'cmake_clean_cache': False, 'cmake_clean_first': False, 'cmake_force_configure': False, 'cmake_target': None, 'cmake_target_skip_unavailable': False, 'install_base': '/home/skola/ros2_ws/install/cpp_parameters', 'merge_install': False, 'path': '/home/skola/ros2_ws/src/cpp_parameters', 'symlink_install': False, 'test_result_base': None}
[0.216s] Level 5:colcon.colcon_core.verb:set package 'cpp_pubsub' build argument 'cmake_args' from command line to 'None'
[0.216s] Level 5:colcon.colcon_core.verb:set package 'cpp_pubsub' build argument 'cmake_target' from command line to 'None'
[0.216s] Level 5:colcon.colcon_core.verb:set package 'cpp_pubsub' build argument 'cmake_target_skip_unavailable' from command line to 'False'
[0.216s] Level 5:colcon.colcon_core.verb:set package 'cpp_pubsub' build argument 'cmake_clean_cache' from command line to 'False'
[0.216s] Level 5:colcon.colcon_core.verb:set package 'cpp_pubsub' build argument 'cmake_clean_first' from command line to 'False'
[0.216s] Level 5:colcon.colcon_core.verb:set package 'cpp_pubsub' build argument 'cmake_force_configure' from command line to 'False'
[0.216s] Level 5:colcon.colcon_core.verb:set package 'cpp_pubsub' build argument 'ament_cmake_args' from command line to 'None'
[0.216s] Level 5:colcon.colcon_core.verb:set package 'cpp_pubsub' build argument 'catkin_cmake_args' from command line to 'None'
[0.216s] Level 5:colcon.colcon_core.verb:set package 'cpp_pubsub' build argument 'catkin_skip_building_tests' from command line to 'False'
[0.216s] DEBUG:colcon.colcon_core.verb:Building package 'cpp_pubsub' with the following arguments: {'ament_cmake_args': None, 'build_base': '/home/skola/ros2_ws/build/cpp_pubsub', 'catkin_cmake_args': None, 'catkin_skip_building_tests': False, 'cmake_args': None, 'cmake_clean_cache': False, 'cmake_clean_first': False, 'cmake_force_configure': False, 'cmake_target': None, 'cmake_target_skip_unavailable': False, 'install_base': '/home/skola/ros2_ws/install/cpp_pubsub', 'merge_install': False, 'path': '/home/skola/ros2_ws/src/cpp_pubsub', 'symlink_install': False, 'test_result_base': None}
[0.217s] Level 5:colcon.colcon_core.verb:set package 'cpp_srvcli' build argument 'cmake_args' from command line to 'None'
[0.217s] Level 5:colcon.colcon_core.verb:set package 'cpp_srvcli' build argument 'cmake_target' from command line to 'None'
[0.217s] Level 5:colcon.colcon_core.verb:set package 'cpp_srvcli' build argument 'cmake_target_skip_unavailable' from command line to 'False'
[0.217s] Level 5:colcon.colcon_core.verb:set package 'cpp_srvcli' build argument 'cmake_clean_cache' from command line to 'False'
[0.217s] Level 5:colcon.colcon_core.verb:set package 'cpp_srvcli' build argument 'cmake_clean_first' from command line to 'False'
[0.217s] Level 5:colcon.colcon_core.verb:set package 'cpp_srvcli' build argument 'cmake_force_configure' from command line to 'False'
[0.217s] Level 5:colcon.colcon_core.verb:set package 'cpp_srvcli' build argument 'ament_cmake_args' from command line to 'None'
[0.217s] Level 5:colcon.colcon_core.verb:set package 'cpp_srvcli' build argument 'catkin_cmake_args' from command line to 'None'
[0.217s] Level 5:colcon.colcon_core.verb:set package 'cpp_srvcli' build argument 'catkin_skip_building_tests' from command line to 'False'
[0.217s] DEBUG:colcon.colcon_core.verb:Building package 'cpp_srvcli' with the following arguments: {'ament_cmake_args': None, 'build_base': '/home/skola/ros2_ws/build/cpp_srvcli', 'catkin_cmake_args': None, 'catkin_skip_building_tests': False, 'cmake_args': None, 'cmake_clean_cache': False, 'cmake_clean_first': False, 'cmake_force_configure': False, 'cmake_target': None, 'cmake_target_skip_unavailable': False, 'install_base': '/home/skola/ros2_ws/install/cpp_srvcli', 'merge_install': False, 'path': '/home/skola/ros2_ws/src/cpp_srvcli', 'symlink_install': False, 'test_result_base': None}
[0.219s] Level 5:colcon.colcon_core.verb:set package 'cpp_topic' build argument 'cmake_args' from command line to 'None'
[0.219s] Level 5:colcon.colcon_core.verb:set package 'cpp_topic' build argument 'cmake_target' from command line to 'None'
[0.219s] Level 5:colcon.colcon_core.verb:set package 'cpp_topic' build argument 'cmake_target_skip_unavailable' from command line to 'False'
[0.219s] Level 5:colcon.colcon_core.verb:set package 'cpp_topic' build argument 'cmake_clean_cache' from command line to 'False'
[0.219s] Level 5:colcon.colcon_core.verb:set package 'cpp_topic' build argument 'cmake_clean_first' from command line to 'False'
[0.219s] Level 5:colcon.colcon_core.verb:set package 'cpp_topic' build argument 'cmake_force_configure' from command line to 'False'
[0.219s] Level 5:colcon.colcon_core.verb:set package 'cpp_topic' build argument 'ament_cmake_args' from command line to 'None'
[0.219s] Level 5:colcon.colcon_core.verb:set package 'cpp_topic' build argument 'catkin_cmake_args' from command line to 'None'
[0.219s] Level 5:colcon.colcon_core.verb:set package 'cpp_topic' build argument 'catkin_skip_building_tests' from command line to 'False'
[0.219s] DEBUG:colcon.colcon_core.verb:Building package 'cpp_topic' with the following arguments: {'ament_cmake_args': None, 'build_base': '/home/skola/ros2_ws/build/cpp_topic', 'catkin_cmake_args': None, 'catkin_skip_building_tests': False, 'cmake_args': None, 'cmake_clean_cache': False, 'cmake_clean_first': False, 'cmake_force_configure': False, 'cmake_target': None, 'cmake_target_skip_unavailable': False, 'install_base': '/home/skola/ros2_ws/install/cpp_topic', 'merge_install': False, 'path': '/home/skola/ros2_ws/src/cpp_topic', 'symlink_install': False, 'test_result_base': None}
[0.220s] Level 5:colcon.colcon_core.verb:set package 'more_interfaces' build argument 'cmake_args' from command line to 'None'
[0.220s] Level 5:colcon.colcon_core.verb:set package 'more_interfaces' build argument 'cmake_target' from command line to 'None'
[0.220s] Level 5:colcon.colcon_core.verb:set package 'more_interfaces' build argument 'cmake_target_skip_unavailable' from command line to 'False'
[0.220s] Level 5:colcon.colcon_core.verb:set package 'more_interfaces' build argument 'cmake_clean_cache' from command line to 'False'
[0.220s] Level 5:colcon.colcon_core.verb:set package 'more_interfaces' build argument 'cmake_clean_first' from command line to 'False'
[0.220s] Level 5:colcon.colcon_core.verb:set package 'more_interfaces' build argument 'cmake_force_configure' from command line to 'False'
[0.220s] Level 5:colcon.colcon_core.verb:set package 'more_interfaces' build argument 'ament_cmake_args' from command line to 'None'
[0.220s] Level 5:colcon.colcon_core.verb:set package 'more_interfaces' build argument 'catkin_cmake_args' from command line to 'None'
[0.220s] Level 5:colcon.colcon_core.verb:set package 'more_interfaces' build argument 'catkin_skip_building_tests' from command line to 'False'
[0.220s] DEBUG:colcon.colcon_core.verb:Building package 'more_interfaces' with the following arguments: {'ament_cmake_args': None, 'build_base': '/home/skola/ros2_ws/build/more_interfaces', 'catkin_cmake_args': None, 'catkin_skip_building_tests': False, 'cmake_args': None, 'cmake_clean_cache': False, 'cmake_clean_first': False, 'cmake_force_configure': False, 'cmake_target': None, 'cmake_target_skip_unavailable': False, 'install_base': '/home/skola/ros2_ws/install/more_interfaces', 'merge_install': False, 'path': '/home/skola/ros2_ws/src/more_interfaces', 'symlink_install': False, 'test_result_base': None}
[0.222s] Level 5:colcon.colcon_core.verb:set package 'my_package' build argument 'cmake_args' from command line to 'None'
[0.222s] Level 5:colcon.colcon_core.verb:set package 'my_package' build argument 'cmake_target' from command line to 'None'
[0.222s] Level 5:colcon.colcon_core.verb:set package 'my_package' build argument 'cmake_target_skip_unavailable' from command line to 'False'
[0.222s] Level 5:colcon.colcon_core.verb:set package 'my_package' build argument 'cmake_clean_cache' from command line to 'False'
[0.222s] Level 5:colcon.colcon_core.verb:set package 'my_package' build argument 'cmake_clean_first' from command line to 'False'
[0.222s] Level 5:colcon.colcon_core.verb:set package 'my_package' build argument 'cmake_force_configure' from command line to 'False'
[0.222s] Level 5:colcon.colcon_core.verb:set package 'my_package' build argument 'ament_cmake_args' from command line to 'None'
[0.222s] Level 5:colcon.colcon_core.verb:set package 'my_package' build argument 'catkin_cmake_args' from command line to 'None'
[0.222s] Level 5:colcon.colcon_core.verb:set package 'my_package' build argument 'catkin_skip_building_tests' from command line to 'False'
[0.222s] DEBUG:colcon.colcon_core.verb:Building package 'my_package' with the following arguments: {'ament_cmake_args': None, 'build_base': '/home/skola/ros2_ws/build/my_package', 'catkin_cmake_args': None, 'catkin_skip_building_tests': False, 'cmake_args': None, 'cmake_clean_cache': False, 'cmake_clean_first': False, 'cmake_force_configure': False, 'cmake_target': None, 'cmake_target_skip_unavailable': False, 'install_base': '/home/skola/ros2_ws/install/my_package', 'merge_install': False, 'path': '/home/skola/ros2_ws/src/my_package', 'symlink_install': False, 'test_result_base': None}
[0.223s] Level 5:colcon.colcon_core.verb:set package 'sublisher' build argument 'cmake_args' from command line to 'None'
[0.223s] Level 5:colcon.colcon_core.verb:set package 'sublisher' build argument 'cmake_target' from command line to 'None'
[0.223s] Level 5:colcon.colcon_core.verb:set package 'sublisher' build argument 'cmake_target_skip_unavailable' from command line to 'False'
[0.223s] Level 5:colcon.colcon_core.verb:set package 'sublisher' build argument 'cmake_clean_cache' from command line to 'False'
[0.223s] Level 5:colcon.colcon_core.verb:set package 'sublisher' build argument 'cmake_clean_first' from command line to 'False'
[0.223s] Level 5:colcon.colcon_core.verb:set package 'sublisher' build argument 'cmake_force_configure' from command line to 'False'
[0.223s] Level 5:colcon.colcon_core.verb:set package 'sublisher' build argument 'ament_cmake_args' from command line to 'None'
[0.223s] Level 5:colcon.colcon_core.verb:set package 'sublisher' build argument 'catkin_cmake_args' from command line to 'None'
[0.223s] Level 5:colcon.colcon_core.verb:set package 'sublisher' build argument 'catkin_skip_building_tests' from command line to 'False'
[0.223s] DEBUG:colcon.colcon_core.verb:Building package 'sublisher' with the following arguments: {'ament_cmake_args': None, 'build_base': '/home/skola/ros2_ws/build/sublisher', 'catkin_cmake_args': None, 'catkin_skip_building_tests': False, 'cmake_args': None, 'cmake_clean_cache': False, 'cmake_clean_first': False, 'cmake_force_configure': False, 'cmake_target': None, 'cmake_target_skip_unavailable': False, 'install_base': '/home/skola/ros2_ws/install/sublisher', 'merge_install': False, 'path': '/home/skola/ros2_ws/src/sublisher', 'symlink_install': False, 'test_result_base': None}
[0.224s] Level 5:colcon.colcon_core.verb:set package 'turtlesim' build argument 'cmake_args' from command line to 'None'
[0.224s] Level 5:colcon.colcon_core.verb:set package 'turtlesim' build argument 'cmake_target' from command line to 'None'
[0.224s] Level 5:colcon.colcon_core.verb:set package 'turtlesim' build argument 'cmake_target_skip_unavailable' from command line to 'False'
[0.224s] Level 5:colcon.colcon_core.verb:set package 'turtlesim' build argument 'cmake_clean_cache' from command line to 'False'
[0.224s] Level 5:colcon.colcon_core.verb:set package 'turtlesim' build argument 'cmake_clean_first' from command line to 'False'
[0.225s] Level 5:colcon.colcon_core.verb:set package 'turtlesim' build argument 'cmake_force_configure' from command line to 'False'
[0.225s] Level 5:colcon.colcon_core.verb:set package 'turtlesim' build argument 'ament_cmake_args' from command line to 'None'
[0.225s] Level 5:colcon.colcon_core.verb:set package 'turtlesim' build argument 'catkin_cmake_args' from command line to 'None'
[0.225s] Level 5:colcon.colcon_core.verb:set package 'turtlesim' build argument 'catkin_skip_building_tests' from command line to 'False'
[0.225s] DEBUG:colcon.colcon_core.verb:Building package 'turtlesim' with the following arguments: {'ament_cmake_args': None, 'build_base': '/home/skola/ros2_ws/build/turtlesim', 'catkin_cmake_args': None, 'catkin_skip_building_tests': False, 'cmake_args': None, 'cmake_clean_cache': False, 'cmake_clean_first': False, 'cmake_force_configure': False, 'cmake_target': None, 'cmake_target_skip_unavailable': False, 'install_base': '/home/skola/ros2_ws/install/turtlesim', 'merge_install': False, 'path': '/home/skola/ros2_ws/src/ros_tutorials/turtlesim', 'symlink_install': False, 'test_result_base': None}
[0.226s] Level 5:colcon.colcon_core.verb:set package 'tutorial_interfaces' build argument 'cmake_args' from command line to 'None'
[0.226s] Level 5:colcon.colcon_core.verb:set package 'tutorial_interfaces' build argument 'cmake_target' from command line to 'None'
[0.226s] Level 5:colcon.colcon_core.verb:set package 'tutorial_interfaces' build argument 'cmake_target_skip_unavailable' from command line to 'False'
[0.226s] Level 5:colcon.colcon_core.verb:set package 'tutorial_interfaces' build argument 'cmake_clean_cache' from command line to 'False'
[0.226s] Level 5:colcon.colcon_core.verb:set package 'tutorial_interfaces' build argument 'cmake_clean_first' from command line to 'False'
[0.226s] Level 5:colcon.colcon_core.verb:set package 'tutorial_interfaces' build argument 'cmake_force_configure' from command line to 'False'
[0.226s] Level 5:colcon.colcon_core.verb:set package 'tutorial_interfaces' build argument 'ament_cmake_args' from command line to 'None'
[0.226s] Level 5:colcon.colcon_core.verb:set package 'tutorial_interfaces' build argument 'catkin_cmake_args' from command line to 'None'
[0.226s] Level 5:colcon.colcon_core.verb:set package 'tutorial_interfaces' build argument 'catkin_skip_building_tests' from command line to 'False'
[0.226s] DEBUG:colcon.colcon_core.verb:Building package 'tutorial_interfaces' with the following arguments: {'ament_cmake_args': None, 'build_base': '/home/skola/ros2_ws/build/tutorial_interfaces', 'catkin_cmake_args': None, 'catkin_skip_building_tests': False, 'cmake_args': None, 'cmake_clean_cache': False, 'cmake_clean_first': False, 'cmake_force_configure': False, 'cmake_target': None, 'cmake_target_skip_unavailable': False, 'install_base': '/home/skola/ros2_ws/install/tutorial_interfaces', 'merge_install': False, 'path': '/home/skola/ros2_ws/src/tutorial_interfaces', 'symlink_install': False, 'test_result_base': None}
[0.226s] INFO:colcon.colcon_core.executor:Executing jobs using 'parallel' executor
[0.227s] DEBUG:colcon.colcon_parallel_executor.executor.parallel:run_until_complete
[0.228s] INFO:colcon.colcon_ros.task.ament_cmake.build:Building ROS package in '/home/skola/ros2_ws/src/cpp_parameters' with build type 'ament_cmake'
[0.228s] INFO:colcon.colcon_cmake.task.cmake.build:Building CMake package in '/home/skola/ros2_ws/src/cpp_parameters'
[0.230s] INFO:colcon.colcon_core.plugin_system:Skipping extension 'colcon_core.shell.bat': Not used on non-Windows systems
[0.230s] INFO:colcon.colcon_core.shell:Skip shell extension 'powershell' for command environment: Not usable outside of PowerShell
[0.230s] DEBUG:colcon.colcon_core.shell:Skip shell extension 'dsv' for command environment
[0.232s] DEBUG:colcon.colcon_core.shell:Ignoring prefix path '/opt/ros/foxy'
[0.234s] INFO:colcon.colcon_ros.task.ament_cmake.build:Building ROS package in '/home/skola/ros2_ws/src/cpp_pubsub' with build type 'ament_cmake'
[0.234s] INFO:colcon.colcon_cmake.task.cmake.build:Building CMake package in '/home/skola/ros2_ws/src/cpp_pubsub'
[0.235s] INFO:colcon.colcon_core.shell:Skip shell extension 'powershell' for command environment: Not usable outside of PowerShell
[0.235s] DEBUG:colcon.colcon_core.shell:Skip shell extension 'dsv' for command environment
[0.236s] DEBUG:colcon.colcon_core.shell:Ignoring prefix path '/opt/ros/foxy'
[0.238s] INFO:colcon.colcon_ros.task.ament_cmake.build:Building ROS package in '/home/skola/ros2_ws/src/cpp_srvcli' with build type 'ament_cmake'
[0.238s] INFO:colcon.colcon_cmake.task.cmake.build:Building CMake package in '/home/skola/ros2_ws/src/cpp_srvcli'
[0.238s] INFO:colcon.colcon_core.shell:Skip shell extension 'powershell' for command environment: Not usable outside of PowerShell
[0.239s] DEBUG:colcon.colcon_core.shell:Skip shell extension 'dsv' for command environment
[0.240s] DEBUG:colcon.colcon_core.shell:Ignoring prefix path '/opt/ros/foxy'
[0.243s] INFO:colcon.colcon_ros.task.ament_cmake.build:Building ROS package in '/home/skola/ros2_ws/src/cpp_topic' with build type 'ament_cmake'
[0.243s] INFO:colcon.colcon_cmake.task.cmake.build:Building CMake package in '/home/skola/ros2_ws/src/cpp_topic'
[0.244s] INFO:colcon.colcon_core.shell:Skip shell extension 'powershell' for command environment: Not usable outside of PowerShell
[0.244s] DEBUG:colcon.colcon_core.shell:Skip shell extension 'dsv' for command environment
[0.245s] DEBUG:colcon.colcon_core.shell:Ignoring prefix path '/opt/ros/foxy'
[0.247s] INFO:colcon.colcon_ros.task.ament_cmake.build:Building ROS package in '/home/skola/ros2_ws/src/more_interfaces' with build type 'ament_cmake'
[0.247s] INFO:colcon.colcon_cmake.task.cmake.build:Building CMake package in '/home/skola/ros2_ws/src/more_interfaces'
[0.248s] INFO:colcon.colcon_core.shell:Skip shell extension 'powershell' for command environment: Not usable outside of PowerShell
[0.248s] DEBUG:colcon.colcon_core.shell:Skip shell extension 'dsv' for command environment
[0.249s] DEBUG:colcon.colcon_core.shell:Ignoring prefix path '/opt/ros/foxy'
[0.251s] INFO:colcon.colcon_ros.task.ament_cmake.build:Building ROS package in '/home/skola/ros2_ws/src/my_package' with build type 'ament_cmake'
[0.251s] INFO:colcon.colcon_cmake.task.cmake.build:Building CMake package in '/home/skola/ros2_ws/src/my_package'
[0.251s] INFO:colcon.colcon_core.shell:Skip shell extension 'powershell' for command environment: Not usable outside of PowerShell
[0.252s] DEBUG:colcon.colcon_core.shell:Skip shell extension 'dsv' for command environment
[0.253s] DEBUG:colcon.colcon_core.shell:Ignoring prefix path '/opt/ros/foxy'
[0.254s] INFO:colcon.colcon_ros.task.ament_cmake.build:Building ROS package in '/home/skola/ros2_ws/src/sublisher' with build type 'ament_cmake'
[0.255s] INFO:colcon.colcon_cmake.task.cmake.build:Building CMake package in '/home/skola/ros2_ws/src/sublisher'
[0.255s] INFO:colcon.colcon_core.shell:Skip shell extension 'powershell' for command environment: Not usable outside of PowerShell
[0.255s] DEBUG:colcon.colcon_core.shell:Skip shell extension 'dsv' for command environment
[0.256s] DEBUG:colcon.colcon_core.shell:Ignoring prefix path '/opt/ros/foxy'
[0.258s] INFO:colcon.colcon_ros.task.ament_cmake.build:Building ROS package in '/home/skola/ros2_ws/src/ros_tutorials/turtlesim' with build type 'ament_cmake'
[0.258s] INFO:colcon.colcon_cmake.task.cmake.build:Building CMake package in '/home/skola/ros2_ws/src/ros_tutorials/turtlesim'
[0.259s] INFO:colcon.colcon_core.shell:Skip shell extension 'powershell' for command environment: Not usable outside of PowerShell
[0.259s] DEBUG:colcon.colcon_core.shell:Skip shell extension 'dsv' for command environment
[0.260s] DEBUG:colcon.colcon_core.shell:Ignoring prefix path '/opt/ros/foxy'
[0.268s] DEBUG:colcon.colcon_core.event_handler.log_command:Invoking command in '/home/skola/ros2_ws/build/cpp_parameters': CMAKE_PREFIX_PATH=/opt/ros/foxy /usr/bin/cmake --build /home/skola/ros2_ws/build/cpp_parameters -- -j8 -l8
[0.273s] DEBUG:colcon.colcon_core.event_handler.log_command:Invoking command in '/home/skola/ros2_ws/build/cpp_pubsub': CMAKE_PREFIX_PATH=/opt/ros/foxy /usr/bin/cmake --build /home/skola/ros2_ws/build/cpp_pubsub -- -j8 -l8
[0.276s] DEBUG:colcon.colcon_core.event_handler.log_command:Invoking command in '/home/skola/ros2_ws/build/cpp_srvcli': CMAKE_PREFIX_PATH=/opt/ros/foxy /usr/bin/cmake --build /home/skola/ros2_ws/build/cpp_srvcli -- -j8 -l8
[0.280s] DEBUG:colcon.colcon_core.event_handler.log_command:Invoking command in '/home/skola/ros2_ws/build/cpp_topic': CMAKE_PREFIX_PATH=/opt/ros/foxy /usr/bin/cmake --build /home/skola/ros2_ws/build/cpp_topic -- -j8 -l8
[0.288s] DEBUG:colcon.colcon_core.event_handler.log_command:Invoking command in '/home/skola/ros2_ws/build/more_interfaces': CMAKE_PREFIX_PATH=/opt/ros/foxy /usr/bin/cmake --build /home/skola/ros2_ws/build/more_interfaces -- -j8 -l8
[0.291s] DEBUG:colcon.colcon_core.event_handler.log_command:Invoking command in '/home/skola/ros2_ws/build/my_package': CMAKE_PREFIX_PATH=/opt/ros/foxy /usr/bin/cmake --build /home/skola/ros2_ws/build/my_package -- -j8 -l8
[0.294s] DEBUG:colcon.colcon_core.event_handler.log_command:Invoking command in '/home/skola/ros2_ws/build/sublisher': CMAKE_PREFIX_PATH=/opt/ros/foxy /usr/bin/cmake --build /home/skola/ros2_ws/build/sublisher -- -j8 -l8
[0.300s] DEBUG:colcon.colcon_core.event_handler.log_command:Invoking command in '/home/skola/ros2_ws/build/turtlesim': CMAKE_PREFIX_PATH=/opt/ros/foxy /usr/bin/cmake --build /home/skola/ros2_ws/build/turtlesim -- -j8 -l8
[0.342s] DEBUG:colcon.colcon_core.event_handler.log_command:Invoked command in '/home/skola/ros2_ws/build/cpp_pubsub' returned '0': CMAKE_PREFIX_PATH=/opt/ros/foxy /usr/bin/cmake --build /home/skola/ros2_ws/build/cpp_pubsub -- -j8 -l8
[0.358s] DEBUG:colcon.colcon_core.event_handler.log_command:Invoked command in '/home/skola/ros2_ws/build/cpp_srvcli' returned '0': CMAKE_PREFIX_PATH=/opt/ros/foxy /usr/bin/cmake --build /home/skola/ros2_ws/build/cpp_srvcli -- -j8 -l8
[0.368s] DEBUG:colcon.colcon_core.event_handler.log_command:Invoked command in '/home/skola/ros2_ws/build/cpp_parameters' returned '0': CMAKE_PREFIX_PATH=/opt/ros/foxy /usr/bin/cmake --build /home/skola/ros2_ws/build/cpp_parameters -- -j8 -l8
[0.373s] DEBUG:colcon.colcon_core.event_handler.log_command:Invoked command in '/home/skola/ros2_ws/build/my_package' returned '0': CMAKE_PREFIX_PATH=/opt/ros/foxy /usr/bin/cmake --build /home/skola/ros2_ws/build/my_package -- -j8 -l8
[0.395s] DEBUG:colcon.colcon_core.event_handler.log_command:Invoked command in '/home/skola/ros2_ws/build/cpp_topic' returned '0': CMAKE_PREFIX_PATH=/opt/ros/foxy /usr/bin/cmake --build /home/skola/ros2_ws/build/cpp_topic -- -j8 -l8
[0.415s] DEBUG:colcon.colcon_core.event_handler.log_command:Invoking command in '/home/skola/ros2_ws/build/cpp_parameters': CMAKE_PREFIX_PATH=/opt/ros/foxy /usr/bin/cmake --install /home/skola/ros2_ws/build/cpp_parameters
[0.419s] DEBUG:colcon.colcon_core.event_handler.log_command:Invoking command in '/home/skola/ros2_ws/build/cpp_srvcli': CMAKE_PREFIX_PATH=/opt/ros/foxy /usr/bin/cmake --install /home/skola/ros2_ws/build/cpp_srvcli
[0.421s] DEBUG:colcon.colcon_core.event_handler.log_command:Invoking command in '/home/skola/ros2_ws/build/my_package': CMAKE_PREFIX_PATH=/opt/ros/foxy /usr/bin/cmake --install /home/skola/ros2_ws/build/my_package
[0.431s] DEBUG:colcon.colcon_core.event_handler.log_command:Invoking command in '/home/skola/ros2_ws/build/cpp_pubsub': CMAKE_PREFIX_PATH=/opt/ros/foxy /usr/bin/cmake --install /home/skola/ros2_ws/build/cpp_pubsub
[0.433s] DEBUG:colcon.colcon_core.event_handler.log_command:Invoking command in '/home/skola/ros2_ws/build/cpp_topic': CMAKE_PREFIX_PATH=/opt/ros/foxy /usr/bin/cmake --install /home/skola/ros2_ws/build/cpp_topic
[0.435s] Level 1:colcon.colcon_core.environment:create_environment_scripts_only(cpp_parameters)
[0.437s] DEBUG:colcon.colcon_core.event_handler.log_command:Invoked command in '/home/skola/ros2_ws/build/cpp_parameters' returned '0': CMAKE_PREFIX_PATH=/opt/ros/foxy /usr/bin/cmake --install /home/skola/ros2_ws/build/cpp_parameters
[0.441s] Level 1:colcon.colcon_core.environment:checking '/home/skola/ros2_ws/install/cpp_parameters' for CMake module files
[0.441s] Level 1:colcon.colcon_core.environment:checking '/home/skola/ros2_ws/install/cpp_parameters' for CMake config files
[0.441s] Level 1:colcon.colcon_core.shell:create_environment_hook('cpp_parameters', 'cmake_prefix_path')
[0.442s] INFO:colcon.colcon_core.shell:Creating environment hook '/home/skola/ros2_ws/install/cpp_parameters/share/cpp_parameters/hook/cmake_prefix_path.ps1'
[0.442s] INFO:colcon.colcon_core.shell:Creating environment descriptor '/home/skola/ros2_ws/install/cpp_parameters/share/cpp_parameters/hook/cmake_prefix_path.dsv'
[0.443s] INFO:colcon.colcon_core.shell:Creating environment hook '/home/skola/ros2_ws/install/cpp_parameters/share/cpp_parameters/hook/cmake_prefix_path.sh'
[0.444s] Level 1:colcon.colcon_core.environment:checking '/home/skola/ros2_ws/install/cpp_parameters/lib'
[0.444s] Level 1:colcon.colcon_core.environment:checking '/home/skola/ros2_ws/install/cpp_parameters/bin'
[0.444s] Level 1:colcon.colcon_core.environment:checking '/home/skola/ros2_ws/install/cpp_parameters/lib/pkgconfig/cpp_parameters.pc'
[0.444s] Level 1:colcon.colcon_core.environment:checking '/home/skola/ros2_ws/install/cpp_parameters/lib/python3.8/site-packages'
[0.444s] INFO:colcon.colcon_core.shell:Creating package script '/home/skola/ros2_ws/install/cpp_parameters/share/cpp_parameters/package.ps1'
[0.445s] INFO:colcon.colcon_core.shell:Creating package descriptor '/home/skola/ros2_ws/install/cpp_parameters/share/cpp_parameters/package.dsv'
[0.445s] INFO:colcon.colcon_core.shell:Creating package script '/home/skola/ros2_ws/install/cpp_parameters/share/cpp_parameters/package.sh'
[0.446s] INFO:colcon.colcon_core.shell:Creating package script '/home/skola/ros2_ws/install/cpp_parameters/share/cpp_parameters/package.bash'
[0.446s] INFO:colcon.colcon_core.shell:Creating package script '/home/skola/ros2_ws/install/cpp_parameters/share/cpp_parameters/package.zsh'
[0.447s] Level 1:colcon.colcon_core.environment:create_file_with_runtime_dependencies(/home/skola/ros2_ws/install/cpp_parameters/share/colcon-core/packages/cpp_parameters)
[0.450s] Level 1:colcon.colcon_core.environment:create_environment_scripts_only(my_package)
[0.451s] Level 1:colcon.colcon_core.environment:checking '/home/skola/ros2_ws/install/my_package' for CMake module files
[0.452s] DEBUG:colcon.colcon_core.event_handler.log_command:Invoked command in '/home/skola/ros2_ws/build/my_package' returned '0': CMAKE_PREFIX_PATH=/opt/ros/foxy /usr/bin/cmake --install /home/skola/ros2_ws/build/my_package
[0.452s] Level 1:colcon.colcon_core.environment:checking '/home/skola/ros2_ws/install/my_package' for CMake config files
[0.452s] Level 1:colcon.colcon_core.shell:create_environment_hook('my_package', 'cmake_prefix_path')
[0.453s] INFO:colcon.colcon_core.shell:Creating environment hook '/home/skola/ros2_ws/install/my_package/share/my_package/hook/cmake_prefix_path.ps1'
[0.453s] INFO:colcon.colcon_core.shell:Creating environment descriptor '/home/skola/ros2_ws/install/my_package/share/my_package/hook/cmake_prefix_path.dsv'
[0.453s] INFO:colcon.colcon_core.shell:Creating environment hook '/home/skola/ros2_ws/install/my_package/share/my_package/hook/cmake_prefix_path.sh'
[0.454s] Level 1:colcon.colcon_core.environment:checking '/home/skola/ros2_ws/install/my_package/lib'
[0.454s] Level 1:colcon.colcon_core.environment:checking '/home/skola/ros2_ws/install/my_package/bin'
[0.454s] Level 1:colcon.colcon_core.environment:checking '/home/skola/ros2_ws/install/my_package/lib/pkgconfig/my_package.pc'
[0.454s] Level 1:colcon.colcon_core.environment:checking '/home/skola/ros2_ws/install/my_package/lib/python3.8/site-packages'
[0.454s] INFO:colcon.colcon_core.shell:Creating package script '/home/skola/ros2_ws/install/my_package/share/my_package/package.ps1'
[0.455s] INFO:colcon.colcon_core.shell:Creating package descriptor '/home/skola/ros2_ws/install/my_package/share/my_package/package.dsv'
[0.455s] INFO:colcon.colcon_core.shell:Creating package script '/home/skola/ros2_ws/install/my_package/share/my_package/package.sh'
[0.456s] INFO:colcon.colcon_core.shell:Creating package script '/home/skola/ros2_ws/install/my_package/share/my_package/package.bash'
[0.456s] INFO:colcon.colcon_core.shell:Creating package script '/home/skola/ros2_ws/install/my_package/share/my_package/package.zsh'
[0.456s] Level 1:colcon.colcon_core.environment:create_file_with_runtime_dependencies(/home/skola/ros2_ws/install/my_package/share/colcon-core/packages/my_package)
[0.459s] Level 1:colcon.colcon_core.environment:create_environment_scripts_only(cpp_srvcli)
[0.460s] Level 1:colcon.colcon_core.environment:checking '/home/skola/ros2_ws/install/cpp_srvcli' for CMake module files
[0.460s] DEBUG:colcon.colcon_core.event_handler.log_command:Invoked command in '/home/skola/ros2_ws/build/cpp_srvcli' returned '0': CMAKE_PREFIX_PATH=/opt/ros/foxy /usr/bin/cmake --install /home/skola/ros2_ws/build/cpp_srvcli
[0.461s] Level 1:colcon.colcon_core.environment:checking '/home/skola/ros2_ws/install/cpp_srvcli' for CMake config files
[0.461s] Level 1:colcon.colcon_core.shell:create_environment_hook('cpp_srvcli', 'cmake_prefix_path')
[0.461s] INFO:colcon.colcon_core.shell:Creating environment hook '/home/skola/ros2_ws/install/cpp_srvcli/share/cpp_srvcli/hook/cmake_prefix_path.ps1'
[0.462s] INFO:colcon.colcon_core.shell:Creating environment descriptor '/home/skola/ros2_ws/install/cpp_srvcli/share/cpp_srvcli/hook/cmake_prefix_path.dsv'
[0.462s] INFO:colcon.colcon_core.shell:Creating environment hook '/home/skola/ros2_ws/install/cpp_srvcli/share/cpp_srvcli/hook/cmake_prefix_path.sh'
[0.462s] Level 1:colcon.colcon_core.environment:checking '/home/skola/ros2_ws/install/cpp_srvcli/lib'
[0.462s] Level 1:colcon.colcon_core.environment:checking '/home/skola/ros2_ws/install/cpp_srvcli/bin'
[0.462s] Level 1:colcon.colcon_core.environment:checking '/home/skola/ros2_ws/install/cpp_srvcli/lib/pkgconfig/cpp_srvcli.pc'
[0.463s] Level 1:colcon.colcon_core.environment:checking '/home/skola/ros2_ws/install/cpp_srvcli/lib/python3.8/site-packages'
[0.463s] INFO:colcon.colcon_core.shell:Creating package script '/home/skola/ros2_ws/install/cpp_srvcli/share/cpp_srvcli/package.ps1'
[0.464s] INFO:colcon.colcon_core.shell:Creating package descriptor '/home/skola/ros2_ws/install/cpp_srvcli/share/cpp_srvcli/package.dsv'
[0.464s] INFO:colcon.colcon_core.shell:Creating package script '/home/skola/ros2_ws/install/cpp_srvcli/share/cpp_srvcli/package.sh'
[0.464s] INFO:colcon.colcon_core.shell:Creating package script '/home/skola/ros2_ws/install/cpp_srvcli/share/cpp_srvcli/package.bash'
[0.465s] INFO:colcon.colcon_core.shell:Creating package script '/home/skola/ros2_ws/install/cpp_srvcli/share/cpp_srvcli/package.zsh'
[0.465s] Level 1:colcon.colcon_core.environment:create_file_with_runtime_dependencies(/home/skola/ros2_ws/install/cpp_srvcli/share/colcon-core/packages/cpp_srvcli)
[0.468s] Level 1:colcon.colcon_core.environment:create_environment_scripts_only(cpp_pubsub)
[0.469s] Level 1:colcon.colcon_core.environment:checking '/home/skola/ros2_ws/install/cpp_pubsub' for CMake module files
[0.469s] DEBUG:colcon.colcon_core.event_handler.log_command:Invoked command in '/home/skola/ros2_ws/build/cpp_pubsub' returned '0': CMAKE_PREFIX_PATH=/opt/ros/foxy /usr/bin/cmake --install /home/skola/ros2_ws/build/cpp_pubsub
[0.470s] Level 1:colcon.colcon_core.environment:checking '/home/skola/ros2_ws/install/cpp_pubsub' for CMake config files
[0.470s] Level 1:colcon.colcon_core.shell:create_environment_hook('cpp_pubsub', 'cmake_prefix_path')
[0.470s] INFO:colcon.colcon_core.shell:Creating environment hook '/home/skola/ros2_ws/install/cpp_pubsub/share/cpp_pubsub/hook/cmake_prefix_path.ps1'
[0.470s] INFO:colcon.colcon_core.shell:Creating environment descriptor '/home/skola/ros2_ws/install/cpp_pubsub/share/cpp_pubsub/hook/cmake_prefix_path.dsv'
[0.471s] INFO:colcon.colcon_core.shell:Creating environment hook '/home/skola/ros2_ws/install/cpp_pubsub/share/cpp_pubsub/hook/cmake_prefix_path.sh'
[0.471s] Level 1:colcon.colcon_core.environment:checking '/home/skola/ros2_ws/install/cpp_pubsub/lib'
[0.471s] Level 1:colcon.colcon_core.environment:checking '/home/skola/ros2_ws/install/cpp_pubsub/bin'
[0.471s] Level 1:colcon.colcon_core.environment:checking '/home/skola/ros2_ws/install/cpp_pubsub/lib/pkgconfig/cpp_pubsub.pc'
[0.471s] Level 1:colcon.colcon_core.environment:checking '/home/skola/ros2_ws/install/cpp_pubsub/lib/python3.8/site-packages'
[0.472s] INFO:colcon.colcon_core.shell:Creating package script '/home/skola/ros2_ws/install/cpp_pubsub/share/cpp_pubsub/package.ps1'
[0.472s] INFO:colcon.colcon_core.shell:Creating package descriptor '/home/skola/ros2_ws/install/cpp_pubsub/share/cpp_pubsub/package.dsv'
[0.473s] INFO:colcon.colcon_core.shell:Creating package script '/home/skola/ros2_ws/install/cpp_pubsub/share/cpp_pubsub/package.sh'
[0.473s] INFO:colcon.colcon_core.shell:Creating package script '/home/skola/ros2_ws/install/cpp_pubsub/share/cpp_pubsub/package.bash'
[0.473s] INFO:colcon.colcon_core.shell:Creating package script '/home/skola/ros2_ws/install/cpp_pubsub/share/cpp_pubsub/package.zsh'
[0.474s] Level 1:colcon.colcon_core.environment:create_file_with_runtime_dependencies(/home/skola/ros2_ws/install/cpp_pubsub/share/colcon-core/packages/cpp_pubsub)
[0.482s] Level 1:colcon.colcon_core.environment:create_environment_scripts_only(cpp_topic)
[0.483s] Level 1:colcon.colcon_core.environment:checking '/home/skola/ros2_ws/install/cpp_topic' for CMake module files
[0.484s] DEBUG:colcon.colcon_core.event_handler.log_command:Invoked command in '/home/skola/ros2_ws/build/cpp_topic' returned '0': CMAKE_PREFIX_PATH=/opt/ros/foxy /usr/bin/cmake --install /home/skola/ros2_ws/build/cpp_topic
[0.484s] Level 1:colcon.colcon_core.environment:checking '/home/skola/ros2_ws/install/cpp_topic' for CMake config files
[0.484s] Level 1:colcon.colcon_core.shell:create_environment_hook('cpp_topic', 'cmake_prefix_path')
[0.485s] INFO:colcon.colcon_core.shell:Creating environment hook '/home/skola/ros2_ws/install/cpp_topic/share/cpp_topic/hook/cmake_prefix_path.ps1'
[0.485s] INFO:colcon.colcon_core.shell:Creating environment descriptor '/home/skola/ros2_ws/install/cpp_topic/share/cpp_topic/hook/cmake_prefix_path.dsv'
[0.486s] INFO:colcon.colcon_core.shell:Creating environment hook '/home/skola/ros2_ws/install/cpp_topic/share/cpp_topic/hook/cmake_prefix_path.sh'
[0.486s] Level 1:colcon.colcon_core.environment:checking '/home/skola/ros2_ws/install/cpp_topic/lib'
[0.486s] Level 1:colcon.colcon_core.environment:checking '/home/skola/ros2_ws/install/cpp_topic/bin'
[0.486s] Level 1:colcon.colcon_core.environment:checking '/home/skola/ros2_ws/install/cpp_topic/lib/pkgconfig/cpp_topic.pc'
[0.486s] Level 1:colcon.colcon_core.environment:checking '/home/skola/ros2_ws/install/cpp_topic/lib/python3.8/site-packages'
[0.487s] INFO:colcon.colcon_core.shell:Creating package script '/home/skola/ros2_ws/install/cpp_topic/share/cpp_topic/package.ps1'
[0.487s] INFO:colcon.colcon_core.shell:Creating package descriptor '/home/skola/ros2_ws/install/cpp_topic/share/cpp_topic/package.dsv'
[0.488s] INFO:colcon.colcon_core.shell:Creating package script '/home/skola/ros2_ws/install/cpp_topic/share/cpp_topic/package.sh'
[0.488s] INFO:colcon.colcon_core.shell:Creating package script '/home/skola/ros2_ws/install/cpp_topic/share/cpp_topic/package.bash'
[0.488s] INFO:colcon.colcon_core.shell:Creating package script '/home/skola/ros2_ws/install/cpp_topic/share/cpp_topic/package.zsh'
[0.489s] Level 1:colcon.colcon_core.environment:create_file_with_runtime_dependencies(/home/skola/ros2_ws/install/cpp_topic/share/colcon-core/packages/cpp_topic)
[0.493s] Level 1:colcon.colcon_core.environment:create_environment_scripts_only(cpp_parameters)
[0.494s] Level 1:colcon.colcon_core.environment:checking '/home/skola/ros2_ws/install/cpp_parameters' for CMake module files
[0.494s] Level 1:colcon.colcon_core.environment:checking '/home/skola/ros2_ws/install/cpp_parameters' for CMake config files
[0.494s] Level 1:colcon.colcon_core.shell:create_environment_hook('cpp_parameters', 'cmake_prefix_path')
[0.495s] INFO:colcon.colcon_core.shell:Creating environment hook '/home/skola/ros2_ws/install/cpp_parameters/share/cpp_parameters/hook/cmake_prefix_path.ps1'
[0.495s] INFO:colcon.colcon_core.shell:Creating environment descriptor '/home/skola/ros2_ws/install/cpp_parameters/share/cpp_parameters/hook/cmake_prefix_path.dsv'
[0.496s] INFO:colcon.colcon_core.shell:Creating environment hook '/home/skola/ros2_ws/install/cpp_parameters/share/cpp_parameters/hook/cmake_prefix_path.sh'
[0.496s] Level 1:colcon.colcon_core.environment:checking '/home/skola/ros2_ws/install/cpp_parameters/lib'
[0.496s] Level 1:colcon.colcon_core.environment:checking '/home/skola/ros2_ws/install/cpp_parameters/bin'
[0.496s] Level 1:colcon.colcon_core.environment:checking '/home/skola/ros2_ws/install/cpp_parameters/lib/pkgconfig/cpp_parameters.pc'
[0.496s] Level 1:colcon.colcon_core.environment:checking '/home/skola/ros2_ws/install/cpp_parameters/lib/python3.8/site-packages'
[0.497s] INFO:colcon.colcon_core.shell:Creating package script '/home/skola/ros2_ws/install/cpp_parameters/share/cpp_parameters/package.ps1'
[0.497s] INFO:colcon.colcon_core.shell:Creating package descriptor '/home/skola/ros2_ws/install/cpp_parameters/share/cpp_parameters/package.dsv'
[0.497s] INFO:colcon.colcon_core.shell:Creating package script '/home/skola/ros2_ws/install/cpp_parameters/share/cpp_parameters/package.sh'
[0.498s] INFO:colcon.colcon_core.shell:Creating package script '/home/skola/ros2_ws/install/cpp_parameters/share/cpp_parameters/package.bash'
[0.498s] INFO:colcon.colcon_core.shell:Creating package script '/home/skola/ros2_ws/install/cpp_parameters/share/cpp_parameters/package.zsh'
[0.498s] Level 1:colcon.colcon_core.environment:create_file_with_runtime_dependencies(/home/skola/ros2_ws/install/cpp_parameters/share/colcon-core/packages/cpp_parameters)
[0.500s] Level 1:colcon.colcon_core.environment:create_environment_scripts_only(my_package)
[0.501s] Level 1:colcon.colcon_core.environment:checking '/home/skola/ros2_ws/install/my_package' for CMake module files
[0.501s] Level 1:colcon.colcon_core.environment:checking '/home/skola/ros2_ws/install/my_package' for CMake config files
[0.501s] Level 1:colcon.colcon_core.shell:create_environment_hook('my_package', 'cmake_prefix_path')
[0.502s] INFO:colcon.colcon_core.shell:Creating environment hook '/home/skola/ros2_ws/install/my_package/share/my_package/hook/cmake_prefix_path.ps1'
[0.502s] INFO:colcon.colcon_core.shell:Creating environment descriptor '/home/skola/ros2_ws/install/my_package/share/my_package/hook/cmake_prefix_path.dsv'
[0.502s] INFO:colcon.colcon_core.shell:Creating environment hook '/home/skola/ros2_ws/install/my_package/share/my_package/hook/cmake_prefix_path.sh'
[0.503s] Level 1:colcon.colcon_core.environment:checking '/home/skola/ros2_ws/install/my_package/lib'
[0.503s] Level 1:colcon.colcon_core.environment:checking '/home/skola/ros2_ws/install/my_package/bin'
[0.503s] Level 1:colcon.colcon_core.environment:checking '/home/skola/ros2_ws/install/my_package/lib/pkgconfig/my_package.pc'
[0.503s] Level 1:colcon.colcon_core.environment:checking '/home/skola/ros2_ws/install/my_package/lib/python3.8/site-packages'
[0.503s] INFO:colcon.colcon_core.shell:Creating package script '/home/skola/ros2_ws/install/my_package/share/my_package/package.ps1'
[0.503s] INFO:colcon.colcon_core.shell:Creating package descriptor '/home/skola/ros2_ws/install/my_package/share/my_package/package.dsv'
[0.504s] INFO:colcon.colcon_core.shell:Creating package script '/home/skola/ros2_ws/install/my_package/share/my_package/package.sh'
[0.504s] INFO:colcon.colcon_core.shell:Creating package script '/home/skola/ros2_ws/install/my_package/share/my_package/package.bash'
[0.505s] INFO:colcon.colcon_core.shell:Creating package script '/home/skola/ros2_ws/install/my_package/share/my_package/package.zsh'
[0.505s] Level 1:colcon.colcon_core.environment:create_file_with_runtime_dependencies(/home/skola/ros2_ws/install/my_package/share/colcon-core/packages/my_package)
[0.505s] INFO:colcon.colcon_ros.task.ament_cmake.build:Building ROS package in '/home/skola/ros2_ws/src/tutorial_interfaces' with build type 'ament_cmake'
[0.506s] INFO:colcon.colcon_cmake.task.cmake.build:Building CMake package in '/home/skola/ros2_ws/src/tutorial_interfaces'
[0.506s] INFO:colcon.colcon_core.shell:Skip shell extension 'powershell' for command environment: Not usable outside of PowerShell
[0.506s] DEBUG:colcon.colcon_core.shell:Skip shell extension 'dsv' for command environment
[0.507s] DEBUG:colcon.colcon_core.shell:Ignoring prefix path '/opt/ros/foxy'
[0.511s] Level 1:colcon.colcon_core.environment:create_environment_scripts_only(cpp_srvcli)
[0.512s] Level 1:colcon.colcon_core.environment:checking '/home/skola/ros2_ws/install/cpp_srvcli' for CMake module files
[0.514s] Level 1:colcon.colcon_core.environment:checking '/home/skola/ros2_ws/install/cpp_srvcli' for CMake config files
[0.514s] Level 1:colcon.colcon_core.shell:create_environment_hook('cpp_srvcli', 'cmake_prefix_path')
[0.515s] INFO:colcon.colcon_core.shell:Creating environment hook '/home/skola/ros2_ws/install/cpp_srvcli/share/cpp_srvcli/hook/cmake_prefix_path.ps1'
[0.515s] INFO:colcon.colcon_core.shell:Creating environment descriptor '/home/skola/ros2_ws/install/cpp_srvcli/share/cpp_srvcli/hook/cmake_prefix_path.dsv'
[0.516s] INFO:colcon.colcon_core.shell:Creating environment hook '/home/skola/ros2_ws/install/cpp_srvcli/share/cpp_srvcli/hook/cmake_prefix_path.sh'
[0.516s] Level 1:colcon.colcon_core.environment:checking '/home/skola/ros2_ws/install/cpp_srvcli/lib'
[0.516s] Level 1:colcon.colcon_core.environment:checking '/home/skola/ros2_ws/install/cpp_srvcli/bin'
[0.516s] Level 1:colcon.colcon_core.environment:checking '/home/skola/ros2_ws/install/cpp_srvcli/lib/pkgconfig/cpp_srvcli.pc'
[0.516s] Level 1:colcon.colcon_core.environment:checking '/home/skola/ros2_ws/install/cpp_srvcli/lib/python3.8/site-packages'
[0.517s] INFO:colcon.colcon_core.shell:Creating package script '/home/skola/ros2_ws/install/cpp_srvcli/share/cpp_srvcli/package.ps1'
[0.523s] INFO:colcon.colcon_core.shell:Creating package descriptor '/home/skola/ros2_ws/install/cpp_srvcli/share/cpp_srvcli/package.dsv'
[0.524s] INFO:colcon.colcon_core.shell:Creating package script '/home/skola/ros2_ws/install/cpp_srvcli/share/cpp_srvcli/package.sh'
[0.524s] INFO:colcon.colcon_core.shell:Creating package script '/home/skola/ros2_ws/install/cpp_srvcli/share/cpp_srvcli/package.bash'
[0.524s] INFO:colcon.colcon_core.shell:Creating package script '/home/skola/ros2_ws/install/cpp_srvcli/share/cpp_srvcli/package.zsh'
[0.525s] Level 1:colcon.colcon_core.environment:create_file_with_runtime_dependencies(/home/skola/ros2_ws/install/cpp_srvcli/share/colcon-core/packages/cpp_srvcli)
[0.526s] Level 1:colcon.colcon_core.environment:create_environment_scripts_only(cpp_pubsub)
[0.527s] Level 1:colcon.colcon_core.environment:checking '/home/skola/ros2_ws/install/cpp_pubsub' for CMake module files
[0.528s] Level 1:colcon.colcon_core.environment:checking '/home/skola/ros2_ws/install/cpp_pubsub' for CMake config files
[0.529s] Level 1:colcon.colcon_core.shell:create_environment_hook('cpp_pubsub', 'cmake_prefix_path')
[0.529s] INFO:colcon.colcon_core.shell:Creating environment hook '/home/skola/ros2_ws/install/cpp_pubsub/share/cpp_pubsub/hook/cmake_prefix_path.ps1'
[0.530s] INFO:colcon.colcon_core.shell:Creating environment descriptor '/home/skola/ros2_ws/install/cpp_pubsub/share/cpp_pubsub/hook/cmake_prefix_path.dsv'
[0.530s] INFO:colcon.colcon_core.shell:Creating environment hook '/home/skola/ros2_ws/install/cpp_pubsub/share/cpp_pubsub/hook/cmake_prefix_path.sh'
[0.530s] Level 1:colcon.colcon_core.environment:checking '/home/skola/ros2_ws/install/cpp_pubsub/lib'
[0.530s] Level 1:colcon.colcon_core.environment:checking '/home/skola/ros2_ws/install/cpp_pubsub/bin'
[0.530s] Level 1:colcon.colcon_core.environment:checking '/home/skola/ros2_ws/install/cpp_pubsub/lib/pkgconfig/cpp_pubsub.pc'
[0.530s] Level 1:colcon.colcon_core.environment:checking '/home/skola/ros2_ws/install/cpp_pubsub/lib/python3.8/site-packages'
[0.531s] INFO:colcon.colcon_core.shell:Creating package script '/home/skola/ros2_ws/install/cpp_pubsub/share/cpp_pubsub/package.ps1'
[0.531s] INFO:colcon.colcon_core.shell:Creating package descriptor '/home/skola/ros2_ws/install/cpp_pubsub/share/cpp_pubsub/package.dsv'
[0.532s] INFO:colcon.colcon_core.shell:Creating package script '/home/skola/ros2_ws/install/cpp_pubsub/share/cpp_pubsub/package.sh'
[0.532s] INFO:colcon.colcon_core.shell:Creating package script '/home/skola/ros2_ws/install/cpp_pubsub/share/cpp_pubsub/package.bash'
[0.532s] INFO:colcon.colcon_core.shell:Creating package script '/home/skola/ros2_ws/install/cpp_pubsub/share/cpp_pubsub/package.zsh'
[0.533s] Level 1:colcon.colcon_core.environment:create_file_with_runtime_dependencies(/home/skola/ros2_ws/install/cpp_pubsub/share/colcon-core/packages/cpp_pubsub)
[0.533s] Level 1:colcon.colcon_core.environment:create_environment_scripts_only(cpp_topic)
[0.534s] Level 1:colcon.colcon_core.environment:checking '/home/skola/ros2_ws/install/cpp_topic' for CMake module files
[0.534s] Level 1:colcon.colcon_core.environment:checking '/home/skola/ros2_ws/install/cpp_topic' for CMake config files
[0.535s] Level 1:colcon.colcon_core.shell:create_environment_hook('cpp_topic', 'cmake_prefix_path')
[0.535s] INFO:colcon.colcon_core.shell:Creating environment hook '/home/skola/ros2_ws/install/cpp_topic/share/cpp_topic/hook/cmake_prefix_path.ps1'
[0.535s] INFO:colcon.colcon_core.shell:Creating environment descriptor '/home/skola/ros2_ws/install/cpp_topic/share/cpp_topic/hook/cmake_prefix_path.dsv'
[0.536s] INFO:colcon.colcon_core.shell:Creating environment hook '/home/skola/ros2_ws/install/cpp_topic/share/cpp_topic/hook/cmake_prefix_path.sh'
[0.536s] Level 1:colcon.colcon_core.environment:checking '/home/skola/ros2_ws/install/cpp_topic/lib'
[0.536s] Level 1:colcon.colcon_core.environment:checking '/home/skola/ros2_ws/install/cpp_topic/bin'
[0.536s] Level 1:colcon.colcon_core.environment:checking '/home/skola/ros2_ws/install/cpp_topic/lib/pkgconfig/cpp_topic.pc'
[0.536s] Level 1:colcon.colcon_core.environment:checking '/home/skola/ros2_ws/install/cpp_topic/lib/python3.8/site-packages'
[0.537s] INFO:colcon.colcon_core.shell:Creating package script '/home/skola/ros2_ws/install/cpp_topic/share/cpp_topic/package.ps1'
[0.537s] INFO:colcon.colcon_core.shell:Creating package descriptor '/home/skola/ros2_ws/install/cpp_topic/share/cpp_topic/package.dsv'
[0.537s] INFO:colcon.colcon_core.shell:Creating package script '/home/skola/ros2_ws/install/cpp_topic/share/cpp_topic/package.sh'
[0.538s] INFO:colcon.colcon_core.shell:Creating package script '/home/skola/ros2_ws/install/cpp_topic/share/cpp_topic/package.bash'
[0.538s] INFO:colcon.colcon_core.shell:Creating package script '/home/skola/ros2_ws/install/cpp_topic/share/cpp_topic/package.zsh'
[0.538s] Level 1:colcon.colcon_core.environment:create_file_with_runtime_dependencies(/home/skola/ros2_ws/install/cpp_topic/share/colcon-core/packages/cpp_topic)
[0.546s] DEBUG:colcon.colcon_core.event_handler.log_command:Invoking command in '/home/skola/ros2_ws/build/tutorial_interfaces': CMAKE_PREFIX_PATH=/opt/ros/foxy /usr/bin/cmake --build /home/skola/ros2_ws/build/tutorial_interfaces -- -j8 -l8
[0.547s] DEBUG:colcon.colcon_core.event_handler.log_command:Invoked command in '/home/skola/ros2_ws/build/more_interfaces' returned '0': CMAKE_PREFIX_PATH=/opt/ros/foxy /usr/bin/cmake --build /home/skola/ros2_ws/build/more_interfaces -- -j8 -l8
[0.575s] DEBUG:colcon.colcon_core.event_handler.log_command:Invoked command in '/home/skola/ros2_ws/build/turtlesim' returned '0': CMAKE_PREFIX_PATH=/opt/ros/foxy /usr/bin/cmake --build /home/skola/ros2_ws/build/turtlesim -- -j8 -l8
[0.591s] DEBUG:colcon.colcon_core.event_handler.log_command:Invoking command in '/home/skola/ros2_ws/build/more_interfaces': CMAKE_PREFIX_PATH=/opt/ros/foxy /usr/bin/cmake --install /home/skola/ros2_ws/build/more_interfaces
[0.653s] Level 1:colcon.colcon_core.environment:create_environment_scripts_only(more_interfaces)
[0.653s] DEBUG:colcon.colcon_core.event_handler.log_command:Invoked command in '/home/skola/ros2_ws/build/more_interfaces' returned '0': CMAKE_PREFIX_PATH=/opt/ros/foxy /usr/bin/cmake --install /home/skola/ros2_ws/build/more_interfaces
[0.654s] Level 1:colcon.colcon_core.environment:checking '/home/skola/ros2_ws/install/more_interfaces' for CMake module files
[0.655s] Level 1:colcon.colcon_core.environment:checking '/home/skola/ros2_ws/install/more_interfaces' for CMake config files
[0.655s] Level 1:colcon.colcon_core.shell:create_environment_hook('more_interfaces', 'cmake_prefix_path')
[0.655s] INFO:colcon.colcon_core.shell:Creating environment hook '/home/skola/ros2_ws/install/more_interfaces/share/more_interfaces/hook/cmake_prefix_path.ps1'
[0.656s] INFO:colcon.colcon_core.shell:Creating environment descriptor '/home/skola/ros2_ws/install/more_interfaces/share/more_interfaces/hook/cmake_prefix_path.dsv'
[0.656s] INFO:colcon.colcon_core.shell:Creating environment hook '/home/skola/ros2_ws/install/more_interfaces/share/more_interfaces/hook/cmake_prefix_path.sh'
[0.657s] Level 1:colcon.colcon_core.environment:checking '/home/skola/ros2_ws/install/more_interfaces/lib'
[0.657s] Level 1:colcon.colcon_core.shell:create_environment_hook('more_interfaces', 'ld_library_path_lib')
[0.657s] INFO:colcon.colcon_core.shell:Creating environment hook '/home/skola/ros2_ws/install/more_interfaces/share/more_interfaces/hook/ld_library_path_lib.ps1'
[0.658s] INFO:colcon.colcon_core.shell:Creating environment descriptor '/home/skola/ros2_ws/install/more_interfaces/share/more_interfaces/hook/ld_library_path_lib.dsv'
[0.658s] INFO:colcon.colcon_core.shell:Creating environment hook '/home/skola/ros2_ws/install/more_interfaces/share/more_interfaces/hook/ld_library_path_lib.sh'
[0.658s] Level 1:colcon.colcon_core.environment:checking '/home/skola/ros2_ws/install/more_interfaces/bin'
[0.658s] Level 1:colcon.colcon_core.environment:checking '/home/skola/ros2_ws/install/more_interfaces/lib/pkgconfig/more_interfaces.pc'
[0.658s] Level 1:colcon.colcon_core.environment:checking '/home/skola/ros2_ws/install/more_interfaces/lib/python3.8/site-packages'
[0.658s] Level 1:colcon.colcon_core.shell:create_environment_hook('more_interfaces', 'pythonpath')
[0.659s] INFO:colcon.colcon_core.shell:Creating environment hook '/home/skola/ros2_ws/install/more_interfaces/share/more_interfaces/hook/pythonpath.ps1'
[0.659s] INFO:colcon.colcon_core.shell:Creating environment descriptor '/home/skola/ros2_ws/install/more_interfaces/share/more_interfaces/hook/pythonpath.dsv'
[0.659s] INFO:colcon.colcon_core.shell:Creating environment hook '/home/skola/ros2_ws/install/more_interfaces/share/more_interfaces/hook/pythonpath.sh'
[0.660s] INFO:colcon.colcon_core.shell:Creating package script '/home/skola/ros2_ws/install/more_interfaces/share/more_interfaces/package.ps1'
[0.661s] INFO:colcon.colcon_core.shell:Creating package descriptor '/home/skola/ros2_ws/install/more_interfaces/share/more_interfaces/package.dsv'
[0.662s] INFO:colcon.colcon_core.shell:Creating package script '/home/skola/ros2_ws/install/more_interfaces/share/more_interfaces/package.sh'
[0.662s] INFO:colcon.colcon_core.shell:Creating package script '/home/skola/ros2_ws/install/more_interfaces/share/more_interfaces/package.bash'
[0.662s] INFO:colcon.colcon_core.shell:Creating package script '/home/skola/ros2_ws/install/more_interfaces/share/more_interfaces/package.zsh'
[0.663s] Level 1:colcon.colcon_core.environment:create_file_with_runtime_dependencies(/home/skola/ros2_ws/install/more_interfaces/share/colcon-core/packages/more_interfaces)
[0.705s] Level 1:colcon.colcon_core.environment:create_environment_scripts_only(more_interfaces)
[0.706s] Level 1:colcon.colcon_core.environment:checking '/home/skola/ros2_ws/install/more_interfaces' for CMake module files
[0.706s] Level 1:colcon.colcon_core.environment:checking '/home/skola/ros2_ws/install/more_interfaces' for CMake config files
[0.707s] Level 1:colcon.colcon_core.shell:create_environment_hook('more_interfaces', 'cmake_prefix_path')
[0.707s] INFO:colcon.colcon_core.shell:Creating environment hook '/home/skola/ros2_ws/install/more_interfaces/share/more_interfaces/hook/cmake_prefix_path.ps1'
[0.708s] INFO:colcon.colcon_core.shell:Creating environment descriptor '/home/skola/ros2_ws/install/more_interfaces/share/more_interfaces/hook/cmake_prefix_path.dsv'
[0.708s] INFO:colcon.colcon_core.shell:Creating environment hook '/home/skola/ros2_ws/install/more_interfaces/share/more_interfaces/hook/cmake_prefix_path.sh'
[0.709s] Level 1:colcon.colcon_core.environment:checking '/home/skola/ros2_ws/install/more_interfaces/lib'
[0.709s] Level 1:colcon.colcon_core.shell:create_environment_hook('more_interfaces', 'ld_library_path_lib')
[0.709s] INFO:colcon.colcon_core.shell:Creating environment hook '/home/skola/ros2_ws/install/more_interfaces/share/more_interfaces/hook/ld_library_path_lib.ps1'
[0.709s] INFO:colcon.colcon_core.shell:Creating environment descriptor '/home/skola/ros2_ws/install/more_interfaces/share/more_interfaces/hook/ld_library_path_lib.dsv'
[0.710s] INFO:colcon.colcon_core.shell:Creating environment hook '/home/skola/ros2_ws/install/more_interfaces/share/more_interfaces/hook/ld_library_path_lib.sh'
[0.710s] Level 1:colcon.colcon_core.environment:checking '/home/skola/ros2_ws/install/more_interfaces/bin'
[0.710s] Level 1:colcon.colcon_core.environment:checking '/home/skola/ros2_ws/install/more_interfaces/lib/pkgconfig/more_interfaces.pc'
[0.710s] Level 1:colcon.colcon_core.environment:checking '/home/skola/ros2_ws/install/more_interfaces/lib/python3.8/site-packages'
[0.710s] Level 1:colcon.colcon_core.shell:create_environment_hook('more_interfaces', 'pythonpath')
[0.711s] INFO:colcon.colcon_core.shell:Creating environment hook '/home/skola/ros2_ws/install/more_interfaces/share/more_interfaces/hook/pythonpath.ps1'
[0.711s] INFO:colcon.colcon_core.shell:Creating environment descriptor '/home/skola/ros2_ws/install/more_interfaces/share/more_interfaces/hook/pythonpath.dsv'
[0.711s] INFO:colcon.colcon_core.shell:Creating environment hook '/home/skola/ros2_ws/install/more_interfaces/share/more_interfaces/hook/pythonpath.sh'
[0.712s] INFO:colcon.colcon_core.shell:Creating package script '/home/skola/ros2_ws/install/more_interfaces/share/more_interfaces/package.ps1'
[0.713s] INFO:colcon.colcon_core.shell:Creating package descriptor '/home/skola/ros2_ws/install/more_interfaces/share/more_interfaces/package.dsv'
[0.714s] INFO:colcon.colcon_core.shell:Creating package script '/home/skola/ros2_ws/install/more_interfaces/share/more_interfaces/package.sh'
[0.714s] INFO:colcon.colcon_core.shell:Creating package script '/home/skola/ros2_ws/install/more_interfaces/share/more_interfaces/package.bash'
[0.714s] INFO:colcon.colcon_core.shell:Creating package script '/home/skola/ros2_ws/install/more_interfaces/share/more_interfaces/package.zsh'
[0.715s] Level 1:colcon.colcon_core.environment:create_file_with_runtime_dependencies(/home/skola/ros2_ws/install/more_interfaces/share/colcon-core/packages/more_interfaces)
[0.727s] DEBUG:colcon.colcon_core.event_handler.log_command:Invoking command in '/home/skola/ros2_ws/build/turtlesim': CMAKE_PREFIX_PATH=/opt/ros/foxy /usr/bin/cmake --install /home/skola/ros2_ws/build/turtlesim
[0.733s] DEBUG:colcon.colcon_core.event_handler.log_command:Invoked command in '/home/skola/ros2_ws/build/tutorial_interfaces' returned '0': CMAKE_PREFIX_PATH=/opt/ros/foxy /usr/bin/cmake --build /home/skola/ros2_ws/build/tutorial_interfaces -- -j8 -l8
[0.772s] Level 1:colcon.colcon_core.environment:create_environment_scripts_only(turtlesim)
[0.773s] Level 1:colcon.colcon_core.environment:checking '/home/skola/ros2_ws/install/turtlesim' for CMake module files
[0.773s] DEBUG:colcon.colcon_core.event_handler.log_command:Invoked command in '/home/skola/ros2_ws/build/turtlesim' returned '0': CMAKE_PREFIX_PATH=/opt/ros/foxy /usr/bin/cmake --install /home/skola/ros2_ws/build/turtlesim
[0.774s] Level 1:colcon.colcon_core.environment:checking '/home/skola/ros2_ws/install/turtlesim' for CMake config files
[0.774s] Level 1:colcon.colcon_core.shell:create_environment_hook('turtlesim', 'cmake_prefix_path')
[0.774s] INFO:colcon.colcon_core.shell:Creating environment hook '/home/skola/ros2_ws/install/turtlesim/share/turtlesim/hook/cmake_prefix_path.ps1'
[0.775s] INFO:colcon.colcon_core.shell:Creating environment descriptor '/home/skola/ros2_ws/install/turtlesim/share/turtlesim/hook/cmake_prefix_path.dsv'
[0.775s] INFO:colcon.colcon_core.shell:Creating environment hook '/home/skola/ros2_ws/install/turtlesim/share/turtlesim/hook/cmake_prefix_path.sh'
[0.776s] Level 1:colcon.colcon_core.environment:checking '/home/skola/ros2_ws/install/turtlesim/lib'
[0.776s] Level 1:colcon.colcon_core.shell:create_environment_hook('turtlesim', 'ld_library_path_lib')
[0.776s] INFO:colcon.colcon_core.shell:Creating environment hook '/home/skola/ros2_ws/install/turtlesim/share/turtlesim/hook/ld_library_path_lib.ps1'
[0.777s] INFO:colcon.colcon_core.shell:Creating environment descriptor '/home/skola/ros2_ws/install/turtlesim/share/turtlesim/hook/ld_library_path_lib.dsv'
[0.777s] INFO:colcon.colcon_core.shell:Creating environment hook '/home/skola/ros2_ws/install/turtlesim/share/turtlesim/hook/ld_library_path_lib.sh'
[0.777s] Level 1:colcon.colcon_core.environment:checking '/home/skola/ros2_ws/install/turtlesim/bin'
[0.777s] Level 1:colcon.colcon_core.environment:checking '/home/skola/ros2_ws/install/turtlesim/lib/pkgconfig/turtlesim.pc'
[0.777s] Level 1:colcon.colcon_core.environment:checking '/home/skola/ros2_ws/install/turtlesim/lib/python3.8/site-packages'
[0.777s] Level 1:colcon.colcon_core.shell:create_environment_hook('turtlesim', 'pythonpath')
[0.778s] INFO:colcon.colcon_core.shell:Creating environment hook '/home/skola/ros2_ws/install/turtlesim/share/turtlesim/hook/pythonpath.ps1'
[0.778s] INFO:colcon.colcon_core.shell:Creating environment descriptor '/home/skola/ros2_ws/install/turtlesim/share/turtlesim/hook/pythonpath.dsv'
[0.778s] INFO:colcon.colcon_core.shell:Creating environment hook '/home/skola/ros2_ws/install/turtlesim/share/turtlesim/hook/pythonpath.sh'
[0.779s] INFO:colcon.colcon_core.shell:Creating package script '/home/skola/ros2_ws/install/turtlesim/share/turtlesim/package.ps1'
[0.779s] INFO:colcon.colcon_core.shell:Creating package descriptor '/home/skola/ros2_ws/install/turtlesim/share/turtlesim/package.dsv'
[0.779s] INFO:colcon.colcon_core.shell:Creating package script '/home/skola/ros2_ws/install/turtlesim/share/turtlesim/package.sh'
[0.780s] INFO:colcon.colcon_core.shell:Creating package script '/home/skola/ros2_ws/install/turtlesim/share/turtlesim/package.bash'
[0.780s] INFO:colcon.colcon_core.shell:Creating package script '/home/skola/ros2_ws/install/turtlesim/share/turtlesim/package.zsh'
[0.780s] Level 1:colcon.colcon_core.environment:create_file_with_runtime_dependencies(/home/skola/ros2_ws/install/turtlesim/share/colcon-core/packages/turtlesim)
[0.803s] DEBUG:colcon.colcon_core.event_handler.log_command:Invoking command in '/home/skola/ros2_ws/build/tutorial_interfaces': CMAKE_PREFIX_PATH=/opt/ros/foxy /usr/bin/cmake --install /home/skola/ros2_ws/build/tutorial_interfaces
[0.848s] Level 1:colcon.colcon_core.environment:create_environment_scripts_only(tutorial_interfaces)
[0.848s] DEBUG:colcon.colcon_core.event_handler.log_command:Invoked command in '/home/skola/ros2_ws/build/tutorial_interfaces' returned '0': CMAKE_PREFIX_PATH=/opt/ros/foxy /usr/bin/cmake --install /home/skola/ros2_ws/build/tutorial_interfaces
[0.849s] Level 1:colcon.colcon_core.environment:checking '/home/skola/ros2_ws/install/tutorial_interfaces' for CMake module files
[0.849s] Level 1:colcon.colcon_core.environment:checking '/home/skola/ros2_ws/install/tutorial_interfaces' for CMake config files
[0.849s] Level 1:colcon.colcon_core.shell:create_environment_hook('tutorial_interfaces', 'cmake_prefix_path')
[0.850s] INFO:colcon.colcon_core.shell:Creating environment hook '/home/skola/ros2_ws/install/tutorial_interfaces/share/tutorial_interfaces/hook/cmake_prefix_path.ps1'
[0.850s] INFO:colcon.colcon_core.shell:Creating environment descriptor '/home/skola/ros2_ws/install/tutorial_interfaces/share/tutorial_interfaces/hook/cmake_prefix_path.dsv'
[0.851s] INFO:colcon.colcon_core.shell:Creating environment hook '/home/skola/ros2_ws/install/tutorial_interfaces/share/tutorial_interfaces/hook/cmake_prefix_path.sh'
[0.851s] Level 1:colcon.colcon_core.environment:checking '/home/skola/ros2_ws/install/tutorial_interfaces/lib'
[0.851s] Level 1:colcon.colcon_core.shell:create_environment_hook('tutorial_interfaces', 'ld_library_path_lib')
[0.852s] INFO:colcon.colcon_core.shell:Creating environment hook '/home/skola/ros2_ws/install/tutorial_interfaces/share/tutorial_interfaces/hook/ld_library_path_lib.ps1'
[0.852s] INFO:colcon.colcon_core.shell:Creating environment descriptor '/home/skola/ros2_ws/install/tutorial_interfaces/share/tutorial_interfaces/hook/ld_library_path_lib.dsv'
[0.852s] INFO:colcon.colcon_core.shell:Creating environment hook '/home/skola/ros2_ws/install/tutorial_interfaces/share/tutorial_interfaces/hook/ld_library_path_lib.sh'
[0.853s] Level 1:colcon.colcon_core.environment:checking '/home/skola/ros2_ws/install/tutorial_interfaces/bin'
[0.853s] Level 1:colcon.colcon_core.environment:checking '/home/skola/ros2_ws/install/tutorial_interfaces/lib/pkgconfig/tutorial_interfaces.pc'
[0.853s] Level 1:colcon.colcon_core.environment:checking '/home/skola/ros2_ws/install/tutorial_interfaces/lib/python3.8/site-packages'
[0.853s] Level 1:colcon.colcon_core.shell:create_environment_hook('tutorial_interfaces', 'pythonpath')
[0.853s] INFO:colcon.colcon_core.shell:Creating environment hook '/home/skola/ros2_ws/install/tutorial_interfaces/share/tutorial_interfaces/hook/pythonpath.ps1'
[0.853s] INFO:colcon.colcon_core.shell:Creating environment descriptor '/home/skola/ros2_ws/install/tutorial_interfaces/share/tutorial_interfaces/hook/pythonpath.dsv'
[0.854s] INFO:colcon.colcon_core.shell:Creating environment hook '/home/skola/ros2_ws/install/tutorial_interfaces/share/tutorial_interfaces/hook/pythonpath.sh'
[0.854s] INFO:colcon.colcon_core.shell:Creating package script '/home/skola/ros2_ws/install/tutorial_interfaces/share/tutorial_interfaces/package.ps1'
[0.855s] INFO:colcon.colcon_core.shell:Creating package descriptor '/home/skola/ros2_ws/install/tutorial_interfaces/share/tutorial_interfaces/package.dsv'
[0.855s] INFO:colcon.colcon_core.shell:Creating package script '/home/skola/ros2_ws/install/tutorial_interfaces/share/tutorial_interfaces/package.sh'
[0.855s] INFO:colcon.colcon_core.shell:Creating package script '/home/skola/ros2_ws/install/tutorial_interfaces/share/tutorial_interfaces/package.bash'
[0.856s] INFO:colcon.colcon_core.shell:Creating package script '/home/skola/ros2_ws/install/tutorial_interfaces/share/tutorial_interfaces/package.zsh'
[0.856s] Level 1:colcon.colcon_core.environment:create_file_with_runtime_dependencies(/home/skola/ros2_ws/install/tutorial_interfaces/share/colcon-core/packages/tutorial_interfaces)
[0.910s] Level 1:colcon.colcon_core.environment:create_environment_scripts_only(tutorial_interfaces)
[0.911s] Level 1:colcon.colcon_core.environment:checking '/home/skola/ros2_ws/install/tutorial_interfaces' for CMake module files
[0.911s] Level 1:colcon.colcon_core.environment:checking '/home/skola/ros2_ws/install/tutorial_interfaces' for CMake config files
[0.912s] Level 1:colcon.colcon_core.shell:create_environment_hook('tutorial_interfaces', 'cmake_prefix_path')
[0.912s] INFO:colcon.colcon_core.shell:Creating environment hook '/home/skola/ros2_ws/install/tutorial_interfaces/share/tutorial_interfaces/hook/cmake_prefix_path.ps1'
[0.912s] INFO:colcon.colcon_core.shell:Creating environment descriptor '/home/skola/ros2_ws/install/tutorial_interfaces/share/tutorial_interfaces/hook/cmake_prefix_path.dsv'
[0.913s] INFO:colcon.colcon_core.shell:Creating environment hook '/home/skola/ros2_ws/install/tutorial_interfaces/share/tutorial_interfaces/hook/cmake_prefix_path.sh'
[0.913s] Level 1:colcon.colcon_core.environment:checking '/home/skola/ros2_ws/install/tutorial_interfaces/lib'
[0.913s] Level 1:colcon.colcon_core.shell:create_environment_hook('tutorial_interfaces', 'ld_library_path_lib')
[0.914s] INFO:colcon.colcon_core.shell:Creating environment hook '/home/skola/ros2_ws/install/tutorial_interfaces/share/tutorial_interfaces/hook/ld_library_path_lib.ps1'
[0.914s] INFO:colcon.colcon_core.shell:Creating environment descriptor '/home/skola/ros2_ws/install/tutorial_interfaces/share/tutorial_interfaces/hook/ld_library_path_lib.dsv'
[0.914s] INFO:colcon.colcon_core.shell:Creating environment hook '/home/skola/ros2_ws/install/tutorial_interfaces/share/tutorial_interfaces/hook/ld_library_path_lib.sh'
[0.914s] Level 1:colcon.colcon_core.environment:checking '/home/skola/ros2_ws/install/tutorial_interfaces/bin'
[0.915s] Level 1:colcon.colcon_core.environment:checking '/home/skola/ros2_ws/install/tutorial_interfaces/lib/pkgconfig/tutorial_interfaces.pc'
[0.915s] Level 1:colcon.colcon_core.environment:checking '/home/skola/ros2_ws/install/tutorial_interfaces/lib/python3.8/site-packages'
[0.915s] Level 1:colcon.colcon_core.shell:create_environment_hook('tutorial_interfaces', 'pythonpath')
[0.915s] INFO:colcon.colcon_core.shell:Creating environment hook '/home/skola/ros2_ws/install/tutorial_interfaces/share/tutorial_interfaces/hook/pythonpath.ps1'
[0.915s] INFO:colcon.colcon_core.shell:Creating environment descriptor '/home/skola/ros2_ws/install/tutorial_interfaces/share/tutorial_interfaces/hook/pythonpath.dsv'
[0.916s] INFO:colcon.colcon_core.shell:Creating environment hook '/home/skola/ros2_ws/install/tutorial_interfaces/share/tutorial_interfaces/hook/pythonpath.sh'
[0.916s] INFO:colcon.colcon_core.shell:Creating package script '/home/skola/ros2_ws/install/tutorial_interfaces/share/tutorial_interfaces/package.ps1'
[0.917s] INFO:colcon.colcon_core.shell:Creating package descriptor '/home/skola/ros2_ws/install/tutorial_interfaces/share/tutorial_interfaces/package.dsv'
[0.917s] INFO:colcon.colcon_core.shell:Creating package script '/home/skola/ros2_ws/install/tutorial_interfaces/share/tutorial_interfaces/package.sh'
[0.918s] INFO:colcon.colcon_core.shell:Creating package script '/home/skola/ros2_ws/install/tutorial_interfaces/share/tutorial_interfaces/package.bash'
[0.918s] INFO:colcon.colcon_core.shell:Creating package script '/home/skola/ros2_ws/install/tutorial_interfaces/share/tutorial_interfaces/package.zsh'
[0.918s] Level 1:colcon.colcon_core.environment:create_file_with_runtime_dependencies(/home/skola/ros2_ws/install/tutorial_interfaces/share/colcon-core/packages/tutorial_interfaces)
[0.921s] Level 1:colcon.colcon_core.environment:create_environment_scripts_only(turtlesim)
[0.921s] Level 1:colcon.colcon_core.environment:checking '/home/skola/ros2_ws/install/turtlesim' for CMake module files
[0.922s] Level 1:colcon.colcon_core.environment:checking '/home/skola/ros2_ws/install/turtlesim' for CMake config files
[0.922s] Level 1:colcon.colcon_core.shell:create_environment_hook('turtlesim', 'cmake_prefix_path')
[0.922s] INFO:colcon.colcon_core.shell:Creating environment hook '/home/skola/ros2_ws/install/turtlesim/share/turtlesim/hook/cmake_prefix_path.ps1'
[0.923s] INFO:colcon.colcon_core.shell:Creating environment descriptor '/home/skola/ros2_ws/install/turtlesim/share/turtlesim/hook/cmake_prefix_path.dsv'
[0.923s] INFO:colcon.colcon_core.shell:Creating environment hook '/home/skola/ros2_ws/install/turtlesim/share/turtlesim/hook/cmake_prefix_path.sh'
[0.923s] Level 1:colcon.colcon_core.environment:checking '/home/skola/ros2_ws/install/turtlesim/lib'
[0.923s] Level 1:colcon.colcon_core.shell:create_environment_hook('turtlesim', 'ld_library_path_lib')
[0.924s] INFO:colcon.colcon_core.shell:Creating environment hook '/home/skola/ros2_ws/install/turtlesim/share/turtlesim/hook/ld_library_path_lib.ps1'
[0.924s] INFO:colcon.colcon_core.shell:Creating environment descriptor '/home/skola/ros2_ws/install/turtlesim/share/turtlesim/hook/ld_library_path_lib.dsv'
[0.924s] INFO:colcon.colcon_core.shell:Creating environment hook '/home/skola/ros2_ws/install/turtlesim/share/turtlesim/hook/ld_library_path_lib.sh'
[0.925s] Level 1:colcon.colcon_core.environment:checking '/home/skola/ros2_ws/install/turtlesim/bin'
[0.925s] Level 1:colcon.colcon_core.environment:checking '/home/skola/ros2_ws/install/turtlesim/lib/pkgconfig/turtlesim.pc'
[0.925s] Level 1:colcon.colcon_core.environment:checking '/home/skola/ros2_ws/install/turtlesim/lib/python3.8/site-packages'
[0.925s] Level 1:colcon.colcon_core.shell:create_environment_hook('turtlesim', 'pythonpath')
[0.925s] INFO:colcon.colcon_core.shell:Creating environment hook '/home/skola/ros2_ws/install/turtlesim/share/turtlesim/hook/pythonpath.ps1'
[0.925s] INFO:colcon.colcon_core.shell:Creating environment descriptor '/home/skola/ros2_ws/install/turtlesim/share/turtlesim/hook/pythonpath.dsv'
[0.926s] INFO:colcon.colcon_core.shell:Creating environment hook '/home/skola/ros2_ws/install/turtlesim/share/turtlesim/hook/pythonpath.sh'
[0.926s] INFO:colcon.colcon_core.shell:Creating package script '/home/skola/ros2_ws/install/turtlesim/share/turtlesim/package.ps1'
[0.927s] INFO:colcon.colcon_core.shell:Creating package descriptor '/home/skola/ros2_ws/install/turtlesim/share/turtlesim/package.dsv'
[0.927s] INFO:colcon.colcon_core.shell:Creating package script '/home/skola/ros2_ws/install/turtlesim/share/turtlesim/package.sh'
[0.928s] INFO:colcon.colcon_core.shell:Creating package script '/home/skola/ros2_ws/install/turtlesim/share/turtlesim/package.bash'
[0.928s] INFO:colcon.colcon_core.shell:Creating package script '/home/skola/ros2_ws/install/turtlesim/share/turtlesim/package.zsh'
[0.928s] Level 1:colcon.colcon_core.environment:create_file_with_runtime_dependencies(/home/skola/ros2_ws/install/turtlesim/share/colcon-core/packages/turtlesim)
[3.764s] DEBUG:colcon.colcon_core.event_handler.log_command:Invoked command in '/home/skola/ros2_ws/build/sublisher' returned '0': CMAKE_PREFIX_PATH=/opt/ros/foxy /usr/bin/cmake --build /home/skola/ros2_ws/build/sublisher -- -j8 -l8
[3.792s] DEBUG:colcon.colcon_core.event_handler.log_command:Invoking command in '/home/skola/ros2_ws/build/sublisher': CMAKE_PREFIX_PATH=/opt/ros/foxy /usr/bin/cmake --install /home/skola/ros2_ws/build/sublisher
[3.802s] Level 1:colcon.colcon_core.environment:create_environment_scripts_only(sublisher)
[3.803s] Level 1:colcon.colcon_core.environment:checking '/home/skola/ros2_ws/install/sublisher' for CMake module files
[3.804s] DEBUG:colcon.colcon_core.event_handler.log_command:Invoked command in '/home/skola/ros2_ws/build/sublisher' returned '0': CMAKE_PREFIX_PATH=/opt/ros/foxy /usr/bin/cmake --install /home/skola/ros2_ws/build/sublisher
[3.804s] Level 1:colcon.colcon_core.environment:checking '/home/skola/ros2_ws/install/sublisher' for CMake config files
[3.804s] Level 1:colcon.colcon_core.shell:create_environment_hook('sublisher', 'cmake_prefix_path')
[3.804s] INFO:colcon.colcon_core.shell:Creating environment hook '/home/skola/ros2_ws/install/sublisher/share/sublisher/hook/cmake_prefix_path.ps1'
[3.805s] INFO:colcon.colcon_core.shell:Creating environment descriptor '/home/skola/ros2_ws/install/sublisher/share/sublisher/hook/cmake_prefix_path.dsv'
[3.805s] INFO:colcon.colcon_core.shell:Creating environment hook '/home/skola/ros2_ws/install/sublisher/share/sublisher/hook/cmake_prefix_path.sh'
[3.805s] Level 1:colcon.colcon_core.environment:checking '/home/skola/ros2_ws/install/sublisher/lib'
[3.806s] Level 1:colcon.colcon_core.environment:checking '/home/skola/ros2_ws/install/sublisher/bin'
[3.806s] Level 1:colcon.colcon_core.environment:checking '/home/skola/ros2_ws/install/sublisher/lib/pkgconfig/sublisher.pc'
[3.806s] Level 1:colcon.colcon_core.environment:checking '/home/skola/ros2_ws/install/sublisher/lib/python3.8/site-packages'
[3.806s] INFO:colcon.colcon_core.shell:Creating package script '/home/skola/ros2_ws/install/sublisher/share/sublisher/package.ps1'
[3.806s] INFO:colcon.colcon_core.shell:Creating package descriptor '/home/skola/ros2_ws/install/sublisher/share/sublisher/package.dsv'
[3.807s] INFO:colcon.colcon_core.shell:Creating package script '/home/skola/ros2_ws/install/sublisher/share/sublisher/package.sh'
[3.807s] INFO:colcon.colcon_core.shell:Creating package script '/home/skola/ros2_ws/install/sublisher/share/sublisher/package.bash'
[3.807s] INFO:colcon.colcon_core.shell:Creating package script '/home/skola/ros2_ws/install/sublisher/share/sublisher/package.zsh'
[3.807s] Level 1:colcon.colcon_core.environment:create_file_with_runtime_dependencies(/home/skola/ros2_ws/install/sublisher/share/colcon-core/packages/sublisher)
[3.832s] Level 1:colcon.colcon_core.environment:create_environment_scripts_only(sublisher)
[3.832s] Level 1:colcon.colcon_core.environment:checking '/home/skola/ros2_ws/install/sublisher' for CMake module files
[3.833s] Level 1:colcon.colcon_core.environment:checking '/home/skola/ros2_ws/install/sublisher' for CMake config files
[3.833s] Level 1:colcon.colcon_core.shell:create_environment_hook('sublisher', 'cmake_prefix_path')
[3.833s] INFO:colcon.colcon_core.shell:Creating environment hook '/home/skola/ros2_ws/install/sublisher/share/sublisher/hook/cmake_prefix_path.ps1'
[3.834s] INFO:colcon.colcon_core.shell:Creating environment descriptor '/home/skola/ros2_ws/install/sublisher/share/sublisher/hook/cmake_prefix_path.dsv'
[3.834s] INFO:colcon.colcon_core.shell:Creating environment hook '/home/skola/ros2_ws/install/sublisher/share/sublisher/hook/cmake_prefix_path.sh'
[3.834s] Level 1:colcon.colcon_core.environment:checking '/home/skola/ros2_ws/install/sublisher/lib'
[3.834s] Level 1:colcon.colcon_core.environment:checking '/home/skola/ros2_ws/install/sublisher/bin'
[3.834s] Level 1:colcon.colcon_core.environment:checking '/home/skola/ros2_ws/install/sublisher/lib/pkgconfig/sublisher.pc'
[3.834s] Level 1:colcon.colcon_core.environment:checking '/home/skola/ros2_ws/install/sublisher/lib/python3.8/site-packages'
[3.835s] INFO:colcon.colcon_core.shell:Creating package script '/home/skola/ros2_ws/install/sublisher/share/sublisher/package.ps1'
[3.835s] INFO:colcon.colcon_core.shell:Creating package descriptor '/home/skola/ros2_ws/install/sublisher/share/sublisher/package.dsv'
[3.835s] INFO:colcon.colcon_core.shell:Creating package script '/home/skola/ros2_ws/install/sublisher/share/sublisher/package.sh'
[3.836s] INFO:colcon.colcon_core.shell:Creating package script '/home/skola/ros2_ws/install/sublisher/share/sublisher/package.bash'
[3.836s] INFO:colcon.colcon_core.shell:Creating package script '/home/skola/ros2_ws/install/sublisher/share/sublisher/package.zsh'
[3.836s] Level 1:colcon.colcon_core.environment:create_file_with_runtime_dependencies(/home/skola/ros2_ws/install/sublisher/share/colcon-core/packages/sublisher)
[3.836s] DEBUG:colcon.colcon_parallel_executor.executor.parallel:closing loop
[3.837s] DEBUG:colcon.colcon_parallel_executor.executor.parallel:loop closed
[3.837s] DEBUG:colcon.colcon_parallel_executor.executor.parallel:run_until_complete finished with '0'
[3.837s] DEBUG:colcon.colcon_core.event_reactor:joining thread
[3.842s] INFO:colcon.colcon_core.plugin_system:Skipping extension 'colcon_notification.desktop_notification.terminal_notifier': Not used on non-Darwin systems
[3.842s] INFO:colcon.colcon_core.plugin_system:Skipping extension 'colcon_notification.desktop_notification.win32': Not used on non-Windows systems
[3.842s] INFO:colcon.colcon_notification.desktop_notification:Sending desktop notification using 'notify2'
[3.857s] DEBUG:colcon.colcon_core.event_reactor:joined thread
[3.857s] INFO:colcon.colcon_core.shell:Creating prefix script '/home/skola/ros2_ws/install/local_setup.ps1'
[3.858s] INFO:colcon.colcon_core.shell:Creating prefix util module '/home/skola/ros2_ws/install/_local_setup_util_ps1.py'
[3.858s] INFO:colcon.colcon_core.shell:Creating prefix chain script '/home/skola/ros2_ws/install/setup.ps1'
[3.860s] INFO:colcon.colcon_core.shell:Creating prefix script '/home/skola/ros2_ws/install/local_setup.sh'
[3.860s] INFO:colcon.colcon_core.shell:Creating prefix util module '/home/skola/ros2_ws/install/_local_setup_util_sh.py'
[3.861s] INFO:colcon.colcon_core.shell:Creating prefix chain script '/home/skola/ros2_ws/install/setup.sh'
[3.862s] INFO:colcon.colcon_core.shell:Creating prefix script '/home/skola/ros2_ws/install/local_setup.bash'
[3.862s] INFO:colcon.colcon_core.shell:Creating prefix chain script '/home/skola/ros2_ws/install/setup.bash'
[3.864s] INFO:colcon.colcon_core.shell:Creating prefix script '/home/skola/ros2_ws/install/local_setup.zsh'
[3.869s] INFO:colcon.colcon_core.shell:Creating prefix chain script '/home/skola/ros2_ws/install/setup.zsh'
