[0.392s] DEBUG:colcon:Command line arguments: ['/usr/bin/colcon', 'build']
[0.392s] DEBUG:colcon:Parsed command line arguments: Namespace(ament_cmake_args=None, base_paths=['.'], build_base='build', catkin_cmake_args=None, catkin_skip_building_tests=False, cmake_args=None, cmake_clean_cache=False, cmake_clean_first=False, cmake_force_configure=False, cmake_target=None, cmake_target_skip_unavailable=False, continue_on_error=False, event_handlers=None, executor='parallel', ignore_user_meta=False, install_base='install', log_base=None, log_level=None, main=<bound method BuildVerb.main of <colcon_core.verb.build.BuildVerb object at 0x7fef8bff43a0>>, merge_install=False, metas=['./colcon.meta'], packages_above=None, packages_above_and_dependencies=None, packages_above_depth=None, packages_end=None, packages_ignore=None, packages_ignore_regex=None, packages_select=None, packages_select_build_failed=False, packages_select_by_dep=None, packages_select_regex=None, packages_select_test_failures=False, packages_skip=None, packages_skip_build_finished=False, packages_skip_by_dep=None, packages_skip_regex=None, packages_skip_test_passed=False, packages_skip_up_to=None, packages_start=None, packages_up_to=None, packages_up_to_regex=None, parallel_workers=8, paths=None, symlink_install=False, test_result_base=None, verb_extension=<colcon_core.verb.build.BuildVerb object at 0x7fef8bff43a0>, verb_name='build', verb_parser=<colcon_defaults.argument_parser.defaults.DefaultArgumentsDecorator object at 0x7fef8bff48e0>)
[0.407s] Level 1:colcon.colcon_core.package_discovery:discover_packages(colcon_meta) check parameters
[0.407s] Level 1:colcon.colcon_core.package_discovery:discover_packages(recursive) check parameters
[0.407s] Level 1:colcon.colcon_core.package_discovery:discover_packages(ignore) check parameters
[0.407s] Level 1:colcon.colcon_core.package_discovery:discover_packages(path) check parameters
[0.407s] Level 1:colcon.colcon_core.package_discovery:discover_packages(colcon_meta) discover
[0.407s] Level 1:colcon.colcon_core.package_discovery:discover_packages(recursive) discover
[0.407s] INFO:colcon.colcon_core.package_discovery:Crawling recursively for packages in '/home/skola/ros2_ws'
[0.410s] Level 1:colcon.colcon_core.package_identification:_identify(.) by extensions ['ignore', 'ignore_ament_install']
[0.410s] Level 1:colcon.colcon_core.package_identification:_identify(.) by extension 'ignore'
[0.410s] Level 1:colcon.colcon_core.package_identification:_identify(.) by extension 'ignore_ament_install'
[0.411s] Level 1:colcon.colcon_core.package_identification:_identify(.) by extensions ['colcon_pkg']
[0.411s] Level 1:colcon.colcon_core.package_identification:_identify(.) by extension 'colcon_pkg'
[0.411s] Level 1:colcon.colcon_core.package_identification:_identify(.) by extensions ['colcon_meta']
[0.411s] Level 1:colcon.colcon_core.package_identification:_identify(.) by extension 'colcon_meta'
[0.411s] Level 1:colcon.colcon_core.package_identification:_identify(.) by extensions ['ros']
[0.411s] Level 1:colcon.colcon_core.package_identification:_identify(.) by extension 'ros'
[0.427s] Level 1:colcon.colcon_core.package_identification:_identify(.) by extensions ['cmake', 'python']
[0.427s] Level 1:colcon.colcon_core.package_identification:_identify(.) by extension 'cmake'
[0.427s] Level 1:colcon.colcon_core.package_identification:_identify(.) by extension 'python'
[0.427s] Level 1:colcon.colcon_core.package_identification:_identify(.) by extensions ['python_setup_py']
[0.427s] Level 1:colcon.colcon_core.package_identification:_identify(.) by extension 'python_setup_py'
[0.427s] Level 1:colcon.colcon_core.package_identification:_identify(build) by extensions ['ignore', 'ignore_ament_install']
[0.427s] Level 1:colcon.colcon_core.package_identification:_identify(build) by extension 'ignore'
[0.427s] Level 1:colcon.colcon_core.package_identification:_identify(build) ignored
[0.427s] Level 1:colcon.colcon_core.package_identification:_identify(install) by extensions ['ignore', 'ignore_ament_install']
[0.427s] Level 1:colcon.colcon_core.package_identification:_identify(install) by extension 'ignore'
[0.427s] Level 1:colcon.colcon_core.package_identification:_identify(install) ignored
[0.427s] Level 1:colcon.colcon_core.package_identification:_identify(log) by extensions ['ignore', 'ignore_ament_install']
[0.428s] Level 1:colcon.colcon_core.package_identification:_identify(log) by extension 'ignore'
[0.428s] Level 1:colcon.colcon_core.package_identification:_identify(log) ignored
[0.428s] Level 1:colcon.colcon_core.package_identification:_identify(src) by extensions ['ignore', 'ignore_ament_install']
[0.428s] Level 1:colcon.colcon_core.package_identification:_identify(src) by extension 'ignore'
[0.428s] Level 1:colcon.colcon_core.package_identification:_identify(src) by extension 'ignore_ament_install'
[0.428s] Level 1:colcon.colcon_core.package_identification:_identify(src) by extensions ['colcon_pkg']
[0.428s] Level 1:colcon.colcon_core.package_identification:_identify(src) by extension 'colcon_pkg'
[0.428s] Level 1:colcon.colcon_core.package_identification:_identify(src) by extensions ['colcon_meta']
[0.428s] Level 1:colcon.colcon_core.package_identification:_identify(src) by extension 'colcon_meta'
[0.428s] Level 1:colcon.colcon_core.package_identification:_identify(src) by extensions ['ros']
[0.428s] Level 1:colcon.colcon_core.package_identification:_identify(src) by extension 'ros'
[0.428s] Level 1:colcon.colcon_core.package_identification:_identify(src) by extensions ['cmake', 'python']
[0.428s] Level 1:colcon.colcon_core.package_identification:_identify(src) by extension 'cmake'
[0.428s] Level 1:colcon.colcon_core.package_identification:_identify(src) by extension 'python'
[0.428s] Level 1:colcon.colcon_core.package_identification:_identify(src) by extensions ['python_setup_py']
[0.428s] Level 1:colcon.colcon_core.package_identification:_identify(src) by extension 'python_setup_py'
[0.429s] Level 1:colcon.colcon_core.package_identification:_identify(src/cpp_pubsub) by extensions ['ignore', 'ignore_ament_install']
[0.429s] Level 1:colcon.colcon_core.package_identification:_identify(src/cpp_pubsub) by extension 'ignore'
[0.429s] Level 1:colcon.colcon_core.package_identification:_identify(src/cpp_pubsub) by extension 'ignore_ament_install'
[0.429s] Level 1:colcon.colcon_core.package_identification:_identify(src/cpp_pubsub) by extensions ['colcon_pkg']
[0.429s] Level 1:colcon.colcon_core.package_identification:_identify(src/cpp_pubsub) by extension 'colcon_pkg'
[0.430s] Level 1:colcon.colcon_core.package_identification:_identify(src/cpp_pubsub) by extensions ['colcon_meta']
[0.430s] Level 1:colcon.colcon_core.package_identification:_identify(src/cpp_pubsub) by extension 'colcon_meta'
[0.430s] Level 1:colcon.colcon_core.package_identification:_identify(src/cpp_pubsub) by extensions ['ros']
[0.430s] Level 1:colcon.colcon_core.package_identification:_identify(src/cpp_pubsub) by extension 'ros'
[0.434s] DEBUG:colcon.colcon_core.package_identification:Package 'src/cpp_pubsub' with type 'ros.ament_cmake' and name 'cpp_pubsub'
[0.434s] Level 1:colcon.colcon_core.package_identification:_identify(src/cpp_srvcli) by extensions ['ignore', 'ignore_ament_install']
[0.434s] Level 1:colcon.colcon_core.package_identification:_identify(src/cpp_srvcli) by extension 'ignore'
[0.434s] Level 1:colcon.colcon_core.package_identification:_identify(src/cpp_srvcli) by extension 'ignore_ament_install'
[0.434s] Level 1:colcon.colcon_core.package_identification:_identify(src/cpp_srvcli) by extensions ['colcon_pkg']
[0.434s] Level 1:colcon.colcon_core.package_identification:_identify(src/cpp_srvcli) by extension 'colcon_pkg'
[0.435s] Level 1:colcon.colcon_core.package_identification:_identify(src/cpp_srvcli) by extensions ['colcon_meta']
[0.435s] Level 1:colcon.colcon_core.package_identification:_identify(src/cpp_srvcli) by extension 'colcon_meta'
[0.435s] Level 1:colcon.colcon_core.package_identification:_identify(src/cpp_srvcli) by extensions ['ros']
[0.435s] Level 1:colcon.colcon_core.package_identification:_identify(src/cpp_srvcli) by extension 'ros'
[0.435s] DEBUG:colcon.colcon_core.package_identification:Package 'src/cpp_srvcli' with type 'ros.ament_cmake' and name 'cpp_srvcli'
[0.436s] Level 1:colcon.colcon_core.package_identification:_identify(src/cpp_topic) by extensions ['ignore', 'ignore_ament_install']
[0.436s] Level 1:colcon.colcon_core.package_identification:_identify(src/cpp_topic) by extension 'ignore'
[0.436s] Level 1:colcon.colcon_core.package_identification:_identify(src/cpp_topic) by extension 'ignore_ament_install'
[0.436s] Level 1:colcon.colcon_core.package_identification:_identify(src/cpp_topic) by extensions ['colcon_pkg']
[0.437s] Level 1:colcon.colcon_core.package_identification:_identify(src/cpp_topic) by extension 'colcon_pkg'
[0.437s] Level 1:colcon.colcon_core.package_identification:_identify(src/cpp_topic) by extensions ['colcon_meta']
[0.437s] Level 1:colcon.colcon_core.package_identification:_identify(src/cpp_topic) by extension 'colcon_meta'
[0.437s] Level 1:colcon.colcon_core.package_identification:_identify(src/cpp_topic) by extensions ['ros']
[0.437s] Level 1:colcon.colcon_core.package_identification:_identify(src/cpp_topic) by extension 'ros'
[0.438s] DEBUG:colcon.colcon_core.package_identification:Package 'src/cpp_topic' with type 'ros.ament_cmake' and name 'cpp_topic'
[0.438s] Level 1:colcon.colcon_core.package_identification:_identify(src/my_package) by extensions ['ignore', 'ignore_ament_install']
[0.438s] Level 1:colcon.colcon_core.package_identification:_identify(src/my_package) by extension 'ignore'
[0.438s] Level 1:colcon.colcon_core.package_identification:_identify(src/my_package) by extension 'ignore_ament_install'
[0.439s] Level 1:colcon.colcon_core.package_identification:_identify(src/my_package) by extensions ['colcon_pkg']
[0.439s] Level 1:colcon.colcon_core.package_identification:_identify(src/my_package) by extension 'colcon_pkg'
[0.439s] Level 1:colcon.colcon_core.package_identification:_identify(src/my_package) by extensions ['colcon_meta']
[0.439s] Level 1:colcon.colcon_core.package_identification:_identify(src/my_package) by extension 'colcon_meta'
[0.439s] Level 1:colcon.colcon_core.package_identification:_identify(src/my_package) by extensions ['ros']
[0.439s] Level 1:colcon.colcon_core.package_identification:_identify(src/my_package) by extension 'ros'
[0.441s] DEBUG:colcon.colcon_core.package_identification:Package 'src/my_package' with type 'ros.ament_cmake' and name 'my_package'
[0.441s] Level 1:colcon.colcon_core.package_identification:_identify(src/ros_tutorials) by extensions ['ignore', 'ignore_ament_install']
[0.441s] Level 1:colcon.colcon_core.package_identification:_identify(src/ros_tutorials) by extension 'ignore'
[0.441s] Level 1:colcon.colcon_core.package_identification:_identify(src/ros_tutorials) by extension 'ignore_ament_install'
[0.441s] Level 1:colcon.colcon_core.package_identification:_identify(src/ros_tutorials) by extensions ['colcon_pkg']
[0.441s] Level 1:colcon.colcon_core.package_identification:_identify(src/ros_tutorials) by extension 'colcon_pkg'
[0.441s] Level 1:colcon.colcon_core.package_identification:_identify(src/ros_tutorials) by extensions ['colcon_meta']
[0.441s] Level 1:colcon.colcon_core.package_identification:_identify(src/ros_tutorials) by extension 'colcon_meta'
[0.441s] Level 1:colcon.colcon_core.package_identification:_identify(src/ros_tutorials) by extensions ['ros']
[0.441s] Level 1:colcon.colcon_core.package_identification:_identify(src/ros_tutorials) by extension 'ros'
[0.441s] Level 1:colcon.colcon_core.package_identification:_identify(src/ros_tutorials) by extensions ['cmake', 'python']
[0.441s] Level 1:colcon.colcon_core.package_identification:_identify(src/ros_tutorials) by extension 'cmake'
[0.441s] Level 1:colcon.colcon_core.package_identification:_identify(src/ros_tutorials) by extension 'python'
[0.441s] Level 1:colcon.colcon_core.package_identification:_identify(src/ros_tutorials) by extensions ['python_setup_py']
[0.441s] Level 1:colcon.colcon_core.package_identification:_identify(src/ros_tutorials) by extension 'python_setup_py'
[0.443s] Level 1:colcon.colcon_core.package_identification:_identify(src/ros_tutorials/ros_tutorials) by extensions ['ignore', 'ignore_ament_install']
[0.443s] Level 1:colcon.colcon_core.package_identification:_identify(src/ros_tutorials/ros_tutorials) by extension 'ignore'
[0.443s] Level 1:colcon.colcon_core.package_identification:_identify(src/ros_tutorials/ros_tutorials) ignored
[0.444s] Level 1:colcon.colcon_core.package_identification:_identify(src/ros_tutorials/roscpp_tutorials) by extensions ['ignore', 'ignore_ament_install']
[0.444s] Level 1:colcon.colcon_core.package_identification:_identify(src/ros_tutorials/roscpp_tutorials) by extension 'ignore'
[0.445s] Level 1:colcon.colcon_core.package_identification:_identify(src/ros_tutorials/roscpp_tutorials) ignored
[0.446s] Level 1:colcon.colcon_core.package_identification:_identify(src/ros_tutorials/rospy_tutorials) by extensions ['ignore', 'ignore_ament_install']
[0.447s] Level 1:colcon.colcon_core.package_identification:_identify(src/ros_tutorials/rospy_tutorials) by extension 'ignore'
[0.448s] Level 1:colcon.colcon_core.package_identification:_identify(src/ros_tutorials/rospy_tutorials) ignored
[0.450s] Level 1:colcon.colcon_core.package_identification:_identify(src/ros_tutorials/turtlesim) by extensions ['ignore', 'ignore_ament_install']
[0.450s] Level 1:colcon.colcon_core.package_identification:_identify(src/ros_tutorials/turtlesim) by extension 'ignore'
[0.450s] Level 1:colcon.colcon_core.package_identification:_identify(src/ros_tutorials/turtlesim) by extension 'ignore_ament_install'
[0.450s] Level 1:colcon.colcon_core.package_identification:_identify(src/ros_tutorials/turtlesim) by extensions ['colcon_pkg']
[0.450s] Level 1:colcon.colcon_core.package_identification:_identify(src/ros_tutorials/turtlesim) by extension 'colcon_pkg'
[0.450s] Level 1:colcon.colcon_core.package_identification:_identify(src/ros_tutorials/turtlesim) by extensions ['colcon_meta']
[0.450s] Level 1:colcon.colcon_core.package_identification:_identify(src/ros_tutorials/turtlesim) by extension 'colcon_meta'
[0.450s] Level 1:colcon.colcon_core.package_identification:_identify(src/ros_tutorials/turtlesim) by extensions ['ros']
[0.450s] Level 1:colcon.colcon_core.package_identification:_identify(src/ros_tutorials/turtlesim) by extension 'ros'
[0.452s] DEBUG:colcon.colcon_core.package_identification:Package 'src/ros_tutorials/turtlesim' with type 'ros.ament_cmake' and name 'turtlesim'
[0.452s] Level 1:colcon.colcon_core.package_identification:_identify(src/sublisher) by extensions ['ignore', 'ignore_ament_install']
[0.452s] Level 1:colcon.colcon_core.package_identification:_identify(src/sublisher) by extension 'ignore'
[0.452s] Level 1:colcon.colcon_core.package_identification:_identify(src/sublisher) by extension 'ignore_ament_install'
[0.452s] Level 1:colcon.colcon_core.package_identification:_identify(src/sublisher) by extensions ['colcon_pkg']
[0.452s] Level 1:colcon.colcon_core.package_identification:_identify(src/sublisher) by extension 'colcon_pkg'
[0.452s] Level 1:colcon.colcon_core.package_identification:_identify(src/sublisher) by extensions ['colcon_meta']
[0.452s] Level 1:colcon.colcon_core.package_identification:_identify(src/sublisher) by extension 'colcon_meta'
[0.452s] Level 1:colcon.colcon_core.package_identification:_identify(src/sublisher) by extensions ['ros']
[0.452s] Level 1:colcon.colcon_core.package_identification:_identify(src/sublisher) by extension 'ros'
[0.454s] DEBUG:colcon.colcon_core.package_identification:Package 'src/sublisher' with type 'ros.ament_cmake' and name 'sublisher'
[0.454s] Level 1:colcon.colcon_core.package_discovery:discover_packages(recursive) using defaults
[0.454s] Level 1:colcon.colcon_core.package_discovery:discover_packages(ignore) discover
[0.454s] Level 1:colcon.colcon_core.package_discovery:discover_packages(ignore) using defaults
[0.454s] Level 1:colcon.colcon_core.package_discovery:discover_packages(path) discover
[0.454s] Level 1:colcon.colcon_core.package_discovery:discover_packages(path) using defaults
[0.478s] Level 5:colcon.colcon_core.verb:set package 'cpp_pubsub' build argument 'cmake_args' from command line to 'None'
[0.478s] Level 5:colcon.colcon_core.verb:set package 'cpp_pubsub' build argument 'cmake_target' from command line to 'None'
[0.478s] Level 5:colcon.colcon_core.verb:set package 'cpp_pubsub' build argument 'cmake_target_skip_unavailable' from command line to 'False'
[0.478s] Level 5:colcon.colcon_core.verb:set package 'cpp_pubsub' build argument 'cmake_clean_cache' from command line to 'False'
[0.478s] Level 5:colcon.colcon_core.verb:set package 'cpp_pubsub' build argument 'cmake_clean_first' from command line to 'False'
[0.478s] Level 5:colcon.colcon_core.verb:set package 'cpp_pubsub' build argument 'cmake_force_configure' from command line to 'False'
[0.478s] Level 5:colcon.colcon_core.verb:set package 'cpp_pubsub' build argument 'ament_cmake_args' from command line to 'None'
[0.478s] Level 5:colcon.colcon_core.verb:set package 'cpp_pubsub' build argument 'catkin_cmake_args' from command line to 'None'
[0.478s] Level 5:colcon.colcon_core.verb:set package 'cpp_pubsub' build argument 'catkin_skip_building_tests' from command line to 'False'
[0.478s] DEBUG:colcon.colcon_core.verb:Building package 'cpp_pubsub' with the following arguments: {'ament_cmake_args': None, 'build_base': '/home/skola/ros2_ws/build/cpp_pubsub', 'catkin_cmake_args': None, 'catkin_skip_building_tests': False, 'cmake_args': None, 'cmake_clean_cache': False, 'cmake_clean_first': False, 'cmake_force_configure': False, 'cmake_target': None, 'cmake_target_skip_unavailable': False, 'install_base': '/home/skola/ros2_ws/install/cpp_pubsub', 'merge_install': False, 'path': '/home/skola/ros2_ws/src/cpp_pubsub', 'symlink_install': False, 'test_result_base': None}
[0.480s] Level 5:colcon.colcon_core.verb:set package 'cpp_srvcli' build argument 'cmake_args' from command line to 'None'
[0.480s] Level 5:colcon.colcon_core.verb:set package 'cpp_srvcli' build argument 'cmake_target' from command line to 'None'
[0.480s] Level 5:colcon.colcon_core.verb:set package 'cpp_srvcli' build argument 'cmake_target_skip_unavailable' from command line to 'False'
[0.480s] Level 5:colcon.colcon_core.verb:set package 'cpp_srvcli' build argument 'cmake_clean_cache' from command line to 'False'
[0.480s] Level 5:colcon.colcon_core.verb:set package 'cpp_srvcli' build argument 'cmake_clean_first' from command line to 'False'
[0.480s] Level 5:colcon.colcon_core.verb:set package 'cpp_srvcli' build argument 'cmake_force_configure' from command line to 'False'
[0.480s] Level 5:colcon.colcon_core.verb:set package 'cpp_srvcli' build argument 'ament_cmake_args' from command line to 'None'
[0.480s] Level 5:colcon.colcon_core.verb:set package 'cpp_srvcli' build argument 'catkin_cmake_args' from command line to 'None'
[0.480s] Level 5:colcon.colcon_core.verb:set package 'cpp_srvcli' build argument 'catkin_skip_building_tests' from command line to 'False'
[0.480s] DEBUG:colcon.colcon_core.verb:Building package 'cpp_srvcli' with the following arguments: {'ament_cmake_args': None, 'build_base': '/home/skola/ros2_ws/build/cpp_srvcli', 'catkin_cmake_args': None, 'catkin_skip_building_tests': False, 'cmake_args': None, 'cmake_clean_cache': False, 'cmake_clean_first': False, 'cmake_force_configure': False, 'cmake_target': None, 'cmake_target_skip_unavailable': False, 'install_base': '/home/skola/ros2_ws/install/cpp_srvcli', 'merge_install': False, 'path': '/home/skola/ros2_ws/src/cpp_srvcli', 'symlink_install': False, 'test_result_base': None}
[0.482s] Level 5:colcon.colcon_core.verb:set package 'cpp_topic' build argument 'cmake_args' from command line to 'None'
[0.482s] Level 5:colcon.colcon_core.verb:set package 'cpp_topic' build argument 'cmake_target' from command line to 'None'
[0.482s] Level 5:colcon.colcon_core.verb:set package 'cpp_topic' build argument 'cmake_target_skip_unavailable' from command line to 'False'
[0.482s] Level 5:colcon.colcon_core.verb:set package 'cpp_topic' build argument 'cmake_clean_cache' from command line to 'False'
[0.482s] Level 5:colcon.colcon_core.verb:set package 'cpp_topic' build argument 'cmake_clean_first' from command line to 'False'
[0.482s] Level 5:colcon.colcon_core.verb:set package 'cpp_topic' build argument 'cmake_force_configure' from command line to 'False'
[0.482s] Level 5:colcon.colcon_core.verb:set package 'cpp_topic' build argument 'ament_cmake_args' from command line to 'None'
[0.482s] Level 5:colcon.colcon_core.verb:set package 'cpp_topic' build argument 'catkin_cmake_args' from command line to 'None'
[0.482s] Level 5:colcon.colcon_core.verb:set package 'cpp_topic' build argument 'catkin_skip_building_tests' from command line to 'False'
[0.482s] DEBUG:colcon.colcon_core.verb:Building package 'cpp_topic' with the following arguments: {'ament_cmake_args': None, 'build_base': '/home/skola/ros2_ws/build/cpp_topic', 'catkin_cmake_args': None, 'catkin_skip_building_tests': False, 'cmake_args': None, 'cmake_clean_cache': False, 'cmake_clean_first': False, 'cmake_force_configure': False, 'cmake_target': None, 'cmake_target_skip_unavailable': False, 'install_base': '/home/skola/ros2_ws/install/cpp_topic', 'merge_install': False, 'path': '/home/skola/ros2_ws/src/cpp_topic', 'symlink_install': False, 'test_result_base': None}
[0.484s] Level 5:colcon.colcon_core.verb:set package 'my_package' build argument 'cmake_args' from command line to 'None'
[0.484s] Level 5:colcon.colcon_core.verb:set package 'my_package' build argument 'cmake_target' from command line to 'None'
[0.484s] Level 5:colcon.colcon_core.verb:set package 'my_package' build argument 'cmake_target_skip_unavailable' from command line to 'False'
[0.484s] Level 5:colcon.colcon_core.verb:set package 'my_package' build argument 'cmake_clean_cache' from command line to 'False'
[0.484s] Level 5:colcon.colcon_core.verb:set package 'my_package' build argument 'cmake_clean_first' from command line to 'False'
[0.484s] Level 5:colcon.colcon_core.verb:set package 'my_package' build argument 'cmake_force_configure' from command line to 'False'
[0.484s] Level 5:colcon.colcon_core.verb:set package 'my_package' build argument 'ament_cmake_args' from command line to 'None'
[0.484s] Level 5:colcon.colcon_core.verb:set package 'my_package' build argument 'catkin_cmake_args' from command line to 'None'
[0.484s] Level 5:colcon.colcon_core.verb:set package 'my_package' build argument 'catkin_skip_building_tests' from command line to 'False'
[0.484s] DEBUG:colcon.colcon_core.verb:Building package 'my_package' with the following arguments: {'ament_cmake_args': None, 'build_base': '/home/skola/ros2_ws/build/my_package', 'catkin_cmake_args': None, 'catkin_skip_building_tests': False, 'cmake_args': None, 'cmake_clean_cache': False, 'cmake_clean_first': False, 'cmake_force_configure': False, 'cmake_target': None, 'cmake_target_skip_unavailable': False, 'install_base': '/home/skola/ros2_ws/install/my_package', 'merge_install': False, 'path': '/home/skola/ros2_ws/src/my_package', 'symlink_install': False, 'test_result_base': None}
[0.486s] Level 5:colcon.colcon_core.verb:set package 'sublisher' build argument 'cmake_args' from command line to 'None'
[0.486s] Level 5:colcon.colcon_core.verb:set package 'sublisher' build argument 'cmake_target' from command line to 'None'
[0.486s] Level 5:colcon.colcon_core.verb:set package 'sublisher' build argument 'cmake_target_skip_unavailable' from command line to 'False'
[0.486s] Level 5:colcon.colcon_core.verb:set package 'sublisher' build argument 'cmake_clean_cache' from command line to 'False'
[0.486s] Level 5:colcon.colcon_core.verb:set package 'sublisher' build argument 'cmake_clean_first' from command line to 'False'
[0.486s] Level 5:colcon.colcon_core.verb:set package 'sublisher' build argument 'cmake_force_configure' from command line to 'False'
[0.486s] Level 5:colcon.colcon_core.verb:set package 'sublisher' build argument 'ament_cmake_args' from command line to 'None'
[0.486s] Level 5:colcon.colcon_core.verb:set package 'sublisher' build argument 'catkin_cmake_args' from command line to 'None'
[0.486s] Level 5:colcon.colcon_core.verb:set package 'sublisher' build argument 'catkin_skip_building_tests' from command line to 'False'
[0.486s] DEBUG:colcon.colcon_core.verb:Building package 'sublisher' with the following arguments: {'ament_cmake_args': None, 'build_base': '/home/skola/ros2_ws/build/sublisher', 'catkin_cmake_args': None, 'catkin_skip_building_tests': False, 'cmake_args': None, 'cmake_clean_cache': False, 'cmake_clean_first': False, 'cmake_force_configure': False, 'cmake_target': None, 'cmake_target_skip_unavailable': False, 'install_base': '/home/skola/ros2_ws/install/sublisher', 'merge_install': False, 'path': '/home/skola/ros2_ws/src/sublisher', 'symlink_install': False, 'test_result_base': None}
[0.488s] Level 5:colcon.colcon_core.verb:set package 'turtlesim' build argument 'cmake_args' from command line to 'None'
[0.488s] Level 5:colcon.colcon_core.verb:set package 'turtlesim' build argument 'cmake_target' from command line to 'None'
[0.488s] Level 5:colcon.colcon_core.verb:set package 'turtlesim' build argument 'cmake_target_skip_unavailable' from command line to 'False'
[0.488s] Level 5:colcon.colcon_core.verb:set package 'turtlesim' build argument 'cmake_clean_cache' from command line to 'False'
[0.488s] Level 5:colcon.colcon_core.verb:set package 'turtlesim' build argument 'cmake_clean_first' from command line to 'False'
[0.488s] Level 5:colcon.colcon_core.verb:set package 'turtlesim' build argument 'cmake_force_configure' from command line to 'False'
[0.488s] Level 5:colcon.colcon_core.verb:set package 'turtlesim' build argument 'ament_cmake_args' from command line to 'None'
[0.488s] Level 5:colcon.colcon_core.verb:set package 'turtlesim' build argument 'catkin_cmake_args' from command line to 'None'
[0.488s] Level 5:colcon.colcon_core.verb:set package 'turtlesim' build argument 'catkin_skip_building_tests' from command line to 'False'
[0.488s] DEBUG:colcon.colcon_core.verb:Building package 'turtlesim' with the following arguments: {'ament_cmake_args': None, 'build_base': '/home/skola/ros2_ws/build/turtlesim', 'catkin_cmake_args': None, 'catkin_skip_building_tests': False, 'cmake_args': None, 'cmake_clean_cache': False, 'cmake_clean_first': False, 'cmake_force_configure': False, 'cmake_target': None, 'cmake_target_skip_unavailable': False, 'install_base': '/home/skola/ros2_ws/install/turtlesim', 'merge_install': False, 'path': '/home/skola/ros2_ws/src/ros_tutorials/turtlesim', 'symlink_install': False, 'test_result_base': None}
[0.489s] INFO:colcon.colcon_core.executor:Executing jobs using 'parallel' executor
[0.491s] DEBUG:colcon.colcon_parallel_executor.executor.parallel:run_until_complete
[0.491s] INFO:colcon.colcon_ros.task.ament_cmake.build:Building ROS package in '/home/skola/ros2_ws/src/cpp_pubsub' with build type 'ament_cmake'
[0.491s] INFO:colcon.colcon_cmake.task.cmake.build:Building CMake package in '/home/skola/ros2_ws/src/cpp_pubsub'
[0.502s] INFO:colcon.colcon_core.plugin_system:Skipping extension 'colcon_core.shell.bat': Not used on non-Windows systems
[0.502s] INFO:colcon.colcon_core.shell:Skip shell extension 'powershell' for command environment: Not usable outside of PowerShell
[0.502s] DEBUG:colcon.colcon_core.shell:Skip shell extension 'dsv' for command environment
[0.529s] DEBUG:colcon.colcon_core.shell:Ignoring prefix path '/opt/ros/foxy'
[0.539s] INFO:colcon.colcon_ros.task.ament_cmake.build:Building ROS package in '/home/skola/ros2_ws/src/cpp_srvcli' with build type 'ament_cmake'
[0.540s] INFO:colcon.colcon_cmake.task.cmake.build:Building CMake package in '/home/skola/ros2_ws/src/cpp_srvcli'
[0.541s] INFO:colcon.colcon_core.shell:Skip shell extension 'powershell' for command environment: Not usable outside of PowerShell
[0.541s] DEBUG:colcon.colcon_core.shell:Skip shell extension 'dsv' for command environment
[0.547s] DEBUG:colcon.colcon_core.shell:Ignoring prefix path '/opt/ros/foxy'
[0.555s] INFO:colcon.colcon_ros.task.ament_cmake.build:Building ROS package in '/home/skola/ros2_ws/src/cpp_topic' with build type 'ament_cmake'
[0.555s] INFO:colcon.colcon_cmake.task.cmake.build:Building CMake package in '/home/skola/ros2_ws/src/cpp_topic'
[0.556s] INFO:colcon.colcon_core.shell:Skip shell extension 'powershell' for command environment: Not usable outside of PowerShell
[0.556s] DEBUG:colcon.colcon_core.shell:Skip shell extension 'dsv' for command environment
[0.560s] DEBUG:colcon.colcon_core.shell:Ignoring prefix path '/opt/ros/foxy'
[0.567s] INFO:colcon.colcon_ros.task.ament_cmake.build:Building ROS package in '/home/skola/ros2_ws/src/my_package' with build type 'ament_cmake'
[0.567s] INFO:colcon.colcon_cmake.task.cmake.build:Building CMake package in '/home/skola/ros2_ws/src/my_package'
[0.568s] INFO:colcon.colcon_core.shell:Skip shell extension 'powershell' for command environment: Not usable outside of PowerShell
[0.568s] DEBUG:colcon.colcon_core.shell:Skip shell extension 'dsv' for command environment
[0.574s] DEBUG:colcon.colcon_core.shell:Ignoring prefix path '/opt/ros/foxy'
[0.581s] INFO:colcon.colcon_ros.task.ament_cmake.build:Building ROS package in '/home/skola/ros2_ws/src/sublisher' with build type 'ament_cmake'
[0.582s] INFO:colcon.colcon_cmake.task.cmake.build:Building CMake package in '/home/skola/ros2_ws/src/sublisher'
[0.583s] INFO:colcon.colcon_core.shell:Skip shell extension 'powershell' for command environment: Not usable outside of PowerShell
[0.584s] DEBUG:colcon.colcon_core.shell:Skip shell extension 'dsv' for command environment
[0.588s] DEBUG:colcon.colcon_core.shell:Ignoring prefix path '/opt/ros/foxy'
[0.595s] INFO:colcon.colcon_ros.task.ament_cmake.build:Building ROS package in '/home/skola/ros2_ws/src/ros_tutorials/turtlesim' with build type 'ament_cmake'
[0.596s] INFO:colcon.colcon_cmake.task.cmake.build:Building CMake package in '/home/skola/ros2_ws/src/ros_tutorials/turtlesim'
[0.597s] INFO:colcon.colcon_core.shell:Skip shell extension 'powershell' for command environment: Not usable outside of PowerShell
[0.597s] DEBUG:colcon.colcon_core.shell:Skip shell extension 'dsv' for command environment
[0.601s] DEBUG:colcon.colcon_core.shell:Ignoring prefix path '/opt/ros/foxy'
[0.634s] DEBUG:colcon.colcon_core.event_handler.log_command:Invoking command in '/home/skola/ros2_ws/build/cpp_pubsub': CMAKE_PREFIX_PATH=${CMAKE_PREFIX_PATH}:/opt/ros/foxy /usr/bin/cmake --build /home/skola/ros2_ws/build/cpp_pubsub -- -j8 -l8
[0.648s] DEBUG:colcon.colcon_core.event_handler.log_command:Invoking command in '/home/skola/ros2_ws/build/cpp_srvcli': CMAKE_PREFIX_PATH=${CMAKE_PREFIX_PATH}:/opt/ros/foxy /usr/bin/cmake /home/skola/ros2_ws/src/cpp_srvcli -DCMAKE_INSTALL_PREFIX=/home/skola/ros2_ws/install/cpp_srvcli
[0.658s] DEBUG:colcon.colcon_core.event_handler.log_command:Invoking command in '/home/skola/ros2_ws/build/cpp_topic': CMAKE_PREFIX_PATH=${CMAKE_PREFIX_PATH}:/opt/ros/foxy /usr/bin/cmake --build /home/skola/ros2_ws/build/cpp_topic -- -j8 -l8
[0.671s] DEBUG:colcon.colcon_core.event_handler.log_command:Invoking command in '/home/skola/ros2_ws/build/my_package': CMAKE_PREFIX_PATH=${CMAKE_PREFIX_PATH}:/opt/ros/foxy /usr/bin/cmake --build /home/skola/ros2_ws/build/my_package -- -j8 -l8
[0.696s] DEBUG:colcon.colcon_core.event_handler.log_command:Invoking command in '/home/skola/ros2_ws/build/sublisher': CMAKE_PREFIX_PATH=${CMAKE_PREFIX_PATH}:/opt/ros/foxy /usr/bin/cmake --build /home/skola/ros2_ws/build/sublisher -- -j8 -l8
[0.724s] DEBUG:colcon.colcon_core.event_handler.log_command:Invoking command in '/home/skola/ros2_ws/build/turtlesim': CMAKE_PREFIX_PATH=${CMAKE_PREFIX_PATH}:/opt/ros/foxy /usr/bin/cmake --build /home/skola/ros2_ws/build/turtlesim -- -j8 -l8
[0.881s] DEBUG:colcon.colcon_core.event_handler.log_command:Invoked command in '/home/skola/ros2_ws/build/my_package' returned '0': CMAKE_PREFIX_PATH=${CMAKE_PREFIX_PATH}:/opt/ros/foxy /usr/bin/cmake --build /home/skola/ros2_ws/build/my_package -- -j8 -l8
[0.941s] DEBUG:colcon.colcon_core.event_handler.log_command:Invoked command in '/home/skola/ros2_ws/build/cpp_topic' returned '0': CMAKE_PREFIX_PATH=${CMAKE_PREFIX_PATH}:/opt/ros/foxy /usr/bin/cmake --build /home/skola/ros2_ws/build/cpp_topic -- -j8 -l8
[0.980s] DEBUG:colcon.colcon_core.event_handler.log_command:Invoking command in '/home/skola/ros2_ws/build/my_package': CMAKE_PREFIX_PATH=${CMAKE_PREFIX_PATH}:/opt/ros/foxy /usr/bin/cmake --install /home/skola/ros2_ws/build/my_package
[0.989s] DEBUG:colcon.colcon_core.event_handler.log_command:Invoked command in '/home/skola/ros2_ws/build/cpp_pubsub' returned '0': CMAKE_PREFIX_PATH=${CMAKE_PREFIX_PATH}:/opt/ros/foxy /usr/bin/cmake --build /home/skola/ros2_ws/build/cpp_pubsub -- -j8 -l8
[0.998s] DEBUG:colcon.colcon_core.event_handler.log_command:Invoked command in '/home/skola/ros2_ws/build/sublisher' returned '0': CMAKE_PREFIX_PATH=${CMAKE_PREFIX_PATH}:/opt/ros/foxy /usr/bin/cmake --build /home/skola/ros2_ws/build/sublisher -- -j8 -l8
[1.016s] Level 1:colcon.colcon_core.environment:create_environment_scripts_only(my_package)
[1.017s] DEBUG:colcon.colcon_core.event_handler.log_command:Invoked command in '/home/skola/ros2_ws/build/my_package' returned '0': CMAKE_PREFIX_PATH=${CMAKE_PREFIX_PATH}:/opt/ros/foxy /usr/bin/cmake --install /home/skola/ros2_ws/build/my_package
[1.030s] Level 1:colcon.colcon_core.environment:checking '/home/skola/ros2_ws/install/my_package' for CMake module files
[1.031s] Level 1:colcon.colcon_core.environment:checking '/home/skola/ros2_ws/install/my_package' for CMake config files
[1.031s] Level 1:colcon.colcon_core.shell:create_environment_hook('my_package', 'cmake_prefix_path')
[1.033s] INFO:colcon.colcon_core.shell:Creating environment hook '/home/skola/ros2_ws/install/my_package/share/my_package/hook/cmake_prefix_path.ps1'
[1.036s] INFO:colcon.colcon_core.shell:Creating environment descriptor '/home/skola/ros2_ws/install/my_package/share/my_package/hook/cmake_prefix_path.dsv'
[1.037s] INFO:colcon.colcon_core.shell:Creating environment hook '/home/skola/ros2_ws/install/my_package/share/my_package/hook/cmake_prefix_path.sh'
[1.041s] Level 1:colcon.colcon_core.environment:checking '/home/skola/ros2_ws/install/my_package/lib'
[1.042s] Level 1:colcon.colcon_core.environment:checking '/home/skola/ros2_ws/install/my_package/bin'
[1.042s] Level 1:colcon.colcon_core.environment:checking '/home/skola/ros2_ws/install/my_package/lib/pkgconfig/my_package.pc'
[1.042s] Level 1:colcon.colcon_core.environment:checking '/home/skola/ros2_ws/install/my_package/lib/python3.8/site-packages'
[1.044s] INFO:colcon.colcon_core.shell:Creating package script '/home/skola/ros2_ws/install/my_package/share/my_package/package.ps1'
[1.047s] INFO:colcon.colcon_core.shell:Creating package descriptor '/home/skola/ros2_ws/install/my_package/share/my_package/package.dsv'
[1.050s] INFO:colcon.colcon_core.shell:Creating package script '/home/skola/ros2_ws/install/my_package/share/my_package/package.sh'
[1.053s] INFO:colcon.colcon_core.shell:Creating package script '/home/skola/ros2_ws/install/my_package/share/my_package/package.bash'
[1.055s] INFO:colcon.colcon_core.shell:Creating package script '/home/skola/ros2_ws/install/my_package/share/my_package/package.zsh'
[1.057s] Level 1:colcon.colcon_core.environment:create_file_with_runtime_dependencies(/home/skola/ros2_ws/install/my_package/share/colcon-core/packages/my_package)
[1.068s] DEBUG:colcon.colcon_core.event_handler.log_command:Invoking command in '/home/skola/ros2_ws/build/cpp_topic': CMAKE_PREFIX_PATH=${CMAKE_PREFIX_PATH}:/opt/ros/foxy /usr/bin/cmake --install /home/skola/ros2_ws/build/cpp_topic
[1.082s] DEBUG:colcon.colcon_core.event_handler.log_command:Invoking command in '/home/skola/ros2_ws/build/cpp_pubsub': CMAKE_PREFIX_PATH=${CMAKE_PREFIX_PATH}:/opt/ros/foxy /usr/bin/cmake --install /home/skola/ros2_ws/build/cpp_pubsub
[1.096s] DEBUG:colcon.colcon_core.event_handler.log_command:Invoking command in '/home/skola/ros2_ws/build/sublisher': CMAKE_PREFIX_PATH=${CMAKE_PREFIX_PATH}:/opt/ros/foxy /usr/bin/cmake --install /home/skola/ros2_ws/build/sublisher
[1.114s] Level 1:colcon.colcon_core.environment:create_environment_scripts_only(cpp_topic)
[1.117s] Level 1:colcon.colcon_core.environment:checking '/home/skola/ros2_ws/install/cpp_topic' for CMake module files
[1.119s] DEBUG:colcon.colcon_core.event_handler.log_command:Invoked command in '/home/skola/ros2_ws/build/cpp_topic' returned '0': CMAKE_PREFIX_PATH=${CMAKE_PREFIX_PATH}:/opt/ros/foxy /usr/bin/cmake --install /home/skola/ros2_ws/build/cpp_topic
[1.123s] Level 1:colcon.colcon_core.environment:checking '/home/skola/ros2_ws/install/cpp_topic' for CMake config files
[1.123s] Level 1:colcon.colcon_core.shell:create_environment_hook('cpp_topic', 'cmake_prefix_path')
[1.126s] INFO:colcon.colcon_core.shell:Creating environment hook '/home/skola/ros2_ws/install/cpp_topic/share/cpp_topic/hook/cmake_prefix_path.ps1'
[1.128s] INFO:colcon.colcon_core.shell:Creating environment descriptor '/home/skola/ros2_ws/install/cpp_topic/share/cpp_topic/hook/cmake_prefix_path.dsv'
[1.130s] INFO:colcon.colcon_core.shell:Creating environment hook '/home/skola/ros2_ws/install/cpp_topic/share/cpp_topic/hook/cmake_prefix_path.sh'
[1.136s] Level 1:colcon.colcon_core.environment:checking '/home/skola/ros2_ws/install/cpp_topic/lib'
[1.137s] Level 1:colcon.colcon_core.environment:checking '/home/skola/ros2_ws/install/cpp_topic/bin'
[1.137s] Level 1:colcon.colcon_core.environment:checking '/home/skola/ros2_ws/install/cpp_topic/lib/pkgconfig/cpp_topic.pc'
[1.137s] Level 1:colcon.colcon_core.environment:checking '/home/skola/ros2_ws/install/cpp_topic/lib/python3.8/site-packages'
[1.138s] INFO:colcon.colcon_core.shell:Creating package script '/home/skola/ros2_ws/install/cpp_topic/share/cpp_topic/package.ps1'
[1.138s] INFO:colcon.colcon_core.shell:Creating package descriptor '/home/skola/ros2_ws/install/cpp_topic/share/cpp_topic/package.dsv'
[1.139s] INFO:colcon.colcon_core.shell:Creating package script '/home/skola/ros2_ws/install/cpp_topic/share/cpp_topic/package.sh'
[1.139s] INFO:colcon.colcon_core.shell:Creating package script '/home/skola/ros2_ws/install/cpp_topic/share/cpp_topic/package.bash'
[1.140s] INFO:colcon.colcon_core.shell:Creating package script '/home/skola/ros2_ws/install/cpp_topic/share/cpp_topic/package.zsh'
[1.140s] Level 1:colcon.colcon_core.environment:create_file_with_runtime_dependencies(/home/skola/ros2_ws/install/cpp_topic/share/colcon-core/packages/cpp_topic)
[1.149s] Level 1:colcon.colcon_core.environment:create_environment_scripts_only(my_package)
[1.150s] Level 1:colcon.colcon_core.environment:checking '/home/skola/ros2_ws/install/my_package' for CMake module files
[1.154s] Level 1:colcon.colcon_core.environment:checking '/home/skola/ros2_ws/install/my_package' for CMake config files
[1.155s] Level 1:colcon.colcon_core.shell:create_environment_hook('my_package', 'cmake_prefix_path')
[1.156s] INFO:colcon.colcon_core.shell:Creating environment hook '/home/skola/ros2_ws/install/my_package/share/my_package/hook/cmake_prefix_path.ps1'
[1.157s] INFO:colcon.colcon_core.shell:Creating environment descriptor '/home/skola/ros2_ws/install/my_package/share/my_package/hook/cmake_prefix_path.dsv'
[1.157s] INFO:colcon.colcon_core.shell:Creating environment hook '/home/skola/ros2_ws/install/my_package/share/my_package/hook/cmake_prefix_path.sh'
[1.158s] Level 1:colcon.colcon_core.environment:checking '/home/skola/ros2_ws/install/my_package/lib'
[1.158s] Level 1:colcon.colcon_core.environment:checking '/home/skola/ros2_ws/install/my_package/bin'
[1.159s] Level 1:colcon.colcon_core.environment:checking '/home/skola/ros2_ws/install/my_package/lib/pkgconfig/my_package.pc'
[1.159s] Level 1:colcon.colcon_core.environment:checking '/home/skola/ros2_ws/install/my_package/lib/python3.8/site-packages'
[1.160s] INFO:colcon.colcon_core.shell:Creating package script '/home/skola/ros2_ws/install/my_package/share/my_package/package.ps1'
[1.160s] INFO:colcon.colcon_core.shell:Creating package descriptor '/home/skola/ros2_ws/install/my_package/share/my_package/package.dsv'
[1.161s] INFO:colcon.colcon_core.shell:Creating package script '/home/skola/ros2_ws/install/my_package/share/my_package/package.sh'
[1.162s] INFO:colcon.colcon_core.shell:Creating package script '/home/skola/ros2_ws/install/my_package/share/my_package/package.bash'
[1.162s] INFO:colcon.colcon_core.shell:Creating package script '/home/skola/ros2_ws/install/my_package/share/my_package/package.zsh'
[1.163s] Level 1:colcon.colcon_core.environment:create_file_with_runtime_dependencies(/home/skola/ros2_ws/install/my_package/share/colcon-core/packages/my_package)
[1.166s] Level 1:colcon.colcon_core.environment:create_environment_scripts_only(sublisher)
[1.167s] Level 1:colcon.colcon_core.environment:checking '/home/skola/ros2_ws/install/sublisher' for CMake module files
[1.170s] DEBUG:colcon.colcon_core.event_handler.log_command:Invoked command in '/home/skola/ros2_ws/build/sublisher' returned '0': CMAKE_PREFIX_PATH=${CMAKE_PREFIX_PATH}:/opt/ros/foxy /usr/bin/cmake --install /home/skola/ros2_ws/build/sublisher
[1.172s] Level 1:colcon.colcon_core.environment:checking '/home/skola/ros2_ws/install/sublisher' for CMake config files
[1.172s] Level 1:colcon.colcon_core.shell:create_environment_hook('sublisher', 'cmake_prefix_path')
[1.173s] INFO:colcon.colcon_core.shell:Creating environment hook '/home/skola/ros2_ws/install/sublisher/share/sublisher/hook/cmake_prefix_path.ps1'
[1.174s] INFO:colcon.colcon_core.shell:Creating environment descriptor '/home/skola/ros2_ws/install/sublisher/share/sublisher/hook/cmake_prefix_path.dsv'
[1.175s] INFO:colcon.colcon_core.shell:Creating environment hook '/home/skola/ros2_ws/install/sublisher/share/sublisher/hook/cmake_prefix_path.sh'
[1.177s] Level 1:colcon.colcon_core.environment:checking '/home/skola/ros2_ws/install/sublisher/lib'
[1.177s] Level 1:colcon.colcon_core.environment:checking '/home/skola/ros2_ws/install/sublisher/bin'
[1.177s] Level 1:colcon.colcon_core.environment:checking '/home/skola/ros2_ws/install/sublisher/lib/pkgconfig/sublisher.pc'
[1.177s] Level 1:colcon.colcon_core.environment:checking '/home/skola/ros2_ws/install/sublisher/lib/python3.8/site-packages'
[1.178s] INFO:colcon.colcon_core.shell:Creating package script '/home/skola/ros2_ws/install/sublisher/share/sublisher/package.ps1'
[1.179s] INFO:colcon.colcon_core.shell:Creating package descriptor '/home/skola/ros2_ws/install/sublisher/share/sublisher/package.dsv'
[1.181s] INFO:colcon.colcon_core.shell:Creating package script '/home/skola/ros2_ws/install/sublisher/share/sublisher/package.sh'
[1.182s] INFO:colcon.colcon_core.shell:Creating package script '/home/skola/ros2_ws/install/sublisher/share/sublisher/package.bash'
[1.182s] INFO:colcon.colcon_core.shell:Creating package script '/home/skola/ros2_ws/install/sublisher/share/sublisher/package.zsh'
[1.183s] Level 1:colcon.colcon_core.environment:create_file_with_runtime_dependencies(/home/skola/ros2_ws/install/sublisher/share/colcon-core/packages/sublisher)
[1.190s] Level 1:colcon.colcon_core.environment:create_environment_scripts_only(cpp_pubsub)
[1.191s] Level 1:colcon.colcon_core.environment:checking '/home/skola/ros2_ws/install/cpp_pubsub' for CMake module files
[1.194s] DEBUG:colcon.colcon_core.event_handler.log_command:Invoked command in '/home/skola/ros2_ws/build/cpp_pubsub' returned '0': CMAKE_PREFIX_PATH=${CMAKE_PREFIX_PATH}:/opt/ros/foxy /usr/bin/cmake --install /home/skola/ros2_ws/build/cpp_pubsub
[1.195s] Level 1:colcon.colcon_core.environment:checking '/home/skola/ros2_ws/install/cpp_pubsub' for CMake config files
[1.195s] Level 1:colcon.colcon_core.shell:create_environment_hook('cpp_pubsub', 'cmake_prefix_path')
[1.196s] INFO:colcon.colcon_core.shell:Creating environment hook '/home/skola/ros2_ws/install/cpp_pubsub/share/cpp_pubsub/hook/cmake_prefix_path.ps1'
[1.198s] INFO:colcon.colcon_core.shell:Creating environment descriptor '/home/skola/ros2_ws/install/cpp_pubsub/share/cpp_pubsub/hook/cmake_prefix_path.dsv'
[1.198s] INFO:colcon.colcon_core.shell:Creating environment hook '/home/skola/ros2_ws/install/cpp_pubsub/share/cpp_pubsub/hook/cmake_prefix_path.sh'
[1.202s] Level 1:colcon.colcon_core.environment:checking '/home/skola/ros2_ws/install/cpp_pubsub/lib'
[1.202s] Level 1:colcon.colcon_core.environment:checking '/home/skola/ros2_ws/install/cpp_pubsub/bin'
[1.202s] Level 1:colcon.colcon_core.environment:checking '/home/skola/ros2_ws/install/cpp_pubsub/lib/pkgconfig/cpp_pubsub.pc'
[1.202s] Level 1:colcon.colcon_core.environment:checking '/home/skola/ros2_ws/install/cpp_pubsub/lib/python3.8/site-packages'
[1.206s] INFO:colcon.colcon_core.shell:Creating package script '/home/skola/ros2_ws/install/cpp_pubsub/share/cpp_pubsub/package.ps1'
[1.207s] INFO:colcon.colcon_core.shell:Creating package descriptor '/home/skola/ros2_ws/install/cpp_pubsub/share/cpp_pubsub/package.dsv'
[1.208s] INFO:colcon.colcon_core.shell:Creating package script '/home/skola/ros2_ws/install/cpp_pubsub/share/cpp_pubsub/package.sh'
[1.209s] INFO:colcon.colcon_core.shell:Creating package script '/home/skola/ros2_ws/install/cpp_pubsub/share/cpp_pubsub/package.bash'
[1.210s] INFO:colcon.colcon_core.shell:Creating package script '/home/skola/ros2_ws/install/cpp_pubsub/share/cpp_pubsub/package.zsh'
[1.210s] Level 1:colcon.colcon_core.environment:create_file_with_runtime_dependencies(/home/skola/ros2_ws/install/cpp_pubsub/share/colcon-core/packages/cpp_pubsub)
[1.221s] Level 1:colcon.colcon_core.environment:create_environment_scripts_only(cpp_topic)
[1.222s] Level 1:colcon.colcon_core.environment:checking '/home/skola/ros2_ws/install/cpp_topic' for CMake module files
[1.223s] Level 1:colcon.colcon_core.environment:checking '/home/skola/ros2_ws/install/cpp_topic' for CMake config files
[1.223s] Level 1:colcon.colcon_core.shell:create_environment_hook('cpp_topic', 'cmake_prefix_path')
[1.224s] INFO:colcon.colcon_core.shell:Creating environment hook '/home/skola/ros2_ws/install/cpp_topic/share/cpp_topic/hook/cmake_prefix_path.ps1'
[1.226s] INFO:colcon.colcon_core.shell:Creating environment descriptor '/home/skola/ros2_ws/install/cpp_topic/share/cpp_topic/hook/cmake_prefix_path.dsv'
[1.227s] INFO:colcon.colcon_core.shell:Creating environment hook '/home/skola/ros2_ws/install/cpp_topic/share/cpp_topic/hook/cmake_prefix_path.sh'
[1.229s] Level 1:colcon.colcon_core.environment:checking '/home/skola/ros2_ws/install/cpp_topic/lib'
[1.229s] Level 1:colcon.colcon_core.environment:checking '/home/skola/ros2_ws/install/cpp_topic/bin'
[1.229s] Level 1:colcon.colcon_core.environment:checking '/home/skola/ros2_ws/install/cpp_topic/lib/pkgconfig/cpp_topic.pc'
[1.229s] Level 1:colcon.colcon_core.environment:checking '/home/skola/ros2_ws/install/cpp_topic/lib/python3.8/site-packages'
[1.230s] INFO:colcon.colcon_core.shell:Creating package script '/home/skola/ros2_ws/install/cpp_topic/share/cpp_topic/package.ps1'
[1.232s] INFO:colcon.colcon_core.shell:Creating package descriptor '/home/skola/ros2_ws/install/cpp_topic/share/cpp_topic/package.dsv'
[1.233s] INFO:colcon.colcon_core.shell:Creating package script '/home/skola/ros2_ws/install/cpp_topic/share/cpp_topic/package.sh'
[1.234s] INFO:colcon.colcon_core.shell:Creating package script '/home/skola/ros2_ws/install/cpp_topic/share/cpp_topic/package.bash'
[1.234s] INFO:colcon.colcon_core.shell:Creating package script '/home/skola/ros2_ws/install/cpp_topic/share/cpp_topic/package.zsh'
[1.235s] Level 1:colcon.colcon_core.environment:create_file_with_runtime_dependencies(/home/skola/ros2_ws/install/cpp_topic/share/colcon-core/packages/cpp_topic)
[1.259s] Level 1:colcon.colcon_core.environment:create_environment_scripts_only(sublisher)
[1.260s] Level 1:colcon.colcon_core.environment:checking '/home/skola/ros2_ws/install/sublisher' for CMake module files
[1.261s] Level 1:colcon.colcon_core.environment:checking '/home/skola/ros2_ws/install/sublisher' for CMake config files
[1.262s] Level 1:colcon.colcon_core.shell:create_environment_hook('sublisher', 'cmake_prefix_path')
[1.263s] INFO:colcon.colcon_core.shell:Creating environment hook '/home/skola/ros2_ws/install/sublisher/share/sublisher/hook/cmake_prefix_path.ps1'
[1.264s] INFO:colcon.colcon_core.shell:Creating environment descriptor '/home/skola/ros2_ws/install/sublisher/share/sublisher/hook/cmake_prefix_path.dsv'
[1.265s] INFO:colcon.colcon_core.shell:Creating environment hook '/home/skola/ros2_ws/install/sublisher/share/sublisher/hook/cmake_prefix_path.sh'
[1.266s] Level 1:colcon.colcon_core.environment:checking '/home/skola/ros2_ws/install/sublisher/lib'
[1.266s] Level 1:colcon.colcon_core.environment:checking '/home/skola/ros2_ws/install/sublisher/bin'
[1.266s] Level 1:colcon.colcon_core.environment:checking '/home/skola/ros2_ws/install/sublisher/lib/pkgconfig/sublisher.pc'
[1.267s] Level 1:colcon.colcon_core.environment:checking '/home/skola/ros2_ws/install/sublisher/lib/python3.8/site-packages'
[1.268s] INFO:colcon.colcon_core.shell:Creating package script '/home/skola/ros2_ws/install/sublisher/share/sublisher/package.ps1'
[1.270s] INFO:colcon.colcon_core.shell:Creating package descriptor '/home/skola/ros2_ws/install/sublisher/share/sublisher/package.dsv'
[1.270s] INFO:colcon.colcon_core.shell:Creating package script '/home/skola/ros2_ws/install/sublisher/share/sublisher/package.sh'
[1.272s] INFO:colcon.colcon_core.shell:Creating package script '/home/skola/ros2_ws/install/sublisher/share/sublisher/package.bash'
[1.273s] INFO:colcon.colcon_core.shell:Creating package script '/home/skola/ros2_ws/install/sublisher/share/sublisher/package.zsh'
[1.274s] Level 1:colcon.colcon_core.environment:create_file_with_runtime_dependencies(/home/skola/ros2_ws/install/sublisher/share/colcon-core/packages/sublisher)
[1.307s] Level 1:colcon.colcon_core.environment:create_environment_scripts_only(cpp_pubsub)
[1.309s] Level 1:colcon.colcon_core.environment:checking '/home/skola/ros2_ws/install/cpp_pubsub' for CMake module files
[1.310s] Level 1:colcon.colcon_core.environment:checking '/home/skola/ros2_ws/install/cpp_pubsub' for CMake config files
[1.310s] Level 1:colcon.colcon_core.shell:create_environment_hook('cpp_pubsub', 'cmake_prefix_path')
[1.311s] INFO:colcon.colcon_core.shell:Creating environment hook '/home/skola/ros2_ws/install/cpp_pubsub/share/cpp_pubsub/hook/cmake_prefix_path.ps1'
[1.312s] INFO:colcon.colcon_core.shell:Creating environment descriptor '/home/skola/ros2_ws/install/cpp_pubsub/share/cpp_pubsub/hook/cmake_prefix_path.dsv'
[1.314s] INFO:colcon.colcon_core.shell:Creating environment hook '/home/skola/ros2_ws/install/cpp_pubsub/share/cpp_pubsub/hook/cmake_prefix_path.sh'
[1.315s] Level 1:colcon.colcon_core.environment:checking '/home/skola/ros2_ws/install/cpp_pubsub/lib'
[1.315s] Level 1:colcon.colcon_core.environment:checking '/home/skola/ros2_ws/install/cpp_pubsub/bin'
[1.315s] Level 1:colcon.colcon_core.environment:checking '/home/skola/ros2_ws/install/cpp_pubsub/lib/pkgconfig/cpp_pubsub.pc'
[1.315s] Level 1:colcon.colcon_core.environment:checking '/home/skola/ros2_ws/install/cpp_pubsub/lib/python3.8/site-packages'
[1.316s] INFO:colcon.colcon_core.shell:Creating package script '/home/skola/ros2_ws/install/cpp_pubsub/share/cpp_pubsub/package.ps1'
[1.317s] INFO:colcon.colcon_core.shell:Creating package descriptor '/home/skola/ros2_ws/install/cpp_pubsub/share/cpp_pubsub/package.dsv'
[1.318s] INFO:colcon.colcon_core.shell:Creating package script '/home/skola/ros2_ws/install/cpp_pubsub/share/cpp_pubsub/package.sh'
[1.319s] INFO:colcon.colcon_core.shell:Creating package script '/home/skola/ros2_ws/install/cpp_pubsub/share/cpp_pubsub/package.bash'
[1.325s] INFO:colcon.colcon_core.shell:Creating package script '/home/skola/ros2_ws/install/cpp_pubsub/share/cpp_pubsub/package.zsh'
[1.326s] Level 1:colcon.colcon_core.environment:create_file_with_runtime_dependencies(/home/skola/ros2_ws/install/cpp_pubsub/share/colcon-core/packages/cpp_pubsub)
[1.482s] DEBUG:colcon.colcon_core.event_handler.log_command:Invoked command in '/home/skola/ros2_ws/build/turtlesim' returned '0': CMAKE_PREFIX_PATH=${CMAKE_PREFIX_PATH}:/opt/ros/foxy /usr/bin/cmake --build /home/skola/ros2_ws/build/turtlesim -- -j8 -l8
[1.998s] DEBUG:colcon.colcon_core.event_handler.log_command:Invoking command in '/home/skola/ros2_ws/build/turtlesim': CMAKE_PREFIX_PATH=${CMAKE_PREFIX_PATH}:/opt/ros/foxy /usr/bin/cmake --install /home/skola/ros2_ws/build/turtlesim
[2.198s] DEBUG:colcon.colcon_core.event_handler.log_command:Invoked command in '/home/skola/ros2_ws/build/cpp_srvcli' returned '1': CMAKE_PREFIX_PATH=${CMAKE_PREFIX_PATH}:/opt/ros/foxy /usr/bin/cmake /home/skola/ros2_ws/src/cpp_srvcli -DCMAKE_INSTALL_PREFIX=/home/skola/ros2_ws/install/cpp_srvcli
[2.214s] Level 1:colcon.colcon_core.environment:create_environment_scripts_only(cpp_srvcli)
[2.215s] Level 1:colcon.colcon_core.environment:checking '/home/skola/ros2_ws/install/cpp_srvcli' for CMake module files
[2.217s] Level 1:colcon.colcon_core.environment:checking '/home/skola/ros2_ws/install/cpp_srvcli' for CMake config files
[2.217s] Level 1:colcon.colcon_core.environment:checking '/home/skola/ros2_ws/install/cpp_srvcli/bin'
[2.217s] Level 1:colcon.colcon_core.environment:checking '/home/skola/ros2_ws/install/cpp_srvcli/lib/pkgconfig/cpp_srvcli.pc'
[2.218s] Level 1:colcon.colcon_core.environment:checking '/home/skola/ros2_ws/install/cpp_srvcli/lib/python3.8/site-packages'
[2.218s] INFO:colcon.colcon_core.shell:Creating package script '/home/skola/ros2_ws/install/cpp_srvcli/share/cpp_srvcli/package.ps1'
[2.219s] INFO:colcon.colcon_core.shell:Creating package descriptor '/home/skola/ros2_ws/install/cpp_srvcli/share/cpp_srvcli/package.dsv'
[2.219s] INFO:colcon.colcon_core.shell:Creating package script '/home/skola/ros2_ws/install/cpp_srvcli/share/cpp_srvcli/package.sh'
[2.220s] INFO:colcon.colcon_core.shell:Creating package script '/home/skola/ros2_ws/install/cpp_srvcli/share/cpp_srvcli/package.bash'
[2.231s] INFO:colcon.colcon_core.shell:Creating package script '/home/skola/ros2_ws/install/cpp_srvcli/share/cpp_srvcli/package.zsh'
[2.233s] Level 1:colcon.colcon_core.environment:create_file_with_runtime_dependencies(/home/skola/ros2_ws/install/cpp_srvcli/share/colcon-core/packages/cpp_srvcli)
[2.249s] DEBUG:colcon.colcon_parallel_executor.executor.parallel:closing loop
[2.250s] DEBUG:colcon.colcon_parallel_executor.executor.parallel:loop closed
[2.250s] DEBUG:colcon.colcon_parallel_executor.executor.parallel:run_until_complete finished with '1'
[2.250s] DEBUG:colcon.colcon_core.event_reactor:joining thread
[2.265s] INFO:colcon.colcon_core.plugin_system:Skipping extension 'colcon_notification.desktop_notification.terminal_notifier': Not used on non-Darwin systems
[2.265s] INFO:colcon.colcon_core.plugin_system:Skipping extension 'colcon_notification.desktop_notification.win32': Not used on non-Windows systems
[2.265s] INFO:colcon.colcon_notification.desktop_notification:Sending desktop notification using 'notify2'
[2.302s] DEBUG:colcon.colcon_core.event_reactor:joined thread
[2.303s] INFO:colcon.colcon_core.shell:Creating prefix script '/home/skola/ros2_ws/install/local_setup.ps1'
[2.305s] INFO:colcon.colcon_core.shell:Creating prefix util module '/home/skola/ros2_ws/install/_local_setup_util_ps1.py'
[2.307s] INFO:colcon.colcon_core.shell:Creating prefix chain script '/home/skola/ros2_ws/install/setup.ps1'
[2.318s] INFO:colcon.colcon_core.shell:Creating prefix script '/home/skola/ros2_ws/install/local_setup.sh'
[2.319s] INFO:colcon.colcon_core.shell:Creating prefix util module '/home/skola/ros2_ws/install/_local_setup_util_sh.py'
[2.319s] INFO:colcon.colcon_core.shell:Creating prefix chain script '/home/skola/ros2_ws/install/setup.sh'
[2.322s] INFO:colcon.colcon_core.shell:Creating prefix script '/home/skola/ros2_ws/install/local_setup.bash'
[2.324s] INFO:colcon.colcon_core.shell:Creating prefix chain script '/home/skola/ros2_ws/install/setup.bash'
[2.326s] INFO:colcon.colcon_core.shell:Creating prefix script '/home/skola/ros2_ws/install/local_setup.zsh'
[2.327s] INFO:colcon.colcon_core.shell:Creating prefix chain script '/home/skola/ros2_ws/install/setup.zsh'
