[35m[1mScanning dependencies of target cpp_sub_spiral[0m
[35m[1mScanning dependencies of target cpp_pub_spiral[0m
[ 25%] [32mBuilding CXX object CMakeFiles/cpp_sub_spiral.dir/src/cpp_sub_spiral.cpp.o[0m
[ 50%] [32mBuilding CXX object CMakeFiles/cpp_pub_spiral.dir/src/cpp_pub_spiral.cpp.o[0m
[ 75%] [32m[1mLinking CXX executable cpp_pub_spiral[0m
[ 75%] Built target cpp_pub_spiral
[100%] [32m[1mLinking CXX executable cpp_sub_spiral[0m
[100%] Built target cpp_sub_spiral
-- Install configuration: ""
-- Installing: /home/skola/ros2_ws/install/cpp_topic/lib/cpp_topic/cpp_pub_spiral
-- Set runtime path of "/home/skola/ros2_ws/install/cpp_topic/lib/cpp_topic/cpp_pub_spiral" to ""
-- Installing: /home/skola/ros2_ws/install/cpp_topic/lib/cpp_topic/cpp_sub_spiral
-- Set runtime path of "/home/skola/ros2_ws/install/cpp_topic/lib/cpp_topic/cpp_sub_spiral" to ""
-- Installing: /home/skola/ros2_ws/install/cpp_topic/share/ament_index/resource_index/package_run_dependencies/cpp_topic
-- Installing: /home/skola/ros2_ws/install/cpp_topic/share/ament_index/resource_index/parent_prefix_path/cpp_topic
-- Installing: /home/skola/ros2_ws/install/cpp_topic/share/cpp_topic/environment/ament_prefix_path.sh
-- Installing: /home/skola/ros2_ws/install/cpp_topic/share/cpp_topic/environment/ament_prefix_path.dsv
-- Installing: /home/skola/ros2_ws/install/cpp_topic/share/cpp_topic/environment/path.sh
-- Installing: /home/skola/ros2_ws/install/cpp_topic/share/cpp_topic/environment/path.dsv
-- Installing: /home/skola/ros2_ws/install/cpp_topic/share/cpp_topic/local_setup.bash
-- Installing: /home/skola/ros2_ws/install/cpp_topic/share/cpp_topic/local_setup.sh
-- Installing: /home/skola/ros2_ws/install/cpp_topic/share/cpp_topic/local_setup.zsh
-- Installing: /home/skola/ros2_ws/install/cpp_topic/share/cpp_topic/local_setup.dsv
-- Installing: /home/skola/ros2_ws/install/cpp_topic/share/cpp_topic/package.dsv
-- Installing: /home/skola/ros2_ws/install/cpp_topic/share/ament_index/resource_index/packages/cpp_topic
-- Installing: /home/skola/ros2_ws/install/cpp_topic/share/cpp_topic/cmake/cpp_topicConfig.cmake
-- Installing: /home/skola/ros2_ws/install/cpp_topic/share/cpp_topic/cmake/cpp_topicConfig-version.cmake
-- Installing: /home/skola/ros2_ws/install/cpp_topic/share/cpp_topic/package.xml
