[0.042s] Invoking command in '/home/skola/ros2_ws/build/cpp_topic': CMAKE_PREFIX_PATH=/opt/ros/foxy /usr/bin/cmake --build /home/skola/ros2_ws/build/cpp_topic -- -j8 -l8
[0.114s] [35m[1mScanning dependencies of target cpp_sub_spiral[0m
[0.115s] [35m[1mScanning dependencies of target cpp_pub_spiral[0m
[0.191s] [ 25%] [32mBuilding CXX object CMakeFiles/cpp_sub_spiral.dir/src/cpp_sub_spiral.cpp.o[0m
[0.203s] [ 50%] [32mBuilding CXX object CMakeFiles/cpp_pub_spiral.dir/src/cpp_pub_spiral.cpp.o[0m
[3.847s] [ 75%] [32m[1mLinking CXX executable cpp_pub_spiral[0m
[4.054s] [ 75%] Built target cpp_pub_spiral
[5.591s] [100%] [32m[1mLinking CXX executable cpp_sub_spiral[0m
[5.820s] [100%] Built target cpp_sub_spiral
[5.835s] Invoked command in '/home/skola/ros2_ws/build/cpp_topic' returned '0': CMAKE_PREFIX_PATH=/opt/ros/foxy /usr/bin/cmake --build /home/skola/ros2_ws/build/cpp_topic -- -j8 -l8
[5.883s] Invoking command in '/home/skola/ros2_ws/build/cpp_topic': CMAKE_PREFIX_PATH=/opt/ros/foxy /usr/bin/cmake --install /home/skola/ros2_ws/build/cpp_topic
[5.896s] -- Install configuration: ""
[5.896s] -- Installing: /home/skola/ros2_ws/install/cpp_topic/lib/cpp_topic/cpp_pub_spiral
[5.897s] -- Set runtime path of "/home/skola/ros2_ws/install/cpp_topic/lib/cpp_topic/cpp_pub_spiral" to ""
[5.897s] -- Installing: /home/skola/ros2_ws/install/cpp_topic/lib/cpp_topic/cpp_sub_spiral
[5.903s] -- Set runtime path of "/home/skola/ros2_ws/install/cpp_topic/lib/cpp_topic/cpp_sub_spiral" to ""
[5.903s] -- Installing: /home/skola/ros2_ws/install/cpp_topic/share/ament_index/resource_index/package_run_dependencies/cpp_topic
[5.904s] -- Installing: /home/skola/ros2_ws/install/cpp_topic/share/ament_index/resource_index/parent_prefix_path/cpp_topic
[5.905s] -- Installing: /home/skola/ros2_ws/install/cpp_topic/share/cpp_topic/environment/ament_prefix_path.sh
[5.906s] -- Installing: /home/skola/ros2_ws/install/cpp_topic/share/cpp_topic/environment/ament_prefix_path.dsv
[5.906s] -- Installing: /home/skola/ros2_ws/install/cpp_topic/share/cpp_topic/environment/path.sh
[5.906s] -- Installing: /home/skola/ros2_ws/install/cpp_topic/share/cpp_topic/environment/path.dsv
[5.906s] -- Installing: /home/skola/ros2_ws/install/cpp_topic/share/cpp_topic/local_setup.bash
[5.907s] -- Installing: /home/skola/ros2_ws/install/cpp_topic/share/cpp_topic/local_setup.sh
[5.907s] -- Installing: /home/skola/ros2_ws/install/cpp_topic/share/cpp_topic/local_setup.zsh
[5.907s] -- Installing: /home/skola/ros2_ws/install/cpp_topic/share/cpp_topic/local_setup.dsv
[5.908s] -- Installing: /home/skola/ros2_ws/install/cpp_topic/share/cpp_topic/package.dsv
[5.908s] -- Installing: /home/skola/ros2_ws/install/cpp_topic/share/ament_index/resource_index/packages/cpp_topic
[5.908s] -- Installing: /home/skola/ros2_ws/install/cpp_topic/share/cpp_topic/cmake/cpp_topicConfig.cmake
[5.908s] -- Installing: /home/skola/ros2_ws/install/cpp_topic/share/cpp_topic/cmake/cpp_topicConfig-version.cmake
[5.908s] -- Installing: /home/skola/ros2_ws/install/cpp_topic/share/cpp_topic/package.xml
[5.917s] Invoked command in '/home/skola/ros2_ws/build/cpp_topic' returned '0': CMAKE_PREFIX_PATH=/opt/ros/foxy /usr/bin/cmake --install /home/skola/ros2_ws/build/cpp_topic
