[0.015s] Invoking command in '/home/skola/ros2_ws/build/cpp_parameters': CMAKE_PREFIX_PATH=/opt/ros/foxy /usr/bin/cmake /home/skola/ros2_ws/src/cpp_parameters -DCMAKE_INSTALL_PREFIX=/home/skola/ros2_ws/install/cpp_parameters
[0.240s] -- The C compiler identification is GNU 9.3.0
[0.389s] -- The CXX compiler identification is GNU 9.3.0
[0.399s] -- Check for working C compiler: /usr/bin/cc
[0.457s] -- Check for working C compiler: /usr/bin/cc -- works
[0.460s] -- Detecting C compiler ABI info
[0.514s] -- Detecting C compiler ABI info - done
[0.522s] -- Detecting C compile features
[0.523s] -- Detecting C compile features - done
[0.527s] -- Check for working CXX compiler: /usr/bin/c++
[0.587s] -- Check for working CXX compiler: /usr/bin/c++ -- works
[0.587s] -- Detecting CXX compiler ABI info
[0.647s] -- Detecting CXX compiler ABI info - done
[0.655s] -- Detecting CXX compile features
[0.655s] -- Detecting CXX compile features - done
[0.663s] -- Found ament_cmake: 0.9.9 (/opt/ros/foxy/share/ament_cmake/cmake)
[0.687s] -- Found PythonInterp: /usr/bin/python3 (found suitable version "3.8.10", minimum required is "3") 
[0.687s] -- Using PYTHON_EXECUTABLE: /usr/bin/python3
[0.848s] -- Found rclcpp: 2.4.0 (/opt/ros/foxy/share/rclcpp/cmake)
[0.910s] -- Using all available rosidl_typesupport_c: rosidl_typesupport_fastrtps_c;rosidl_typesupport_introspection_c
[0.919s] -- Found rosidl_adapter: 1.2.1 (/opt/ros/foxy/share/rosidl_adapter/cmake)
[1.001s] -- Found OpenSSL: /usr/lib/x86_64-linux-gnu/libcrypto.so (found version "1.1.1f")  
[1.029s] -- Found FastRTPS: /opt/ros/foxy/include  
[1.114s] -- Using all available rosidl_typesupport_cpp: rosidl_typesupport_fastrtps_cpp;rosidl_typesupport_introspection_cpp
[1.183s] -- Found rmw_implementation_cmake: 1.0.3 (/opt/ros/foxy/share/rmw_implementation_cmake/cmake)
[1.185s] -- Using RMW implementation 'rmw_fastrtps_cpp' as default
[1.190s] -- Looking for pthread.h
[1.255s] -- Looking for pthread.h - found
[1.255s] -- Performing Test CMAKE_HAVE_LIBC_PTHREAD
[1.311s] -- Performing Test CMAKE_HAVE_LIBC_PTHREAD - Failed
[1.311s] -- Looking for pthread_create in pthreads
[1.358s] -- Looking for pthread_create in pthreads - not found
[1.358s] -- Looking for pthread_create in pthread
[1.411s] -- Looking for pthread_create in pthread - found
[1.412s] -- Found Threads: TRUE  
[1.556s] -- Found ament_lint_auto: 0.9.6 (/opt/ros/foxy/share/ament_lint_auto/cmake)
[1.623s] -- Added test 'copyright' to check source files copyright and LICENSE
[1.624s] -- Added test 'cppcheck' to perform static code analysis on C / C++ code
[1.625s] -- Configured cppcheck include dirs: 
[1.625s] -- Configured cppcheck exclude dirs and/or files: 
[1.625s] -- Added test 'cpplint' to check C / C++ code against the Google style
[1.626s] -- Configured cpplint exclude dirs and/or files: 
[1.626s] -- Added test 'lint_cmake' to check CMake code style
[1.628s] -- Added test 'uncrustify' to check C / C++ code style
[1.628s] -- Configured uncrustify additional arguments: 
[1.628s] -- Added test 'xmllint' to check XML markup files
[1.632s] -- Configuring done
[1.636s] -- Generating done
[1.637s] -- Build files have been written to: /home/skola/ros2_ws/build/cpp_parameters
[1.644s] Invoked command in '/home/skola/ros2_ws/build/cpp_parameters' returned '0': CMAKE_PREFIX_PATH=/opt/ros/foxy /usr/bin/cmake /home/skola/ros2_ws/src/cpp_parameters -DCMAKE_INSTALL_PREFIX=/home/skola/ros2_ws/install/cpp_parameters
[1.647s] Invoking command in '/home/skola/ros2_ws/build/cpp_parameters': CMAKE_PREFIX_PATH=/opt/ros/foxy /usr/bin/cmake --build /home/skola/ros2_ws/build/cpp_parameters -- -j8 -l8
[1.678s] [35m[1mScanning dependencies of target parameter_node[0m
[1.703s] [ 50%] [32mBuilding CXX object CMakeFiles/parameter_node.dir/src/cpp_parameters_node.cpp.o[0m
[3.022s] [100%] [32m[1mLinking CXX executable parameter_node[0m
[3.144s] [100%] Built target parameter_node
[3.153s] Invoked command in '/home/skola/ros2_ws/build/cpp_parameters' returned '0': CMAKE_PREFIX_PATH=/opt/ros/foxy /usr/bin/cmake --build /home/skola/ros2_ws/build/cpp_parameters -- -j8 -l8
[3.181s] Invoking command in '/home/skola/ros2_ws/build/cpp_parameters': CMAKE_PREFIX_PATH=/opt/ros/foxy /usr/bin/cmake --install /home/skola/ros2_ws/build/cpp_parameters
[3.187s] -- Install configuration: ""
[3.187s] -- Installing: /home/skola/ros2_ws/install/cpp_parameters/lib/cpp_parameters/parameter_node
[3.187s] -- Set runtime path of "/home/skola/ros2_ws/install/cpp_parameters/lib/cpp_parameters/parameter_node" to ""
[3.187s] -- Installing: /home/skola/ros2_ws/install/cpp_parameters/share/ament_index/resource_index/package_run_dependencies/cpp_parameters
[3.187s] -- Installing: /home/skola/ros2_ws/install/cpp_parameters/share/ament_index/resource_index/parent_prefix_path/cpp_parameters
[3.187s] -- Installing: /home/skola/ros2_ws/install/cpp_parameters/share/cpp_parameters/environment/ament_prefix_path.sh
[3.187s] -- Installing: /home/skola/ros2_ws/install/cpp_parameters/share/cpp_parameters/environment/ament_prefix_path.dsv
[3.187s] -- Installing: /home/skola/ros2_ws/install/cpp_parameters/share/cpp_parameters/environment/path.sh
[3.188s] -- Installing: /home/skola/ros2_ws/install/cpp_parameters/share/cpp_parameters/environment/path.dsv
[3.188s] -- Installing: /home/skola/ros2_ws/install/cpp_parameters/share/cpp_parameters/local_setup.bash
[3.188s] -- Installing: /home/skola/ros2_ws/install/cpp_parameters/share/cpp_parameters/local_setup.sh
[3.188s] -- Installing: /home/skola/ros2_ws/install/cpp_parameters/share/cpp_parameters/local_setup.zsh
[3.188s] -- Installing: /home/skola/ros2_ws/install/cpp_parameters/share/cpp_parameters/local_setup.dsv
[3.188s] -- Installing: /home/skola/ros2_ws/install/cpp_parameters/share/cpp_parameters/package.dsv
[3.188s] -- Installing: /home/skola/ros2_ws/install/cpp_parameters/share/ament_index/resource_index/packages/cpp_parameters
[3.188s] -- Installing: /home/skola/ros2_ws/install/cpp_parameters/share/cpp_parameters/cmake/cpp_parametersConfig.cmake
[3.188s] -- Installing: /home/skola/ros2_ws/install/cpp_parameters/share/cpp_parameters/cmake/cpp_parametersConfig-version.cmake
[3.188s] -- Installing: /home/skola/ros2_ws/install/cpp_parameters/share/cpp_parameters/package.xml
[3.190s] Invoked command in '/home/skola/ros2_ws/build/cpp_parameters' returned '0': CMAKE_PREFIX_PATH=/opt/ros/foxy /usr/bin/cmake --install /home/skola/ros2_ws/build/cpp_parameters
