[0.012s] Invoking command in '/home/skola/ros2_ws/build/turtlesim': CMAKE_PREFIX_PATH=${CMAKE_PREFIX_PATH}:/opt/ros/foxy /usr/bin/cmake --build /home/skola/ros2_ws/build/turtlesim -- -j8 -l8
[0.059s] [  1%] Built target turtlesim__cpp
[0.060s] [ 11%] Built target turtlesim__rosidl_generator_c
[0.072s] make[2]: Warning: File 'CMakeFiles/turtlesim__rosidl_typesupport_introspection_cpp.dir/rosidl_typesupport_introspection_cpp/turtlesim/action/detail/rotate_absolute__type_support.cpp.o' has modification time 3506 s in the future
[0.073s] make[2]: Warning: File 'CMakeFiles/turtlesim__rosidl_typesupport_cpp.dir/rosidl_typesupport_cpp/turtlesim/srv/set_pen__type_support.cpp.o' has modification time 3506 s in the future
[0.073s] make[2]: Warning: File 'CMakeFiles/turtlesim__rosidl_typesupport_introspection_c.dir/rosidl_typesupport_introspection_c/turtlesim/srv/detail/kill__type_support.c.o' has modification time 3506 s in the future
[0.081s] [ 16%] [32m[1mLinking CXX shared library libturtlesim__rosidl_typesupport_cpp.so[0m
[0.081s] [ 16%] [32m[1mLinking C shared library libturtlesim__rosidl_typesupport_introspection_c.so[0m
[0.081s] [ 24%] Built target turtlesim__rosidl_typesupport_c
[0.081s] [ 16%] [32m[1mLinking CXX shared library libturtlesim__rosidl_typesupport_introspection_cpp.so[0m
[0.086s] [ 34%] Built target turtlesim__rosidl_typesupport_fastrtps_cpp
[0.104s] make[2]: warning:  Clock skew detected.  Your build may be incomplete.
[0.112s] [ 44%] Built target turtlesim__rosidl_typesupport_fastrtps_c
[0.113s] make[2]: warning:  Clock skew detected.  Your build may be incomplete.
[0.113s] [ 53%] Built target turtlesim__rosidl_typesupport_introspection_c
[0.120s] [ 62%] Built target turtlesim__rosidl_typesupport_cpp
[0.134s] make[2]: warning:  Clock skew detected.  Your build may be incomplete.
[0.140s] [ 71%] Built target turtlesim__rosidl_typesupport_introspection_cpp
[0.156s] [ 71%] Built target turtlesim
[0.175s] [ 72%] Built target turtlesim__py
[0.184s] [ 73%] [32m[1mLinking CXX executable turtle_teleop_key[0m
[0.184s] [ 74%] [32m[1mLinking CXX executable mimic[0m
[0.184s] [ 75%] [32m[1mLinking CXX executable draw_square[0m
[0.196s] [ 76%] [32m[1mLinking CXX executable turtlesim_node[0m
[0.205s] [ 85%] Built target turtlesim__python
[0.235s] [ 86%] [32m[1mLinking C shared library rosidl_generator_py/turtlesim/turtlesim_s__rosidl_typesupport_introspection_c.cpython-38-x86_64-linux-gnu.so[0m
[0.235s] [ 88%] Built target turtlesim__rosidl_typesupport_c__pyext
[0.253s] [ 90%] Built target turtlesim__rosidl_typesupport_fastrtps_c__pyext
[0.278s] [ 91%] Built target turtlesim__rosidl_typesupport_introspection_c__pyext
[0.394s] [ 92%] Built target turtle_teleop_key
[0.437s] [ 93%] Built target mimic
[0.451s] [ 94%] Built target draw_square
[1.416s] [100%] Built target turtlesim_node
[1.426s] Invoked command in '/home/skola/ros2_ws/build/turtlesim' returned '0': CMAKE_PREFIX_PATH=${CMAKE_PREFIX_PATH}:/opt/ros/foxy /usr/bin/cmake --build /home/skola/ros2_ws/build/turtlesim -- -j8 -l8
[1.558s] Invoking command in '/home/skola/ros2_ws/build/turtlesim': CMAKE_PREFIX_PATH=${CMAKE_PREFIX_PATH}:/opt/ros/foxy /usr/bin/cmake --install /home/skola/ros2_ws/build/turtlesim
[1.565s] -- Install configuration: ""
[1.566s] -- Up-to-date: /home/skola/ros2_ws/install/turtlesim/share/ament_index/resource_index/rosidl_interfaces/turtlesim
[1.566s] -- Up-to-date: /home/skola/ros2_ws/install/turtlesim/include/turtlesim
[1.566s] -- Up-to-date: /home/skola/ros2_ws/install/turtlesim/include/turtlesim/action
[1.566s] -- Up-to-date: /home/skola/ros2_ws/install/turtlesim/include/turtlesim/action/rotate_absolute.h
[1.566s] -- Up-to-date: /home/skola/ros2_ws/install/turtlesim/include/turtlesim/action/detail
[1.566s] -- Up-to-date: /home/skola/ros2_ws/install/turtlesim/include/turtlesim/action/detail/rotate_absolute__functions.c
[1.566s] -- Up-to-date: /home/skola/ros2_ws/install/turtlesim/include/turtlesim/action/detail/rotate_absolute__struct.h
[1.566s] -- Up-to-date: /home/skola/ros2_ws/install/turtlesim/include/turtlesim/action/detail/rotate_absolute__functions.h
[1.566s] -- Up-to-date: /home/skola/ros2_ws/install/turtlesim/include/turtlesim/action/detail/rotate_absolute__type_support.h
[1.567s] -- Up-to-date: /home/skola/ros2_ws/install/turtlesim/include/turtlesim/srv
[1.567s] -- Up-to-date: /home/skola/ros2_ws/install/turtlesim/include/turtlesim/srv/kill.h
[1.567s] -- Up-to-date: /home/skola/ros2_ws/install/turtlesim/include/turtlesim/srv/spawn.h
[1.567s] -- Up-to-date: /home/skola/ros2_ws/install/turtlesim/include/turtlesim/srv/set_pen.h
[1.567s] -- Up-to-date: /home/skola/ros2_ws/install/turtlesim/include/turtlesim/srv/detail
[1.567s] -- Up-to-date: /home/skola/ros2_ws/install/turtlesim/include/turtlesim/srv/detail/teleport_absolute__struct.h
[1.567s] -- Up-to-date: /home/skola/ros2_ws/install/turtlesim/include/turtlesim/srv/detail/spawn__struct.h
[1.567s] -- Up-to-date: /home/skola/ros2_ws/install/turtlesim/include/turtlesim/srv/detail/teleport_relative__type_support.h
[1.567s] -- Up-to-date: /home/skola/ros2_ws/install/turtlesim/include/turtlesim/srv/detail/kill__functions.c
[1.568s] -- Up-to-date: /home/skola/ros2_ws/install/turtlesim/include/turtlesim/srv/detail/teleport_absolute__type_support.h
[1.568s] -- Up-to-date: /home/skola/ros2_ws/install/turtlesim/include/turtlesim/srv/detail/teleport_absolute__functions.h
[1.568s] -- Up-to-date: /home/skola/ros2_ws/install/turtlesim/include/turtlesim/srv/detail/set_pen__functions.c
[1.568s] -- Up-to-date: /home/skola/ros2_ws/install/turtlesim/include/turtlesim/srv/detail/kill__functions.h
[1.568s] -- Up-to-date: /home/skola/ros2_ws/install/turtlesim/include/turtlesim/srv/detail/kill__struct.h
[1.568s] -- Up-to-date: /home/skola/ros2_ws/install/turtlesim/include/turtlesim/srv/detail/spawn__functions.h
[1.568s] -- Up-to-date: /home/skola/ros2_ws/install/turtlesim/include/turtlesim/srv/detail/spawn__type_support.h
[1.568s] -- Up-to-date: /home/skola/ros2_ws/install/turtlesim/include/turtlesim/srv/detail/spawn__functions.c
[1.568s] -- Up-to-date: /home/skola/ros2_ws/install/turtlesim/include/turtlesim/srv/detail/teleport_relative__functions.h
[1.568s] -- Up-to-date: /home/skola/ros2_ws/install/turtlesim/include/turtlesim/srv/detail/kill__type_support.h
[1.568s] -- Up-to-date: /home/skola/ros2_ws/install/turtlesim/include/turtlesim/srv/detail/teleport_relative__functions.c
[1.569s] -- Up-to-date: /home/skola/ros2_ws/install/turtlesim/include/turtlesim/srv/detail/set_pen__struct.h
[1.569s] -- Up-to-date: /home/skola/ros2_ws/install/turtlesim/include/turtlesim/srv/detail/set_pen__type_support.h
[1.569s] -- Up-to-date: /home/skola/ros2_ws/install/turtlesim/include/turtlesim/srv/detail/teleport_absolute__functions.c
[1.569s] -- Up-to-date: /home/skola/ros2_ws/install/turtlesim/include/turtlesim/srv/detail/set_pen__functions.h
[1.569s] -- Up-to-date: /home/skola/ros2_ws/install/turtlesim/include/turtlesim/srv/detail/teleport_relative__struct.h
[1.569s] -- Up-to-date: /home/skola/ros2_ws/install/turtlesim/include/turtlesim/srv/teleport_absolute.h
[1.569s] -- Up-to-date: /home/skola/ros2_ws/install/turtlesim/include/turtlesim/srv/teleport_relative.h
[1.569s] -- Up-to-date: /home/skola/ros2_ws/install/turtlesim/include/turtlesim/msg
[1.569s] -- Up-to-date: /home/skola/ros2_ws/install/turtlesim/include/turtlesim/msg/rosidl_generator_c__visibility_control.h
[1.569s] -- Up-to-date: /home/skola/ros2_ws/install/turtlesim/include/turtlesim/msg/pose.h
[1.569s] -- Up-to-date: /home/skola/ros2_ws/install/turtlesim/include/turtlesim/msg/detail
[1.570s] -- Up-to-date: /home/skola/ros2_ws/install/turtlesim/include/turtlesim/msg/detail/pose__struct.h
[1.570s] -- Up-to-date: /home/skola/ros2_ws/install/turtlesim/include/turtlesim/msg/detail/color__struct.h
[1.570s] -- Up-to-date: /home/skola/ros2_ws/install/turtlesim/include/turtlesim/msg/detail/color__type_support.h
[1.570s] -- Up-to-date: /home/skola/ros2_ws/install/turtlesim/include/turtlesim/msg/detail/pose__functions.h
[1.570s] -- Up-to-date: /home/skola/ros2_ws/install/turtlesim/include/turtlesim/msg/detail/color__functions.h
[1.570s] -- Up-to-date: /home/skola/ros2_ws/install/turtlesim/include/turtlesim/msg/detail/color__functions.c
[1.570s] -- Up-to-date: /home/skola/ros2_ws/install/turtlesim/include/turtlesim/msg/detail/pose__functions.c
[1.570s] -- Up-to-date: /home/skola/ros2_ws/install/turtlesim/include/turtlesim/msg/detail/pose__type_support.h
[1.570s] -- Up-to-date: /home/skola/ros2_ws/install/turtlesim/include/turtlesim/msg/color.h
[1.570s] -- Up-to-date: /home/skola/ros2_ws/install/turtlesim/share/turtlesim/environment/library_path.sh
[1.570s] -- Up-to-date: /home/skola/ros2_ws/install/turtlesim/share/turtlesim/environment/library_path.dsv
[1.571s] -- Up-to-date: /home/skola/ros2_ws/install/turtlesim/lib/libturtlesim__rosidl_generator_c.so
[1.571s] -- Up-to-date: /home/skola/ros2_ws/install/turtlesim/include/turtlesim
[1.571s] -- Up-to-date: /home/skola/ros2_ws/install/turtlesim/include/turtlesim/action
[1.571s] -- Up-to-date: /home/skola/ros2_ws/install/turtlesim/include/turtlesim/action/detail
[1.571s] -- Up-to-date: /home/skola/ros2_ws/install/turtlesim/include/turtlesim/action/detail/rotate_absolute__rosidl_typesupport_fastrtps_c.h
[1.571s] -- Up-to-date: /home/skola/ros2_ws/install/turtlesim/include/turtlesim/srv
[1.572s] -- Up-to-date: /home/skola/ros2_ws/install/turtlesim/include/turtlesim/srv/detail
[1.572s] -- Up-to-date: /home/skola/ros2_ws/install/turtlesim/include/turtlesim/srv/detail/set_pen__rosidl_typesupport_fastrtps_c.h
[1.572s] -- Up-to-date: /home/skola/ros2_ws/install/turtlesim/include/turtlesim/srv/detail/spawn__rosidl_typesupport_fastrtps_c.h
[1.572s] -- Up-to-date: /home/skola/ros2_ws/install/turtlesim/include/turtlesim/srv/detail/kill__rosidl_typesupport_fastrtps_c.h
[1.572s] -- Up-to-date: /home/skola/ros2_ws/install/turtlesim/include/turtlesim/srv/detail/teleport_relative__rosidl_typesupport_fastrtps_c.h
[1.572s] -- Up-to-date: /home/skola/ros2_ws/install/turtlesim/include/turtlesim/srv/detail/teleport_absolute__rosidl_typesupport_fastrtps_c.h
[1.572s] -- Up-to-date: /home/skola/ros2_ws/install/turtlesim/include/turtlesim/msg
[1.572s] -- Up-to-date: /home/skola/ros2_ws/install/turtlesim/include/turtlesim/msg/detail
[1.572s] -- Up-to-date: /home/skola/ros2_ws/install/turtlesim/include/turtlesim/msg/detail/color__rosidl_typesupport_fastrtps_c.h
[1.572s] -- Up-to-date: /home/skola/ros2_ws/install/turtlesim/include/turtlesim/msg/detail/pose__rosidl_typesupport_fastrtps_c.h
[1.572s] -- Up-to-date: /home/skola/ros2_ws/install/turtlesim/include/turtlesim/msg/rosidl_typesupport_fastrtps_c__visibility_control.h
[1.573s] -- Up-to-date: /home/skola/ros2_ws/install/turtlesim/lib/libturtlesim__rosidl_typesupport_fastrtps_c.so
[1.573s] -- Up-to-date: /home/skola/ros2_ws/install/turtlesim/include/turtlesim
[1.573s] -- Up-to-date: /home/skola/ros2_ws/install/turtlesim/include/turtlesim/action
[1.573s] -- Up-to-date: /home/skola/ros2_ws/install/turtlesim/include/turtlesim/action/detail
[1.573s] -- Up-to-date: /home/skola/ros2_ws/install/turtlesim/include/turtlesim/action/detail/dds_fastrtps
[1.573s] -- Up-to-date: /home/skola/ros2_ws/install/turtlesim/include/turtlesim/action/detail/rotate_absolute__rosidl_typesupport_fastrtps_cpp.hpp
[1.573s] -- Up-to-date: /home/skola/ros2_ws/install/turtlesim/include/turtlesim/srv
[1.573s] -- Up-to-date: /home/skola/ros2_ws/install/turtlesim/include/turtlesim/srv/detail
[1.573s] -- Up-to-date: /home/skola/ros2_ws/install/turtlesim/include/turtlesim/srv/detail/dds_fastrtps
[1.574s] -- Up-to-date: /home/skola/ros2_ws/install/turtlesim/include/turtlesim/srv/detail/teleport_absolute__rosidl_typesupport_fastrtps_cpp.hpp
[1.574s] -- Up-to-date: /home/skola/ros2_ws/install/turtlesim/include/turtlesim/srv/detail/set_pen__rosidl_typesupport_fastrtps_cpp.hpp
[1.574s] -- Up-to-date: /home/skola/ros2_ws/install/turtlesim/include/turtlesim/srv/detail/spawn__rosidl_typesupport_fastrtps_cpp.hpp
[1.574s] -- Up-to-date: /home/skola/ros2_ws/install/turtlesim/include/turtlesim/srv/detail/kill__rosidl_typesupport_fastrtps_cpp.hpp
[1.574s] -- Up-to-date: /home/skola/ros2_ws/install/turtlesim/include/turtlesim/srv/detail/teleport_relative__rosidl_typesupport_fastrtps_cpp.hpp
[1.574s] -- Up-to-date: /home/skola/ros2_ws/install/turtlesim/include/turtlesim/msg
[1.574s] -- Up-to-date: /home/skola/ros2_ws/install/turtlesim/include/turtlesim/msg/detail
[1.574s] -- Up-to-date: /home/skola/ros2_ws/install/turtlesim/include/turtlesim/msg/detail/dds_fastrtps
[1.574s] -- Up-to-date: /home/skola/ros2_ws/install/turtlesim/include/turtlesim/msg/detail/pose__rosidl_typesupport_fastrtps_cpp.hpp
[1.574s] -- Up-to-date: /home/skola/ros2_ws/install/turtlesim/include/turtlesim/msg/detail/color__rosidl_typesupport_fastrtps_cpp.hpp
[1.574s] -- Up-to-date: /home/skola/ros2_ws/install/turtlesim/include/turtlesim/msg/rosidl_typesupport_fastrtps_cpp__visibility_control.h
[1.575s] -- Up-to-date: /home/skola/ros2_ws/install/turtlesim/lib/libturtlesim__rosidl_typesupport_fastrtps_cpp.so
[1.575s] -- Up-to-date: /home/skola/ros2_ws/install/turtlesim/include/turtlesim
[1.575s] -- Up-to-date: /home/skola/ros2_ws/install/turtlesim/include/turtlesim/action
[1.575s] -- Up-to-date: /home/skola/ros2_ws/install/turtlesim/include/turtlesim/action/detail
[1.575s] -- Up-to-date: /home/skola/ros2_ws/install/turtlesim/include/turtlesim/action/detail/rotate_absolute__rosidl_typesupport_introspection_c.h
[1.575s] -- Up-to-date: /home/skola/ros2_ws/install/turtlesim/include/turtlesim/action/detail/rotate_absolute__type_support.c
[1.575s] -- Up-to-date: /home/skola/ros2_ws/install/turtlesim/include/turtlesim/srv
[1.575s] -- Up-to-date: /home/skola/ros2_ws/install/turtlesim/include/turtlesim/srv/detail
[1.576s] -- Up-to-date: /home/skola/ros2_ws/install/turtlesim/include/turtlesim/srv/detail/spawn__rosidl_typesupport_introspection_c.h
[1.576s] -- Up-to-date: /home/skola/ros2_ws/install/turtlesim/include/turtlesim/srv/detail/teleport_relative__type_support.c
[1.576s] -- Up-to-date: /home/skola/ros2_ws/install/turtlesim/include/turtlesim/srv/detail/teleport_absolute__type_support.c
[1.576s] -- Up-to-date: /home/skola/ros2_ws/install/turtlesim/include/turtlesim/srv/detail/spawn__type_support.c
[1.576s] -- Up-to-date: /home/skola/ros2_ws/install/turtlesim/include/turtlesim/srv/detail/set_pen__rosidl_typesupport_introspection_c.h
[1.576s] -- Up-to-date: /home/skola/ros2_ws/install/turtlesim/include/turtlesim/srv/detail/kill__rosidl_typesupport_introspection_c.h
[1.576s] -- Up-to-date: /home/skola/ros2_ws/install/turtlesim/include/turtlesim/srv/detail/teleport_absolute__rosidl_typesupport_introspection_c.h
[1.576s] -- Up-to-date: /home/skola/ros2_ws/install/turtlesim/include/turtlesim/srv/detail/kill__type_support.c
[1.576s] -- Up-to-date: /home/skola/ros2_ws/install/turtlesim/include/turtlesim/srv/detail/set_pen__type_support.c
[1.576s] -- Up-to-date: /home/skola/ros2_ws/install/turtlesim/include/turtlesim/srv/detail/teleport_relative__rosidl_typesupport_introspection_c.h
[1.576s] -- Up-to-date: /home/skola/ros2_ws/install/turtlesim/include/turtlesim/msg
[1.577s] -- Up-to-date: /home/skola/ros2_ws/install/turtlesim/include/turtlesim/msg/rosidl_typesupport_introspection_c__visibility_control.h
[1.577s] -- Up-to-date: /home/skola/ros2_ws/install/turtlesim/include/turtlesim/msg/detail
[1.577s] -- Up-to-date: /home/skola/ros2_ws/install/turtlesim/include/turtlesim/msg/detail/pose__type_support.c
[1.577s] -- Up-to-date: /home/skola/ros2_ws/install/turtlesim/include/turtlesim/msg/detail/color__rosidl_typesupport_introspection_c.h
[1.577s] -- Up-to-date: /home/skola/ros2_ws/install/turtlesim/include/turtlesim/msg/detail/color__type_support.c
[1.577s] -- Up-to-date: /home/skola/ros2_ws/install/turtlesim/include/turtlesim/msg/detail/pose__rosidl_typesupport_introspection_c.h
[1.577s] -- Installing: /home/skola/ros2_ws/install/turtlesim/lib/libturtlesim__rosidl_typesupport_introspection_c.so
[1.578s] -- Set runtime path of "/home/skola/ros2_ws/install/turtlesim/lib/libturtlesim__rosidl_typesupport_introspection_c.so" to ""
[1.578s] -- Up-to-date: /home/skola/ros2_ws/install/turtlesim/lib/libturtlesim__rosidl_typesupport_c.so
[1.578s] -- Up-to-date: /home/skola/ros2_ws/install/turtlesim/include/turtlesim
[1.578s] -- Up-to-date: /home/skola/ros2_ws/install/turtlesim/include/turtlesim/action
[1.578s] -- Up-to-date: /home/skola/ros2_ws/install/turtlesim/include/turtlesim/action/rotate_absolute.hpp
[1.579s] -- Up-to-date: /home/skola/ros2_ws/install/turtlesim/include/turtlesim/action/detail
[1.579s] -- Up-to-date: /home/skola/ros2_ws/install/turtlesim/include/turtlesim/action/detail/rotate_absolute__traits.hpp
[1.579s] -- Up-to-date: /home/skola/ros2_ws/install/turtlesim/include/turtlesim/action/detail/rotate_absolute__builder.hpp
[1.579s] -- Up-to-date: /home/skola/ros2_ws/install/turtlesim/include/turtlesim/action/detail/rotate_absolute__struct.hpp
[1.579s] -- Up-to-date: /home/skola/ros2_ws/install/turtlesim/include/turtlesim/srv
[1.579s] -- Up-to-date: /home/skola/ros2_ws/install/turtlesim/include/turtlesim/srv/set_pen.hpp
[1.579s] -- Up-to-date: /home/skola/ros2_ws/install/turtlesim/include/turtlesim/srv/spawn.hpp
[1.579s] -- Up-to-date: /home/skola/ros2_ws/install/turtlesim/include/turtlesim/srv/detail
[1.579s] -- Up-to-date: /home/skola/ros2_ws/install/turtlesim/include/turtlesim/srv/detail/teleport_relative__builder.hpp
[1.579s] -- Up-to-date: /home/skola/ros2_ws/install/turtlesim/include/turtlesim/srv/detail/teleport_absolute__struct.hpp
[1.579s] -- Up-to-date: /home/skola/ros2_ws/install/turtlesim/include/turtlesim/srv/detail/spawn__traits.hpp
[1.580s] -- Up-to-date: /home/skola/ros2_ws/install/turtlesim/include/turtlesim/srv/detail/spawn__builder.hpp
[1.580s] -- Up-to-date: /home/skola/ros2_ws/install/turtlesim/include/turtlesim/srv/detail/kill__builder.hpp
[1.580s] -- Up-to-date: /home/skola/ros2_ws/install/turtlesim/include/turtlesim/srv/detail/kill__traits.hpp
[1.580s] -- Up-to-date: /home/skola/ros2_ws/install/turtlesim/include/turtlesim/srv/detail/teleport_relative__struct.hpp
[1.580s] -- Up-to-date: /home/skola/ros2_ws/install/turtlesim/include/turtlesim/srv/detail/teleport_relative__traits.hpp
[1.580s] -- Up-to-date: /home/skola/ros2_ws/install/turtlesim/include/turtlesim/srv/detail/kill__struct.hpp
[1.580s] -- Up-to-date: /home/skola/ros2_ws/install/turtlesim/include/turtlesim/srv/detail/set_pen__traits.hpp
[1.580s] -- Up-to-date: /home/skola/ros2_ws/install/turtlesim/include/turtlesim/srv/detail/teleport_absolute__builder.hpp
[1.580s] -- Up-to-date: /home/skola/ros2_ws/install/turtlesim/include/turtlesim/srv/detail/set_pen__builder.hpp
[1.580s] -- Up-to-date: /home/skola/ros2_ws/install/turtlesim/include/turtlesim/srv/detail/teleport_absolute__traits.hpp
[1.580s] -- Up-to-date: /home/skola/ros2_ws/install/turtlesim/include/turtlesim/srv/detail/set_pen__struct.hpp
[1.580s] -- Up-to-date: /home/skola/ros2_ws/install/turtlesim/include/turtlesim/srv/detail/spawn__struct.hpp
[1.580s] -- Up-to-date: /home/skola/ros2_ws/install/turtlesim/include/turtlesim/srv/teleport_relative.hpp
[1.580s] -- Up-to-date: /home/skola/ros2_ws/install/turtlesim/include/turtlesim/srv/teleport_absolute.hpp
[1.580s] -- Up-to-date: /home/skola/ros2_ws/install/turtlesim/include/turtlesim/srv/kill.hpp
[1.581s] -- Up-to-date: /home/skola/ros2_ws/install/turtlesim/include/turtlesim/msg
[1.581s] -- Up-to-date: /home/skola/ros2_ws/install/turtlesim/include/turtlesim/msg/color.hpp
[1.581s] -- Up-to-date: /home/skola/ros2_ws/install/turtlesim/include/turtlesim/msg/pose.hpp
[1.581s] -- Up-to-date: /home/skola/ros2_ws/install/turtlesim/include/turtlesim/msg/detail
[1.581s] -- Up-to-date: /home/skola/ros2_ws/install/turtlesim/include/turtlesim/msg/detail/color__builder.hpp
[1.581s] -- Up-to-date: /home/skola/ros2_ws/install/turtlesim/include/turtlesim/msg/detail/color__traits.hpp
[1.581s] -- Up-to-date: /home/skola/ros2_ws/install/turtlesim/include/turtlesim/msg/detail/color__struct.hpp
[1.581s] -- Up-to-date: /home/skola/ros2_ws/install/turtlesim/include/turtlesim/msg/detail/pose__builder.hpp
[1.581s] -- Up-to-date: /home/skola/ros2_ws/install/turtlesim/include/turtlesim/msg/detail/pose__struct.hpp
[1.581s] -- Up-to-date: /home/skola/ros2_ws/install/turtlesim/include/turtlesim/msg/detail/pose__traits.hpp
[1.582s] -- Up-to-date: /home/skola/ros2_ws/install/turtlesim/include/turtlesim
[1.582s] -- Up-to-date: /home/skola/ros2_ws/install/turtlesim/include/turtlesim/action
[1.582s] -- Up-to-date: /home/skola/ros2_ws/install/turtlesim/include/turtlesim/action/detail
[1.582s] -- Up-to-date: /home/skola/ros2_ws/install/turtlesim/include/turtlesim/action/detail/rotate_absolute__type_support.cpp
[1.582s] -- Up-to-date: /home/skola/ros2_ws/install/turtlesim/include/turtlesim/action/detail/rotate_absolute__rosidl_typesupport_introspection_cpp.hpp
[1.582s] -- Up-to-date: /home/skola/ros2_ws/install/turtlesim/include/turtlesim/srv
[1.582s] -- Up-to-date: /home/skola/ros2_ws/install/turtlesim/include/turtlesim/srv/detail
[1.582s] -- Up-to-date: /home/skola/ros2_ws/install/turtlesim/include/turtlesim/srv/detail/teleport_relative__rosidl_typesupport_introspection_cpp.hpp
[1.582s] -- Up-to-date: /home/skola/ros2_ws/install/turtlesim/include/turtlesim/srv/detail/set_pen__rosidl_typesupport_introspection_cpp.hpp
[1.582s] -- Up-to-date: /home/skola/ros2_ws/install/turtlesim/include/turtlesim/srv/detail/teleport_relative__type_support.cpp
[1.583s] -- Up-to-date: /home/skola/ros2_ws/install/turtlesim/include/turtlesim/srv/detail/set_pen__type_support.cpp
[1.583s] -- Up-to-date: /home/skola/ros2_ws/install/turtlesim/include/turtlesim/srv/detail/teleport_absolute__rosidl_typesupport_introspection_cpp.hpp
[1.583s] -- Up-to-date: /home/skola/ros2_ws/install/turtlesim/include/turtlesim/srv/detail/kill__rosidl_typesupport_introspection_cpp.hpp
[1.583s] -- Up-to-date: /home/skola/ros2_ws/install/turtlesim/include/turtlesim/srv/detail/spawn__type_support.cpp
[1.583s] -- Up-to-date: /home/skola/ros2_ws/install/turtlesim/include/turtlesim/srv/detail/teleport_absolute__type_support.cpp
[1.583s] -- Up-to-date: /home/skola/ros2_ws/install/turtlesim/include/turtlesim/srv/detail/kill__type_support.cpp
[1.583s] -- Up-to-date: /home/skola/ros2_ws/install/turtlesim/include/turtlesim/srv/detail/spawn__rosidl_typesupport_introspection_cpp.hpp
[1.583s] -- Up-to-date: /home/skola/ros2_ws/install/turtlesim/include/turtlesim/msg
[1.583s] -- Up-to-date: /home/skola/ros2_ws/install/turtlesim/include/turtlesim/msg/detail
[1.583s] -- Up-to-date: /home/skola/ros2_ws/install/turtlesim/include/turtlesim/msg/detail/color__type_support.cpp
[1.583s] -- Up-to-date: /home/skola/ros2_ws/install/turtlesim/include/turtlesim/msg/detail/color__rosidl_typesupport_introspection_cpp.hpp
[1.583s] -- Up-to-date: /home/skola/ros2_ws/install/turtlesim/include/turtlesim/msg/detail/pose__type_support.cpp
[1.584s] -- Up-to-date: /home/skola/ros2_ws/install/turtlesim/include/turtlesim/msg/detail/pose__rosidl_typesupport_introspection_cpp.hpp
[1.584s] -- Installing: /home/skola/ros2_ws/install/turtlesim/lib/libturtlesim__rosidl_typesupport_introspection_cpp.so
[1.584s] -- Set runtime path of "/home/skola/ros2_ws/install/turtlesim/lib/libturtlesim__rosidl_typesupport_introspection_cpp.so" to ""
[1.584s] -- Installing: /home/skola/ros2_ws/install/turtlesim/lib/libturtlesim__rosidl_typesupport_cpp.so
[1.585s] -- Set runtime path of "/home/skola/ros2_ws/install/turtlesim/lib/libturtlesim__rosidl_typesupport_cpp.so" to ""
[1.585s] -- Up-to-date: /home/skola/ros2_ws/install/turtlesim/share/turtlesim/environment/pythonpath.sh
[1.585s] -- Up-to-date: /home/skola/ros2_ws/install/turtlesim/share/turtlesim/environment/pythonpath.dsv
[1.585s] -- Up-to-date: /home/skola/ros2_ws/install/turtlesim/lib/python3.8/site-packages/turtlesim/__init__.py
[1.607s] -- Up-to-date: /home/skola/ros2_ws/install/turtlesim/lib/python3.8/site-packages/turtlesim/action
[1.607s] -- Up-to-date: /home/skola/ros2_ws/install/turtlesim/lib/python3.8/site-packages/turtlesim/action/_rotate_absolute_s.c
[1.607s] -- Up-to-date: /home/skola/ros2_ws/install/turtlesim/lib/python3.8/site-packages/turtlesim/action/__init__.py
[1.607s] -- Up-to-date: /home/skola/ros2_ws/install/turtlesim/lib/python3.8/site-packages/turtlesim/action/_rotate_absolute.py
[1.607s] -- Up-to-date: /home/skola/ros2_ws/install/turtlesim/lib/python3.8/site-packages/turtlesim/msg
[1.607s] -- Up-to-date: /home/skola/ros2_ws/install/turtlesim/lib/python3.8/site-packages/turtlesim/msg/_pose_s.c
[1.607s] -- Up-to-date: /home/skola/ros2_ws/install/turtlesim/lib/python3.8/site-packages/turtlesim/msg/_color.py
[1.607s] -- Up-to-date: /home/skola/ros2_ws/install/turtlesim/lib/python3.8/site-packages/turtlesim/msg/_color_s.c
[1.608s] -- Up-to-date: /home/skola/ros2_ws/install/turtlesim/lib/python3.8/site-packages/turtlesim/msg/_pose.py
[1.608s] -- Up-to-date: /home/skola/ros2_ws/install/turtlesim/lib/python3.8/site-packages/turtlesim/msg/__init__.py
[1.608s] -- Up-to-date: /home/skola/ros2_ws/install/turtlesim/lib/python3.8/site-packages/turtlesim/srv
[1.608s] -- Up-to-date: /home/skola/ros2_ws/install/turtlesim/lib/python3.8/site-packages/turtlesim/srv/_teleport_relative_s.c
[1.608s] -- Up-to-date: /home/skola/ros2_ws/install/turtlesim/lib/python3.8/site-packages/turtlesim/srv/_kill.py
[1.608s] -- Up-to-date: /home/skola/ros2_ws/install/turtlesim/lib/python3.8/site-packages/turtlesim/srv/_teleport_relative.py
[1.608s] -- Up-to-date: /home/skola/ros2_ws/install/turtlesim/lib/python3.8/site-packages/turtlesim/srv/_set_pen.py
[1.608s] -- Up-to-date: /home/skola/ros2_ws/install/turtlesim/lib/python3.8/site-packages/turtlesim/srv/_spawn.py
[1.608s] -- Up-to-date: /home/skola/ros2_ws/install/turtlesim/lib/python3.8/site-packages/turtlesim/srv/_spawn_s.c
[1.608s] -- Up-to-date: /home/skola/ros2_ws/install/turtlesim/lib/python3.8/site-packages/turtlesim/srv/_teleport_absolute_s.c
[1.608s] -- Up-to-date: /home/skola/ros2_ws/install/turtlesim/lib/python3.8/site-packages/turtlesim/srv/__init__.py
[1.608s] -- Up-to-date: /home/skola/ros2_ws/install/turtlesim/lib/python3.8/site-packages/turtlesim/srv/_kill_s.c
[1.608s] -- Up-to-date: /home/skola/ros2_ws/install/turtlesim/lib/python3.8/site-packages/turtlesim/srv/_set_pen_s.c
[1.608s] -- Up-to-date: /home/skola/ros2_ws/install/turtlesim/lib/python3.8/site-packages/turtlesim/srv/_teleport_absolute.py
[1.608s] -- Up-to-date: /home/skola/ros2_ws/install/turtlesim/lib/python3.8/site-packages/turtlesim/turtlesim_s__rosidl_typesupport_fastrtps_c.cpython-38-x86_64-linux-gnu.so
[1.609s] -- Installing: /home/skola/ros2_ws/install/turtlesim/lib/python3.8/site-packages/turtlesim/turtlesim_s__rosidl_typesupport_introspection_c.cpython-38-x86_64-linux-gnu.so
[1.609s] -- Set runtime path of "/home/skola/ros2_ws/install/turtlesim/lib/python3.8/site-packages/turtlesim/turtlesim_s__rosidl_typesupport_introspection_c.cpython-38-x86_64-linux-gnu.so" to ""
[1.609s] -- Up-to-date: /home/skola/ros2_ws/install/turtlesim/lib/python3.8/site-packages/turtlesim/turtlesim_s__rosidl_typesupport_c.cpython-38-x86_64-linux-gnu.so
[1.610s] -- Up-to-date: /home/skola/ros2_ws/install/turtlesim/lib/libturtlesim__python.so
[1.610s] -- Up-to-date: /home/skola/ros2_ws/install/turtlesim/share/turtlesim/action/RotateAbsolute.idl
[1.610s] -- Up-to-date: /home/skola/ros2_ws/install/turtlesim/share/turtlesim/msg/Color.idl
[1.610s] -- Up-to-date: /home/skola/ros2_ws/install/turtlesim/share/turtlesim/msg/Pose.idl
[1.610s] -- Up-to-date: /home/skola/ros2_ws/install/turtlesim/share/turtlesim/srv/Kill.idl
[1.610s] -- Up-to-date: /home/skola/ros2_ws/install/turtlesim/share/turtlesim/srv/SetPen.idl
[1.610s] -- Up-to-date: /home/skola/ros2_ws/install/turtlesim/share/turtlesim/srv/Spawn.idl
[1.610s] -- Up-to-date: /home/skola/ros2_ws/install/turtlesim/share/turtlesim/srv/TeleportAbsolute.idl
[1.611s] -- Up-to-date: /home/skola/ros2_ws/install/turtlesim/share/turtlesim/srv/TeleportRelative.idl
[1.611s] -- Up-to-date: /home/skola/ros2_ws/install/turtlesim/share/turtlesim/action/RotateAbsolute.action
[1.611s] -- Up-to-date: /home/skola/ros2_ws/install/turtlesim/share/turtlesim/msg/Color.msg
[1.611s] -- Up-to-date: /home/skola/ros2_ws/install/turtlesim/share/turtlesim/msg/Pose.msg
[1.611s] -- Up-to-date: /home/skola/ros2_ws/install/turtlesim/share/turtlesim/srv/Kill.srv
[1.611s] -- Up-to-date: /home/skola/ros2_ws/install/turtlesim/share/turtlesim/srv/Kill_Request.msg
[1.611s] -- Up-to-date: /home/skola/ros2_ws/install/turtlesim/share/turtlesim/srv/Kill_Response.msg
[1.611s] -- Up-to-date: /home/skola/ros2_ws/install/turtlesim/share/turtlesim/srv/SetPen.srv
[1.611s] -- Up-to-date: /home/skola/ros2_ws/install/turtlesim/share/turtlesim/srv/SetPen_Request.msg
[1.612s] -- Up-to-date: /home/skola/ros2_ws/install/turtlesim/share/turtlesim/srv/SetPen_Response.msg
[1.612s] -- Up-to-date: /home/skola/ros2_ws/install/turtlesim/share/turtlesim/srv/Spawn.srv
[1.612s] -- Up-to-date: /home/skola/ros2_ws/install/turtlesim/share/turtlesim/srv/Spawn_Request.msg
[1.612s] -- Up-to-date: /home/skola/ros2_ws/install/turtlesim/share/turtlesim/srv/Spawn_Response.msg
[1.612s] -- Up-to-date: /home/skola/ros2_ws/install/turtlesim/share/turtlesim/srv/TeleportAbsolute.srv
[1.612s] -- Up-to-date: /home/skola/ros2_ws/install/turtlesim/share/turtlesim/srv/TeleportAbsolute_Request.msg
[1.612s] -- Up-to-date: /home/skola/ros2_ws/install/turtlesim/share/turtlesim/srv/TeleportAbsolute_Response.msg
[1.612s] -- Up-to-date: /home/skola/ros2_ws/install/turtlesim/share/turtlesim/srv/TeleportRelative.srv
[1.612s] -- Up-to-date: /home/skola/ros2_ws/install/turtlesim/share/turtlesim/srv/TeleportRelative_Request.msg
[1.612s] -- Up-to-date: /home/skola/ros2_ws/install/turtlesim/share/turtlesim/srv/TeleportRelative_Response.msg
[1.613s] -- Installing: /home/skola/ros2_ws/install/turtlesim/lib/turtlesim/turtlesim_node
[1.617s] -- Set runtime path of "/home/skola/ros2_ws/install/turtlesim/lib/turtlesim/turtlesim_node" to ""
[1.617s] -- Installing: /home/skola/ros2_ws/install/turtlesim/lib/turtlesim/turtle_teleop_key
[1.618s] -- Set runtime path of "/home/skola/ros2_ws/install/turtlesim/lib/turtlesim/turtle_teleop_key" to ""
[1.619s] -- Installing: /home/skola/ros2_ws/install/turtlesim/lib/turtlesim/draw_square
[1.621s] -- Set runtime path of "/home/skola/ros2_ws/install/turtlesim/lib/turtlesim/draw_square" to ""
[1.621s] -- Installing: /home/skola/ros2_ws/install/turtlesim/lib/turtlesim/mimic
[1.623s] -- Set runtime path of "/home/skola/ros2_ws/install/turtlesim/lib/turtlesim/mimic" to ""
[1.623s] -- Up-to-date: /home/skola/ros2_ws/install/turtlesim/share/turtlesim/images
[1.623s] -- Up-to-date: /home/skola/ros2_ws/install/turtlesim/share/turtlesim/images/dashing.png
[1.623s] -- Up-to-date: /home/skola/ros2_ws/install/turtlesim/share/turtlesim/images/crystal.png
[1.623s] -- Up-to-date: /home/skola/ros2_ws/install/turtlesim/share/turtlesim/images/ardent.png
[1.623s] -- Up-to-date: /home/skola/ros2_ws/install/turtlesim/share/turtlesim/images/foxy.png
[1.623s] -- Up-to-date: /home/skola/ros2_ws/install/turtlesim/share/turtlesim/images/eloquent.png
[1.623s] -- Up-to-date: /home/skola/ros2_ws/install/turtlesim/share/turtlesim/images/bouncy.png
[1.623s] -- Up-to-date: /home/skola/ros2_ws/install/turtlesim/share/turtlesim/launch
[1.624s] -- Up-to-date: /home/skola/ros2_ws/install/turtlesim/share/turtlesim/launch/multisim.launch.py
[1.624s] -- Up-to-date: /home/skola/ros2_ws/install/turtlesim/share/ament_index/resource_index/package_run_dependencies/turtlesim
[1.624s] -- Up-to-date: /home/skola/ros2_ws/install/turtlesim/share/ament_index/resource_index/parent_prefix_path/turtlesim
[1.624s] -- Up-to-date: /home/skola/ros2_ws/install/turtlesim/share/turtlesim/environment/ament_prefix_path.sh
[1.624s] -- Up-to-date: /home/skola/ros2_ws/install/turtlesim/share/turtlesim/environment/ament_prefix_path.dsv
[1.624s] -- Up-to-date: /home/skola/ros2_ws/install/turtlesim/share/turtlesim/environment/path.sh
[1.624s] -- Up-to-date: /home/skola/ros2_ws/install/turtlesim/share/turtlesim/environment/path.dsv
[1.624s] -- Up-to-date: /home/skola/ros2_ws/install/turtlesim/share/turtlesim/local_setup.bash
[1.624s] -- Up-to-date: /home/skola/ros2_ws/install/turtlesim/share/turtlesim/local_setup.sh
[1.624s] -- Up-to-date: /home/skola/ros2_ws/install/turtlesim/share/turtlesim/local_setup.zsh
[1.624s] -- Up-to-date: /home/skola/ros2_ws/install/turtlesim/share/turtlesim/local_setup.dsv
[1.625s] -- Installing: /home/skola/ros2_ws/install/turtlesim/share/turtlesim/package.dsv
[1.625s] -- Up-to-date: /home/skola/ros2_ws/install/turtlesim/share/ament_index/resource_index/packages/turtlesim
[1.625s] -- Up-to-date: /home/skola/ros2_ws/install/turtlesim/share/turtlesim/cmake/turtlesim__rosidl_generator_cExport.cmake
[1.625s] -- Up-to-date: /home/skola/ros2_ws/install/turtlesim/share/turtlesim/cmake/turtlesim__rosidl_generator_cExport-noconfig.cmake
[1.625s] -- Up-to-date: /home/skola/ros2_ws/install/turtlesim/share/turtlesim/cmake/turtlesim__rosidl_typesupport_introspection_cExport.cmake
[1.625s] -- Up-to-date: /home/skola/ros2_ws/install/turtlesim/share/turtlesim/cmake/turtlesim__rosidl_typesupport_introspection_cExport-noconfig.cmake
[1.625s] -- Up-to-date: /home/skola/ros2_ws/install/turtlesim/share/turtlesim/cmake/turtlesim__rosidl_typesupport_cExport.cmake
[1.625s] -- Up-to-date: /home/skola/ros2_ws/install/turtlesim/share/turtlesim/cmake/turtlesim__rosidl_typesupport_cExport-noconfig.cmake
[1.625s] -- Up-to-date: /home/skola/ros2_ws/install/turtlesim/share/turtlesim/cmake/turtlesim__rosidl_generator_cppExport.cmake
[1.626s] -- Up-to-date: /home/skola/ros2_ws/install/turtlesim/share/turtlesim/cmake/turtlesim__rosidl_typesupport_introspection_cppExport.cmake
[1.626s] -- Up-to-date: /home/skola/ros2_ws/install/turtlesim/share/turtlesim/cmake/turtlesim__rosidl_typesupport_introspection_cppExport-noconfig.cmake
[1.626s] -- Up-to-date: /home/skola/ros2_ws/install/turtlesim/share/turtlesim/cmake/turtlesim__rosidl_typesupport_cppExport.cmake
[1.626s] -- Up-to-date: /home/skola/ros2_ws/install/turtlesim/share/turtlesim/cmake/turtlesim__rosidl_typesupport_cppExport-noconfig.cmake
[1.626s] -- Up-to-date: /home/skola/ros2_ws/install/turtlesim/share/turtlesim/cmake/rosidl_cmake-extras.cmake
[1.626s] -- Up-to-date: /home/skola/ros2_ws/install/turtlesim/share/turtlesim/cmake/ament_cmake_export_dependencies-extras.cmake
[1.626s] -- Up-to-date: /home/skola/ros2_ws/install/turtlesim/share/turtlesim/cmake/ament_cmake_export_libraries-extras.cmake
[1.626s] -- Up-to-date: /home/skola/ros2_ws/install/turtlesim/share/turtlesim/cmake/ament_cmake_export_targets-extras.cmake
[1.627s] -- Up-to-date: /home/skola/ros2_ws/install/turtlesim/share/turtlesim/cmake/ament_cmake_export_include_directories-extras.cmake
[1.627s] -- Up-to-date: /home/skola/ros2_ws/install/turtlesim/share/turtlesim/cmake/rosidl_cmake_export_typesupport_libraries-extras.cmake
[1.627s] -- Up-to-date: /home/skola/ros2_ws/install/turtlesim/share/turtlesim/cmake/rosidl_cmake_export_typesupport_targets-extras.cmake
[1.627s] -- Up-to-date: /home/skola/ros2_ws/install/turtlesim/share/turtlesim/cmake/turtlesimConfig.cmake
[1.627s] -- Up-to-date: /home/skola/ros2_ws/install/turtlesim/share/turtlesim/cmake/turtlesimConfig-version.cmake
[1.627s] -- Up-to-date: /home/skola/ros2_ws/install/turtlesim/share/turtlesim/package.xml
[1.630s] Invoked command in '/home/skola/ros2_ws/build/turtlesim' returned '0': CMAKE_PREFIX_PATH=${CMAKE_PREFIX_PATH}:/opt/ros/foxy /usr/bin/cmake --install /home/skola/ros2_ws/build/turtlesim
