[1.370s] DEBUG:colcon:Command line arguments: ['/usr/bin/colcon', 'build']
[1.370s] DEBUG:colcon:Parsed command line arguments: Namespace(ament_cmake_args=None, base_paths=['.'], build_base='build', catkin_cmake_args=None, catkin_skip_building_tests=False, cmake_args=None, cmake_clean_cache=False, cmake_clean_first=False, cmake_force_configure=False, cmake_target=None, cmake_target_skip_unavailable=False, continue_on_error=False, event_handlers=None, executor='parallel', ignore_user_meta=False, install_base='install', log_base=None, log_level=None, main=<bound method BuildVerb.main of <colcon_core.verb.build.BuildVerb object at 0x7fe8998a1ac0>>, merge_install=False, metas=['./colcon.meta'], packages_above=None, packages_above_and_dependencies=None, packages_above_depth=None, packages_end=None, packages_ignore=None, packages_ignore_regex=None, packages_select=None, packages_select_build_failed=False, packages_select_by_dep=None, packages_select_regex=None, packages_select_test_failures=False, packages_skip=None, packages_skip_build_finished=False, packages_skip_by_dep=None, packages_skip_regex=None, packages_skip_test_passed=False, packages_skip_up_to=None, packages_start=None, packages_up_to=None, packages_up_to_regex=None, parallel_workers=8, paths=None, symlink_install=False, test_result_base=None, verb_extension=<colcon_core.verb.build.BuildVerb object at 0x7fe8998a1ac0>, verb_name='build', verb_parser=<colcon_defaults.argument_parser.defaults.DefaultArgumentsDecorator object at 0x7fe8998b2070>)
[1.398s] Level 1:colcon.colcon_core.package_discovery:discover_packages(colcon_meta) check parameters
[1.398s] Level 1:colcon.colcon_core.package_discovery:discover_packages(recursive) check parameters
[1.398s] Level 1:colcon.colcon_core.package_discovery:discover_packages(ignore) check parameters
[1.398s] Level 1:colcon.colcon_core.package_discovery:discover_packages(path) check parameters
[1.398s] Level 1:colcon.colcon_core.package_discovery:discover_packages(colcon_meta) discover
[1.398s] Level 1:colcon.colcon_core.package_discovery:discover_packages(recursive) discover
[1.398s] INFO:colcon.colcon_core.package_discovery:Crawling recursively for packages in '/home/skola/ros2_ws'
[1.398s] Level 1:colcon.colcon_core.package_identification:_identify(.) by extensions ['ignore', 'ignore_ament_install']
[1.398s] Level 1:colcon.colcon_core.package_identification:_identify(.) by extension 'ignore'
[1.398s] Level 1:colcon.colcon_core.package_identification:_identify(.) by extension 'ignore_ament_install'
[1.398s] Level 1:colcon.colcon_core.package_identification:_identify(.) by extensions ['colcon_pkg']
[1.398s] Level 1:colcon.colcon_core.package_identification:_identify(.) by extension 'colcon_pkg'
[1.398s] Level 1:colcon.colcon_core.package_identification:_identify(.) by extensions ['colcon_meta']
[1.398s] Level 1:colcon.colcon_core.package_identification:_identify(.) by extension 'colcon_meta'
[1.398s] Level 1:colcon.colcon_core.package_identification:_identify(.) by extensions ['ros']
[1.398s] Level 1:colcon.colcon_core.package_identification:_identify(.) by extension 'ros'
[1.431s] Level 1:colcon.colcon_core.package_identification:_identify(.) by extensions ['cmake', 'python']
[1.431s] Level 1:colcon.colcon_core.package_identification:_identify(.) by extension 'cmake'
[1.431s] Level 1:colcon.colcon_core.package_identification:_identify(.) by extension 'python'
[1.431s] Level 1:colcon.colcon_core.package_identification:_identify(.) by extensions ['python_setup_py']
[1.431s] Level 1:colcon.colcon_core.package_identification:_identify(.) by extension 'python_setup_py'
[1.432s] Level 1:colcon.colcon_core.package_identification:_identify(build) by extensions ['ignore', 'ignore_ament_install']
[1.432s] Level 1:colcon.colcon_core.package_identification:_identify(build) by extension 'ignore'
[1.432s] Level 1:colcon.colcon_core.package_identification:_identify(build) ignored
[1.432s] Level 1:colcon.colcon_core.package_identification:_identify(install) by extensions ['ignore', 'ignore_ament_install']
[1.432s] Level 1:colcon.colcon_core.package_identification:_identify(install) by extension 'ignore'
[1.432s] Level 1:colcon.colcon_core.package_identification:_identify(install) ignored
[1.432s] Level 1:colcon.colcon_core.package_identification:_identify(log) by extensions ['ignore', 'ignore_ament_install']
[1.432s] Level 1:colcon.colcon_core.package_identification:_identify(log) by extension 'ignore'
[1.432s] Level 1:colcon.colcon_core.package_identification:_identify(log) ignored
[1.433s] Level 1:colcon.colcon_core.package_identification:_identify(src) by extensions ['ignore', 'ignore_ament_install']
[1.433s] Level 1:colcon.colcon_core.package_identification:_identify(src) by extension 'ignore'
[1.433s] Level 1:colcon.colcon_core.package_identification:_identify(src) by extension 'ignore_ament_install'
[1.433s] Level 1:colcon.colcon_core.package_identification:_identify(src) by extensions ['colcon_pkg']
[1.433s] Level 1:colcon.colcon_core.package_identification:_identify(src) by extension 'colcon_pkg'
[1.433s] Level 1:colcon.colcon_core.package_identification:_identify(src) by extensions ['colcon_meta']
[1.433s] Level 1:colcon.colcon_core.package_identification:_identify(src) by extension 'colcon_meta'
[1.433s] Level 1:colcon.colcon_core.package_identification:_identify(src) by extensions ['ros']
[1.433s] Level 1:colcon.colcon_core.package_identification:_identify(src) by extension 'ros'
[1.433s] Level 1:colcon.colcon_core.package_identification:_identify(src) by extensions ['cmake', 'python']
[1.433s] Level 1:colcon.colcon_core.package_identification:_identify(src) by extension 'cmake'
[1.433s] Level 1:colcon.colcon_core.package_identification:_identify(src) by extension 'python'
[1.433s] Level 1:colcon.colcon_core.package_identification:_identify(src) by extensions ['python_setup_py']
[1.433s] Level 1:colcon.colcon_core.package_identification:_identify(src) by extension 'python_setup_py'
[1.433s] Level 1:colcon.colcon_core.package_identification:_identify(src/cpp_parameters) by extensions ['ignore', 'ignore_ament_install']
[1.433s] Level 1:colcon.colcon_core.package_identification:_identify(src/cpp_parameters) by extension 'ignore'
[1.433s] Level 1:colcon.colcon_core.package_identification:_identify(src/cpp_parameters) by extension 'ignore_ament_install'
[1.434s] Level 1:colcon.colcon_core.package_identification:_identify(src/cpp_parameters) by extensions ['colcon_pkg']
[1.434s] Level 1:colcon.colcon_core.package_identification:_identify(src/cpp_parameters) by extension 'colcon_pkg'
[1.434s] Level 1:colcon.colcon_core.package_identification:_identify(src/cpp_parameters) by extensions ['colcon_meta']
[1.434s] Level 1:colcon.colcon_core.package_identification:_identify(src/cpp_parameters) by extension 'colcon_meta'
[1.434s] Level 1:colcon.colcon_core.package_identification:_identify(src/cpp_parameters) by extensions ['ros']
[1.434s] Level 1:colcon.colcon_core.package_identification:_identify(src/cpp_parameters) by extension 'ros'
[1.444s] DEBUG:colcon.colcon_core.package_identification:Package 'src/cpp_parameters' with type 'ros.ament_cmake' and name 'cpp_parameters'
[1.444s] Level 1:colcon.colcon_core.package_identification:_identify(src/cpp_pubsub) by extensions ['ignore', 'ignore_ament_install']
[1.444s] Level 1:colcon.colcon_core.package_identification:_identify(src/cpp_pubsub) by extension 'ignore'
[1.444s] Level 1:colcon.colcon_core.package_identification:_identify(src/cpp_pubsub) by extension 'ignore_ament_install'
[1.444s] Level 1:colcon.colcon_core.package_identification:_identify(src/cpp_pubsub) by extensions ['colcon_pkg']
[1.444s] Level 1:colcon.colcon_core.package_identification:_identify(src/cpp_pubsub) by extension 'colcon_pkg'
[1.444s] Level 1:colcon.colcon_core.package_identification:_identify(src/cpp_pubsub) by extensions ['colcon_meta']
[1.444s] Level 1:colcon.colcon_core.package_identification:_identify(src/cpp_pubsub) by extension 'colcon_meta'
[1.444s] Level 1:colcon.colcon_core.package_identification:_identify(src/cpp_pubsub) by extensions ['ros']
[1.444s] Level 1:colcon.colcon_core.package_identification:_identify(src/cpp_pubsub) by extension 'ros'
[1.446s] DEBUG:colcon.colcon_core.package_identification:Package 'src/cpp_pubsub' with type 'ros.ament_cmake' and name 'cpp_pubsub'
[1.446s] Level 1:colcon.colcon_core.package_identification:_identify(src/cpp_srvcli) by extensions ['ignore', 'ignore_ament_install']
[1.446s] Level 1:colcon.colcon_core.package_identification:_identify(src/cpp_srvcli) by extension 'ignore'
[1.447s] Level 1:colcon.colcon_core.package_identification:_identify(src/cpp_srvcli) by extension 'ignore_ament_install'
[1.447s] Level 1:colcon.colcon_core.package_identification:_identify(src/cpp_srvcli) by extensions ['colcon_pkg']
[1.447s] Level 1:colcon.colcon_core.package_identification:_identify(src/cpp_srvcli) by extension 'colcon_pkg'
[1.447s] Level 1:colcon.colcon_core.package_identification:_identify(src/cpp_srvcli) by extensions ['colcon_meta']
[1.447s] Level 1:colcon.colcon_core.package_identification:_identify(src/cpp_srvcli) by extension 'colcon_meta'
[1.447s] Level 1:colcon.colcon_core.package_identification:_identify(src/cpp_srvcli) by extensions ['ros']
[1.447s] Level 1:colcon.colcon_core.package_identification:_identify(src/cpp_srvcli) by extension 'ros'
[1.451s] DEBUG:colcon.colcon_core.package_identification:Package 'src/cpp_srvcli' with type 'ros.ament_cmake' and name 'cpp_srvcli'
[1.451s] Level 1:colcon.colcon_core.package_identification:_identify(src/cpp_topic) by extensions ['ignore', 'ignore_ament_install']
[1.451s] Level 1:colcon.colcon_core.package_identification:_identify(src/cpp_topic) by extension 'ignore'
[1.451s] Level 1:colcon.colcon_core.package_identification:_identify(src/cpp_topic) by extension 'ignore_ament_install'
[1.451s] Level 1:colcon.colcon_core.package_identification:_identify(src/cpp_topic) by extensions ['colcon_pkg']
[1.451s] Level 1:colcon.colcon_core.package_identification:_identify(src/cpp_topic) by extension 'colcon_pkg'
[1.451s] Level 1:colcon.colcon_core.package_identification:_identify(src/cpp_topic) by extensions ['colcon_meta']
[1.451s] Level 1:colcon.colcon_core.package_identification:_identify(src/cpp_topic) by extension 'colcon_meta'
[1.451s] Level 1:colcon.colcon_core.package_identification:_identify(src/cpp_topic) by extensions ['ros']
[1.451s] Level 1:colcon.colcon_core.package_identification:_identify(src/cpp_topic) by extension 'ros'
[1.453s] DEBUG:colcon.colcon_core.package_identification:Package 'src/cpp_topic' with type 'ros.ament_cmake' and name 'cpp_topic'
[1.453s] Level 1:colcon.colcon_core.package_identification:_identify(src/more_interfaces) by extensions ['ignore', 'ignore_ament_install']
[1.453s] Level 1:colcon.colcon_core.package_identification:_identify(src/more_interfaces) by extension 'ignore'
[1.454s] Level 1:colcon.colcon_core.package_identification:_identify(src/more_interfaces) by extension 'ignore_ament_install'
[1.454s] Level 1:colcon.colcon_core.package_identification:_identify(src/more_interfaces) by extensions ['colcon_pkg']
[1.454s] Level 1:colcon.colcon_core.package_identification:_identify(src/more_interfaces) by extension 'colcon_pkg'
[1.454s] Level 1:colcon.colcon_core.package_identification:_identify(src/more_interfaces) by extensions ['colcon_meta']
[1.454s] Level 1:colcon.colcon_core.package_identification:_identify(src/more_interfaces) by extension 'colcon_meta'
[1.454s] Level 1:colcon.colcon_core.package_identification:_identify(src/more_interfaces) by extensions ['ros']
[1.454s] Level 1:colcon.colcon_core.package_identification:_identify(src/more_interfaces) by extension 'ros'
[1.456s] DEBUG:colcon.colcon_core.package_identification:Package 'src/more_interfaces' with type 'ros.ament_cmake' and name 'more_interfaces'
[1.456s] Level 1:colcon.colcon_core.package_identification:_identify(src/my_package) by extensions ['ignore', 'ignore_ament_install']
[1.456s] Level 1:colcon.colcon_core.package_identification:_identify(src/my_package) by extension 'ignore'
[1.456s] Level 1:colcon.colcon_core.package_identification:_identify(src/my_package) by extension 'ignore_ament_install'
[1.456s] Level 1:colcon.colcon_core.package_identification:_identify(src/my_package) by extensions ['colcon_pkg']
[1.456s] Level 1:colcon.colcon_core.package_identification:_identify(src/my_package) by extension 'colcon_pkg'
[1.456s] Level 1:colcon.colcon_core.package_identification:_identify(src/my_package) by extensions ['colcon_meta']
[1.456s] Level 1:colcon.colcon_core.package_identification:_identify(src/my_package) by extension 'colcon_meta'
[1.456s] Level 1:colcon.colcon_core.package_identification:_identify(src/my_package) by extensions ['ros']
[1.456s] Level 1:colcon.colcon_core.package_identification:_identify(src/my_package) by extension 'ros'
[1.459s] DEBUG:colcon.colcon_core.package_identification:Package 'src/my_package' with type 'ros.ament_cmake' and name 'my_package'
[1.461s] Level 1:colcon.colcon_core.package_identification:_identify(src/ros_tutorials) by extensions ['ignore', 'ignore_ament_install']
[1.462s] Level 1:colcon.colcon_core.package_identification:_identify(src/ros_tutorials) by extension 'ignore'
[1.462s] Level 1:colcon.colcon_core.package_identification:_identify(src/ros_tutorials) by extension 'ignore_ament_install'
[1.462s] Level 1:colcon.colcon_core.package_identification:_identify(src/ros_tutorials) by extensions ['colcon_pkg']
[1.462s] Level 1:colcon.colcon_core.package_identification:_identify(src/ros_tutorials) by extension 'colcon_pkg'
[1.462s] Level 1:colcon.colcon_core.package_identification:_identify(src/ros_tutorials) by extensions ['colcon_meta']
[1.462s] Level 1:colcon.colcon_core.package_identification:_identify(src/ros_tutorials) by extension 'colcon_meta'
[1.462s] Level 1:colcon.colcon_core.package_identification:_identify(src/ros_tutorials) by extensions ['ros']
[1.462s] Level 1:colcon.colcon_core.package_identification:_identify(src/ros_tutorials) by extension 'ros'
[1.462s] Level 1:colcon.colcon_core.package_identification:_identify(src/ros_tutorials) by extensions ['cmake', 'python']
[1.462s] Level 1:colcon.colcon_core.package_identification:_identify(src/ros_tutorials) by extension 'cmake'
[1.462s] Level 1:colcon.colcon_core.package_identification:_identify(src/ros_tutorials) by extension 'python'
[1.462s] Level 1:colcon.colcon_core.package_identification:_identify(src/ros_tutorials) by extensions ['python_setup_py']
[1.462s] Level 1:colcon.colcon_core.package_identification:_identify(src/ros_tutorials) by extension 'python_setup_py'
[1.463s] Level 1:colcon.colcon_core.package_identification:_identify(src/ros_tutorials/ros_tutorials) by extensions ['ignore', 'ignore_ament_install']
[1.463s] Level 1:colcon.colcon_core.package_identification:_identify(src/ros_tutorials/ros_tutorials) by extension 'ignore'
[1.463s] Level 1:colcon.colcon_core.package_identification:_identify(src/ros_tutorials/ros_tutorials) ignored
[1.463s] Level 1:colcon.colcon_core.package_identification:_identify(src/ros_tutorials/roscpp_tutorials) by extensions ['ignore', 'ignore_ament_install']
[1.463s] Level 1:colcon.colcon_core.package_identification:_identify(src/ros_tutorials/roscpp_tutorials) by extension 'ignore'
[1.463s] Level 1:colcon.colcon_core.package_identification:_identify(src/ros_tutorials/roscpp_tutorials) ignored
[1.466s] Level 1:colcon.colcon_core.package_identification:_identify(src/ros_tutorials/rospy_tutorials) by extensions ['ignore', 'ignore_ament_install']
[1.466s] Level 1:colcon.colcon_core.package_identification:_identify(src/ros_tutorials/rospy_tutorials) by extension 'ignore'
[1.466s] Level 1:colcon.colcon_core.package_identification:_identify(src/ros_tutorials/rospy_tutorials) ignored
[1.466s] Level 1:colcon.colcon_core.package_identification:_identify(src/ros_tutorials/turtlesim) by extensions ['ignore', 'ignore_ament_install']
[1.466s] Level 1:colcon.colcon_core.package_identification:_identify(src/ros_tutorials/turtlesim) by extension 'ignore'
[1.466s] Level 1:colcon.colcon_core.package_identification:_identify(src/ros_tutorials/turtlesim) by extension 'ignore_ament_install'
[1.466s] Level 1:colcon.colcon_core.package_identification:_identify(src/ros_tutorials/turtlesim) by extensions ['colcon_pkg']
[1.466s] Level 1:colcon.colcon_core.package_identification:_identify(src/ros_tutorials/turtlesim) by extension 'colcon_pkg'
[1.467s] Level 1:colcon.colcon_core.package_identification:_identify(src/ros_tutorials/turtlesim) by extensions ['colcon_meta']
[1.467s] Level 1:colcon.colcon_core.package_identification:_identify(src/ros_tutorials/turtlesim) by extension 'colcon_meta'
[1.467s] Level 1:colcon.colcon_core.package_identification:_identify(src/ros_tutorials/turtlesim) by extensions ['ros']
[1.467s] Level 1:colcon.colcon_core.package_identification:_identify(src/ros_tutorials/turtlesim) by extension 'ros'
[1.469s] DEBUG:colcon.colcon_core.package_identification:Package 'src/ros_tutorials/turtlesim' with type 'ros.ament_cmake' and name 'turtlesim'
[1.469s] Level 1:colcon.colcon_core.package_identification:_identify(src/sublisher) by extensions ['ignore', 'ignore_ament_install']
[1.469s] Level 1:colcon.colcon_core.package_identification:_identify(src/sublisher) by extension 'ignore'
[1.469s] Level 1:colcon.colcon_core.package_identification:_identify(src/sublisher) by extension 'ignore_ament_install'
[1.469s] Level 1:colcon.colcon_core.package_identification:_identify(src/sublisher) by extensions ['colcon_pkg']
[1.469s] Level 1:colcon.colcon_core.package_identification:_identify(src/sublisher) by extension 'colcon_pkg'
[1.469s] Level 1:colcon.colcon_core.package_identification:_identify(src/sublisher) by extensions ['colcon_meta']
[1.469s] Level 1:colcon.colcon_core.package_identification:_identify(src/sublisher) by extension 'colcon_meta'
[1.469s] Level 1:colcon.colcon_core.package_identification:_identify(src/sublisher) by extensions ['ros']
[1.469s] Level 1:colcon.colcon_core.package_identification:_identify(src/sublisher) by extension 'ros'
[1.470s] DEBUG:colcon.colcon_core.package_identification:Package 'src/sublisher' with type 'ros.ament_cmake' and name 'sublisher'
[1.471s] Level 1:colcon.colcon_core.package_identification:_identify(src/tutorial_interfaces) by extensions ['ignore', 'ignore_ament_install']
[1.471s] Level 1:colcon.colcon_core.package_identification:_identify(src/tutorial_interfaces) by extension 'ignore'
[1.471s] Level 1:colcon.colcon_core.package_identification:_identify(src/tutorial_interfaces) by extension 'ignore_ament_install'
[1.471s] Level 1:colcon.colcon_core.package_identification:_identify(src/tutorial_interfaces) by extensions ['colcon_pkg']
[1.471s] Level 1:colcon.colcon_core.package_identification:_identify(src/tutorial_interfaces) by extension 'colcon_pkg'
[1.471s] Level 1:colcon.colcon_core.package_identification:_identify(src/tutorial_interfaces) by extensions ['colcon_meta']
[1.471s] Level 1:colcon.colcon_core.package_identification:_identify(src/tutorial_interfaces) by extension 'colcon_meta'
[1.472s] Level 1:colcon.colcon_core.package_identification:_identify(src/tutorial_interfaces) by extensions ['ros']
[1.472s] Level 1:colcon.colcon_core.package_identification:_identify(src/tutorial_interfaces) by extension 'ros'
[1.473s] DEBUG:colcon.colcon_core.package_identification:Package 'src/tutorial_interfaces' with type 'ros.ament_cmake' and name 'tutorial_interfaces'
[1.473s] Level 1:colcon.colcon_core.package_discovery:discover_packages(recursive) using defaults
[1.473s] Level 1:colcon.colcon_core.package_discovery:discover_packages(ignore) discover
[1.473s] Level 1:colcon.colcon_core.package_discovery:discover_packages(ignore) using defaults
[1.473s] Level 1:colcon.colcon_core.package_discovery:discover_packages(path) discover
[1.474s] Level 1:colcon.colcon_core.package_discovery:discover_packages(path) using defaults
[1.515s] Level 5:colcon.colcon_core.verb:set package 'cpp_parameters' build argument 'cmake_args' from command line to 'None'
[1.515s] Level 5:colcon.colcon_core.verb:set package 'cpp_parameters' build argument 'cmake_target' from command line to 'None'
[1.515s] Level 5:colcon.colcon_core.verb:set package 'cpp_parameters' build argument 'cmake_target_skip_unavailable' from command line to 'False'
[1.515s] Level 5:colcon.colcon_core.verb:set package 'cpp_parameters' build argument 'cmake_clean_cache' from command line to 'False'
[1.515s] Level 5:colcon.colcon_core.verb:set package 'cpp_parameters' build argument 'cmake_clean_first' from command line to 'False'
[1.515s] Level 5:colcon.colcon_core.verb:set package 'cpp_parameters' build argument 'cmake_force_configure' from command line to 'False'
[1.515s] Level 5:colcon.colcon_core.verb:set package 'cpp_parameters' build argument 'ament_cmake_args' from command line to 'None'
[1.515s] Level 5:colcon.colcon_core.verb:set package 'cpp_parameters' build argument 'catkin_cmake_args' from command line to 'None'
[1.515s] Level 5:colcon.colcon_core.verb:set package 'cpp_parameters' build argument 'catkin_skip_building_tests' from command line to 'False'
[1.515s] DEBUG:colcon.colcon_core.verb:Building package 'cpp_parameters' with the following arguments: {'ament_cmake_args': None, 'build_base': '/home/skola/ros2_ws/build/cpp_parameters', 'catkin_cmake_args': None, 'catkin_skip_building_tests': False, 'cmake_args': None, 'cmake_clean_cache': False, 'cmake_clean_first': False, 'cmake_force_configure': False, 'cmake_target': None, 'cmake_target_skip_unavailable': False, 'install_base': '/home/skola/ros2_ws/install/cpp_parameters', 'merge_install': False, 'path': '/home/skola/ros2_ws/src/cpp_parameters', 'symlink_install': False, 'test_result_base': None}
[1.517s] Level 5:colcon.colcon_core.verb:set package 'cpp_pubsub' build argument 'cmake_args' from command line to 'None'
[1.517s] Level 5:colcon.colcon_core.verb:set package 'cpp_pubsub' build argument 'cmake_target' from command line to 'None'
[1.517s] Level 5:colcon.colcon_core.verb:set package 'cpp_pubsub' build argument 'cmake_target_skip_unavailable' from command line to 'False'
[1.517s] Level 5:colcon.colcon_core.verb:set package 'cpp_pubsub' build argument 'cmake_clean_cache' from command line to 'False'
[1.517s] Level 5:colcon.colcon_core.verb:set package 'cpp_pubsub' build argument 'cmake_clean_first' from command line to 'False'
[1.517s] Level 5:colcon.colcon_core.verb:set package 'cpp_pubsub' build argument 'cmake_force_configure' from command line to 'False'
[1.517s] Level 5:colcon.colcon_core.verb:set package 'cpp_pubsub' build argument 'ament_cmake_args' from command line to 'None'
[1.517s] Level 5:colcon.colcon_core.verb:set package 'cpp_pubsub' build argument 'catkin_cmake_args' from command line to 'None'
[1.517s] Level 5:colcon.colcon_core.verb:set package 'cpp_pubsub' build argument 'catkin_skip_building_tests' from command line to 'False'
[1.517s] DEBUG:colcon.colcon_core.verb:Building package 'cpp_pubsub' with the following arguments: {'ament_cmake_args': None, 'build_base': '/home/skola/ros2_ws/build/cpp_pubsub', 'catkin_cmake_args': None, 'catkin_skip_building_tests': False, 'cmake_args': None, 'cmake_clean_cache': False, 'cmake_clean_first': False, 'cmake_force_configure': False, 'cmake_target': None, 'cmake_target_skip_unavailable': False, 'install_base': '/home/skola/ros2_ws/install/cpp_pubsub', 'merge_install': False, 'path': '/home/skola/ros2_ws/src/cpp_pubsub', 'symlink_install': False, 'test_result_base': None}
[1.519s] Level 5:colcon.colcon_core.verb:set package 'cpp_srvcli' build argument 'cmake_args' from command line to 'None'
[1.519s] Level 5:colcon.colcon_core.verb:set package 'cpp_srvcli' build argument 'cmake_target' from command line to 'None'
[1.519s] Level 5:colcon.colcon_core.verb:set package 'cpp_srvcli' build argument 'cmake_target_skip_unavailable' from command line to 'False'
[1.519s] Level 5:colcon.colcon_core.verb:set package 'cpp_srvcli' build argument 'cmake_clean_cache' from command line to 'False'
[1.519s] Level 5:colcon.colcon_core.verb:set package 'cpp_srvcli' build argument 'cmake_clean_first' from command line to 'False'
[1.519s] Level 5:colcon.colcon_core.verb:set package 'cpp_srvcli' build argument 'cmake_force_configure' from command line to 'False'
[1.519s] Level 5:colcon.colcon_core.verb:set package 'cpp_srvcli' build argument 'ament_cmake_args' from command line to 'None'
[1.519s] Level 5:colcon.colcon_core.verb:set package 'cpp_srvcli' build argument 'catkin_cmake_args' from command line to 'None'
[1.519s] Level 5:colcon.colcon_core.verb:set package 'cpp_srvcli' build argument 'catkin_skip_building_tests' from command line to 'False'
[1.519s] DEBUG:colcon.colcon_core.verb:Building package 'cpp_srvcli' with the following arguments: {'ament_cmake_args': None, 'build_base': '/home/skola/ros2_ws/build/cpp_srvcli', 'catkin_cmake_args': None, 'catkin_skip_building_tests': False, 'cmake_args': None, 'cmake_clean_cache': False, 'cmake_clean_first': False, 'cmake_force_configure': False, 'cmake_target': None, 'cmake_target_skip_unavailable': False, 'install_base': '/home/skola/ros2_ws/install/cpp_srvcli', 'merge_install': False, 'path': '/home/skola/ros2_ws/src/cpp_srvcli', 'symlink_install': False, 'test_result_base': None}
[1.521s] Level 5:colcon.colcon_core.verb:set package 'cpp_topic' build argument 'cmake_args' from command line to 'None'
[1.521s] Level 5:colcon.colcon_core.verb:set package 'cpp_topic' build argument 'cmake_target' from command line to 'None'
[1.521s] Level 5:colcon.colcon_core.verb:set package 'cpp_topic' build argument 'cmake_target_skip_unavailable' from command line to 'False'
[1.521s] Level 5:colcon.colcon_core.verb:set package 'cpp_topic' build argument 'cmake_clean_cache' from command line to 'False'
[1.521s] Level 5:colcon.colcon_core.verb:set package 'cpp_topic' build argument 'cmake_clean_first' from command line to 'False'
[1.521s] Level 5:colcon.colcon_core.verb:set package 'cpp_topic' build argument 'cmake_force_configure' from command line to 'False'
[1.521s] Level 5:colcon.colcon_core.verb:set package 'cpp_topic' build argument 'ament_cmake_args' from command line to 'None'
[1.521s] Level 5:colcon.colcon_core.verb:set package 'cpp_topic' build argument 'catkin_cmake_args' from command line to 'None'
[1.521s] Level 5:colcon.colcon_core.verb:set package 'cpp_topic' build argument 'catkin_skip_building_tests' from command line to 'False'
[1.521s] DEBUG:colcon.colcon_core.verb:Building package 'cpp_topic' with the following arguments: {'ament_cmake_args': None, 'build_base': '/home/skola/ros2_ws/build/cpp_topic', 'catkin_cmake_args': None, 'catkin_skip_building_tests': False, 'cmake_args': None, 'cmake_clean_cache': False, 'cmake_clean_first': False, 'cmake_force_configure': False, 'cmake_target': None, 'cmake_target_skip_unavailable': False, 'install_base': '/home/skola/ros2_ws/install/cpp_topic', 'merge_install': False, 'path': '/home/skola/ros2_ws/src/cpp_topic', 'symlink_install': False, 'test_result_base': None}
[1.523s] Level 5:colcon.colcon_core.verb:set package 'more_interfaces' build argument 'cmake_args' from command line to 'None'
[1.523s] Level 5:colcon.colcon_core.verb:set package 'more_interfaces' build argument 'cmake_target' from command line to 'None'
[1.523s] Level 5:colcon.colcon_core.verb:set package 'more_interfaces' build argument 'cmake_target_skip_unavailable' from command line to 'False'
[1.523s] Level 5:colcon.colcon_core.verb:set package 'more_interfaces' build argument 'cmake_clean_cache' from command line to 'False'
[1.523s] Level 5:colcon.colcon_core.verb:set package 'more_interfaces' build argument 'cmake_clean_first' from command line to 'False'
[1.523s] Level 5:colcon.colcon_core.verb:set package 'more_interfaces' build argument 'cmake_force_configure' from command line to 'False'
[1.523s] Level 5:colcon.colcon_core.verb:set package 'more_interfaces' build argument 'ament_cmake_args' from command line to 'None'
[1.523s] Level 5:colcon.colcon_core.verb:set package 'more_interfaces' build argument 'catkin_cmake_args' from command line to 'None'
[1.523s] Level 5:colcon.colcon_core.verb:set package 'more_interfaces' build argument 'catkin_skip_building_tests' from command line to 'False'
[1.523s] DEBUG:colcon.colcon_core.verb:Building package 'more_interfaces' with the following arguments: {'ament_cmake_args': None, 'build_base': '/home/skola/ros2_ws/build/more_interfaces', 'catkin_cmake_args': None, 'catkin_skip_building_tests': False, 'cmake_args': None, 'cmake_clean_cache': False, 'cmake_clean_first': False, 'cmake_force_configure': False, 'cmake_target': None, 'cmake_target_skip_unavailable': False, 'install_base': '/home/skola/ros2_ws/install/more_interfaces', 'merge_install': False, 'path': '/home/skola/ros2_ws/src/more_interfaces', 'symlink_install': False, 'test_result_base': None}
[1.525s] Level 5:colcon.colcon_core.verb:set package 'my_package' build argument 'cmake_args' from command line to 'None'
[1.525s] Level 5:colcon.colcon_core.verb:set package 'my_package' build argument 'cmake_target' from command line to 'None'
[1.525s] Level 5:colcon.colcon_core.verb:set package 'my_package' build argument 'cmake_target_skip_unavailable' from command line to 'False'
[1.525s] Level 5:colcon.colcon_core.verb:set package 'my_package' build argument 'cmake_clean_cache' from command line to 'False'
[1.525s] Level 5:colcon.colcon_core.verb:set package 'my_package' build argument 'cmake_clean_first' from command line to 'False'
[1.525s] Level 5:colcon.colcon_core.verb:set package 'my_package' build argument 'cmake_force_configure' from command line to 'False'
[1.525s] Level 5:colcon.colcon_core.verb:set package 'my_package' build argument 'ament_cmake_args' from command line to 'None'
[1.525s] Level 5:colcon.colcon_core.verb:set package 'my_package' build argument 'catkin_cmake_args' from command line to 'None'
[1.525s] Level 5:colcon.colcon_core.verb:set package 'my_package' build argument 'catkin_skip_building_tests' from command line to 'False'
[1.525s] DEBUG:colcon.colcon_core.verb:Building package 'my_package' with the following arguments: {'ament_cmake_args': None, 'build_base': '/home/skola/ros2_ws/build/my_package', 'catkin_cmake_args': None, 'catkin_skip_building_tests': False, 'cmake_args': None, 'cmake_clean_cache': False, 'cmake_clean_first': False, 'cmake_force_configure': False, 'cmake_target': None, 'cmake_target_skip_unavailable': False, 'install_base': '/home/skola/ros2_ws/install/my_package', 'merge_install': False, 'path': '/home/skola/ros2_ws/src/my_package', 'symlink_install': False, 'test_result_base': None}
[1.527s] Level 5:colcon.colcon_core.verb:set package 'sublisher' build argument 'cmake_args' from command line to 'None'
[1.527s] Level 5:colcon.colcon_core.verb:set package 'sublisher' build argument 'cmake_target' from command line to 'None'
[1.527s] Level 5:colcon.colcon_core.verb:set package 'sublisher' build argument 'cmake_target_skip_unavailable' from command line to 'False'
[1.527s] Level 5:colcon.colcon_core.verb:set package 'sublisher' build argument 'cmake_clean_cache' from command line to 'False'
[1.527s] Level 5:colcon.colcon_core.verb:set package 'sublisher' build argument 'cmake_clean_first' from command line to 'False'
[1.527s] Level 5:colcon.colcon_core.verb:set package 'sublisher' build argument 'cmake_force_configure' from command line to 'False'
[1.527s] Level 5:colcon.colcon_core.verb:set package 'sublisher' build argument 'ament_cmake_args' from command line to 'None'
[1.527s] Level 5:colcon.colcon_core.verb:set package 'sublisher' build argument 'catkin_cmake_args' from command line to 'None'
[1.527s] Level 5:colcon.colcon_core.verb:set package 'sublisher' build argument 'catkin_skip_building_tests' from command line to 'False'
[1.527s] DEBUG:colcon.colcon_core.verb:Building package 'sublisher' with the following arguments: {'ament_cmake_args': None, 'build_base': '/home/skola/ros2_ws/build/sublisher', 'catkin_cmake_args': None, 'catkin_skip_building_tests': False, 'cmake_args': None, 'cmake_clean_cache': False, 'cmake_clean_first': False, 'cmake_force_configure': False, 'cmake_target': None, 'cmake_target_skip_unavailable': False, 'install_base': '/home/skola/ros2_ws/install/sublisher', 'merge_install': False, 'path': '/home/skola/ros2_ws/src/sublisher', 'symlink_install': False, 'test_result_base': None}
[1.528s] Level 5:colcon.colcon_core.verb:set package 'turtlesim' build argument 'cmake_args' from command line to 'None'
[1.528s] Level 5:colcon.colcon_core.verb:set package 'turtlesim' build argument 'cmake_target' from command line to 'None'
[1.528s] Level 5:colcon.colcon_core.verb:set package 'turtlesim' build argument 'cmake_target_skip_unavailable' from command line to 'False'
[1.529s] Level 5:colcon.colcon_core.verb:set package 'turtlesim' build argument 'cmake_clean_cache' from command line to 'False'
[1.529s] Level 5:colcon.colcon_core.verb:set package 'turtlesim' build argument 'cmake_clean_first' from command line to 'False'
[1.529s] Level 5:colcon.colcon_core.verb:set package 'turtlesim' build argument 'cmake_force_configure' from command line to 'False'
[1.529s] Level 5:colcon.colcon_core.verb:set package 'turtlesim' build argument 'ament_cmake_args' from command line to 'None'
[1.529s] Level 5:colcon.colcon_core.verb:set package 'turtlesim' build argument 'catkin_cmake_args' from command line to 'None'
[1.529s] Level 5:colcon.colcon_core.verb:set package 'turtlesim' build argument 'catkin_skip_building_tests' from command line to 'False'
[1.529s] DEBUG:colcon.colcon_core.verb:Building package 'turtlesim' with the following arguments: {'ament_cmake_args': None, 'build_base': '/home/skola/ros2_ws/build/turtlesim', 'catkin_cmake_args': None, 'catkin_skip_building_tests': False, 'cmake_args': None, 'cmake_clean_cache': False, 'cmake_clean_first': False, 'cmake_force_configure': False, 'cmake_target': None, 'cmake_target_skip_unavailable': False, 'install_base': '/home/skola/ros2_ws/install/turtlesim', 'merge_install': False, 'path': '/home/skola/ros2_ws/src/ros_tutorials/turtlesim', 'symlink_install': False, 'test_result_base': None}
[1.530s] Level 5:colcon.colcon_core.verb:set package 'tutorial_interfaces' build argument 'cmake_args' from command line to 'None'
[1.530s] Level 5:colcon.colcon_core.verb:set package 'tutorial_interfaces' build argument 'cmake_target' from command line to 'None'
[1.530s] Level 5:colcon.colcon_core.verb:set package 'tutorial_interfaces' build argument 'cmake_target_skip_unavailable' from command line to 'False'
[1.530s] Level 5:colcon.colcon_core.verb:set package 'tutorial_interfaces' build argument 'cmake_clean_cache' from command line to 'False'
[1.530s] Level 5:colcon.colcon_core.verb:set package 'tutorial_interfaces' build argument 'cmake_clean_first' from command line to 'False'
[1.530s] Level 5:colcon.colcon_core.verb:set package 'tutorial_interfaces' build argument 'cmake_force_configure' from command line to 'False'
[1.530s] Level 5:colcon.colcon_core.verb:set package 'tutorial_interfaces' build argument 'ament_cmake_args' from command line to 'None'
[1.530s] Level 5:colcon.colcon_core.verb:set package 'tutorial_interfaces' build argument 'catkin_cmake_args' from command line to 'None'
[1.530s] Level 5:colcon.colcon_core.verb:set package 'tutorial_interfaces' build argument 'catkin_skip_building_tests' from command line to 'False'
[1.530s] DEBUG:colcon.colcon_core.verb:Building package 'tutorial_interfaces' with the following arguments: {'ament_cmake_args': None, 'build_base': '/home/skola/ros2_ws/build/tutorial_interfaces', 'catkin_cmake_args': None, 'catkin_skip_building_tests': False, 'cmake_args': None, 'cmake_clean_cache': False, 'cmake_clean_first': False, 'cmake_force_configure': False, 'cmake_target': None, 'cmake_target_skip_unavailable': False, 'install_base': '/home/skola/ros2_ws/install/tutorial_interfaces', 'merge_install': False, 'path': '/home/skola/ros2_ws/src/tutorial_interfaces', 'symlink_install': False, 'test_result_base': None}
[1.531s] INFO:colcon.colcon_core.executor:Executing jobs using 'parallel' executor
[1.534s] DEBUG:colcon.colcon_parallel_executor.executor.parallel:run_until_complete
[1.534s] INFO:colcon.colcon_ros.task.ament_cmake.build:Building ROS package in '/home/skola/ros2_ws/src/cpp_parameters' with build type 'ament_cmake'
[1.534s] INFO:colcon.colcon_cmake.task.cmake.build:Building CMake package in '/home/skola/ros2_ws/src/cpp_parameters'
[1.550s] INFO:colcon.colcon_core.plugin_system:Skipping extension 'colcon_core.shell.bat': Not used on non-Windows systems
[1.550s] INFO:colcon.colcon_core.shell:Skip shell extension 'powershell' for command environment: Not usable outside of PowerShell
[1.550s] DEBUG:colcon.colcon_core.shell:Skip shell extension 'dsv' for command environment
[1.570s] DEBUG:colcon.colcon_core.shell:Ignoring prefix path '/opt/ros/foxy'
[1.578s] INFO:colcon.colcon_ros.task.ament_cmake.build:Building ROS package in '/home/skola/ros2_ws/src/cpp_pubsub' with build type 'ament_cmake'
[1.579s] INFO:colcon.colcon_cmake.task.cmake.build:Building CMake package in '/home/skola/ros2_ws/src/cpp_pubsub'
[1.580s] INFO:colcon.colcon_core.shell:Skip shell extension 'powershell' for command environment: Not usable outside of PowerShell
[1.580s] DEBUG:colcon.colcon_core.shell:Skip shell extension 'dsv' for command environment
[1.585s] DEBUG:colcon.colcon_core.shell:Ignoring prefix path '/opt/ros/foxy'
[1.590s] INFO:colcon.colcon_ros.task.ament_cmake.build:Building ROS package in '/home/skola/ros2_ws/src/cpp_srvcli' with build type 'ament_cmake'
[1.591s] INFO:colcon.colcon_cmake.task.cmake.build:Building CMake package in '/home/skola/ros2_ws/src/cpp_srvcli'
[1.592s] INFO:colcon.colcon_core.shell:Skip shell extension 'powershell' for command environment: Not usable outside of PowerShell
[1.592s] DEBUG:colcon.colcon_core.shell:Skip shell extension 'dsv' for command environment
[1.600s] DEBUG:colcon.colcon_core.shell:Ignoring prefix path '/opt/ros/foxy'
[1.606s] INFO:colcon.colcon_ros.task.ament_cmake.build:Building ROS package in '/home/skola/ros2_ws/src/cpp_topic' with build type 'ament_cmake'
[1.607s] INFO:colcon.colcon_cmake.task.cmake.build:Building CMake package in '/home/skola/ros2_ws/src/cpp_topic'
[1.608s] INFO:colcon.colcon_core.shell:Skip shell extension 'powershell' for command environment: Not usable outside of PowerShell
[1.608s] DEBUG:colcon.colcon_core.shell:Skip shell extension 'dsv' for command environment
[1.611s] DEBUG:colcon.colcon_core.shell:Ignoring prefix path '/opt/ros/foxy'
[1.619s] INFO:colcon.colcon_ros.task.ament_cmake.build:Building ROS package in '/home/skola/ros2_ws/src/more_interfaces' with build type 'ament_cmake'
[1.619s] INFO:colcon.colcon_cmake.task.cmake.build:Building CMake package in '/home/skola/ros2_ws/src/more_interfaces'
[1.620s] INFO:colcon.colcon_core.shell:Skip shell extension 'powershell' for command environment: Not usable outside of PowerShell
[1.620s] DEBUG:colcon.colcon_core.shell:Skip shell extension 'dsv' for command environment
[1.626s] DEBUG:colcon.colcon_core.shell:Ignoring prefix path '/opt/ros/foxy'
[1.630s] INFO:colcon.colcon_ros.task.ament_cmake.build:Building ROS package in '/home/skola/ros2_ws/src/my_package' with build type 'ament_cmake'
[1.630s] INFO:colcon.colcon_cmake.task.cmake.build:Building CMake package in '/home/skola/ros2_ws/src/my_package'
[1.632s] INFO:colcon.colcon_core.shell:Skip shell extension 'powershell' for command environment: Not usable outside of PowerShell
[1.635s] DEBUG:colcon.colcon_core.shell:Skip shell extension 'dsv' for command environment
[1.641s] DEBUG:colcon.colcon_core.shell:Ignoring prefix path '/opt/ros/foxy'
[1.646s] INFO:colcon.colcon_ros.task.ament_cmake.build:Building ROS package in '/home/skola/ros2_ws/src/sublisher' with build type 'ament_cmake'
[1.646s] INFO:colcon.colcon_cmake.task.cmake.build:Building CMake package in '/home/skola/ros2_ws/src/sublisher'
[1.647s] INFO:colcon.colcon_core.shell:Skip shell extension 'powershell' for command environment: Not usable outside of PowerShell
[1.647s] DEBUG:colcon.colcon_core.shell:Skip shell extension 'dsv' for command environment
[1.651s] DEBUG:colcon.colcon_core.shell:Ignoring prefix path '/opt/ros/foxy'
[1.655s] INFO:colcon.colcon_ros.task.ament_cmake.build:Building ROS package in '/home/skola/ros2_ws/src/ros_tutorials/turtlesim' with build type 'ament_cmake'
[1.655s] INFO:colcon.colcon_cmake.task.cmake.build:Building CMake package in '/home/skola/ros2_ws/src/ros_tutorials/turtlesim'
[1.656s] INFO:colcon.colcon_core.shell:Skip shell extension 'powershell' for command environment: Not usable outside of PowerShell
[1.657s] DEBUG:colcon.colcon_core.shell:Skip shell extension 'dsv' for command environment
[1.660s] DEBUG:colcon.colcon_core.shell:Ignoring prefix path '/opt/ros/foxy'
[1.697s] DEBUG:colcon.colcon_core.event_handler.log_command:Invoking command in '/home/skola/ros2_ws/build/cpp_parameters': CMAKE_PREFIX_PATH=${CMAKE_PREFIX_PATH}:/opt/ros/foxy /usr/bin/cmake --build /home/skola/ros2_ws/build/cpp_parameters -- -j8 -l8
[1.717s] DEBUG:colcon.colcon_core.event_handler.log_command:Invoking command in '/home/skola/ros2_ws/build/cpp_pubsub': CMAKE_PREFIX_PATH=${CMAKE_PREFIX_PATH}:/opt/ros/foxy /usr/bin/cmake --build /home/skola/ros2_ws/build/cpp_pubsub -- -j8 -l8
[1.726s] DEBUG:colcon.colcon_core.event_handler.log_command:Invoking command in '/home/skola/ros2_ws/build/cpp_srvcli': CMAKE_PREFIX_PATH=${CMAKE_PREFIX_PATH}:/opt/ros/foxy /usr/bin/cmake --build /home/skola/ros2_ws/build/cpp_srvcli -- -j8 -l8
[1.743s] DEBUG:colcon.colcon_core.event_handler.log_command:Invoking command in '/home/skola/ros2_ws/build/cpp_topic': CMAKE_PREFIX_PATH=${CMAKE_PREFIX_PATH}:/opt/ros/foxy /usr/bin/cmake --build /home/skola/ros2_ws/build/cpp_topic -- -j8 -l8
[1.756s] DEBUG:colcon.colcon_core.event_handler.log_command:Invoking command in '/home/skola/ros2_ws/build/more_interfaces': CMAKE_PREFIX_PATH=${CMAKE_PREFIX_PATH}:/opt/ros/foxy /usr/bin/cmake --build /home/skola/ros2_ws/build/more_interfaces -- -j8 -l8
[1.778s] DEBUG:colcon.colcon_core.event_handler.log_command:Invoking command in '/home/skola/ros2_ws/build/my_package': CMAKE_PREFIX_PATH=${CMAKE_PREFIX_PATH}:/opt/ros/foxy /usr/bin/cmake --build /home/skola/ros2_ws/build/my_package -- -j8 -l8
[1.802s] DEBUG:colcon.colcon_core.event_handler.log_command:Invoking command in '/home/skola/ros2_ws/build/sublisher': CMAKE_PREFIX_PATH=${CMAKE_PREFIX_PATH}:/opt/ros/foxy /usr/bin/cmake --build /home/skola/ros2_ws/build/sublisher -- -j8 -l8
[1.825s] DEBUG:colcon.colcon_core.event_handler.log_command:Invoking command in '/home/skola/ros2_ws/build/turtlesim': CMAKE_PREFIX_PATH=${CMAKE_PREFIX_PATH}:/opt/ros/foxy /usr/bin/cmake --build /home/skola/ros2_ws/build/turtlesim -- -j8 -l8
[2.161s] DEBUG:colcon.colcon_core.event_handler.log_command:Invoked command in '/home/skola/ros2_ws/build/my_package' returned '0': CMAKE_PREFIX_PATH=${CMAKE_PREFIX_PATH}:/opt/ros/foxy /usr/bin/cmake --build /home/skola/ros2_ws/build/my_package -- -j8 -l8
[2.215s] DEBUG:colcon.colcon_core.event_handler.log_command:Invoked command in '/home/skola/ros2_ws/build/cpp_pubsub' returned '0': CMAKE_PREFIX_PATH=${CMAKE_PREFIX_PATH}:/opt/ros/foxy /usr/bin/cmake --build /home/skola/ros2_ws/build/cpp_pubsub -- -j8 -l8
[2.228s] DEBUG:colcon.colcon_core.event_handler.log_command:Invoked command in '/home/skola/ros2_ws/build/cpp_parameters' returned '0': CMAKE_PREFIX_PATH=${CMAKE_PREFIX_PATH}:/opt/ros/foxy /usr/bin/cmake --build /home/skola/ros2_ws/build/cpp_parameters -- -j8 -l8
[2.254s] DEBUG:colcon.colcon_core.event_handler.log_command:Invoked command in '/home/skola/ros2_ws/build/cpp_topic' returned '0': CMAKE_PREFIX_PATH=${CMAKE_PREFIX_PATH}:/opt/ros/foxy /usr/bin/cmake --build /home/skola/ros2_ws/build/cpp_topic -- -j8 -l8
[2.282s] DEBUG:colcon.colcon_core.event_handler.log_command:Invoked command in '/home/skola/ros2_ws/build/cpp_srvcli' returned '0': CMAKE_PREFIX_PATH=${CMAKE_PREFIX_PATH}:/opt/ros/foxy /usr/bin/cmake --build /home/skola/ros2_ws/build/cpp_srvcli -- -j8 -l8
[2.363s] DEBUG:colcon.colcon_core.event_handler.log_command:Invoking command in '/home/skola/ros2_ws/build/cpp_parameters': CMAKE_PREFIX_PATH=${CMAKE_PREFIX_PATH}:/opt/ros/foxy /usr/bin/cmake --install /home/skola/ros2_ws/build/cpp_parameters
[2.374s] DEBUG:colcon.colcon_core.event_handler.log_command:Invoking command in '/home/skola/ros2_ws/build/cpp_topic': CMAKE_PREFIX_PATH=${CMAKE_PREFIX_PATH}:/opt/ros/foxy /usr/bin/cmake --install /home/skola/ros2_ws/build/cpp_topic
[2.379s] DEBUG:colcon.colcon_core.event_handler.log_command:Invoking command in '/home/skola/ros2_ws/build/my_package': CMAKE_PREFIX_PATH=${CMAKE_PREFIX_PATH}:/opt/ros/foxy /usr/bin/cmake --install /home/skola/ros2_ws/build/my_package
[2.404s] DEBUG:colcon.colcon_core.event_handler.log_command:Invoking command in '/home/skola/ros2_ws/build/cpp_pubsub': CMAKE_PREFIX_PATH=${CMAKE_PREFIX_PATH}:/opt/ros/foxy /usr/bin/cmake --install /home/skola/ros2_ws/build/cpp_pubsub
[2.415s] Level 1:colcon.colcon_core.environment:create_environment_scripts_only(cpp_parameters)
[2.419s] DEBUG:colcon.colcon_core.event_handler.log_command:Invoked command in '/home/skola/ros2_ws/build/cpp_parameters' returned '0': CMAKE_PREFIX_PATH=${CMAKE_PREFIX_PATH}:/opt/ros/foxy /usr/bin/cmake --install /home/skola/ros2_ws/build/cpp_parameters
[2.467s] Level 1:colcon.colcon_core.environment:checking '/home/skola/ros2_ws/install/cpp_parameters' for CMake module files
[2.467s] Level 1:colcon.colcon_core.environment:checking '/home/skola/ros2_ws/install/cpp_parameters' for CMake config files
[2.468s] Level 1:colcon.colcon_core.shell:create_environment_hook('cpp_parameters', 'cmake_prefix_path')
[2.469s] INFO:colcon.colcon_core.shell:Creating environment hook '/home/skola/ros2_ws/install/cpp_parameters/share/cpp_parameters/hook/cmake_prefix_path.ps1'
[2.471s] INFO:colcon.colcon_core.shell:Creating environment descriptor '/home/skola/ros2_ws/install/cpp_parameters/share/cpp_parameters/hook/cmake_prefix_path.dsv'
[2.474s] INFO:colcon.colcon_core.shell:Creating environment hook '/home/skola/ros2_ws/install/cpp_parameters/share/cpp_parameters/hook/cmake_prefix_path.sh'
[2.479s] Level 1:colcon.colcon_core.environment:checking '/home/skola/ros2_ws/install/cpp_parameters/lib'
[2.480s] Level 1:colcon.colcon_core.environment:checking '/home/skola/ros2_ws/install/cpp_parameters/bin'
[2.480s] Level 1:colcon.colcon_core.environment:checking '/home/skola/ros2_ws/install/cpp_parameters/lib/pkgconfig/cpp_parameters.pc'
[2.480s] Level 1:colcon.colcon_core.environment:checking '/home/skola/ros2_ws/install/cpp_parameters/lib/python3.8/site-packages'
[2.481s] INFO:colcon.colcon_core.shell:Creating package script '/home/skola/ros2_ws/install/cpp_parameters/share/cpp_parameters/package.ps1'
[2.484s] INFO:colcon.colcon_core.shell:Creating package descriptor '/home/skola/ros2_ws/install/cpp_parameters/share/cpp_parameters/package.dsv'
[2.492s] INFO:colcon.colcon_core.shell:Creating package script '/home/skola/ros2_ws/install/cpp_parameters/share/cpp_parameters/package.sh'
[2.496s] INFO:colcon.colcon_core.shell:Creating package script '/home/skola/ros2_ws/install/cpp_parameters/share/cpp_parameters/package.bash'
[2.498s] INFO:colcon.colcon_core.shell:Creating package script '/home/skola/ros2_ws/install/cpp_parameters/share/cpp_parameters/package.zsh'
[2.506s] Level 1:colcon.colcon_core.environment:create_file_with_runtime_dependencies(/home/skola/ros2_ws/install/cpp_parameters/share/colcon-core/packages/cpp_parameters)
[2.520s] DEBUG:colcon.colcon_core.event_handler.log_command:Invoking command in '/home/skola/ros2_ws/build/cpp_srvcli': CMAKE_PREFIX_PATH=${CMAKE_PREFIX_PATH}:/opt/ros/foxy /usr/bin/cmake --install /home/skola/ros2_ws/build/cpp_srvcli
[2.524s] Level 1:colcon.colcon_core.environment:create_environment_scripts_only(cpp_topic)
[2.527s] Level 1:colcon.colcon_core.environment:checking '/home/skola/ros2_ws/install/cpp_topic' for CMake module files
[2.529s] DEBUG:colcon.colcon_core.event_handler.log_command:Invoked command in '/home/skola/ros2_ws/build/cpp_topic' returned '0': CMAKE_PREFIX_PATH=${CMAKE_PREFIX_PATH}:/opt/ros/foxy /usr/bin/cmake --install /home/skola/ros2_ws/build/cpp_topic
[2.530s] Level 1:colcon.colcon_core.environment:checking '/home/skola/ros2_ws/install/cpp_topic' for CMake config files
[2.530s] Level 1:colcon.colcon_core.shell:create_environment_hook('cpp_topic', 'cmake_prefix_path')
[2.532s] INFO:colcon.colcon_core.shell:Creating environment hook '/home/skola/ros2_ws/install/cpp_topic/share/cpp_topic/hook/cmake_prefix_path.ps1'
[2.536s] INFO:colcon.colcon_core.shell:Creating environment descriptor '/home/skola/ros2_ws/install/cpp_topic/share/cpp_topic/hook/cmake_prefix_path.dsv'
[2.536s] INFO:colcon.colcon_core.shell:Creating environment hook '/home/skola/ros2_ws/install/cpp_topic/share/cpp_topic/hook/cmake_prefix_path.sh'
[2.538s] Level 1:colcon.colcon_core.environment:checking '/home/skola/ros2_ws/install/cpp_topic/lib'
[2.538s] Level 1:colcon.colcon_core.environment:checking '/home/skola/ros2_ws/install/cpp_topic/bin'
[2.538s] Level 1:colcon.colcon_core.environment:checking '/home/skola/ros2_ws/install/cpp_topic/lib/pkgconfig/cpp_topic.pc'
[2.538s] Level 1:colcon.colcon_core.environment:checking '/home/skola/ros2_ws/install/cpp_topic/lib/python3.8/site-packages'
[2.539s] INFO:colcon.colcon_core.shell:Creating package script '/home/skola/ros2_ws/install/cpp_topic/share/cpp_topic/package.ps1'
[2.540s] INFO:colcon.colcon_core.shell:Creating package descriptor '/home/skola/ros2_ws/install/cpp_topic/share/cpp_topic/package.dsv'
[2.540s] INFO:colcon.colcon_core.shell:Creating package script '/home/skola/ros2_ws/install/cpp_topic/share/cpp_topic/package.sh'
[2.542s] INFO:colcon.colcon_core.shell:Creating package script '/home/skola/ros2_ws/install/cpp_topic/share/cpp_topic/package.bash'
[2.543s] INFO:colcon.colcon_core.shell:Creating package script '/home/skola/ros2_ws/install/cpp_topic/share/cpp_topic/package.zsh'
[2.543s] Level 1:colcon.colcon_core.environment:create_file_with_runtime_dependencies(/home/skola/ros2_ws/install/cpp_topic/share/colcon-core/packages/cpp_topic)
[2.559s] Level 1:colcon.colcon_core.environment:create_environment_scripts_only(cpp_pubsub)
[2.566s] Level 1:colcon.colcon_core.environment:checking '/home/skola/ros2_ws/install/cpp_pubsub' for CMake module files
[2.579s] DEBUG:colcon.colcon_core.event_handler.log_command:Invoked command in '/home/skola/ros2_ws/build/cpp_pubsub' returned '0': CMAKE_PREFIX_PATH=${CMAKE_PREFIX_PATH}:/opt/ros/foxy /usr/bin/cmake --install /home/skola/ros2_ws/build/cpp_pubsub
[2.587s] Level 1:colcon.colcon_core.environment:checking '/home/skola/ros2_ws/install/cpp_pubsub' for CMake config files
[2.587s] Level 1:colcon.colcon_core.shell:create_environment_hook('cpp_pubsub', 'cmake_prefix_path')
[2.589s] INFO:colcon.colcon_core.shell:Creating environment hook '/home/skola/ros2_ws/install/cpp_pubsub/share/cpp_pubsub/hook/cmake_prefix_path.ps1'
[2.590s] INFO:colcon.colcon_core.shell:Creating environment descriptor '/home/skola/ros2_ws/install/cpp_pubsub/share/cpp_pubsub/hook/cmake_prefix_path.dsv'
[2.591s] INFO:colcon.colcon_core.shell:Creating environment hook '/home/skola/ros2_ws/install/cpp_pubsub/share/cpp_pubsub/hook/cmake_prefix_path.sh'
[2.591s] Level 1:colcon.colcon_core.environment:checking '/home/skola/ros2_ws/install/cpp_pubsub/lib'
[2.592s] Level 1:colcon.colcon_core.environment:checking '/home/skola/ros2_ws/install/cpp_pubsub/bin'
[2.592s] Level 1:colcon.colcon_core.environment:checking '/home/skola/ros2_ws/install/cpp_pubsub/lib/pkgconfig/cpp_pubsub.pc'
[2.592s] Level 1:colcon.colcon_core.environment:checking '/home/skola/ros2_ws/install/cpp_pubsub/lib/python3.8/site-packages'
[2.594s] INFO:colcon.colcon_core.shell:Creating package script '/home/skola/ros2_ws/install/cpp_pubsub/share/cpp_pubsub/package.ps1'
[2.596s] INFO:colcon.colcon_core.shell:Creating package descriptor '/home/skola/ros2_ws/install/cpp_pubsub/share/cpp_pubsub/package.dsv'
[2.597s] INFO:colcon.colcon_core.shell:Creating package script '/home/skola/ros2_ws/install/cpp_pubsub/share/cpp_pubsub/package.sh'
[2.597s] INFO:colcon.colcon_core.shell:Creating package script '/home/skola/ros2_ws/install/cpp_pubsub/share/cpp_pubsub/package.bash'
[2.598s] INFO:colcon.colcon_core.shell:Creating package script '/home/skola/ros2_ws/install/cpp_pubsub/share/cpp_pubsub/package.zsh'
[2.598s] Level 1:colcon.colcon_core.environment:create_file_with_runtime_dependencies(/home/skola/ros2_ws/install/cpp_pubsub/share/colcon-core/packages/cpp_pubsub)
[2.606s] Level 1:colcon.colcon_core.environment:create_environment_scripts_only(my_package)
[2.609s] Level 1:colcon.colcon_core.environment:checking '/home/skola/ros2_ws/install/my_package' for CMake module files
[2.611s] DEBUG:colcon.colcon_core.event_handler.log_command:Invoked command in '/home/skola/ros2_ws/build/my_package' returned '0': CMAKE_PREFIX_PATH=${CMAKE_PREFIX_PATH}:/opt/ros/foxy /usr/bin/cmake --install /home/skola/ros2_ws/build/my_package
[2.615s] Level 1:colcon.colcon_core.environment:checking '/home/skola/ros2_ws/install/my_package' for CMake config files
[2.615s] Level 1:colcon.colcon_core.shell:create_environment_hook('my_package', 'cmake_prefix_path')
[2.616s] INFO:colcon.colcon_core.shell:Creating environment hook '/home/skola/ros2_ws/install/my_package/share/my_package/hook/cmake_prefix_path.ps1'
[2.617s] INFO:colcon.colcon_core.shell:Creating environment descriptor '/home/skola/ros2_ws/install/my_package/share/my_package/hook/cmake_prefix_path.dsv'
[2.618s] INFO:colcon.colcon_core.shell:Creating environment hook '/home/skola/ros2_ws/install/my_package/share/my_package/hook/cmake_prefix_path.sh'
[2.620s] Level 1:colcon.colcon_core.environment:checking '/home/skola/ros2_ws/install/my_package/lib'
[2.620s] Level 1:colcon.colcon_core.environment:checking '/home/skola/ros2_ws/install/my_package/bin'
[2.622s] Level 1:colcon.colcon_core.environment:checking '/home/skola/ros2_ws/install/my_package/lib/pkgconfig/my_package.pc'
[2.622s] Level 1:colcon.colcon_core.environment:checking '/home/skola/ros2_ws/install/my_package/lib/python3.8/site-packages'
[2.626s] INFO:colcon.colcon_core.shell:Creating package script '/home/skola/ros2_ws/install/my_package/share/my_package/package.ps1'
[2.628s] INFO:colcon.colcon_core.shell:Creating package descriptor '/home/skola/ros2_ws/install/my_package/share/my_package/package.dsv'
[2.629s] INFO:colcon.colcon_core.shell:Creating package script '/home/skola/ros2_ws/install/my_package/share/my_package/package.sh'
[2.630s] INFO:colcon.colcon_core.shell:Creating package script '/home/skola/ros2_ws/install/my_package/share/my_package/package.bash'
[2.631s] INFO:colcon.colcon_core.shell:Creating package script '/home/skola/ros2_ws/install/my_package/share/my_package/package.zsh'
[2.631s] Level 1:colcon.colcon_core.environment:create_file_with_runtime_dependencies(/home/skola/ros2_ws/install/my_package/share/colcon-core/packages/my_package)
[2.645s] Level 1:colcon.colcon_core.environment:create_environment_scripts_only(cpp_parameters)
[2.647s] Level 1:colcon.colcon_core.environment:checking '/home/skola/ros2_ws/install/cpp_parameters' for CMake module files
[2.651s] Level 1:colcon.colcon_core.environment:checking '/home/skola/ros2_ws/install/cpp_parameters' for CMake config files
[2.652s] Level 1:colcon.colcon_core.shell:create_environment_hook('cpp_parameters', 'cmake_prefix_path')
[2.655s] INFO:colcon.colcon_core.shell:Creating environment hook '/home/skola/ros2_ws/install/cpp_parameters/share/cpp_parameters/hook/cmake_prefix_path.ps1'
[2.656s] INFO:colcon.colcon_core.shell:Creating environment descriptor '/home/skola/ros2_ws/install/cpp_parameters/share/cpp_parameters/hook/cmake_prefix_path.dsv'
[2.660s] INFO:colcon.colcon_core.shell:Creating environment hook '/home/skola/ros2_ws/install/cpp_parameters/share/cpp_parameters/hook/cmake_prefix_path.sh'
[2.662s] Level 1:colcon.colcon_core.environment:checking '/home/skola/ros2_ws/install/cpp_parameters/lib'
[2.662s] Level 1:colcon.colcon_core.environment:checking '/home/skola/ros2_ws/install/cpp_parameters/bin'
[2.662s] Level 1:colcon.colcon_core.environment:checking '/home/skola/ros2_ws/install/cpp_parameters/lib/pkgconfig/cpp_parameters.pc'
[2.662s] Level 1:colcon.colcon_core.environment:checking '/home/skola/ros2_ws/install/cpp_parameters/lib/python3.8/site-packages'
[2.663s] INFO:colcon.colcon_core.shell:Creating package script '/home/skola/ros2_ws/install/cpp_parameters/share/cpp_parameters/package.ps1'
[2.664s] INFO:colcon.colcon_core.shell:Creating package descriptor '/home/skola/ros2_ws/install/cpp_parameters/share/cpp_parameters/package.dsv'
[2.665s] INFO:colcon.colcon_core.shell:Creating package script '/home/skola/ros2_ws/install/cpp_parameters/share/cpp_parameters/package.sh'
[2.667s] INFO:colcon.colcon_core.shell:Creating package script '/home/skola/ros2_ws/install/cpp_parameters/share/cpp_parameters/package.bash'
[2.668s] INFO:colcon.colcon_core.shell:Creating package script '/home/skola/ros2_ws/install/cpp_parameters/share/cpp_parameters/package.zsh'
[2.670s] Level 1:colcon.colcon_core.environment:create_file_with_runtime_dependencies(/home/skola/ros2_ws/install/cpp_parameters/share/colcon-core/packages/cpp_parameters)
[2.672s] Level 1:colcon.colcon_core.environment:create_environment_scripts_only(cpp_topic)
[2.673s] Level 1:colcon.colcon_core.environment:checking '/home/skola/ros2_ws/install/cpp_topic' for CMake module files
[2.675s] Level 1:colcon.colcon_core.environment:checking '/home/skola/ros2_ws/install/cpp_topic' for CMake config files
[2.676s] Level 1:colcon.colcon_core.shell:create_environment_hook('cpp_topic', 'cmake_prefix_path')
[2.677s] INFO:colcon.colcon_core.shell:Creating environment hook '/home/skola/ros2_ws/install/cpp_topic/share/cpp_topic/hook/cmake_prefix_path.ps1'
[2.677s] INFO:colcon.colcon_core.shell:Creating environment descriptor '/home/skola/ros2_ws/install/cpp_topic/share/cpp_topic/hook/cmake_prefix_path.dsv'
[2.678s] INFO:colcon.colcon_core.shell:Creating environment hook '/home/skola/ros2_ws/install/cpp_topic/share/cpp_topic/hook/cmake_prefix_path.sh'
[2.679s] Level 1:colcon.colcon_core.environment:checking '/home/skola/ros2_ws/install/cpp_topic/lib'
[2.679s] Level 1:colcon.colcon_core.environment:checking '/home/skola/ros2_ws/install/cpp_topic/bin'
[2.679s] Level 1:colcon.colcon_core.environment:checking '/home/skola/ros2_ws/install/cpp_topic/lib/pkgconfig/cpp_topic.pc'
[2.679s] Level 1:colcon.colcon_core.environment:checking '/home/skola/ros2_ws/install/cpp_topic/lib/python3.8/site-packages'
[2.680s] INFO:colcon.colcon_core.shell:Creating package script '/home/skola/ros2_ws/install/cpp_topic/share/cpp_topic/package.ps1'
[2.681s] INFO:colcon.colcon_core.shell:Creating package descriptor '/home/skola/ros2_ws/install/cpp_topic/share/cpp_topic/package.dsv'
[2.682s] INFO:colcon.colcon_core.shell:Creating package script '/home/skola/ros2_ws/install/cpp_topic/share/cpp_topic/package.sh'
[2.683s] INFO:colcon.colcon_core.shell:Creating package script '/home/skola/ros2_ws/install/cpp_topic/share/cpp_topic/package.bash'
[2.684s] INFO:colcon.colcon_core.shell:Creating package script '/home/skola/ros2_ws/install/cpp_topic/share/cpp_topic/package.zsh'
[2.685s] Level 1:colcon.colcon_core.environment:create_file_with_runtime_dependencies(/home/skola/ros2_ws/install/cpp_topic/share/colcon-core/packages/cpp_topic)
[2.685s] Level 1:colcon.colcon_core.environment:create_environment_scripts_only(cpp_srvcli)
[2.686s] Level 1:colcon.colcon_core.environment:checking '/home/skola/ros2_ws/install/cpp_srvcli' for CMake module files
[2.691s] Level 1:colcon.colcon_core.environment:checking '/home/skola/ros2_ws/install/cpp_srvcli' for CMake config files
[2.691s] Level 1:colcon.colcon_core.shell:create_environment_hook('cpp_srvcli', 'cmake_prefix_path')
[2.692s] INFO:colcon.colcon_core.shell:Creating environment hook '/home/skola/ros2_ws/install/cpp_srvcli/share/cpp_srvcli/hook/cmake_prefix_path.ps1'
[2.694s] INFO:colcon.colcon_core.shell:Creating environment descriptor '/home/skola/ros2_ws/install/cpp_srvcli/share/cpp_srvcli/hook/cmake_prefix_path.dsv'
[2.695s] DEBUG:colcon.colcon_core.event_handler.log_command:Invoked command in '/home/skola/ros2_ws/build/cpp_srvcli' returned '0': CMAKE_PREFIX_PATH=${CMAKE_PREFIX_PATH}:/opt/ros/foxy /usr/bin/cmake --install /home/skola/ros2_ws/build/cpp_srvcli
[2.695s] INFO:colcon.colcon_core.shell:Creating environment hook '/home/skola/ros2_ws/install/cpp_srvcli/share/cpp_srvcli/hook/cmake_prefix_path.sh'
[2.701s] Level 1:colcon.colcon_core.environment:checking '/home/skola/ros2_ws/install/cpp_srvcli/lib'
[2.702s] Level 1:colcon.colcon_core.environment:checking '/home/skola/ros2_ws/install/cpp_srvcli/bin'
[2.702s] Level 1:colcon.colcon_core.environment:checking '/home/skola/ros2_ws/install/cpp_srvcli/lib/pkgconfig/cpp_srvcli.pc'
[2.702s] Level 1:colcon.colcon_core.environment:checking '/home/skola/ros2_ws/install/cpp_srvcli/lib/python3.8/site-packages'
[2.707s] INFO:colcon.colcon_core.shell:Creating package script '/home/skola/ros2_ws/install/cpp_srvcli/share/cpp_srvcli/package.ps1'
[2.708s] INFO:colcon.colcon_core.shell:Creating package descriptor '/home/skola/ros2_ws/install/cpp_srvcli/share/cpp_srvcli/package.dsv'
[2.708s] INFO:colcon.colcon_core.shell:Creating package script '/home/skola/ros2_ws/install/cpp_srvcli/share/cpp_srvcli/package.sh'
[2.711s] INFO:colcon.colcon_core.shell:Creating package script '/home/skola/ros2_ws/install/cpp_srvcli/share/cpp_srvcli/package.bash'
[2.712s] INFO:colcon.colcon_core.shell:Creating package script '/home/skola/ros2_ws/install/cpp_srvcli/share/cpp_srvcli/package.zsh'
[2.713s] Level 1:colcon.colcon_core.environment:create_file_with_runtime_dependencies(/home/skola/ros2_ws/install/cpp_srvcli/share/colcon-core/packages/cpp_srvcli)
[2.723s] INFO:colcon.colcon_ros.task.ament_cmake.build:Building ROS package in '/home/skola/ros2_ws/src/tutorial_interfaces' with build type 'ament_cmake'
[2.724s] INFO:colcon.colcon_cmake.task.cmake.build:Building CMake package in '/home/skola/ros2_ws/src/tutorial_interfaces'
[2.727s] INFO:colcon.colcon_core.shell:Skip shell extension 'powershell' for command environment: Not usable outside of PowerShell
[2.727s] DEBUG:colcon.colcon_core.shell:Skip shell extension 'dsv' for command environment
[2.732s] DEBUG:colcon.colcon_core.shell:Ignoring prefix path '/opt/ros/foxy'
[2.748s] Level 1:colcon.colcon_core.environment:create_environment_scripts_only(cpp_pubsub)
[2.750s] Level 1:colcon.colcon_core.environment:checking '/home/skola/ros2_ws/install/cpp_pubsub' for CMake module files
[2.752s] Level 1:colcon.colcon_core.environment:checking '/home/skola/ros2_ws/install/cpp_pubsub' for CMake config files
[2.752s] Level 1:colcon.colcon_core.shell:create_environment_hook('cpp_pubsub', 'cmake_prefix_path')
[2.753s] INFO:colcon.colcon_core.shell:Creating environment hook '/home/skola/ros2_ws/install/cpp_pubsub/share/cpp_pubsub/hook/cmake_prefix_path.ps1'
[2.755s] INFO:colcon.colcon_core.shell:Creating environment descriptor '/home/skola/ros2_ws/install/cpp_pubsub/share/cpp_pubsub/hook/cmake_prefix_path.dsv'
[2.755s] INFO:colcon.colcon_core.shell:Creating environment hook '/home/skola/ros2_ws/install/cpp_pubsub/share/cpp_pubsub/hook/cmake_prefix_path.sh'
[2.757s] Level 1:colcon.colcon_core.environment:checking '/home/skola/ros2_ws/install/cpp_pubsub/lib'
[2.757s] Level 1:colcon.colcon_core.environment:checking '/home/skola/ros2_ws/install/cpp_pubsub/bin'
[2.757s] Level 1:colcon.colcon_core.environment:checking '/home/skola/ros2_ws/install/cpp_pubsub/lib/pkgconfig/cpp_pubsub.pc'
[2.757s] Level 1:colcon.colcon_core.environment:checking '/home/skola/ros2_ws/install/cpp_pubsub/lib/python3.8/site-packages'
[2.758s] INFO:colcon.colcon_core.shell:Creating package script '/home/skola/ros2_ws/install/cpp_pubsub/share/cpp_pubsub/package.ps1'
[2.759s] INFO:colcon.colcon_core.shell:Creating package descriptor '/home/skola/ros2_ws/install/cpp_pubsub/share/cpp_pubsub/package.dsv'
[2.761s] INFO:colcon.colcon_core.shell:Creating package script '/home/skola/ros2_ws/install/cpp_pubsub/share/cpp_pubsub/package.sh'
[2.762s] INFO:colcon.colcon_core.shell:Creating package script '/home/skola/ros2_ws/install/cpp_pubsub/share/cpp_pubsub/package.bash'
[2.763s] INFO:colcon.colcon_core.shell:Creating package script '/home/skola/ros2_ws/install/cpp_pubsub/share/cpp_pubsub/package.zsh'
[2.764s] Level 1:colcon.colcon_core.environment:create_file_with_runtime_dependencies(/home/skola/ros2_ws/install/cpp_pubsub/share/colcon-core/packages/cpp_pubsub)
[2.766s] Level 1:colcon.colcon_core.environment:create_environment_scripts_only(my_package)
[2.767s] Level 1:colcon.colcon_core.environment:checking '/home/skola/ros2_ws/install/my_package' for CMake module files
[2.774s] Level 1:colcon.colcon_core.environment:checking '/home/skola/ros2_ws/install/my_package' for CMake config files
[2.774s] Level 1:colcon.colcon_core.shell:create_environment_hook('my_package', 'cmake_prefix_path')
[2.776s] INFO:colcon.colcon_core.shell:Creating environment hook '/home/skola/ros2_ws/install/my_package/share/my_package/hook/cmake_prefix_path.ps1'
[2.776s] INFO:colcon.colcon_core.shell:Creating environment descriptor '/home/skola/ros2_ws/install/my_package/share/my_package/hook/cmake_prefix_path.dsv'
[2.777s] INFO:colcon.colcon_core.shell:Creating environment hook '/home/skola/ros2_ws/install/my_package/share/my_package/hook/cmake_prefix_path.sh'
[2.778s] Level 1:colcon.colcon_core.environment:checking '/home/skola/ros2_ws/install/my_package/lib'
[2.778s] Level 1:colcon.colcon_core.environment:checking '/home/skola/ros2_ws/install/my_package/bin'
[2.778s] Level 1:colcon.colcon_core.environment:checking '/home/skola/ros2_ws/install/my_package/lib/pkgconfig/my_package.pc'
[2.778s] Level 1:colcon.colcon_core.environment:checking '/home/skola/ros2_ws/install/my_package/lib/python3.8/site-packages'
[2.779s] INFO:colcon.colcon_core.shell:Creating package script '/home/skola/ros2_ws/install/my_package/share/my_package/package.ps1'
[2.779s] INFO:colcon.colcon_core.shell:Creating package descriptor '/home/skola/ros2_ws/install/my_package/share/my_package/package.dsv'
[2.780s] INFO:colcon.colcon_core.shell:Creating package script '/home/skola/ros2_ws/install/my_package/share/my_package/package.sh'
[2.781s] INFO:colcon.colcon_core.shell:Creating package script '/home/skola/ros2_ws/install/my_package/share/my_package/package.bash'
[2.781s] INFO:colcon.colcon_core.shell:Creating package script '/home/skola/ros2_ws/install/my_package/share/my_package/package.zsh'
[2.782s] Level 1:colcon.colcon_core.environment:create_file_with_runtime_dependencies(/home/skola/ros2_ws/install/my_package/share/colcon-core/packages/my_package)
[2.794s] DEBUG:colcon.colcon_core.event_handler.log_command:Invoking command in '/home/skola/ros2_ws/build/tutorial_interfaces': CMAKE_PREFIX_PATH=${CMAKE_PREFIX_PATH}:/opt/ros/foxy /usr/bin/cmake --build /home/skola/ros2_ws/build/tutorial_interfaces -- -j8 -l8
[2.798s] DEBUG:colcon.colcon_core.event_handler.log_command:Invoked command in '/home/skola/ros2_ws/build/more_interfaces' returned '0': CMAKE_PREFIX_PATH=${CMAKE_PREFIX_PATH}:/opt/ros/foxy /usr/bin/cmake --build /home/skola/ros2_ws/build/more_interfaces -- -j8 -l8
[2.810s] DEBUG:colcon.colcon_core.event_handler.log_command:Invoked command in '/home/skola/ros2_ws/build/turtlesim' returned '0': CMAKE_PREFIX_PATH=${CMAKE_PREFIX_PATH}:/opt/ros/foxy /usr/bin/cmake --build /home/skola/ros2_ws/build/turtlesim -- -j8 -l8
[2.813s] Level 1:colcon.colcon_core.environment:create_environment_scripts_only(cpp_srvcli)
[2.815s] Level 1:colcon.colcon_core.environment:checking '/home/skola/ros2_ws/install/cpp_srvcli' for CMake module files
[2.815s] Level 1:colcon.colcon_core.environment:checking '/home/skola/ros2_ws/install/cpp_srvcli' for CMake config files
[2.815s] Level 1:colcon.colcon_core.shell:create_environment_hook('cpp_srvcli', 'cmake_prefix_path')
[2.816s] INFO:colcon.colcon_core.shell:Creating environment hook '/home/skola/ros2_ws/install/cpp_srvcli/share/cpp_srvcli/hook/cmake_prefix_path.ps1'
[2.817s] INFO:colcon.colcon_core.shell:Creating environment descriptor '/home/skola/ros2_ws/install/cpp_srvcli/share/cpp_srvcli/hook/cmake_prefix_path.dsv'
[2.818s] INFO:colcon.colcon_core.shell:Creating environment hook '/home/skola/ros2_ws/install/cpp_srvcli/share/cpp_srvcli/hook/cmake_prefix_path.sh'
[2.819s] Level 1:colcon.colcon_core.environment:checking '/home/skola/ros2_ws/install/cpp_srvcli/lib'
[2.819s] Level 1:colcon.colcon_core.environment:checking '/home/skola/ros2_ws/install/cpp_srvcli/bin'
[2.819s] Level 1:colcon.colcon_core.environment:checking '/home/skola/ros2_ws/install/cpp_srvcli/lib/pkgconfig/cpp_srvcli.pc'
[2.819s] Level 1:colcon.colcon_core.environment:checking '/home/skola/ros2_ws/install/cpp_srvcli/lib/python3.8/site-packages'
[2.822s] INFO:colcon.colcon_core.shell:Creating package script '/home/skola/ros2_ws/install/cpp_srvcli/share/cpp_srvcli/package.ps1'
[2.823s] INFO:colcon.colcon_core.shell:Creating package descriptor '/home/skola/ros2_ws/install/cpp_srvcli/share/cpp_srvcli/package.dsv'
[2.824s] INFO:colcon.colcon_core.shell:Creating package script '/home/skola/ros2_ws/install/cpp_srvcli/share/cpp_srvcli/package.sh'
[2.825s] INFO:colcon.colcon_core.shell:Creating package script '/home/skola/ros2_ws/install/cpp_srvcli/share/cpp_srvcli/package.bash'
[2.826s] INFO:colcon.colcon_core.shell:Creating package script '/home/skola/ros2_ws/install/cpp_srvcli/share/cpp_srvcli/package.zsh'
[2.826s] Level 1:colcon.colcon_core.environment:create_file_with_runtime_dependencies(/home/skola/ros2_ws/install/cpp_srvcli/share/colcon-core/packages/cpp_srvcli)
[2.946s] DEBUG:colcon.colcon_core.event_handler.log_command:Invoking command in '/home/skola/ros2_ws/build/more_interfaces': CMAKE_PREFIX_PATH=${CMAKE_PREFIX_PATH}:/opt/ros/foxy /usr/bin/cmake --install /home/skola/ros2_ws/build/more_interfaces
[3.126s] Level 1:colcon.colcon_core.environment:create_environment_scripts_only(more_interfaces)
[3.128s] Level 1:colcon.colcon_core.environment:checking '/home/skola/ros2_ws/install/more_interfaces' for CMake module files
[3.129s] DEBUG:colcon.colcon_core.event_handler.log_command:Invoked command in '/home/skola/ros2_ws/build/more_interfaces' returned '0': CMAKE_PREFIX_PATH=${CMAKE_PREFIX_PATH}:/opt/ros/foxy /usr/bin/cmake --install /home/skola/ros2_ws/build/more_interfaces
[3.130s] Level 1:colcon.colcon_core.environment:checking '/home/skola/ros2_ws/install/more_interfaces' for CMake config files
[3.130s] Level 1:colcon.colcon_core.shell:create_environment_hook('more_interfaces', 'cmake_prefix_path')
[3.131s] INFO:colcon.colcon_core.shell:Creating environment hook '/home/skola/ros2_ws/install/more_interfaces/share/more_interfaces/hook/cmake_prefix_path.ps1'
[3.132s] INFO:colcon.colcon_core.shell:Creating environment descriptor '/home/skola/ros2_ws/install/more_interfaces/share/more_interfaces/hook/cmake_prefix_path.dsv'
[3.133s] INFO:colcon.colcon_core.shell:Creating environment hook '/home/skola/ros2_ws/install/more_interfaces/share/more_interfaces/hook/cmake_prefix_path.sh'
[3.134s] Level 1:colcon.colcon_core.environment:checking '/home/skola/ros2_ws/install/more_interfaces/lib'
[3.134s] Level 1:colcon.colcon_core.shell:create_environment_hook('more_interfaces', 'ld_library_path_lib')
[3.135s] INFO:colcon.colcon_core.shell:Creating environment hook '/home/skola/ros2_ws/install/more_interfaces/share/more_interfaces/hook/ld_library_path_lib.ps1'
[3.135s] INFO:colcon.colcon_core.shell:Creating environment descriptor '/home/skola/ros2_ws/install/more_interfaces/share/more_interfaces/hook/ld_library_path_lib.dsv'
[3.136s] INFO:colcon.colcon_core.shell:Creating environment hook '/home/skola/ros2_ws/install/more_interfaces/share/more_interfaces/hook/ld_library_path_lib.sh'
[3.138s] Level 1:colcon.colcon_core.environment:checking '/home/skola/ros2_ws/install/more_interfaces/bin'
[3.138s] Level 1:colcon.colcon_core.environment:checking '/home/skola/ros2_ws/install/more_interfaces/lib/pkgconfig/more_interfaces.pc'
[3.138s] Level 1:colcon.colcon_core.environment:checking '/home/skola/ros2_ws/install/more_interfaces/lib/python3.8/site-packages'
[3.138s] Level 1:colcon.colcon_core.shell:create_environment_hook('more_interfaces', 'pythonpath')
[3.139s] INFO:colcon.colcon_core.shell:Creating environment hook '/home/skola/ros2_ws/install/more_interfaces/share/more_interfaces/hook/pythonpath.ps1'
[3.140s] INFO:colcon.colcon_core.shell:Creating environment descriptor '/home/skola/ros2_ws/install/more_interfaces/share/more_interfaces/hook/pythonpath.dsv'
[3.140s] INFO:colcon.colcon_core.shell:Creating environment hook '/home/skola/ros2_ws/install/more_interfaces/share/more_interfaces/hook/pythonpath.sh'
[3.142s] INFO:colcon.colcon_core.shell:Creating package script '/home/skola/ros2_ws/install/more_interfaces/share/more_interfaces/package.ps1'
[3.142s] INFO:colcon.colcon_core.shell:Creating package descriptor '/home/skola/ros2_ws/install/more_interfaces/share/more_interfaces/package.dsv'
[3.143s] INFO:colcon.colcon_core.shell:Creating package script '/home/skola/ros2_ws/install/more_interfaces/share/more_interfaces/package.sh'
[3.144s] INFO:colcon.colcon_core.shell:Creating package script '/home/skola/ros2_ws/install/more_interfaces/share/more_interfaces/package.bash'
[3.144s] INFO:colcon.colcon_core.shell:Creating package script '/home/skola/ros2_ws/install/more_interfaces/share/more_interfaces/package.zsh'
[3.147s] Level 1:colcon.colcon_core.environment:create_file_with_runtime_dependencies(/home/skola/ros2_ws/install/more_interfaces/share/colcon-core/packages/more_interfaces)
[3.270s] Level 1:colcon.colcon_core.environment:create_environment_scripts_only(more_interfaces)
[3.271s] Level 1:colcon.colcon_core.environment:checking '/home/skola/ros2_ws/install/more_interfaces' for CMake module files
[3.272s] Level 1:colcon.colcon_core.environment:checking '/home/skola/ros2_ws/install/more_interfaces' for CMake config files
[3.273s] Level 1:colcon.colcon_core.shell:create_environment_hook('more_interfaces', 'cmake_prefix_path')
[3.274s] INFO:colcon.colcon_core.shell:Creating environment hook '/home/skola/ros2_ws/install/more_interfaces/share/more_interfaces/hook/cmake_prefix_path.ps1'
[3.274s] INFO:colcon.colcon_core.shell:Creating environment descriptor '/home/skola/ros2_ws/install/more_interfaces/share/more_interfaces/hook/cmake_prefix_path.dsv'
[3.275s] INFO:colcon.colcon_core.shell:Creating environment hook '/home/skola/ros2_ws/install/more_interfaces/share/more_interfaces/hook/cmake_prefix_path.sh'
[3.276s] Level 1:colcon.colcon_core.environment:checking '/home/skola/ros2_ws/install/more_interfaces/lib'
[3.276s] Level 1:colcon.colcon_core.shell:create_environment_hook('more_interfaces', 'ld_library_path_lib')
[3.278s] INFO:colcon.colcon_core.shell:Creating environment hook '/home/skola/ros2_ws/install/more_interfaces/share/more_interfaces/hook/ld_library_path_lib.ps1'
[3.278s] INFO:colcon.colcon_core.shell:Creating environment descriptor '/home/skola/ros2_ws/install/more_interfaces/share/more_interfaces/hook/ld_library_path_lib.dsv'
[3.279s] INFO:colcon.colcon_core.shell:Creating environment hook '/home/skola/ros2_ws/install/more_interfaces/share/more_interfaces/hook/ld_library_path_lib.sh'
[3.279s] Level 1:colcon.colcon_core.environment:checking '/home/skola/ros2_ws/install/more_interfaces/bin'
[3.279s] Level 1:colcon.colcon_core.environment:checking '/home/skola/ros2_ws/install/more_interfaces/lib/pkgconfig/more_interfaces.pc'
[3.279s] Level 1:colcon.colcon_core.environment:checking '/home/skola/ros2_ws/install/more_interfaces/lib/python3.8/site-packages'
[3.279s] Level 1:colcon.colcon_core.shell:create_environment_hook('more_interfaces', 'pythonpath')
[3.280s] INFO:colcon.colcon_core.shell:Creating environment hook '/home/skola/ros2_ws/install/more_interfaces/share/more_interfaces/hook/pythonpath.ps1'
[3.280s] INFO:colcon.colcon_core.shell:Creating environment descriptor '/home/skola/ros2_ws/install/more_interfaces/share/more_interfaces/hook/pythonpath.dsv'
[3.281s] INFO:colcon.colcon_core.shell:Creating environment hook '/home/skola/ros2_ws/install/more_interfaces/share/more_interfaces/hook/pythonpath.sh'
[3.282s] INFO:colcon.colcon_core.shell:Creating package script '/home/skola/ros2_ws/install/more_interfaces/share/more_interfaces/package.ps1'
[3.283s] INFO:colcon.colcon_core.shell:Creating package descriptor '/home/skola/ros2_ws/install/more_interfaces/share/more_interfaces/package.dsv'
[3.283s] INFO:colcon.colcon_core.shell:Creating package script '/home/skola/ros2_ws/install/more_interfaces/share/more_interfaces/package.sh'
[3.284s] INFO:colcon.colcon_core.shell:Creating package script '/home/skola/ros2_ws/install/more_interfaces/share/more_interfaces/package.bash'
[3.285s] INFO:colcon.colcon_core.shell:Creating package script '/home/skola/ros2_ws/install/more_interfaces/share/more_interfaces/package.zsh'
[3.285s] Level 1:colcon.colcon_core.environment:create_file_with_runtime_dependencies(/home/skola/ros2_ws/install/more_interfaces/share/colcon-core/packages/more_interfaces)
[3.299s] DEBUG:colcon.colcon_core.event_handler.log_command:Invoking command in '/home/skola/ros2_ws/build/turtlesim': CMAKE_PREFIX_PATH=${CMAKE_PREFIX_PATH}:/opt/ros/foxy /usr/bin/cmake --install /home/skola/ros2_ws/build/turtlesim
[3.370s] DEBUG:colcon.colcon_core.event_handler.log_command:Invoked command in '/home/skola/ros2_ws/build/tutorial_interfaces' returned '0': CMAKE_PREFIX_PATH=${CMAKE_PREFIX_PATH}:/opt/ros/foxy /usr/bin/cmake --build /home/skola/ros2_ws/build/tutorial_interfaces -- -j8 -l8
[3.507s] Level 1:colcon.colcon_core.environment:create_environment_scripts_only(turtlesim)
[3.509s] Level 1:colcon.colcon_core.environment:checking '/home/skola/ros2_ws/install/turtlesim' for CMake module files
[3.510s] DEBUG:colcon.colcon_core.event_handler.log_command:Invoked command in '/home/skola/ros2_ws/build/turtlesim' returned '0': CMAKE_PREFIX_PATH=${CMAKE_PREFIX_PATH}:/opt/ros/foxy /usr/bin/cmake --install /home/skola/ros2_ws/build/turtlesim
[3.511s] Level 1:colcon.colcon_core.environment:checking '/home/skola/ros2_ws/install/turtlesim' for CMake config files
[3.511s] Level 1:colcon.colcon_core.shell:create_environment_hook('turtlesim', 'cmake_prefix_path')
[3.512s] INFO:colcon.colcon_core.shell:Creating environment hook '/home/skola/ros2_ws/install/turtlesim/share/turtlesim/hook/cmake_prefix_path.ps1'
[3.513s] INFO:colcon.colcon_core.shell:Creating environment descriptor '/home/skola/ros2_ws/install/turtlesim/share/turtlesim/hook/cmake_prefix_path.dsv'
[3.513s] INFO:colcon.colcon_core.shell:Creating environment hook '/home/skola/ros2_ws/install/turtlesim/share/turtlesim/hook/cmake_prefix_path.sh'
[3.515s] Level 1:colcon.colcon_core.environment:checking '/home/skola/ros2_ws/install/turtlesim/lib'
[3.515s] Level 1:colcon.colcon_core.shell:create_environment_hook('turtlesim', 'ld_library_path_lib')
[3.515s] INFO:colcon.colcon_core.shell:Creating environment hook '/home/skola/ros2_ws/install/turtlesim/share/turtlesim/hook/ld_library_path_lib.ps1'
[3.516s] INFO:colcon.colcon_core.shell:Creating environment descriptor '/home/skola/ros2_ws/install/turtlesim/share/turtlesim/hook/ld_library_path_lib.dsv'
[3.516s] INFO:colcon.colcon_core.shell:Creating environment hook '/home/skola/ros2_ws/install/turtlesim/share/turtlesim/hook/ld_library_path_lib.sh'
[3.518s] Level 1:colcon.colcon_core.environment:checking '/home/skola/ros2_ws/install/turtlesim/bin'
[3.519s] Level 1:colcon.colcon_core.environment:checking '/home/skola/ros2_ws/install/turtlesim/lib/pkgconfig/turtlesim.pc'
[3.519s] Level 1:colcon.colcon_core.environment:checking '/home/skola/ros2_ws/install/turtlesim/lib/python3.8/site-packages'
[3.519s] Level 1:colcon.colcon_core.shell:create_environment_hook('turtlesim', 'pythonpath')
[3.519s] INFO:colcon.colcon_core.shell:Creating environment hook '/home/skola/ros2_ws/install/turtlesim/share/turtlesim/hook/pythonpath.ps1'
[3.520s] INFO:colcon.colcon_core.shell:Creating environment descriptor '/home/skola/ros2_ws/install/turtlesim/share/turtlesim/hook/pythonpath.dsv'
[3.520s] INFO:colcon.colcon_core.shell:Creating environment hook '/home/skola/ros2_ws/install/turtlesim/share/turtlesim/hook/pythonpath.sh'
[3.528s] INFO:colcon.colcon_core.shell:Creating package script '/home/skola/ros2_ws/install/turtlesim/share/turtlesim/package.ps1'
[3.529s] INFO:colcon.colcon_core.shell:Creating package descriptor '/home/skola/ros2_ws/install/turtlesim/share/turtlesim/package.dsv'
[3.530s] INFO:colcon.colcon_core.shell:Creating package script '/home/skola/ros2_ws/install/turtlesim/share/turtlesim/package.sh'
[3.531s] INFO:colcon.colcon_core.shell:Creating package script '/home/skola/ros2_ws/install/turtlesim/share/turtlesim/package.bash'
[3.532s] INFO:colcon.colcon_core.shell:Creating package script '/home/skola/ros2_ws/install/turtlesim/share/turtlesim/package.zsh'
[3.533s] Level 1:colcon.colcon_core.environment:create_file_with_runtime_dependencies(/home/skola/ros2_ws/install/turtlesim/share/colcon-core/packages/turtlesim)
[3.569s] DEBUG:colcon.colcon_core.event_handler.log_command:Invoking command in '/home/skola/ros2_ws/build/tutorial_interfaces': CMAKE_PREFIX_PATH=${CMAKE_PREFIX_PATH}:/opt/ros/foxy /usr/bin/cmake --install /home/skola/ros2_ws/build/tutorial_interfaces
[3.730s] Level 1:colcon.colcon_core.environment:create_environment_scripts_only(tutorial_interfaces)
[3.732s] Level 1:colcon.colcon_core.environment:checking '/home/skola/ros2_ws/install/tutorial_interfaces' for CMake module files
[3.734s] DEBUG:colcon.colcon_core.event_handler.log_command:Invoked command in '/home/skola/ros2_ws/build/tutorial_interfaces' returned '0': CMAKE_PREFIX_PATH=${CMAKE_PREFIX_PATH}:/opt/ros/foxy /usr/bin/cmake --install /home/skola/ros2_ws/build/tutorial_interfaces
[3.735s] Level 1:colcon.colcon_core.environment:checking '/home/skola/ros2_ws/install/tutorial_interfaces' for CMake config files
[3.735s] Level 1:colcon.colcon_core.shell:create_environment_hook('tutorial_interfaces', 'cmake_prefix_path')
[3.736s] INFO:colcon.colcon_core.shell:Creating environment hook '/home/skola/ros2_ws/install/tutorial_interfaces/share/tutorial_interfaces/hook/cmake_prefix_path.ps1'
[3.737s] INFO:colcon.colcon_core.shell:Creating environment descriptor '/home/skola/ros2_ws/install/tutorial_interfaces/share/tutorial_interfaces/hook/cmake_prefix_path.dsv'
[3.737s] INFO:colcon.colcon_core.shell:Creating environment hook '/home/skola/ros2_ws/install/tutorial_interfaces/share/tutorial_interfaces/hook/cmake_prefix_path.sh'
[3.739s] Level 1:colcon.colcon_core.environment:checking '/home/skola/ros2_ws/install/tutorial_interfaces/lib'
[3.739s] Level 1:colcon.colcon_core.shell:create_environment_hook('tutorial_interfaces', 'ld_library_path_lib')
[3.739s] INFO:colcon.colcon_core.shell:Creating environment hook '/home/skola/ros2_ws/install/tutorial_interfaces/share/tutorial_interfaces/hook/ld_library_path_lib.ps1'
[3.740s] INFO:colcon.colcon_core.shell:Creating environment descriptor '/home/skola/ros2_ws/install/tutorial_interfaces/share/tutorial_interfaces/hook/ld_library_path_lib.dsv'
[3.741s] INFO:colcon.colcon_core.shell:Creating environment hook '/home/skola/ros2_ws/install/tutorial_interfaces/share/tutorial_interfaces/hook/ld_library_path_lib.sh'
[3.741s] Level 1:colcon.colcon_core.environment:checking '/home/skola/ros2_ws/install/tutorial_interfaces/bin'
[3.742s] Level 1:colcon.colcon_core.environment:checking '/home/skola/ros2_ws/install/tutorial_interfaces/lib/pkgconfig/tutorial_interfaces.pc'
[3.742s] Level 1:colcon.colcon_core.environment:checking '/home/skola/ros2_ws/install/tutorial_interfaces/lib/python3.8/site-packages'
[3.742s] Level 1:colcon.colcon_core.shell:create_environment_hook('tutorial_interfaces', 'pythonpath')
[3.743s] INFO:colcon.colcon_core.shell:Creating environment hook '/home/skola/ros2_ws/install/tutorial_interfaces/share/tutorial_interfaces/hook/pythonpath.ps1'
[3.743s] INFO:colcon.colcon_core.shell:Creating environment descriptor '/home/skola/ros2_ws/install/tutorial_interfaces/share/tutorial_interfaces/hook/pythonpath.dsv'
[3.744s] INFO:colcon.colcon_core.shell:Creating environment hook '/home/skola/ros2_ws/install/tutorial_interfaces/share/tutorial_interfaces/hook/pythonpath.sh'
[3.746s] INFO:colcon.colcon_core.shell:Creating package script '/home/skola/ros2_ws/install/tutorial_interfaces/share/tutorial_interfaces/package.ps1'
[3.746s] INFO:colcon.colcon_core.shell:Creating package descriptor '/home/skola/ros2_ws/install/tutorial_interfaces/share/tutorial_interfaces/package.dsv'
[3.748s] INFO:colcon.colcon_core.shell:Creating package script '/home/skola/ros2_ws/install/tutorial_interfaces/share/tutorial_interfaces/package.sh'
[3.749s] INFO:colcon.colcon_core.shell:Creating package script '/home/skola/ros2_ws/install/tutorial_interfaces/share/tutorial_interfaces/package.bash'
[3.750s] INFO:colcon.colcon_core.shell:Creating package script '/home/skola/ros2_ws/install/tutorial_interfaces/share/tutorial_interfaces/package.zsh'
[3.750s] Level 1:colcon.colcon_core.environment:create_file_with_runtime_dependencies(/home/skola/ros2_ws/install/tutorial_interfaces/share/colcon-core/packages/tutorial_interfaces)
[3.976s] Level 1:colcon.colcon_core.environment:create_environment_scripts_only(tutorial_interfaces)
[3.977s] Level 1:colcon.colcon_core.environment:checking '/home/skola/ros2_ws/install/tutorial_interfaces' for CMake module files
[3.978s] Level 1:colcon.colcon_core.environment:checking '/home/skola/ros2_ws/install/tutorial_interfaces' for CMake config files
[3.979s] Level 1:colcon.colcon_core.shell:create_environment_hook('tutorial_interfaces', 'cmake_prefix_path')
[3.980s] INFO:colcon.colcon_core.shell:Creating environment hook '/home/skola/ros2_ws/install/tutorial_interfaces/share/tutorial_interfaces/hook/cmake_prefix_path.ps1'
[3.981s] INFO:colcon.colcon_core.shell:Creating environment descriptor '/home/skola/ros2_ws/install/tutorial_interfaces/share/tutorial_interfaces/hook/cmake_prefix_path.dsv'
[3.982s] INFO:colcon.colcon_core.shell:Creating environment hook '/home/skola/ros2_ws/install/tutorial_interfaces/share/tutorial_interfaces/hook/cmake_prefix_path.sh'
[3.984s] Level 1:colcon.colcon_core.environment:checking '/home/skola/ros2_ws/install/tutorial_interfaces/lib'
[3.984s] Level 1:colcon.colcon_core.shell:create_environment_hook('tutorial_interfaces', 'ld_library_path_lib')
[3.985s] INFO:colcon.colcon_core.shell:Creating environment hook '/home/skola/ros2_ws/install/tutorial_interfaces/share/tutorial_interfaces/hook/ld_library_path_lib.ps1'
[3.985s] INFO:colcon.colcon_core.shell:Creating environment descriptor '/home/skola/ros2_ws/install/tutorial_interfaces/share/tutorial_interfaces/hook/ld_library_path_lib.dsv'
[3.986s] INFO:colcon.colcon_core.shell:Creating environment hook '/home/skola/ros2_ws/install/tutorial_interfaces/share/tutorial_interfaces/hook/ld_library_path_lib.sh'
[3.987s] Level 1:colcon.colcon_core.environment:checking '/home/skola/ros2_ws/install/tutorial_interfaces/bin'
[3.987s] Level 1:colcon.colcon_core.environment:checking '/home/skola/ros2_ws/install/tutorial_interfaces/lib/pkgconfig/tutorial_interfaces.pc'
[3.987s] Level 1:colcon.colcon_core.environment:checking '/home/skola/ros2_ws/install/tutorial_interfaces/lib/python3.8/site-packages'
[3.987s] Level 1:colcon.colcon_core.shell:create_environment_hook('tutorial_interfaces', 'pythonpath')
[3.988s] INFO:colcon.colcon_core.shell:Creating environment hook '/home/skola/ros2_ws/install/tutorial_interfaces/share/tutorial_interfaces/hook/pythonpath.ps1'
[3.989s] INFO:colcon.colcon_core.shell:Creating environment descriptor '/home/skola/ros2_ws/install/tutorial_interfaces/share/tutorial_interfaces/hook/pythonpath.dsv'
[3.989s] INFO:colcon.colcon_core.shell:Creating environment hook '/home/skola/ros2_ws/install/tutorial_interfaces/share/tutorial_interfaces/hook/pythonpath.sh'
[3.990s] INFO:colcon.colcon_core.shell:Creating package script '/home/skola/ros2_ws/install/tutorial_interfaces/share/tutorial_interfaces/package.ps1'
[3.991s] INFO:colcon.colcon_core.shell:Creating package descriptor '/home/skola/ros2_ws/install/tutorial_interfaces/share/tutorial_interfaces/package.dsv'
[3.992s] INFO:colcon.colcon_core.shell:Creating package script '/home/skola/ros2_ws/install/tutorial_interfaces/share/tutorial_interfaces/package.sh'
[3.994s] INFO:colcon.colcon_core.shell:Creating package script '/home/skola/ros2_ws/install/tutorial_interfaces/share/tutorial_interfaces/package.bash'
[3.994s] INFO:colcon.colcon_core.shell:Creating package script '/home/skola/ros2_ws/install/tutorial_interfaces/share/tutorial_interfaces/package.zsh'
[3.995s] Level 1:colcon.colcon_core.environment:create_file_with_runtime_dependencies(/home/skola/ros2_ws/install/tutorial_interfaces/share/colcon-core/packages/tutorial_interfaces)
[4.090s] Level 1:colcon.colcon_core.environment:create_environment_scripts_only(turtlesim)
[4.092s] Level 1:colcon.colcon_core.environment:checking '/home/skola/ros2_ws/install/turtlesim' for CMake module files
[4.093s] Level 1:colcon.colcon_core.environment:checking '/home/skola/ros2_ws/install/turtlesim' for CMake config files
[4.093s] Level 1:colcon.colcon_core.shell:create_environment_hook('turtlesim', 'cmake_prefix_path')
[4.094s] INFO:colcon.colcon_core.shell:Creating environment hook '/home/skola/ros2_ws/install/turtlesim/share/turtlesim/hook/cmake_prefix_path.ps1'
[4.095s] INFO:colcon.colcon_core.shell:Creating environment descriptor '/home/skola/ros2_ws/install/turtlesim/share/turtlesim/hook/cmake_prefix_path.dsv'
[4.095s] INFO:colcon.colcon_core.shell:Creating environment hook '/home/skola/ros2_ws/install/turtlesim/share/turtlesim/hook/cmake_prefix_path.sh'
[4.096s] Level 1:colcon.colcon_core.environment:checking '/home/skola/ros2_ws/install/turtlesim/lib'
[4.096s] Level 1:colcon.colcon_core.shell:create_environment_hook('turtlesim', 'ld_library_path_lib')
[4.098s] INFO:colcon.colcon_core.shell:Creating environment hook '/home/skola/ros2_ws/install/turtlesim/share/turtlesim/hook/ld_library_path_lib.ps1'
[4.099s] INFO:colcon.colcon_core.shell:Creating environment descriptor '/home/skola/ros2_ws/install/turtlesim/share/turtlesim/hook/ld_library_path_lib.dsv'
[4.099s] INFO:colcon.colcon_core.shell:Creating environment hook '/home/skola/ros2_ws/install/turtlesim/share/turtlesim/hook/ld_library_path_lib.sh'
[4.100s] Level 1:colcon.colcon_core.environment:checking '/home/skola/ros2_ws/install/turtlesim/bin'
[4.100s] Level 1:colcon.colcon_core.environment:checking '/home/skola/ros2_ws/install/turtlesim/lib/pkgconfig/turtlesim.pc'
[4.101s] Level 1:colcon.colcon_core.environment:checking '/home/skola/ros2_ws/install/turtlesim/lib/python3.8/site-packages'
[4.102s] Level 1:colcon.colcon_core.shell:create_environment_hook('turtlesim', 'pythonpath')
[4.105s] INFO:colcon.colcon_core.shell:Creating environment hook '/home/skola/ros2_ws/install/turtlesim/share/turtlesim/hook/pythonpath.ps1'
[4.106s] INFO:colcon.colcon_core.shell:Creating environment descriptor '/home/skola/ros2_ws/install/turtlesim/share/turtlesim/hook/pythonpath.dsv'
[4.107s] INFO:colcon.colcon_core.shell:Creating environment hook '/home/skola/ros2_ws/install/turtlesim/share/turtlesim/hook/pythonpath.sh'
[4.110s] INFO:colcon.colcon_core.shell:Creating package script '/home/skola/ros2_ws/install/turtlesim/share/turtlesim/package.ps1'
[4.110s] INFO:colcon.colcon_core.shell:Creating package descriptor '/home/skola/ros2_ws/install/turtlesim/share/turtlesim/package.dsv'
[4.111s] INFO:colcon.colcon_core.shell:Creating package script '/home/skola/ros2_ws/install/turtlesim/share/turtlesim/package.sh'
[4.112s] INFO:colcon.colcon_core.shell:Creating package script '/home/skola/ros2_ws/install/turtlesim/share/turtlesim/package.bash'
[4.112s] INFO:colcon.colcon_core.shell:Creating package script '/home/skola/ros2_ws/install/turtlesim/share/turtlesim/package.zsh'
[4.113s] Level 1:colcon.colcon_core.environment:create_file_with_runtime_dependencies(/home/skola/ros2_ws/install/turtlesim/share/colcon-core/packages/turtlesim)
[9.747s] DEBUG:colcon.colcon_core.event_handler.log_command:Invoked command in '/home/skola/ros2_ws/build/sublisher' returned '0': CMAKE_PREFIX_PATH=${CMAKE_PREFIX_PATH}:/opt/ros/foxy /usr/bin/cmake --build /home/skola/ros2_ws/build/sublisher -- -j8 -l8
[9.813s] DEBUG:colcon.colcon_core.event_handler.log_command:Invoking command in '/home/skola/ros2_ws/build/sublisher': CMAKE_PREFIX_PATH=${CMAKE_PREFIX_PATH}:/opt/ros/foxy /usr/bin/cmake --install /home/skola/ros2_ws/build/sublisher
[9.900s] Level 1:colcon.colcon_core.environment:create_environment_scripts_only(sublisher)
[9.902s] Level 1:colcon.colcon_core.environment:checking '/home/skola/ros2_ws/install/sublisher' for CMake module files
[9.903s] DEBUG:colcon.colcon_core.event_handler.log_command:Invoked command in '/home/skola/ros2_ws/build/sublisher' returned '0': CMAKE_PREFIX_PATH=${CMAKE_PREFIX_PATH}:/opt/ros/foxy /usr/bin/cmake --install /home/skola/ros2_ws/build/sublisher
[9.903s] Level 1:colcon.colcon_core.environment:checking '/home/skola/ros2_ws/install/sublisher' for CMake config files
[9.904s] Level 1:colcon.colcon_core.shell:create_environment_hook('sublisher', 'cmake_prefix_path')
[9.904s] INFO:colcon.colcon_core.shell:Creating environment hook '/home/skola/ros2_ws/install/sublisher/share/sublisher/hook/cmake_prefix_path.ps1'
[9.905s] INFO:colcon.colcon_core.shell:Creating environment descriptor '/home/skola/ros2_ws/install/sublisher/share/sublisher/hook/cmake_prefix_path.dsv'
[9.906s] INFO:colcon.colcon_core.shell:Creating environment hook '/home/skola/ros2_ws/install/sublisher/share/sublisher/hook/cmake_prefix_path.sh'
[9.907s] Level 1:colcon.colcon_core.environment:checking '/home/skola/ros2_ws/install/sublisher/lib'
[9.907s] Level 1:colcon.colcon_core.environment:checking '/home/skola/ros2_ws/install/sublisher/bin'
[9.907s] Level 1:colcon.colcon_core.environment:checking '/home/skola/ros2_ws/install/sublisher/lib/pkgconfig/sublisher.pc'
[9.907s] Level 1:colcon.colcon_core.environment:checking '/home/skola/ros2_ws/install/sublisher/lib/python3.8/site-packages'
[9.908s] INFO:colcon.colcon_core.shell:Creating package script '/home/skola/ros2_ws/install/sublisher/share/sublisher/package.ps1'
[9.909s] INFO:colcon.colcon_core.shell:Creating package descriptor '/home/skola/ros2_ws/install/sublisher/share/sublisher/package.dsv'
[9.910s] INFO:colcon.colcon_core.shell:Creating package script '/home/skola/ros2_ws/install/sublisher/share/sublisher/package.sh'
[9.910s] INFO:colcon.colcon_core.shell:Creating package script '/home/skola/ros2_ws/install/sublisher/share/sublisher/package.bash'
[9.911s] INFO:colcon.colcon_core.shell:Creating package script '/home/skola/ros2_ws/install/sublisher/share/sublisher/package.zsh'
[9.911s] Level 1:colcon.colcon_core.environment:create_file_with_runtime_dependencies(/home/skola/ros2_ws/install/sublisher/share/colcon-core/packages/sublisher)
[9.977s] Level 1:colcon.colcon_core.environment:create_environment_scripts_only(sublisher)
[9.978s] Level 1:colcon.colcon_core.environment:checking '/home/skola/ros2_ws/install/sublisher' for CMake module files
[9.979s] Level 1:colcon.colcon_core.environment:checking '/home/skola/ros2_ws/install/sublisher' for CMake config files
[9.979s] Level 1:colcon.colcon_core.shell:create_environment_hook('sublisher', 'cmake_prefix_path')
[9.980s] INFO:colcon.colcon_core.shell:Creating environment hook '/home/skola/ros2_ws/install/sublisher/share/sublisher/hook/cmake_prefix_path.ps1'
[9.981s] INFO:colcon.colcon_core.shell:Creating environment descriptor '/home/skola/ros2_ws/install/sublisher/share/sublisher/hook/cmake_prefix_path.dsv'
[9.981s] INFO:colcon.colcon_core.shell:Creating environment hook '/home/skola/ros2_ws/install/sublisher/share/sublisher/hook/cmake_prefix_path.sh'
[9.982s] Level 1:colcon.colcon_core.environment:checking '/home/skola/ros2_ws/install/sublisher/lib'
[9.983s] Level 1:colcon.colcon_core.environment:checking '/home/skola/ros2_ws/install/sublisher/bin'
[9.983s] Level 1:colcon.colcon_core.environment:checking '/home/skola/ros2_ws/install/sublisher/lib/pkgconfig/sublisher.pc'
[9.983s] Level 1:colcon.colcon_core.environment:checking '/home/skola/ros2_ws/install/sublisher/lib/python3.8/site-packages'
[9.984s] INFO:colcon.colcon_core.shell:Creating package script '/home/skola/ros2_ws/install/sublisher/share/sublisher/package.ps1'
[9.984s] INFO:colcon.colcon_core.shell:Creating package descriptor '/home/skola/ros2_ws/install/sublisher/share/sublisher/package.dsv'
[9.986s] INFO:colcon.colcon_core.shell:Creating package script '/home/skola/ros2_ws/install/sublisher/share/sublisher/package.sh'
[9.986s] INFO:colcon.colcon_core.shell:Creating package script '/home/skola/ros2_ws/install/sublisher/share/sublisher/package.bash'
[9.987s] INFO:colcon.colcon_core.shell:Creating package script '/home/skola/ros2_ws/install/sublisher/share/sublisher/package.zsh'
[9.988s] Level 1:colcon.colcon_core.environment:create_file_with_runtime_dependencies(/home/skola/ros2_ws/install/sublisher/share/colcon-core/packages/sublisher)
[9.988s] DEBUG:colcon.colcon_parallel_executor.executor.parallel:closing loop
[9.988s] DEBUG:colcon.colcon_parallel_executor.executor.parallel:loop closed
[9.988s] DEBUG:colcon.colcon_parallel_executor.executor.parallel:run_until_complete finished with '0'
[9.989s] DEBUG:colcon.colcon_core.event_reactor:joining thread
[10.034s] INFO:colcon.colcon_core.plugin_system:Skipping extension 'colcon_notification.desktop_notification.terminal_notifier': Not used on non-Darwin systems
[10.034s] INFO:colcon.colcon_core.plugin_system:Skipping extension 'colcon_notification.desktop_notification.win32': Not used on non-Windows systems
[10.034s] INFO:colcon.colcon_notification.desktop_notification:Sending desktop notification using 'notify2'
[10.068s] DEBUG:colcon.colcon_core.event_reactor:joined thread
[10.069s] INFO:colcon.colcon_core.shell:Creating prefix script '/home/skola/ros2_ws/install/local_setup.ps1'
[10.072s] INFO:colcon.colcon_core.shell:Creating prefix util module '/home/skola/ros2_ws/install/_local_setup_util_ps1.py'
[10.087s] INFO:colcon.colcon_core.shell:Creating prefix chain script '/home/skola/ros2_ws/install/setup.ps1'
[10.096s] INFO:colcon.colcon_core.shell:Creating prefix script '/home/skola/ros2_ws/install/local_setup.sh'
[10.098s] INFO:colcon.colcon_core.shell:Creating prefix util module '/home/skola/ros2_ws/install/_local_setup_util_sh.py'
[10.100s] INFO:colcon.colcon_core.shell:Creating prefix chain script '/home/skola/ros2_ws/install/setup.sh'
[10.107s] INFO:colcon.colcon_core.shell:Creating prefix script '/home/skola/ros2_ws/install/local_setup.bash'
[10.110s] INFO:colcon.colcon_core.shell:Creating prefix chain script '/home/skola/ros2_ws/install/setup.bash'
[10.115s] INFO:colcon.colcon_core.shell:Creating prefix script '/home/skola/ros2_ws/install/local_setup.zsh'
[10.117s] INFO:colcon.colcon_core.shell:Creating prefix chain script '/home/skola/ros2_ws/install/setup.zsh'
