-- Found ament_cmake: 0.9.9 (/opt/ros/foxy/share/ament_cmake/cmake)
-- Using PYTHON_EXECUTABLE: /usr/bin/python3
-- Found rclcpp: 2.4.0 (/opt/ros/foxy/share/rclcpp/cmake)
-- Using all available rosidl_typesupport_c: rosidl_typesupport_fastrtps_c;rosidl_typesupport_introspection_c
-- Found rosidl_adapter: 1.2.1 (/opt/ros/foxy/share/rosidl_adapter/cmake)
-- Using all available rosidl_typesupport_cpp: rosidl_typesupport_fastrtps_cpp;rosidl_typesupport_introspection_cpp
-- Found rmw_implementation_cmake: 1.0.3 (/opt/ros/foxy/share/rmw_implementation_cmake/cmake)
-- Using RMW implementation 'rmw_fastrtps_cpp' as default
CMake Error at CMakeLists.txt:21 (find_package):
  By not providing "Findtutorial_interfaces.cmake" in CMAKE_MODULE_PATH this
  project has asked CMake to find a package configuration file provided by
  "tutorial_interfaces", but CMake did not find one.

  Could not find a package configuration file provided by
  "tutorial_interfaces" with any of the following names:

    tutorial_interfacesConfig.cmake
    tutorial_interfaces-config.cmake

  Add the installation prefix of "tutorial_interfaces" to CMAKE_PREFIX_PATH
  or set "tutorial_interfaces_DIR" to a directory containing one of the above
  files.  If "tutorial_interfaces" provides a separate development package or
  SDK, be sure it has been installed.


-- Configuring incomplete, errors occurred!
See also "/home/skola/ros2_ws/build/cpp_srvcli/CMakeFiles/CMakeOutput.log".
See also "/home/skola/ros2_ws/build/cpp_srvcli/CMakeFiles/CMakeError.log".
