-- Found ament_cmake: 0.9.9 (/opt/ros/foxy/share/ament_cmake/cmake)
-- Using PYTHON_EXECUTABLE: /usr/bin/python3
-- Found rclcpp: 2.4.0 (/opt/ros/foxy/share/rclcpp/cmake)
-- Using all available rosidl_typesupport_c: rosidl_typesupport_fastrtps_c;rosidl_typesupport_introspection_c
-- Found rosidl_adapter: 1.2.1 (/opt/ros/foxy/share/rosidl_adapter/cmake)
-- Using all available rosidl_typesupport_cpp: rosidl_typesupport_fastrtps_cpp;rosidl_typesupport_introspection_cpp
-- Found rmw_implementation_cmake: 1.0.3 (/opt/ros/foxy/share/rmw_implementation_cmake/cmake)
-- Using RMW implementation 'rmw_fastrtps_cpp' as default
-- Found ament_lint_auto: 0.9.6 (/opt/ros/foxy/share/ament_lint_auto/cmake)
-- Added test 'copyright' to check source files copyright and LICENSE
-- Added test 'cppcheck' to perform static code analysis on C / C++ code
-- Configured cppcheck include dirs: 
-- Configured cppcheck exclude dirs and/or files: 
-- Added test 'cpplint' to check C / C++ code against the Google style
-- Configured cpplint exclude dirs and/or files: 
-- Added test 'flake8' to check Python code syntax and style conventions
-- Added test 'lint_cmake' to check CMake code style
-- Added test 'pep257' to check Python code against some of the style conventions in PEP 257
-- Added test 'uncrustify' to check C / C++ code style
-- Configured uncrustify additional arguments: 
-- Added test 'xmllint' to check XML markup files
-- Configuring done
-- Generating done
-- Build files have been written to: /home/skola/ros2_ws/build/sublisher
[ 25%] Built target param_pub
[ 50%] Built target param_sub
[ 75%] Built target subber
[100%] Built target pubber
-- Install configuration: ""
-- Up-to-date: /home/skola/ros2_ws/install/sublisher/lib/sublisher/pubber
-- Up-to-date: /home/skola/ros2_ws/install/sublisher/lib/sublisher/subber
-- Up-to-date: /home/skola/ros2_ws/install/sublisher/lib/sublisher/param_pub
-- Up-to-date: /home/skola/ros2_ws/install/sublisher/lib/sublisher/param_sub
-- Installing: /home/skola/ros2_ws/install/sublisher/share/sublisher/launch
-- Installing: /home/skola/ros2_ws/install/sublisher/share/sublisher/launch/sublisher_launch.py
-- Up-to-date: /home/skola/ros2_ws/install/sublisher/share/ament_index/resource_index/package_run_dependencies/sublisher
-- Installing: /home/skola/ros2_ws/install/sublisher/share/ament_index/resource_index/parent_prefix_path/sublisher
-- Up-to-date: /home/skola/ros2_ws/install/sublisher/share/sublisher/environment/ament_prefix_path.sh
-- Installing: /home/skola/ros2_ws/install/sublisher/share/sublisher/environment/ament_prefix_path.dsv
-- Up-to-date: /home/skola/ros2_ws/install/sublisher/share/sublisher/environment/path.sh
-- Installing: /home/skola/ros2_ws/install/sublisher/share/sublisher/environment/path.dsv
-- Up-to-date: /home/skola/ros2_ws/install/sublisher/share/sublisher/local_setup.bash
-- Up-to-date: /home/skola/ros2_ws/install/sublisher/share/sublisher/local_setup.sh
-- Up-to-date: /home/skola/ros2_ws/install/sublisher/share/sublisher/local_setup.zsh
-- Installing: /home/skola/ros2_ws/install/sublisher/share/sublisher/local_setup.dsv
-- Installing: /home/skola/ros2_ws/install/sublisher/share/sublisher/package.dsv
-- Up-to-date: /home/skola/ros2_ws/install/sublisher/share/ament_index/resource_index/packages/sublisher
-- Up-to-date: /home/skola/ros2_ws/install/sublisher/share/sublisher/cmake/sublisherConfig.cmake
-- Up-to-date: /home/skola/ros2_ws/install/sublisher/share/sublisher/cmake/sublisherConfig-version.cmake
-- Up-to-date: /home/skola/ros2_ws/install/sublisher/share/sublisher/package.xml
