-- The C compiler identification is GNU 9.3.0
-- The CXX compiler identification is GNU 9.3.0
-- Check for working C compiler: /usr/bin/cc
-- Check for working C compiler: /usr/bin/cc -- works
-- Detecting C compiler ABI info
-- Detecting C compiler ABI info - done
-- Detecting C compile features
-- Detecting C compile features - done
-- Check for working CXX compiler: /usr/bin/c++
-- Check for working CXX compiler: /usr/bin/c++ -- works
-- Detecting CXX compiler ABI info
-- Detecting CXX compiler ABI info - done
-- Detecting CXX compile features
-- Detecting CXX compile features - done
-- Found ament_cmake: 0.9.9 (/opt/ros/foxy/share/ament_cmake/cmake)
-- Using PYTHON_EXECUTABLE: /usr/bin/python3
-- Found rclcpp: 2.4.0 (/opt/ros/foxy/share/rclcpp/cmake)
-- Using all available rosidl_typesupport_c: rosidl_typesupport_fastrtps_c;rosidl_typesupport_introspection_c
-- Found rosidl_adapter: 1.2.1 (/opt/ros/foxy/share/rosidl_adapter/cmake)
-- Using all available rosidl_typesupport_cpp: rosidl_typesupport_fastrtps_cpp;rosidl_typesupport_introspection_cpp
-- Found rmw_implementation_cmake: 1.0.3 (/opt/ros/foxy/share/rmw_implementation_cmake/cmake)
-- Using RMW implementation 'rmw_fastrtps_cpp' as default
-- Looking for pthread.h
-- Looking for pthread.h - found
-- Performing Test CMAKE_HAVE_LIBC_PTHREAD
-- Performing Test CMAKE_HAVE_LIBC_PTHREAD - Failed
-- Looking for pthread_create in pthreads
-- Looking for pthread_create in pthreads - not found
-- Looking for pthread_create in pthread
-- Looking for pthread_create in pthread - found
-- Found Threads: TRUE  
-- Found ament_lint_auto: 0.9.6 (/opt/ros/foxy/share/ament_lint_auto/cmake)
-- Added test 'copyright' to check source files copyright and LICENSE
-- Added test 'cppcheck' to perform static code analysis on C / C++ code
-- Configured cppcheck include dirs: 
-- Configured cppcheck exclude dirs and/or files: 
-- Added test 'cpplint' to check C / C++ code against the Google style
-- Configured cpplint exclude dirs and/or files: 
-- Added test 'lint_cmake' to check CMake code style
-- Added test 'uncrustify' to check C / C++ code style
-- Configured uncrustify additional arguments: 
-- Added test 'xmllint' to check XML markup files
-- Configuring done
-- Generating done
-- Build files have been written to: /home/skola/ros2_ws/build/sublisher
[35m[1mScanning dependencies of target subber[0m
[35m[1mScanning dependencies of target pubber[0m
[ 25%] [32mBuilding CXX object CMakeFiles/subber.dir/src/subber.cpp.o[0m
[ 50%] [32mBuilding CXX object CMakeFiles/pubber.dir/src/pubber.cpp.o[0m
[ 75%] [32m[1mLinking CXX executable pubber[0m
[ 75%] Built target pubber
[100%] [32m[1mLinking CXX executable subber[0m
[100%] Built target subber
-- Install configuration: ""
-- Installing: /home/skola/ros2_ws/install/sublisher/lib/sublisher/pubber
-- Set runtime path of "/home/skola/ros2_ws/install/sublisher/lib/sublisher/pubber" to ""
-- Installing: /home/skola/ros2_ws/install/sublisher/lib/sublisher/subber
-- Set runtime path of "/home/skola/ros2_ws/install/sublisher/lib/sublisher/subber" to ""
-- Installing: /home/skola/ros2_ws/install/sublisher/share/ament_index/resource_index/package_run_dependencies/sublisher
-- Installing: /home/skola/ros2_ws/install/sublisher/share/ament_index/resource_index/parent_prefix_path/sublisher
-- Installing: /home/skola/ros2_ws/install/sublisher/share/sublisher/environment/ament_prefix_path.sh
-- Installing: /home/skola/ros2_ws/install/sublisher/share/sublisher/environment/ament_prefix_path.dsv
-- Installing: /home/skola/ros2_ws/install/sublisher/share/sublisher/environment/path.sh
-- Installing: /home/skola/ros2_ws/install/sublisher/share/sublisher/environment/path.dsv
-- Installing: /home/skola/ros2_ws/install/sublisher/share/sublisher/local_setup.bash
-- Installing: /home/skola/ros2_ws/install/sublisher/share/sublisher/local_setup.sh
-- Installing: /home/skola/ros2_ws/install/sublisher/share/sublisher/local_setup.zsh
-- Installing: /home/skola/ros2_ws/install/sublisher/share/sublisher/local_setup.dsv
-- Installing: /home/skola/ros2_ws/install/sublisher/share/sublisher/package.dsv
-- Installing: /home/skola/ros2_ws/install/sublisher/share/ament_index/resource_index/packages/sublisher
-- Installing: /home/skola/ros2_ws/install/sublisher/share/sublisher/cmake/sublisherConfig.cmake
-- Installing: /home/skola/ros2_ws/install/sublisher/share/sublisher/cmake/sublisherConfig-version.cmake
-- Installing: /home/skola/ros2_ws/install/sublisher/share/sublisher/package.xml
