[0.060s] Invoking command in '/home/skola/ros2_ws/build/sublisher': CMAKE_PREFIX_PATH=${CMAKE_PREFIX_PATH}:/opt/ros/foxy /usr/bin/cmake /home/skola/ros2_ws/src/sublisher -DCMAKE_INSTALL_PREFIX=/home/skola/ros2_ws/install/sublisher
[0.213s] -- The C compiler identification is GNU 9.3.0
[0.384s] -- The CXX compiler identification is GNU 9.3.0
[0.389s] -- Check for working C compiler: /usr/bin/cc
[0.517s] -- Check for working C compiler: /usr/bin/cc -- works
[0.564s] -- Detecting C compiler ABI info
[0.669s] -- Detecting C compiler ABI info - done
[0.683s] -- Detecting C compile features
[0.684s] -- Detecting C compile features - done
[0.732s] -- Check for working CXX compiler: /usr/bin/c++
[0.856s] -- Check for working CXX compiler: /usr/bin/c++ -- works
[0.857s] -- Detecting CXX compiler ABI info
[0.979s] -- Detecting CXX compiler ABI info - done
[0.990s] -- Detecting CXX compile features
[0.994s] -- Detecting CXX compile features - done
[0.995s] -- Found ament_cmake: 0.9.9 (/opt/ros/foxy/share/ament_cmake/cmake)
[1.027s] -- Using PYTHON_EXECUTABLE: /usr/bin/python3
[1.236s] -- Found rclcpp: 2.4.0 (/opt/ros/foxy/share/rclcpp/cmake)
[1.271s] -- Using all available rosidl_typesupport_c: rosidl_typesupport_fastrtps_c;rosidl_typesupport_introspection_c
[1.274s] -- Found rosidl_adapter: 1.2.1 (/opt/ros/foxy/share/rosidl_adapter/cmake)
[1.406s] -- Using all available rosidl_typesupport_cpp: rosidl_typesupport_fastrtps_cpp;rosidl_typesupport_introspection_cpp
[1.462s] -- Found rmw_implementation_cmake: 1.0.3 (/opt/ros/foxy/share/rmw_implementation_cmake/cmake)
[1.464s] -- Using RMW implementation 'rmw_fastrtps_cpp' as default
[1.466s] -- Looking for pthread.h
[1.582s] -- Looking for pthread.h - found
[1.583s] -- Performing Test CMAKE_HAVE_LIBC_PTHREAD
[1.693s] -- Performing Test CMAKE_HAVE_LIBC_PTHREAD - Failed
[1.694s] -- Looking for pthread_create in pthreads
[1.784s] -- Looking for pthread_create in pthreads - not found
[1.784s] -- Looking for pthread_create in pthread
[1.881s] -- Looking for pthread_create in pthread - found
[1.883s] -- Found Threads: TRUE  
[2.027s] -- Found ament_lint_auto: 0.9.6 (/opt/ros/foxy/share/ament_lint_auto/cmake)
[2.107s] -- Added test 'copyright' to check source files copyright and LICENSE
[2.108s] -- Added test 'cppcheck' to perform static code analysis on C / C++ code
[2.108s] -- Configured cppcheck include dirs: 
[2.108s] -- Configured cppcheck exclude dirs and/or files: 
[2.109s] -- Added test 'cpplint' to check C / C++ code against the Google style
[2.109s] -- Configured cpplint exclude dirs and/or files: 
[2.110s] -- Added test 'lint_cmake' to check CMake code style
[2.110s] -- Added test 'uncrustify' to check C / C++ code style
[2.110s] -- Configured uncrustify additional arguments: 
[2.110s] -- Added test 'xmllint' to check XML markup files
[2.114s] -- Configuring done
[2.124s] -- Generating done
[2.125s] -- Build files have been written to: /home/skola/ros2_ws/build/sublisher
[2.138s] Invoked command in '/home/skola/ros2_ws/build/sublisher' returned '0': CMAKE_PREFIX_PATH=${CMAKE_PREFIX_PATH}:/opt/ros/foxy /usr/bin/cmake /home/skola/ros2_ws/src/sublisher -DCMAKE_INSTALL_PREFIX=/home/skola/ros2_ws/install/sublisher
[2.138s] Invoking command in '/home/skola/ros2_ws/build/sublisher': CMAKE_PREFIX_PATH=${CMAKE_PREFIX_PATH}:/opt/ros/foxy /usr/bin/cmake --build /home/skola/ros2_ws/build/sublisher -- -j8 -l8
[2.189s] [35m[1mScanning dependencies of target subber[0m
[2.189s] [35m[1mScanning dependencies of target pubber[0m
[2.234s] [ 25%] [32mBuilding CXX object CMakeFiles/subber.dir/src/subber.cpp.o[0m
[2.235s] [ 50%] [32mBuilding CXX object CMakeFiles/pubber.dir/src/pubber.cpp.o[0m
[5.211s] [ 75%] [32m[1mLinking CXX executable pubber[0m
[5.433s] [ 75%] Built target pubber
[6.741s] [100%] [32m[1mLinking CXX executable subber[0m
[6.938s] [100%] Built target subber
[6.955s] Invoked command in '/home/skola/ros2_ws/build/sublisher' returned '0': CMAKE_PREFIX_PATH=${CMAKE_PREFIX_PATH}:/opt/ros/foxy /usr/bin/cmake --build /home/skola/ros2_ws/build/sublisher -- -j8 -l8
[7.004s] Invoking command in '/home/skola/ros2_ws/build/sublisher': CMAKE_PREFIX_PATH=${CMAKE_PREFIX_PATH}:/opt/ros/foxy /usr/bin/cmake --install /home/skola/ros2_ws/build/sublisher
[7.017s] -- Install configuration: ""
[7.017s] -- Installing: /home/skola/ros2_ws/install/sublisher/lib/sublisher/pubber
[7.019s] -- Set runtime path of "/home/skola/ros2_ws/install/sublisher/lib/sublisher/pubber" to ""
[7.019s] -- Installing: /home/skola/ros2_ws/install/sublisher/lib/sublisher/subber
[7.022s] -- Set runtime path of "/home/skola/ros2_ws/install/sublisher/lib/sublisher/subber" to ""
[7.022s] -- Installing: /home/skola/ros2_ws/install/sublisher/share/ament_index/resource_index/package_run_dependencies/sublisher
[7.022s] -- Installing: /home/skola/ros2_ws/install/sublisher/share/ament_index/resource_index/parent_prefix_path/sublisher
[7.022s] -- Installing: /home/skola/ros2_ws/install/sublisher/share/sublisher/environment/ament_prefix_path.sh
[7.022s] -- Installing: /home/skola/ros2_ws/install/sublisher/share/sublisher/environment/ament_prefix_path.dsv
[7.022s] -- Installing: /home/skola/ros2_ws/install/sublisher/share/sublisher/environment/path.sh
[7.022s] -- Installing: /home/skola/ros2_ws/install/sublisher/share/sublisher/environment/path.dsv
[7.023s] -- Installing: /home/skola/ros2_ws/install/sublisher/share/sublisher/local_setup.bash
[7.023s] -- Installing: /home/skola/ros2_ws/install/sublisher/share/sublisher/local_setup.sh
[7.023s] -- Installing: /home/skola/ros2_ws/install/sublisher/share/sublisher/local_setup.zsh
[7.024s] -- Installing: /home/skola/ros2_ws/install/sublisher/share/sublisher/local_setup.dsv
[7.024s] -- Installing: /home/skola/ros2_ws/install/sublisher/share/sublisher/package.dsv
[7.024s] -- Installing: /home/skola/ros2_ws/install/sublisher/share/ament_index/resource_index/packages/sublisher
[7.024s] -- Installing: /home/skola/ros2_ws/install/sublisher/share/sublisher/cmake/sublisherConfig.cmake
[7.024s] -- Installing: /home/skola/ros2_ws/install/sublisher/share/sublisher/cmake/sublisherConfig-version.cmake
[7.025s] -- Installing: /home/skola/ros2_ws/install/sublisher/share/sublisher/package.xml
[7.029s] Invoked command in '/home/skola/ros2_ws/build/sublisher' returned '0': CMAKE_PREFIX_PATH=${CMAKE_PREFIX_PATH}:/opt/ros/foxy /usr/bin/cmake --install /home/skola/ros2_ws/build/sublisher
