[0.036s] Invoking command in '/home/skola/ros2_ws/build/turtlesim': CMAKE_PREFIX_PATH=/opt/ros/foxy /usr/bin/cmake --build /home/skola/ros2_ws/build/turtlesim -- -j8 -l8
[0.155s] [  6%] Built target turtlesim__cpp
[0.156s] [ 11%] Built target turtlesim__rosidl_generator_c
[0.202s] [ 29%] Built target turtlesim__rosidl_typesupport_introspection_c
[0.203s] [ 31%] Built target turtlesim__rosidl_typesupport_cpp
[0.206s] [ 41%] Built target turtlesim__rosidl_typesupport_introspection_cpp
[0.222s] [ 51%] Built target turtlesim__rosidl_typesupport_fastrtps_cpp
[0.255s] [ 61%] Built target turtlesim__rosidl_typesupport_c
[0.284s] [ 71%] Built target turtlesim__rosidl_typesupport_fastrtps_c
[0.319s] [ 71%] Built target turtlesim
[0.376s] [ 72%] Built target turtlesim__py
[0.390s] [ 74%] Built target draw_square
[0.400s] [ 76%] Built target turtle_teleop_key
[0.402s] [ 78%] Built target mimic
[0.419s] [ 84%] Built target turtlesim_node
[0.428s] [ 93%] Built target turtlesim__python
[0.464s] [ 95%] Built target turtlesim__rosidl_typesupport_introspection_c__pyext
[0.466s] [ 97%] Built target turtlesim__rosidl_typesupport_c__pyext
[0.466s] [100%] Built target turtlesim__rosidl_typesupport_fastrtps_c__pyext
[0.482s] Invoked command in '/home/skola/ros2_ws/build/turtlesim' returned '0': CMAKE_PREFIX_PATH=/opt/ros/foxy /usr/bin/cmake --build /home/skola/ros2_ws/build/turtlesim -- -j8 -l8
[0.797s] Invoking command in '/home/skola/ros2_ws/build/turtlesim': CMAKE_PREFIX_PATH=/opt/ros/foxy /usr/bin/cmake --install /home/skola/ros2_ws/build/turtlesim
[0.810s] -- Install configuration: ""
[0.810s] -- Up-to-date: /home/skola/ros2_ws/install/turtlesim/share/ament_index/resource_index/rosidl_interfaces/turtlesim
[0.813s] -- Up-to-date: /home/skola/ros2_ws/install/turtlesim/include/turtlesim
[0.813s] -- Up-to-date: /home/skola/ros2_ws/install/turtlesim/include/turtlesim/action
[0.813s] -- Up-to-date: /home/skola/ros2_ws/install/turtlesim/include/turtlesim/action/rotate_absolute.h
[0.813s] -- Up-to-date: /home/skola/ros2_ws/install/turtlesim/include/turtlesim/action/detail
[0.813s] -- Up-to-date: /home/skola/ros2_ws/install/turtlesim/include/turtlesim/action/detail/rotate_absolute__functions.c
[0.814s] -- Up-to-date: /home/skola/ros2_ws/install/turtlesim/include/turtlesim/action/detail/rotate_absolute__struct.h
[0.814s] -- Up-to-date: /home/skola/ros2_ws/install/turtlesim/include/turtlesim/action/detail/rotate_absolute__functions.h
[0.814s] -- Up-to-date: /home/skola/ros2_ws/install/turtlesim/include/turtlesim/action/detail/rotate_absolute__type_support.h
[0.814s] -- Up-to-date: /home/skola/ros2_ws/install/turtlesim/include/turtlesim/srv
[0.815s] -- Up-to-date: /home/skola/ros2_ws/install/turtlesim/include/turtlesim/srv/kill.h
[0.815s] -- Up-to-date: /home/skola/ros2_ws/install/turtlesim/include/turtlesim/srv/spawn.h
[0.815s] -- Up-to-date: /home/skola/ros2_ws/install/turtlesim/include/turtlesim/srv/set_pen.h
[0.816s] -- Up-to-date: /home/skola/ros2_ws/install/turtlesim/include/turtlesim/srv/detail
[0.816s] -- Up-to-date: /home/skola/ros2_ws/install/turtlesim/include/turtlesim/srv/detail/teleport_absolute__struct.h
[0.816s] -- Up-to-date: /home/skola/ros2_ws/install/turtlesim/include/turtlesim/srv/detail/spawn__struct.h
[0.816s] -- Up-to-date: /home/skola/ros2_ws/install/turtlesim/include/turtlesim/srv/detail/teleport_relative__type_support.h
[0.816s] -- Up-to-date: /home/skola/ros2_ws/install/turtlesim/include/turtlesim/srv/detail/kill__functions.c
[0.816s] -- Up-to-date: /home/skola/ros2_ws/install/turtlesim/include/turtlesim/srv/detail/teleport_absolute__type_support.h
[0.817s] -- Up-to-date: /home/skola/ros2_ws/install/turtlesim/include/turtlesim/srv/detail/teleport_absolute__functions.h
[0.817s] -- Up-to-date: /home/skola/ros2_ws/install/turtlesim/include/turtlesim/srv/detail/set_pen__functions.c
[0.817s] -- Up-to-date: /home/skola/ros2_ws/install/turtlesim/include/turtlesim/srv/detail/kill__functions.h
[0.817s] -- Up-to-date: /home/skola/ros2_ws/install/turtlesim/include/turtlesim/srv/detail/kill__struct.h
[0.818s] -- Up-to-date: /home/skola/ros2_ws/install/turtlesim/include/turtlesim/srv/detail/spawn__functions.h
[0.818s] -- Up-to-date: /home/skola/ros2_ws/install/turtlesim/include/turtlesim/srv/detail/spawn__type_support.h
[0.818s] -- Up-to-date: /home/skola/ros2_ws/install/turtlesim/include/turtlesim/srv/detail/spawn__functions.c
[0.818s] -- Up-to-date: /home/skola/ros2_ws/install/turtlesim/include/turtlesim/srv/detail/teleport_relative__functions.h
[0.818s] -- Up-to-date: /home/skola/ros2_ws/install/turtlesim/include/turtlesim/srv/detail/kill__type_support.h
[0.818s] -- Up-to-date: /home/skola/ros2_ws/install/turtlesim/include/turtlesim/srv/detail/teleport_relative__functions.c
[0.818s] -- Up-to-date: /home/skola/ros2_ws/install/turtlesim/include/turtlesim/srv/detail/set_pen__struct.h
[0.818s] -- Up-to-date: /home/skola/ros2_ws/install/turtlesim/include/turtlesim/srv/detail/set_pen__type_support.h
[0.818s] -- Up-to-date: /home/skola/ros2_ws/install/turtlesim/include/turtlesim/srv/detail/teleport_absolute__functions.c
[0.818s] -- Up-to-date: /home/skola/ros2_ws/install/turtlesim/include/turtlesim/srv/detail/set_pen__functions.h
[0.819s] -- Up-to-date: /home/skola/ros2_ws/install/turtlesim/include/turtlesim/srv/detail/teleport_relative__struct.h
[0.819s] -- Up-to-date: /home/skola/ros2_ws/install/turtlesim/include/turtlesim/srv/teleport_absolute.h
[0.819s] -- Up-to-date: /home/skola/ros2_ws/install/turtlesim/include/turtlesim/srv/teleport_relative.h
[0.819s] -- Up-to-date: /home/skola/ros2_ws/install/turtlesim/include/turtlesim/msg
[0.819s] -- Up-to-date: /home/skola/ros2_ws/install/turtlesim/include/turtlesim/msg/rosidl_generator_c__visibility_control.h
[0.819s] -- Up-to-date: /home/skola/ros2_ws/install/turtlesim/include/turtlesim/msg/pose.h
[0.819s] -- Up-to-date: /home/skola/ros2_ws/install/turtlesim/include/turtlesim/msg/detail
[0.819s] -- Up-to-date: /home/skola/ros2_ws/install/turtlesim/include/turtlesim/msg/detail/pose__struct.h
[0.819s] -- Up-to-date: /home/skola/ros2_ws/install/turtlesim/include/turtlesim/msg/detail/color__struct.h
[0.819s] -- Up-to-date: /home/skola/ros2_ws/install/turtlesim/include/turtlesim/msg/detail/color__type_support.h
[0.819s] -- Up-to-date: /home/skola/ros2_ws/install/turtlesim/include/turtlesim/msg/detail/pose__functions.h
[0.819s] -- Up-to-date: /home/skola/ros2_ws/install/turtlesim/include/turtlesim/msg/detail/color__functions.h
[0.819s] -- Up-to-date: /home/skola/ros2_ws/install/turtlesim/include/turtlesim/msg/detail/color__functions.c
[0.819s] -- Up-to-date: /home/skola/ros2_ws/install/turtlesim/include/turtlesim/msg/detail/pose__functions.c
[0.819s] -- Up-to-date: /home/skola/ros2_ws/install/turtlesim/include/turtlesim/msg/detail/pose__type_support.h
[0.819s] -- Up-to-date: /home/skola/ros2_ws/install/turtlesim/include/turtlesim/msg/color.h
[0.819s] -- Up-to-date: /home/skola/ros2_ws/install/turtlesim/share/turtlesim/environment/library_path.sh
[0.819s] -- Up-to-date: /home/skola/ros2_ws/install/turtlesim/share/turtlesim/environment/library_path.dsv
[0.819s] -- Up-to-date: /home/skola/ros2_ws/install/turtlesim/lib/libturtlesim__rosidl_generator_c.so
[0.820s] -- Up-to-date: /home/skola/ros2_ws/install/turtlesim/include/turtlesim
[0.820s] -- Up-to-date: /home/skola/ros2_ws/install/turtlesim/include/turtlesim/action
[0.820s] -- Up-to-date: /home/skola/ros2_ws/install/turtlesim/include/turtlesim/action/detail
[0.820s] -- Up-to-date: /home/skola/ros2_ws/install/turtlesim/include/turtlesim/action/detail/rotate_absolute__rosidl_typesupport_fastrtps_c.h
[0.820s] -- Up-to-date: /home/skola/ros2_ws/install/turtlesim/include/turtlesim/srv
[0.820s] -- Up-to-date: /home/skola/ros2_ws/install/turtlesim/include/turtlesim/srv/detail
[0.820s] -- Up-to-date: /home/skola/ros2_ws/install/turtlesim/include/turtlesim/srv/detail/set_pen__rosidl_typesupport_fastrtps_c.h
[0.820s] -- Up-to-date: /home/skola/ros2_ws/install/turtlesim/include/turtlesim/srv/detail/spawn__rosidl_typesupport_fastrtps_c.h
[0.820s] -- Up-to-date: /home/skola/ros2_ws/install/turtlesim/include/turtlesim/srv/detail/kill__rosidl_typesupport_fastrtps_c.h
[0.820s] -- Up-to-date: /home/skola/ros2_ws/install/turtlesim/include/turtlesim/srv/detail/teleport_relative__rosidl_typesupport_fastrtps_c.h
[0.820s] -- Up-to-date: /home/skola/ros2_ws/install/turtlesim/include/turtlesim/srv/detail/teleport_absolute__rosidl_typesupport_fastrtps_c.h
[0.820s] -- Up-to-date: /home/skola/ros2_ws/install/turtlesim/include/turtlesim/msg
[0.820s] -- Up-to-date: /home/skola/ros2_ws/install/turtlesim/include/turtlesim/msg/detail
[0.820s] -- Up-to-date: /home/skola/ros2_ws/install/turtlesim/include/turtlesim/msg/detail/color__rosidl_typesupport_fastrtps_c.h
[0.820s] -- Up-to-date: /home/skola/ros2_ws/install/turtlesim/include/turtlesim/msg/detail/pose__rosidl_typesupport_fastrtps_c.h
[0.821s] -- Up-to-date: /home/skola/ros2_ws/install/turtlesim/include/turtlesim/msg/rosidl_typesupport_fastrtps_c__visibility_control.h
[0.821s] -- Up-to-date: /home/skola/ros2_ws/install/turtlesim/lib/libturtlesim__rosidl_typesupport_fastrtps_c.so
[0.821s] -- Up-to-date: /home/skola/ros2_ws/install/turtlesim/include/turtlesim
[0.821s] -- Up-to-date: /home/skola/ros2_ws/install/turtlesim/include/turtlesim/action
[0.821s] -- Up-to-date: /home/skola/ros2_ws/install/turtlesim/include/turtlesim/action/detail
[0.821s] -- Up-to-date: /home/skola/ros2_ws/install/turtlesim/include/turtlesim/action/detail/dds_fastrtps
[0.821s] -- Up-to-date: /home/skola/ros2_ws/install/turtlesim/include/turtlesim/action/detail/rotate_absolute__rosidl_typesupport_fastrtps_cpp.hpp
[0.821s] -- Up-to-date: /home/skola/ros2_ws/install/turtlesim/include/turtlesim/srv
[0.821s] -- Up-to-date: /home/skola/ros2_ws/install/turtlesim/include/turtlesim/srv/detail
[0.821s] -- Up-to-date: /home/skola/ros2_ws/install/turtlesim/include/turtlesim/srv/detail/dds_fastrtps
[0.821s] -- Up-to-date: /home/skola/ros2_ws/install/turtlesim/include/turtlesim/srv/detail/teleport_absolute__rosidl_typesupport_fastrtps_cpp.hpp
[0.821s] -- Up-to-date: /home/skola/ros2_ws/install/turtlesim/include/turtlesim/srv/detail/set_pen__rosidl_typesupport_fastrtps_cpp.hpp
[0.821s] -- Up-to-date: /home/skola/ros2_ws/install/turtlesim/include/turtlesim/srv/detail/spawn__rosidl_typesupport_fastrtps_cpp.hpp
[0.821s] -- Up-to-date: /home/skola/ros2_ws/install/turtlesim/include/turtlesim/srv/detail/kill__rosidl_typesupport_fastrtps_cpp.hpp
[0.821s] -- Up-to-date: /home/skola/ros2_ws/install/turtlesim/include/turtlesim/srv/detail/teleport_relative__rosidl_typesupport_fastrtps_cpp.hpp
[0.821s] -- Up-to-date: /home/skola/ros2_ws/install/turtlesim/include/turtlesim/msg
[0.821s] -- Up-to-date: /home/skola/ros2_ws/install/turtlesim/include/turtlesim/msg/detail
[0.822s] -- Up-to-date: /home/skola/ros2_ws/install/turtlesim/include/turtlesim/msg/detail/dds_fastrtps
[0.822s] -- Up-to-date: /home/skola/ros2_ws/install/turtlesim/include/turtlesim/msg/detail/pose__rosidl_typesupport_fastrtps_cpp.hpp
[0.822s] -- Up-to-date: /home/skola/ros2_ws/install/turtlesim/include/turtlesim/msg/detail/color__rosidl_typesupport_fastrtps_cpp.hpp
[0.822s] -- Up-to-date: /home/skola/ros2_ws/install/turtlesim/include/turtlesim/msg/rosidl_typesupport_fastrtps_cpp__visibility_control.h
[0.822s] -- Up-to-date: /home/skola/ros2_ws/install/turtlesim/lib/libturtlesim__rosidl_typesupport_fastrtps_cpp.so
[0.822s] -- Up-to-date: /home/skola/ros2_ws/install/turtlesim/include/turtlesim
[0.822s] -- Up-to-date: /home/skola/ros2_ws/install/turtlesim/include/turtlesim/action
[0.822s] -- Up-to-date: /home/skola/ros2_ws/install/turtlesim/include/turtlesim/action/detail
[0.822s] -- Up-to-date: /home/skola/ros2_ws/install/turtlesim/include/turtlesim/action/detail/rotate_absolute__rosidl_typesupport_introspection_c.h
[0.822s] -- Up-to-date: /home/skola/ros2_ws/install/turtlesim/include/turtlesim/action/detail/rotate_absolute__type_support.c
[0.822s] -- Up-to-date: /home/skola/ros2_ws/install/turtlesim/include/turtlesim/srv
[0.822s] -- Up-to-date: /home/skola/ros2_ws/install/turtlesim/include/turtlesim/srv/detail
[0.822s] -- Up-to-date: /home/skola/ros2_ws/install/turtlesim/include/turtlesim/srv/detail/spawn__rosidl_typesupport_introspection_c.h
[0.822s] -- Up-to-date: /home/skola/ros2_ws/install/turtlesim/include/turtlesim/srv/detail/teleport_relative__type_support.c
[0.822s] -- Up-to-date: /home/skola/ros2_ws/install/turtlesim/include/turtlesim/srv/detail/teleport_absolute__type_support.c
[0.822s] -- Up-to-date: /home/skola/ros2_ws/install/turtlesim/include/turtlesim/srv/detail/spawn__type_support.c
[0.822s] -- Up-to-date: /home/skola/ros2_ws/install/turtlesim/include/turtlesim/srv/detail/set_pen__rosidl_typesupport_introspection_c.h
[0.822s] -- Up-to-date: /home/skola/ros2_ws/install/turtlesim/include/turtlesim/srv/detail/kill__rosidl_typesupport_introspection_c.h
[0.822s] -- Up-to-date: /home/skola/ros2_ws/install/turtlesim/include/turtlesim/srv/detail/teleport_absolute__rosidl_typesupport_introspection_c.h
[0.823s] -- Up-to-date: /home/skola/ros2_ws/install/turtlesim/include/turtlesim/srv/detail/kill__type_support.c
[0.823s] -- Up-to-date: /home/skola/ros2_ws/install/turtlesim/include/turtlesim/srv/detail/set_pen__type_support.c
[0.823s] -- Up-to-date: /home/skola/ros2_ws/install/turtlesim/include/turtlesim/srv/detail/teleport_relative__rosidl_typesupport_introspection_c.h
[0.823s] -- Up-to-date: /home/skola/ros2_ws/install/turtlesim/include/turtlesim/msg
[0.823s] -- Up-to-date: /home/skola/ros2_ws/install/turtlesim/include/turtlesim/msg/rosidl_typesupport_introspection_c__visibility_control.h
[0.823s] -- Up-to-date: /home/skola/ros2_ws/install/turtlesim/include/turtlesim/msg/detail
[0.823s] -- Up-to-date: /home/skola/ros2_ws/install/turtlesim/include/turtlesim/msg/detail/pose__type_support.c
[0.823s] -- Up-to-date: /home/skola/ros2_ws/install/turtlesim/include/turtlesim/msg/detail/color__rosidl_typesupport_introspection_c.h
[0.823s] -- Up-to-date: /home/skola/ros2_ws/install/turtlesim/include/turtlesim/msg/detail/color__type_support.c
[0.823s] -- Up-to-date: /home/skola/ros2_ws/install/turtlesim/include/turtlesim/msg/detail/pose__rosidl_typesupport_introspection_c.h
[0.823s] -- Up-to-date: /home/skola/ros2_ws/install/turtlesim/lib/libturtlesim__rosidl_typesupport_introspection_c.so
[0.823s] -- Up-to-date: /home/skola/ros2_ws/install/turtlesim/lib/libturtlesim__rosidl_typesupport_c.so
[0.823s] -- Up-to-date: /home/skola/ros2_ws/install/turtlesim/include/turtlesim
[0.824s] -- Up-to-date: /home/skola/ros2_ws/install/turtlesim/include/turtlesim/action
[0.824s] -- Up-to-date: /home/skola/ros2_ws/install/turtlesim/include/turtlesim/action/rotate_absolute.hpp
[0.824s] -- Up-to-date: /home/skola/ros2_ws/install/turtlesim/include/turtlesim/action/detail
[0.824s] -- Up-to-date: /home/skola/ros2_ws/install/turtlesim/include/turtlesim/action/detail/rotate_absolute__traits.hpp
[0.825s] -- Up-to-date: /home/skola/ros2_ws/install/turtlesim/include/turtlesim/action/detail/rotate_absolute__builder.hpp
[0.825s] -- Up-to-date: /home/skola/ros2_ws/install/turtlesim/include/turtlesim/action/detail/rotate_absolute__struct.hpp
[0.825s] -- Up-to-date: /home/skola/ros2_ws/install/turtlesim/include/turtlesim/srv
[0.825s] -- Up-to-date: /home/skola/ros2_ws/install/turtlesim/include/turtlesim/srv/set_pen.hpp
[0.825s] -- Up-to-date: /home/skola/ros2_ws/install/turtlesim/include/turtlesim/srv/spawn.hpp
[0.825s] -- Up-to-date: /home/skola/ros2_ws/install/turtlesim/include/turtlesim/srv/detail
[0.825s] -- Up-to-date: /home/skola/ros2_ws/install/turtlesim/include/turtlesim/srv/detail/teleport_relative__builder.hpp
[0.825s] -- Up-to-date: /home/skola/ros2_ws/install/turtlesim/include/turtlesim/srv/detail/teleport_absolute__struct.hpp
[0.826s] -- Up-to-date: /home/skola/ros2_ws/install/turtlesim/include/turtlesim/srv/detail/spawn__traits.hpp
[0.826s] -- Up-to-date: /home/skola/ros2_ws/install/turtlesim/include/turtlesim/srv/detail/spawn__builder.hpp
[0.826s] -- Up-to-date: /home/skola/ros2_ws/install/turtlesim/include/turtlesim/srv/detail/kill__builder.hpp
[0.826s] -- Up-to-date: /home/skola/ros2_ws/install/turtlesim/include/turtlesim/srv/detail/kill__traits.hpp
[0.826s] -- Up-to-date: /home/skola/ros2_ws/install/turtlesim/include/turtlesim/srv/detail/teleport_relative__struct.hpp
[0.826s] -- Up-to-date: /home/skola/ros2_ws/install/turtlesim/include/turtlesim/srv/detail/teleport_relative__traits.hpp
[0.826s] -- Up-to-date: /home/skola/ros2_ws/install/turtlesim/include/turtlesim/srv/detail/kill__struct.hpp
[0.826s] -- Up-to-date: /home/skola/ros2_ws/install/turtlesim/include/turtlesim/srv/detail/set_pen__traits.hpp
[0.826s] -- Up-to-date: /home/skola/ros2_ws/install/turtlesim/include/turtlesim/srv/detail/teleport_absolute__builder.hpp
[0.826s] -- Up-to-date: /home/skola/ros2_ws/install/turtlesim/include/turtlesim/srv/detail/set_pen__builder.hpp
[0.826s] -- Up-to-date: /home/skola/ros2_ws/install/turtlesim/include/turtlesim/srv/detail/teleport_absolute__traits.hpp
[0.826s] -- Up-to-date: /home/skola/ros2_ws/install/turtlesim/include/turtlesim/srv/detail/set_pen__struct.hpp
[0.826s] -- Up-to-date: /home/skola/ros2_ws/install/turtlesim/include/turtlesim/srv/detail/spawn__struct.hpp
[0.826s] -- Up-to-date: /home/skola/ros2_ws/install/turtlesim/include/turtlesim/srv/teleport_relative.hpp
[0.826s] -- Up-to-date: /home/skola/ros2_ws/install/turtlesim/include/turtlesim/srv/teleport_absolute.hpp
[0.827s] -- Up-to-date: /home/skola/ros2_ws/install/turtlesim/include/turtlesim/srv/kill.hpp
[0.827s] -- Up-to-date: /home/skola/ros2_ws/install/turtlesim/include/turtlesim/msg
[0.827s] -- Up-to-date: /home/skola/ros2_ws/install/turtlesim/include/turtlesim/msg/color.hpp
[0.827s] -- Up-to-date: /home/skola/ros2_ws/install/turtlesim/include/turtlesim/msg/pose.hpp
[0.827s] -- Up-to-date: /home/skola/ros2_ws/install/turtlesim/include/turtlesim/msg/detail
[0.827s] -- Up-to-date: /home/skola/ros2_ws/install/turtlesim/include/turtlesim/msg/detail/color__builder.hpp
[0.827s] -- Up-to-date: /home/skola/ros2_ws/install/turtlesim/include/turtlesim/msg/detail/color__traits.hpp
[0.827s] -- Up-to-date: /home/skola/ros2_ws/install/turtlesim/include/turtlesim/msg/detail/color__struct.hpp
[0.827s] -- Up-to-date: /home/skola/ros2_ws/install/turtlesim/include/turtlesim/msg/detail/pose__builder.hpp
[0.827s] -- Up-to-date: /home/skola/ros2_ws/install/turtlesim/include/turtlesim/msg/detail/pose__struct.hpp
[0.827s] -- Up-to-date: /home/skola/ros2_ws/install/turtlesim/include/turtlesim/msg/detail/pose__traits.hpp
[0.827s] -- Up-to-date: /home/skola/ros2_ws/install/turtlesim/include/turtlesim
[0.827s] -- Up-to-date: /home/skola/ros2_ws/install/turtlesim/include/turtlesim/action
[0.827s] -- Up-to-date: /home/skola/ros2_ws/install/turtlesim/include/turtlesim/action/detail
[0.828s] -- Up-to-date: /home/skola/ros2_ws/install/turtlesim/include/turtlesim/action/detail/rotate_absolute__type_support.cpp
[0.828s] -- Up-to-date: /home/skola/ros2_ws/install/turtlesim/include/turtlesim/action/detail/rotate_absolute__rosidl_typesupport_introspection_cpp.hpp
[0.828s] -- Up-to-date: /home/skola/ros2_ws/install/turtlesim/include/turtlesim/srv
[0.828s] -- Up-to-date: /home/skola/ros2_ws/install/turtlesim/include/turtlesim/srv/detail
[0.828s] -- Up-to-date: /home/skola/ros2_ws/install/turtlesim/include/turtlesim/srv/detail/teleport_relative__rosidl_typesupport_introspection_cpp.hpp
[0.828s] -- Up-to-date: /home/skola/ros2_ws/install/turtlesim/include/turtlesim/srv/detail/set_pen__rosidl_typesupport_introspection_cpp.hpp
[0.828s] -- Up-to-date: /home/skola/ros2_ws/install/turtlesim/include/turtlesim/srv/detail/teleport_relative__type_support.cpp
[0.828s] -- Up-to-date: /home/skola/ros2_ws/install/turtlesim/include/turtlesim/srv/detail/set_pen__type_support.cpp
[0.828s] -- Up-to-date: /home/skola/ros2_ws/install/turtlesim/include/turtlesim/srv/detail/teleport_absolute__rosidl_typesupport_introspection_cpp.hpp
[0.828s] -- Up-to-date: /home/skola/ros2_ws/install/turtlesim/include/turtlesim/srv/detail/kill__rosidl_typesupport_introspection_cpp.hpp
[0.828s] -- Up-to-date: /home/skola/ros2_ws/install/turtlesim/include/turtlesim/srv/detail/spawn__type_support.cpp
[0.828s] -- Up-to-date: /home/skola/ros2_ws/install/turtlesim/include/turtlesim/srv/detail/teleport_absolute__type_support.cpp
[0.828s] -- Up-to-date: /home/skola/ros2_ws/install/turtlesim/include/turtlesim/srv/detail/kill__type_support.cpp
[0.828s] -- Up-to-date: /home/skola/ros2_ws/install/turtlesim/include/turtlesim/srv/detail/spawn__rosidl_typesupport_introspection_cpp.hpp
[0.829s] -- Up-to-date: /home/skola/ros2_ws/install/turtlesim/include/turtlesim/msg
[0.829s] -- Up-to-date: /home/skola/ros2_ws/install/turtlesim/include/turtlesim/msg/detail
[0.829s] -- Up-to-date: /home/skola/ros2_ws/install/turtlesim/include/turtlesim/msg/detail/color__type_support.cpp
[0.829s] -- Up-to-date: /home/skola/ros2_ws/install/turtlesim/include/turtlesim/msg/detail/color__rosidl_typesupport_introspection_cpp.hpp
[0.829s] -- Up-to-date: /home/skola/ros2_ws/install/turtlesim/include/turtlesim/msg/detail/pose__type_support.cpp
[0.829s] -- Up-to-date: /home/skola/ros2_ws/install/turtlesim/include/turtlesim/msg/detail/pose__rosidl_typesupport_introspection_cpp.hpp
[0.829s] -- Up-to-date: /home/skola/ros2_ws/install/turtlesim/lib/libturtlesim__rosidl_typesupport_introspection_cpp.so
[0.829s] -- Up-to-date: /home/skola/ros2_ws/install/turtlesim/lib/libturtlesim__rosidl_typesupport_cpp.so
[0.829s] -- Up-to-date: /home/skola/ros2_ws/install/turtlesim/share/turtlesim/environment/pythonpath.sh
[0.829s] -- Up-to-date: /home/skola/ros2_ws/install/turtlesim/share/turtlesim/environment/pythonpath.dsv
[0.829s] -- Up-to-date: /home/skola/ros2_ws/install/turtlesim/lib/python3.8/site-packages/turtlesim/__init__.py
[0.858s] -- Up-to-date: /home/skola/ros2_ws/install/turtlesim/lib/python3.8/site-packages/turtlesim/action
[0.858s] -- Up-to-date: /home/skola/ros2_ws/install/turtlesim/lib/python3.8/site-packages/turtlesim/action/_rotate_absolute_s.c
[0.859s] -- Up-to-date: /home/skola/ros2_ws/install/turtlesim/lib/python3.8/site-packages/turtlesim/action/__init__.py
[0.859s] -- Up-to-date: /home/skola/ros2_ws/install/turtlesim/lib/python3.8/site-packages/turtlesim/action/_rotate_absolute.py
[0.859s] -- Up-to-date: /home/skola/ros2_ws/install/turtlesim/lib/python3.8/site-packages/turtlesim/msg
[0.859s] -- Up-to-date: /home/skola/ros2_ws/install/turtlesim/lib/python3.8/site-packages/turtlesim/msg/_pose_s.c
[0.859s] -- Up-to-date: /home/skola/ros2_ws/install/turtlesim/lib/python3.8/site-packages/turtlesim/msg/_color.py
[0.860s] -- Up-to-date: /home/skola/ros2_ws/install/turtlesim/lib/python3.8/site-packages/turtlesim/msg/_color_s.c
[0.860s] -- Up-to-date: /home/skola/ros2_ws/install/turtlesim/lib/python3.8/site-packages/turtlesim/msg/_pose.py
[0.860s] -- Up-to-date: /home/skola/ros2_ws/install/turtlesim/lib/python3.8/site-packages/turtlesim/msg/__init__.py
[0.860s] -- Up-to-date: /home/skola/ros2_ws/install/turtlesim/lib/python3.8/site-packages/turtlesim/srv
[0.860s] -- Up-to-date: /home/skola/ros2_ws/install/turtlesim/lib/python3.8/site-packages/turtlesim/srv/_teleport_relative_s.c
[0.860s] -- Up-to-date: /home/skola/ros2_ws/install/turtlesim/lib/python3.8/site-packages/turtlesim/srv/_kill.py
[0.860s] -- Up-to-date: /home/skola/ros2_ws/install/turtlesim/lib/python3.8/site-packages/turtlesim/srv/_teleport_relative.py
[0.860s] -- Up-to-date: /home/skola/ros2_ws/install/turtlesim/lib/python3.8/site-packages/turtlesim/srv/_set_pen.py
[0.860s] -- Up-to-date: /home/skola/ros2_ws/install/turtlesim/lib/python3.8/site-packages/turtlesim/srv/_spawn.py
[0.860s] -- Up-to-date: /home/skola/ros2_ws/install/turtlesim/lib/python3.8/site-packages/turtlesim/srv/_spawn_s.c
[0.860s] -- Up-to-date: /home/skola/ros2_ws/install/turtlesim/lib/python3.8/site-packages/turtlesim/srv/_teleport_absolute_s.c
[0.861s] -- Up-to-date: /home/skola/ros2_ws/install/turtlesim/lib/python3.8/site-packages/turtlesim/srv/__init__.py
[0.861s] -- Up-to-date: /home/skola/ros2_ws/install/turtlesim/lib/python3.8/site-packages/turtlesim/srv/_kill_s.c
[0.861s] -- Up-to-date: /home/skola/ros2_ws/install/turtlesim/lib/python3.8/site-packages/turtlesim/srv/_set_pen_s.c
[0.861s] -- Up-to-date: /home/skola/ros2_ws/install/turtlesim/lib/python3.8/site-packages/turtlesim/srv/_teleport_absolute.py
[0.862s] -- Up-to-date: /home/skola/ros2_ws/install/turtlesim/lib/python3.8/site-packages/turtlesim/turtlesim_s__rosidl_typesupport_fastrtps_c.cpython-38-x86_64-linux-gnu.so
[0.862s] -- Up-to-date: /home/skola/ros2_ws/install/turtlesim/lib/python3.8/site-packages/turtlesim/turtlesim_s__rosidl_typesupport_introspection_c.cpython-38-x86_64-linux-gnu.so
[0.862s] -- Up-to-date: /home/skola/ros2_ws/install/turtlesim/lib/python3.8/site-packages/turtlesim/turtlesim_s__rosidl_typesupport_c.cpython-38-x86_64-linux-gnu.so
[0.862s] -- Up-to-date: /home/skola/ros2_ws/install/turtlesim/lib/libturtlesim__python.so
[0.862s] -- Up-to-date: /home/skola/ros2_ws/install/turtlesim/share/turtlesim/action/RotateAbsolute.idl
[0.863s] -- Up-to-date: /home/skola/ros2_ws/install/turtlesim/share/turtlesim/msg/Color.idl
[0.863s] -- Up-to-date: /home/skola/ros2_ws/install/turtlesim/share/turtlesim/msg/Pose.idl
[0.863s] -- Up-to-date: /home/skola/ros2_ws/install/turtlesim/share/turtlesim/srv/Kill.idl
[0.863s] -- Up-to-date: /home/skola/ros2_ws/install/turtlesim/share/turtlesim/srv/SetPen.idl
[0.863s] -- Up-to-date: /home/skola/ros2_ws/install/turtlesim/share/turtlesim/srv/Spawn.idl
[0.864s] -- Up-to-date: /home/skola/ros2_ws/install/turtlesim/share/turtlesim/srv/TeleportAbsolute.idl
[0.864s] -- Up-to-date: /home/skola/ros2_ws/install/turtlesim/share/turtlesim/srv/TeleportRelative.idl
[0.864s] -- Up-to-date: /home/skola/ros2_ws/install/turtlesim/share/turtlesim/action/RotateAbsolute.action
[0.864s] -- Up-to-date: /home/skola/ros2_ws/install/turtlesim/share/turtlesim/msg/Color.msg
[0.864s] -- Up-to-date: /home/skola/ros2_ws/install/turtlesim/share/turtlesim/msg/Pose.msg
[0.864s] -- Up-to-date: /home/skola/ros2_ws/install/turtlesim/share/turtlesim/srv/Kill.srv
[0.864s] -- Up-to-date: /home/skola/ros2_ws/install/turtlesim/share/turtlesim/srv/Kill_Request.msg
[0.864s] -- Up-to-date: /home/skola/ros2_ws/install/turtlesim/share/turtlesim/srv/Kill_Response.msg
[0.864s] -- Up-to-date: /home/skola/ros2_ws/install/turtlesim/share/turtlesim/srv/SetPen.srv
[0.865s] -- Up-to-date: /home/skola/ros2_ws/install/turtlesim/share/turtlesim/srv/SetPen_Request.msg
[0.865s] -- Up-to-date: /home/skola/ros2_ws/install/turtlesim/share/turtlesim/srv/SetPen_Response.msg
[0.865s] -- Up-to-date: /home/skola/ros2_ws/install/turtlesim/share/turtlesim/srv/Spawn.srv
[0.866s] -- Up-to-date: /home/skola/ros2_ws/install/turtlesim/share/turtlesim/srv/Spawn_Request.msg
[0.866s] -- Up-to-date: /home/skola/ros2_ws/install/turtlesim/share/turtlesim/srv/Spawn_Response.msg
[0.866s] -- Up-to-date: /home/skola/ros2_ws/install/turtlesim/share/turtlesim/srv/TeleportAbsolute.srv
[0.866s] -- Up-to-date: /home/skola/ros2_ws/install/turtlesim/share/turtlesim/srv/TeleportAbsolute_Request.msg
[0.866s] -- Up-to-date: /home/skola/ros2_ws/install/turtlesim/share/turtlesim/srv/TeleportAbsolute_Response.msg
[0.866s] -- Up-to-date: /home/skola/ros2_ws/install/turtlesim/share/turtlesim/srv/TeleportRelative.srv
[0.866s] -- Up-to-date: /home/skola/ros2_ws/install/turtlesim/share/turtlesim/srv/TeleportRelative_Request.msg
[0.866s] -- Up-to-date: /home/skola/ros2_ws/install/turtlesim/share/turtlesim/srv/TeleportRelative_Response.msg
[0.867s] -- Up-to-date: /home/skola/ros2_ws/install/turtlesim/lib/turtlesim/turtlesim_node
[0.867s] -- Up-to-date: /home/skola/ros2_ws/install/turtlesim/lib/turtlesim/turtle_teleop_key
[0.867s] -- Up-to-date: /home/skola/ros2_ws/install/turtlesim/lib/turtlesim/draw_square
[0.867s] -- Up-to-date: /home/skola/ros2_ws/install/turtlesim/lib/turtlesim/mimic
[0.867s] -- Up-to-date: /home/skola/ros2_ws/install/turtlesim/share/turtlesim/images
[0.867s] -- Up-to-date: /home/skola/ros2_ws/install/turtlesim/share/turtlesim/images/dashing.png
[0.867s] -- Up-to-date: /home/skola/ros2_ws/install/turtlesim/share/turtlesim/images/crystal.png
[0.868s] -- Up-to-date: /home/skola/ros2_ws/install/turtlesim/share/turtlesim/images/ardent.png
[0.868s] -- Up-to-date: /home/skola/ros2_ws/install/turtlesim/share/turtlesim/images/foxy.png
[0.868s] -- Up-to-date: /home/skola/ros2_ws/install/turtlesim/share/turtlesim/images/eloquent.png
[0.868s] -- Up-to-date: /home/skola/ros2_ws/install/turtlesim/share/turtlesim/images/bouncy.png
[0.868s] -- Up-to-date: /home/skola/ros2_ws/install/turtlesim/share/turtlesim/launch
[0.868s] -- Up-to-date: /home/skola/ros2_ws/install/turtlesim/share/turtlesim/launch/multisim.launch.py
[0.868s] -- Up-to-date: /home/skola/ros2_ws/install/turtlesim/share/ament_index/resource_index/package_run_dependencies/turtlesim
[0.868s] -- Up-to-date: /home/skola/ros2_ws/install/turtlesim/share/ament_index/resource_index/parent_prefix_path/turtlesim
[0.868s] -- Up-to-date: /home/skola/ros2_ws/install/turtlesim/share/turtlesim/environment/ament_prefix_path.sh
[0.869s] -- Up-to-date: /home/skola/ros2_ws/install/turtlesim/share/turtlesim/environment/ament_prefix_path.dsv
[0.869s] -- Up-to-date: /home/skola/ros2_ws/install/turtlesim/share/turtlesim/environment/path.sh
[0.869s] -- Up-to-date: /home/skola/ros2_ws/install/turtlesim/share/turtlesim/environment/path.dsv
[0.869s] -- Up-to-date: /home/skola/ros2_ws/install/turtlesim/share/turtlesim/local_setup.bash
[0.869s] -- Up-to-date: /home/skola/ros2_ws/install/turtlesim/share/turtlesim/local_setup.sh
[0.869s] -- Up-to-date: /home/skola/ros2_ws/install/turtlesim/share/turtlesim/local_setup.zsh
[0.869s] -- Up-to-date: /home/skola/ros2_ws/install/turtlesim/share/turtlesim/local_setup.dsv
[0.869s] -- Installing: /home/skola/ros2_ws/install/turtlesim/share/turtlesim/package.dsv
[0.869s] -- Up-to-date: /home/skola/ros2_ws/install/turtlesim/share/ament_index/resource_index/packages/turtlesim
[0.869s] -- Up-to-date: /home/skola/ros2_ws/install/turtlesim/share/turtlesim/cmake/turtlesim__rosidl_generator_cExport.cmake
[0.869s] -- Up-to-date: /home/skola/ros2_ws/install/turtlesim/share/turtlesim/cmake/turtlesim__rosidl_generator_cExport-noconfig.cmake
[0.869s] -- Up-to-date: /home/skola/ros2_ws/install/turtlesim/share/turtlesim/cmake/turtlesim__rosidl_typesupport_introspection_cExport.cmake
[0.869s] -- Up-to-date: /home/skola/ros2_ws/install/turtlesim/share/turtlesim/cmake/turtlesim__rosidl_typesupport_introspection_cExport-noconfig.cmake
[0.870s] -- Up-to-date: /home/skola/ros2_ws/install/turtlesim/share/turtlesim/cmake/turtlesim__rosidl_typesupport_cExport.cmake
[0.870s] -- Up-to-date: /home/skola/ros2_ws/install/turtlesim/share/turtlesim/cmake/turtlesim__rosidl_typesupport_cExport-noconfig.cmake
[0.870s] -- Up-to-date: /home/skola/ros2_ws/install/turtlesim/share/turtlesim/cmake/turtlesim__rosidl_generator_cppExport.cmake
[0.870s] -- Up-to-date: /home/skola/ros2_ws/install/turtlesim/share/turtlesim/cmake/turtlesim__rosidl_typesupport_introspection_cppExport.cmake
[0.870s] -- Up-to-date: /home/skola/ros2_ws/install/turtlesim/share/turtlesim/cmake/turtlesim__rosidl_typesupport_introspection_cppExport-noconfig.cmake
[0.870s] -- Up-to-date: /home/skola/ros2_ws/install/turtlesim/share/turtlesim/cmake/turtlesim__rosidl_typesupport_cppExport.cmake
[0.870s] -- Up-to-date: /home/skola/ros2_ws/install/turtlesim/share/turtlesim/cmake/turtlesim__rosidl_typesupport_cppExport-noconfig.cmake
[0.871s] -- Up-to-date: /home/skola/ros2_ws/install/turtlesim/share/turtlesim/cmake/rosidl_cmake-extras.cmake
[0.871s] -- Up-to-date: /home/skola/ros2_ws/install/turtlesim/share/turtlesim/cmake/ament_cmake_export_dependencies-extras.cmake
[0.871s] -- Up-to-date: /home/skola/ros2_ws/install/turtlesim/share/turtlesim/cmake/ament_cmake_export_libraries-extras.cmake
[0.871s] -- Up-to-date: /home/skola/ros2_ws/install/turtlesim/share/turtlesim/cmake/ament_cmake_export_targets-extras.cmake
[0.871s] -- Up-to-date: /home/skola/ros2_ws/install/turtlesim/share/turtlesim/cmake/ament_cmake_export_include_directories-extras.cmake
[0.871s] -- Up-to-date: /home/skola/ros2_ws/install/turtlesim/share/turtlesim/cmake/rosidl_cmake_export_typesupport_libraries-extras.cmake
[0.871s] -- Up-to-date: /home/skola/ros2_ws/install/turtlesim/share/turtlesim/cmake/rosidl_cmake_export_typesupport_targets-extras.cmake
[0.872s] -- Up-to-date: /home/skola/ros2_ws/install/turtlesim/share/turtlesim/cmake/turtlesimConfig.cmake
[0.872s] -- Up-to-date: /home/skola/ros2_ws/install/turtlesim/share/turtlesim/cmake/turtlesimConfig-version.cmake
[0.873s] -- Up-to-date: /home/skola/ros2_ws/install/turtlesim/share/turtlesim/package.xml
[0.877s] Invoked command in '/home/skola/ros2_ws/build/turtlesim' returned '0': CMAKE_PREFIX_PATH=/opt/ros/foxy /usr/bin/cmake --install /home/skola/ros2_ws/build/turtlesim
