[0.046s] Invoking command in '/home/skola/ros2_ws/build/cpp_srvcli': CMAKE_PREFIX_PATH=/opt/ros/foxy /usr/bin/cmake /home/skola/ros2_ws/src/cpp_srvcli -DCMAKE_INSTALL_PREFIX=/home/skola/ros2_ws/install/cpp_srvcli
[0.142s] -- The C compiler identification is GNU 9.3.0
[0.255s] -- The CXX compiler identification is GNU 9.3.0
[0.259s] -- Check for working C compiler: /usr/bin/cc
[0.381s] -- Check for working C compiler: /usr/bin/cc -- works
[0.381s] -- Detecting C compiler ABI info
[0.485s] -- Detecting C compiler ABI info - done
[0.504s] -- Detecting C compile features
[0.504s] -- Detecting C compile features - done
[0.511s] -- Check for working CXX compiler: /usr/bin/c++
[0.653s] -- Check for working CXX compiler: /usr/bin/c++ -- works
[0.654s] -- Detecting CXX compiler ABI info
[0.800s] -- Detecting CXX compiler ABI info - done
[0.821s] -- Detecting CXX compile features
[0.822s] -- Detecting CXX compile features - done
[0.827s] -- Found ament_cmake: 0.9.9 (/opt/ros/foxy/share/ament_cmake/cmake)
[0.865s] -- Found PythonInterp: /usr/bin/python3 (found suitable version "3.8.10", minimum required is "3") 
[0.865s] -- Using PYTHON_EXECUTABLE: /usr/bin/python3
[1.116s] -- Found rclcpp: 2.4.0 (/opt/ros/foxy/share/rclcpp/cmake)
[1.187s] -- Using all available rosidl_typesupport_c: rosidl_typesupport_fastrtps_c;rosidl_typesupport_introspection_c
[1.195s] -- Found rosidl_adapter: 1.2.1 (/opt/ros/foxy/share/rosidl_adapter/cmake)
[1.332s] -- Found OpenSSL: /usr/lib/x86_64-linux-gnu/libcrypto.so (found version "1.1.1f")  
[1.396s] -- Found FastRTPS: /opt/ros/foxy/include  
[1.519s] -- Using all available rosidl_typesupport_cpp: rosidl_typesupport_fastrtps_cpp;rosidl_typesupport_introspection_cpp
[1.598s] -- Found rmw_implementation_cmake: 1.0.3 (/opt/ros/foxy/share/rmw_implementation_cmake/cmake)
[1.599s] -- Using RMW implementation 'rmw_fastrtps_cpp' as default
[1.600s] -- Looking for pthread.h
[1.711s] -- Looking for pthread.h - found
[1.711s] -- Performing Test CMAKE_HAVE_LIBC_PTHREAD
[1.840s] -- Performing Test CMAKE_HAVE_LIBC_PTHREAD - Failed
[1.840s] -- Looking for pthread_create in pthreads
[1.943s] -- Looking for pthread_create in pthreads - not found
[1.943s] -- Looking for pthread_create in pthread
[2.062s] -- Looking for pthread_create in pthread - found
[2.064s] -- Found Threads: TRUE  
[2.272s] CMake Error at CMakeLists.txt:21 (find_package):
[2.272s]   By not providing "Findtutorial_interfaces.cmake" in CMAKE_MODULE_PATH this
[2.272s]   project has asked CMake to find a package configuration file provided by
[2.272s]   "tutorial_interfaces", but CMake did not find one.
[2.273s] 
[2.273s]   Could not find a package configuration file provided by
[2.273s]   "tutorial_interfaces" with any of the following names:
[2.273s] 
[2.273s]     tutorial_interfacesConfig.cmake
[2.273s]     tutorial_interfaces-config.cmake
[2.273s] 
[2.273s]   Add the installation prefix of "tutorial_interfaces" to CMAKE_PREFIX_PATH
[2.273s]   or set "tutorial_interfaces_DIR" to a directory containing one of the above
[2.273s]   files.  If "tutorial_interfaces" provides a separate development package or
[2.274s]   SDK, be sure it has been installed.
[2.274s] 
[2.274s] 
[2.274s] -- Configuring incomplete, errors occurred!
[2.274s] See also "/home/skola/ros2_ws/build/cpp_srvcli/CMakeFiles/CMakeOutput.log".
[2.274s] See also "/home/skola/ros2_ws/build/cpp_srvcli/CMakeFiles/CMakeError.log".
[2.285s] Invoked command in '/home/skola/ros2_ws/build/cpp_srvcli' returned '1': CMAKE_PREFIX_PATH=/opt/ros/foxy /usr/bin/cmake /home/skola/ros2_ws/src/cpp_srvcli -DCMAKE_INSTALL_PREFIX=/home/skola/ros2_ws/install/cpp_srvcli
