[0.177s] DEBUG:colcon:Command line arguments: ['/usr/bin/colcon', 'build']
[0.177s] DEBUG:colcon:Parsed command line arguments: Namespace(ament_cmake_args=None, base_paths=['.'], build_base='build', catkin_cmake_args=None, catkin_skip_building_tests=False, cmake_args=None, cmake_clean_cache=False, cmake_clean_first=False, cmake_force_configure=False, cmake_target=None, cmake_target_skip_unavailable=False, continue_on_error=False, event_handlers=None, executor='parallel', ignore_user_meta=False, install_base='install', log_base=None, log_level=None, main=<bound method BuildVerb.main of <colcon_core.verb.build.BuildVerb object at 0x7fda98f222e0>>, merge_install=False, metas=['./colcon.meta'], packages_above=None, packages_above_and_dependencies=None, packages_above_depth=None, packages_end=None, packages_ignore=None, packages_ignore_regex=None, packages_select=None, packages_select_build_failed=False, packages_select_by_dep=None, packages_select_regex=None, packages_select_test_failures=False, packages_skip=None, packages_skip_build_finished=False, packages_skip_by_dep=None, packages_skip_regex=None, packages_skip_test_passed=False, packages_skip_up_to=None, packages_start=None, packages_up_to=None, packages_up_to_regex=None, parallel_workers=8, paths=None, symlink_install=False, test_result_base=None, verb_extension=<colcon_core.verb.build.BuildVerb object at 0x7fda98f222e0>, verb_name='build', verb_parser=<colcon_defaults.argument_parser.defaults.DefaultArgumentsDecorator object at 0x7fda98f22820>)
[0.180s] Level 1:colcon.colcon_core.package_discovery:discover_packages(colcon_meta) check parameters
[0.180s] Level 1:colcon.colcon_core.package_discovery:discover_packages(recursive) check parameters
[0.180s] Level 1:colcon.colcon_core.package_discovery:discover_packages(ignore) check parameters
[0.180s] Level 1:colcon.colcon_core.package_discovery:discover_packages(path) check parameters
[0.180s] Level 1:colcon.colcon_core.package_discovery:discover_packages(colcon_meta) discover
[0.180s] Level 1:colcon.colcon_core.package_discovery:discover_packages(recursive) discover
[0.180s] INFO:colcon.colcon_core.package_discovery:Crawling recursively for packages in '/home/skola/ros2_ws'
[0.180s] Level 1:colcon.colcon_core.package_identification:_identify(.) by extensions ['ignore', 'ignore_ament_install']
[0.180s] Level 1:colcon.colcon_core.package_identification:_identify(.) by extension 'ignore'
[0.180s] Level 1:colcon.colcon_core.package_identification:_identify(.) by extension 'ignore_ament_install'
[0.180s] Level 1:colcon.colcon_core.package_identification:_identify(.) by extensions ['colcon_pkg']
[0.180s] Level 1:colcon.colcon_core.package_identification:_identify(.) by extension 'colcon_pkg'
[0.180s] Level 1:colcon.colcon_core.package_identification:_identify(.) by extensions ['colcon_meta']
[0.180s] Level 1:colcon.colcon_core.package_identification:_identify(.) by extension 'colcon_meta'
[0.180s] Level 1:colcon.colcon_core.package_identification:_identify(.) by extensions ['ros']
[0.180s] Level 1:colcon.colcon_core.package_identification:_identify(.) by extension 'ros'
[0.188s] Level 1:colcon.colcon_core.package_identification:_identify(.) by extensions ['cmake', 'python']
[0.188s] Level 1:colcon.colcon_core.package_identification:_identify(.) by extension 'cmake'
[0.188s] Level 1:colcon.colcon_core.package_identification:_identify(.) by extension 'python'
[0.188s] Level 1:colcon.colcon_core.package_identification:_identify(.) by extensions ['python_setup_py']
[0.188s] Level 1:colcon.colcon_core.package_identification:_identify(.) by extension 'python_setup_py'
[0.188s] Level 1:colcon.colcon_core.package_identification:_identify(build) by extensions ['ignore', 'ignore_ament_install']
[0.188s] Level 1:colcon.colcon_core.package_identification:_identify(build) by extension 'ignore'
[0.188s] Level 1:colcon.colcon_core.package_identification:_identify(build) ignored
[0.188s] Level 1:colcon.colcon_core.package_identification:_identify(install) by extensions ['ignore', 'ignore_ament_install']
[0.188s] Level 1:colcon.colcon_core.package_identification:_identify(install) by extension 'ignore'
[0.188s] Level 1:colcon.colcon_core.package_identification:_identify(install) ignored
[0.188s] Level 1:colcon.colcon_core.package_identification:_identify(log) by extensions ['ignore', 'ignore_ament_install']
[0.189s] Level 1:colcon.colcon_core.package_identification:_identify(log) by extension 'ignore'
[0.189s] Level 1:colcon.colcon_core.package_identification:_identify(log) ignored
[0.189s] Level 1:colcon.colcon_core.package_identification:_identify(src) by extensions ['ignore', 'ignore_ament_install']
[0.189s] Level 1:colcon.colcon_core.package_identification:_identify(src) by extension 'ignore'
[0.189s] Level 1:colcon.colcon_core.package_identification:_identify(src) by extension 'ignore_ament_install'
[0.189s] Level 1:colcon.colcon_core.package_identification:_identify(src) by extensions ['colcon_pkg']
[0.189s] Level 1:colcon.colcon_core.package_identification:_identify(src) by extension 'colcon_pkg'
[0.189s] Level 1:colcon.colcon_core.package_identification:_identify(src) by extensions ['colcon_meta']
[0.189s] Level 1:colcon.colcon_core.package_identification:_identify(src) by extension 'colcon_meta'
[0.189s] Level 1:colcon.colcon_core.package_identification:_identify(src) by extensions ['ros']
[0.189s] Level 1:colcon.colcon_core.package_identification:_identify(src) by extension 'ros'
[0.189s] Level 1:colcon.colcon_core.package_identification:_identify(src) by extensions ['cmake', 'python']
[0.189s] Level 1:colcon.colcon_core.package_identification:_identify(src) by extension 'cmake'
[0.189s] Level 1:colcon.colcon_core.package_identification:_identify(src) by extension 'python'
[0.189s] Level 1:colcon.colcon_core.package_identification:_identify(src) by extensions ['python_setup_py']
[0.189s] Level 1:colcon.colcon_core.package_identification:_identify(src) by extension 'python_setup_py'
[0.189s] Level 1:colcon.colcon_core.package_identification:_identify(src/cpp_parameters) by extensions ['ignore', 'ignore_ament_install']
[0.189s] Level 1:colcon.colcon_core.package_identification:_identify(src/cpp_parameters) by extension 'ignore'
[0.189s] Level 1:colcon.colcon_core.package_identification:_identify(src/cpp_parameters) by extension 'ignore_ament_install'
[0.189s] Level 1:colcon.colcon_core.package_identification:_identify(src/cpp_parameters) by extensions ['colcon_pkg']
[0.189s] Level 1:colcon.colcon_core.package_identification:_identify(src/cpp_parameters) by extension 'colcon_pkg'
[0.189s] Level 1:colcon.colcon_core.package_identification:_identify(src/cpp_parameters) by extensions ['colcon_meta']
[0.189s] Level 1:colcon.colcon_core.package_identification:_identify(src/cpp_parameters) by extension 'colcon_meta'
[0.189s] Level 1:colcon.colcon_core.package_identification:_identify(src/cpp_parameters) by extensions ['ros']
[0.189s] Level 1:colcon.colcon_core.package_identification:_identify(src/cpp_parameters) by extension 'ros'
[0.191s] DEBUG:colcon.colcon_core.package_identification:Package 'src/cpp_parameters' with type 'ros.ament_cmake' and name 'cpp_parameters'
[0.191s] Level 1:colcon.colcon_core.package_identification:_identify(src/cpp_pubsub) by extensions ['ignore', 'ignore_ament_install']
[0.191s] Level 1:colcon.colcon_core.package_identification:_identify(src/cpp_pubsub) by extension 'ignore'
[0.191s] Level 1:colcon.colcon_core.package_identification:_identify(src/cpp_pubsub) by extension 'ignore_ament_install'
[0.191s] Level 1:colcon.colcon_core.package_identification:_identify(src/cpp_pubsub) by extensions ['colcon_pkg']
[0.191s] Level 1:colcon.colcon_core.package_identification:_identify(src/cpp_pubsub) by extension 'colcon_pkg'
[0.191s] Level 1:colcon.colcon_core.package_identification:_identify(src/cpp_pubsub) by extensions ['colcon_meta']
[0.191s] Level 1:colcon.colcon_core.package_identification:_identify(src/cpp_pubsub) by extension 'colcon_meta'
[0.191s] Level 1:colcon.colcon_core.package_identification:_identify(src/cpp_pubsub) by extensions ['ros']
[0.191s] Level 1:colcon.colcon_core.package_identification:_identify(src/cpp_pubsub) by extension 'ros'
[0.191s] DEBUG:colcon.colcon_core.package_identification:Package 'src/cpp_pubsub' with type 'ros.ament_cmake' and name 'cpp_pubsub'
[0.191s] Level 1:colcon.colcon_core.package_identification:_identify(src/cpp_srvcli) by extensions ['ignore', 'ignore_ament_install']
[0.192s] Level 1:colcon.colcon_core.package_identification:_identify(src/cpp_srvcli) by extension 'ignore'
[0.192s] Level 1:colcon.colcon_core.package_identification:_identify(src/cpp_srvcli) by extension 'ignore_ament_install'
[0.192s] Level 1:colcon.colcon_core.package_identification:_identify(src/cpp_srvcli) by extensions ['colcon_pkg']
[0.192s] Level 1:colcon.colcon_core.package_identification:_identify(src/cpp_srvcli) by extension 'colcon_pkg'
[0.192s] Level 1:colcon.colcon_core.package_identification:_identify(src/cpp_srvcli) by extensions ['colcon_meta']
[0.192s] Level 1:colcon.colcon_core.package_identification:_identify(src/cpp_srvcli) by extension 'colcon_meta'
[0.192s] Level 1:colcon.colcon_core.package_identification:_identify(src/cpp_srvcli) by extensions ['ros']
[0.192s] Level 1:colcon.colcon_core.package_identification:_identify(src/cpp_srvcli) by extension 'ros'
[0.192s] DEBUG:colcon.colcon_core.package_identification:Package 'src/cpp_srvcli' with type 'ros.ament_cmake' and name 'cpp_srvcli'
[0.192s] Level 1:colcon.colcon_core.package_identification:_identify(src/cpp_topic) by extensions ['ignore', 'ignore_ament_install']
[0.192s] Level 1:colcon.colcon_core.package_identification:_identify(src/cpp_topic) by extension 'ignore'
[0.192s] Level 1:colcon.colcon_core.package_identification:_identify(src/cpp_topic) by extension 'ignore_ament_install'
[0.192s] Level 1:colcon.colcon_core.package_identification:_identify(src/cpp_topic) by extensions ['colcon_pkg']
[0.192s] Level 1:colcon.colcon_core.package_identification:_identify(src/cpp_topic) by extension 'colcon_pkg'
[0.192s] Level 1:colcon.colcon_core.package_identification:_identify(src/cpp_topic) by extensions ['colcon_meta']
[0.192s] Level 1:colcon.colcon_core.package_identification:_identify(src/cpp_topic) by extension 'colcon_meta'
[0.192s] Level 1:colcon.colcon_core.package_identification:_identify(src/cpp_topic) by extensions ['ros']
[0.192s] Level 1:colcon.colcon_core.package_identification:_identify(src/cpp_topic) by extension 'ros'
[0.193s] DEBUG:colcon.colcon_core.package_identification:Package 'src/cpp_topic' with type 'ros.ament_cmake' and name 'cpp_topic'
[0.193s] Level 1:colcon.colcon_core.package_identification:_identify(src/more_interfaces) by extensions ['ignore', 'ignore_ament_install']
[0.193s] Level 1:colcon.colcon_core.package_identification:_identify(src/more_interfaces) by extension 'ignore'
[0.193s] Level 1:colcon.colcon_core.package_identification:_identify(src/more_interfaces) by extension 'ignore_ament_install'
[0.193s] Level 1:colcon.colcon_core.package_identification:_identify(src/more_interfaces) by extensions ['colcon_pkg']
[0.193s] Level 1:colcon.colcon_core.package_identification:_identify(src/more_interfaces) by extension 'colcon_pkg'
[0.193s] Level 1:colcon.colcon_core.package_identification:_identify(src/more_interfaces) by extensions ['colcon_meta']
[0.193s] Level 1:colcon.colcon_core.package_identification:_identify(src/more_interfaces) by extension 'colcon_meta'
[0.193s] Level 1:colcon.colcon_core.package_identification:_identify(src/more_interfaces) by extensions ['ros']
[0.193s] Level 1:colcon.colcon_core.package_identification:_identify(src/more_interfaces) by extension 'ros'
[0.193s] DEBUG:colcon.colcon_core.package_identification:Package 'src/more_interfaces' with type 'ros.ament_cmake' and name 'more_interfaces'
[0.193s] Level 1:colcon.colcon_core.package_identification:_identify(src/my_package) by extensions ['ignore', 'ignore_ament_install']
[0.194s] Level 1:colcon.colcon_core.package_identification:_identify(src/my_package) by extension 'ignore'
[0.194s] Level 1:colcon.colcon_core.package_identification:_identify(src/my_package) by extension 'ignore_ament_install'
[0.194s] Level 1:colcon.colcon_core.package_identification:_identify(src/my_package) by extensions ['colcon_pkg']
[0.194s] Level 1:colcon.colcon_core.package_identification:_identify(src/my_package) by extension 'colcon_pkg'
[0.194s] Level 1:colcon.colcon_core.package_identification:_identify(src/my_package) by extensions ['colcon_meta']
[0.194s] Level 1:colcon.colcon_core.package_identification:_identify(src/my_package) by extension 'colcon_meta'
[0.194s] Level 1:colcon.colcon_core.package_identification:_identify(src/my_package) by extensions ['ros']
[0.194s] Level 1:colcon.colcon_core.package_identification:_identify(src/my_package) by extension 'ros'
[0.194s] DEBUG:colcon.colcon_core.package_identification:Package 'src/my_package' with type 'ros.ament_cmake' and name 'my_package'
[0.194s] Level 1:colcon.colcon_core.package_identification:_identify(src/ros_tutorials) by extensions ['ignore', 'ignore_ament_install']
[0.194s] Level 1:colcon.colcon_core.package_identification:_identify(src/ros_tutorials) by extension 'ignore'
[0.194s] Level 1:colcon.colcon_core.package_identification:_identify(src/ros_tutorials) by extension 'ignore_ament_install'
[0.194s] Level 1:colcon.colcon_core.package_identification:_identify(src/ros_tutorials) by extensions ['colcon_pkg']
[0.194s] Level 1:colcon.colcon_core.package_identification:_identify(src/ros_tutorials) by extension 'colcon_pkg'
[0.194s] Level 1:colcon.colcon_core.package_identification:_identify(src/ros_tutorials) by extensions ['colcon_meta']
[0.194s] Level 1:colcon.colcon_core.package_identification:_identify(src/ros_tutorials) by extension 'colcon_meta'
[0.194s] Level 1:colcon.colcon_core.package_identification:_identify(src/ros_tutorials) by extensions ['ros']
[0.194s] Level 1:colcon.colcon_core.package_identification:_identify(src/ros_tutorials) by extension 'ros'
[0.194s] Level 1:colcon.colcon_core.package_identification:_identify(src/ros_tutorials) by extensions ['cmake', 'python']
[0.194s] Level 1:colcon.colcon_core.package_identification:_identify(src/ros_tutorials) by extension 'cmake'
[0.194s] Level 1:colcon.colcon_core.package_identification:_identify(src/ros_tutorials) by extension 'python'
[0.194s] Level 1:colcon.colcon_core.package_identification:_identify(src/ros_tutorials) by extensions ['python_setup_py']
[0.194s] Level 1:colcon.colcon_core.package_identification:_identify(src/ros_tutorials) by extension 'python_setup_py'
[0.194s] Level 1:colcon.colcon_core.package_identification:_identify(src/ros_tutorials/ros_tutorials) by extensions ['ignore', 'ignore_ament_install']
[0.194s] Level 1:colcon.colcon_core.package_identification:_identify(src/ros_tutorials/ros_tutorials) by extension 'ignore'
[0.195s] Level 1:colcon.colcon_core.package_identification:_identify(src/ros_tutorials/ros_tutorials) ignored
[0.195s] Level 1:colcon.colcon_core.package_identification:_identify(src/ros_tutorials/roscpp_tutorials) by extensions ['ignore', 'ignore_ament_install']
[0.195s] Level 1:colcon.colcon_core.package_identification:_identify(src/ros_tutorials/roscpp_tutorials) by extension 'ignore'
[0.195s] Level 1:colcon.colcon_core.package_identification:_identify(src/ros_tutorials/roscpp_tutorials) ignored
[0.195s] Level 1:colcon.colcon_core.package_identification:_identify(src/ros_tutorials/rospy_tutorials) by extensions ['ignore', 'ignore_ament_install']
[0.195s] Level 1:colcon.colcon_core.package_identification:_identify(src/ros_tutorials/rospy_tutorials) by extension 'ignore'
[0.195s] Level 1:colcon.colcon_core.package_identification:_identify(src/ros_tutorials/rospy_tutorials) ignored
[0.195s] Level 1:colcon.colcon_core.package_identification:_identify(src/ros_tutorials/turtlesim) by extensions ['ignore', 'ignore_ament_install']
[0.195s] Level 1:colcon.colcon_core.package_identification:_identify(src/ros_tutorials/turtlesim) by extension 'ignore'
[0.195s] Level 1:colcon.colcon_core.package_identification:_identify(src/ros_tutorials/turtlesim) by extension 'ignore_ament_install'
[0.195s] Level 1:colcon.colcon_core.package_identification:_identify(src/ros_tutorials/turtlesim) by extensions ['colcon_pkg']
[0.195s] Level 1:colcon.colcon_core.package_identification:_identify(src/ros_tutorials/turtlesim) by extension 'colcon_pkg'
[0.195s] Level 1:colcon.colcon_core.package_identification:_identify(src/ros_tutorials/turtlesim) by extensions ['colcon_meta']
[0.195s] Level 1:colcon.colcon_core.package_identification:_identify(src/ros_tutorials/turtlesim) by extension 'colcon_meta'
[0.195s] Level 1:colcon.colcon_core.package_identification:_identify(src/ros_tutorials/turtlesim) by extensions ['ros']
[0.195s] Level 1:colcon.colcon_core.package_identification:_identify(src/ros_tutorials/turtlesim) by extension 'ros'
[0.196s] DEBUG:colcon.colcon_core.package_identification:Package 'src/ros_tutorials/turtlesim' with type 'ros.ament_cmake' and name 'turtlesim'
[0.196s] Level 1:colcon.colcon_core.package_identification:_identify(src/sublisher) by extensions ['ignore', 'ignore_ament_install']
[0.196s] Level 1:colcon.colcon_core.package_identification:_identify(src/sublisher) by extension 'ignore'
[0.196s] Level 1:colcon.colcon_core.package_identification:_identify(src/sublisher) by extension 'ignore_ament_install'
[0.196s] Level 1:colcon.colcon_core.package_identification:_identify(src/sublisher) by extensions ['colcon_pkg']
[0.196s] Level 1:colcon.colcon_core.package_identification:_identify(src/sublisher) by extension 'colcon_pkg'
[0.196s] Level 1:colcon.colcon_core.package_identification:_identify(src/sublisher) by extensions ['colcon_meta']
[0.196s] Level 1:colcon.colcon_core.package_identification:_identify(src/sublisher) by extension 'colcon_meta'
[0.196s] Level 1:colcon.colcon_core.package_identification:_identify(src/sublisher) by extensions ['ros']
[0.196s] Level 1:colcon.colcon_core.package_identification:_identify(src/sublisher) by extension 'ros'
[0.196s] DEBUG:colcon.colcon_core.package_identification:Package 'src/sublisher' with type 'ros.ament_cmake' and name 'sublisher'
[0.196s] Level 1:colcon.colcon_core.package_identification:_identify(src/tutorial_interfaces) by extensions ['ignore', 'ignore_ament_install']
[0.196s] Level 1:colcon.colcon_core.package_identification:_identify(src/tutorial_interfaces) by extension 'ignore'
[0.196s] Level 1:colcon.colcon_core.package_identification:_identify(src/tutorial_interfaces) by extension 'ignore_ament_install'
[0.196s] Level 1:colcon.colcon_core.package_identification:_identify(src/tutorial_interfaces) by extensions ['colcon_pkg']
[0.196s] Level 1:colcon.colcon_core.package_identification:_identify(src/tutorial_interfaces) by extension 'colcon_pkg'
[0.197s] Level 1:colcon.colcon_core.package_identification:_identify(src/tutorial_interfaces) by extensions ['colcon_meta']
[0.197s] Level 1:colcon.colcon_core.package_identification:_identify(src/tutorial_interfaces) by extension 'colcon_meta'
[0.197s] Level 1:colcon.colcon_core.package_identification:_identify(src/tutorial_interfaces) by extensions ['ros']
[0.197s] Level 1:colcon.colcon_core.package_identification:_identify(src/tutorial_interfaces) by extension 'ros'
[0.197s] DEBUG:colcon.colcon_core.package_identification:Package 'src/tutorial_interfaces' with type 'ros.ament_cmake' and name 'tutorial_interfaces'
[0.197s] Level 1:colcon.colcon_core.package_discovery:discover_packages(recursive) using defaults
[0.197s] Level 1:colcon.colcon_core.package_discovery:discover_packages(ignore) discover
[0.197s] Level 1:colcon.colcon_core.package_discovery:discover_packages(ignore) using defaults
[0.197s] Level 1:colcon.colcon_core.package_discovery:discover_packages(path) discover
[0.197s] Level 1:colcon.colcon_core.package_discovery:discover_packages(path) using defaults
[0.209s] Level 5:colcon.colcon_core.verb:set package 'cpp_parameters' build argument 'cmake_args' from command line to 'None'
[0.209s] Level 5:colcon.colcon_core.verb:set package 'cpp_parameters' build argument 'cmake_target' from command line to 'None'
[0.209s] Level 5:colcon.colcon_core.verb:set package 'cpp_parameters' build argument 'cmake_target_skip_unavailable' from command line to 'False'
[0.209s] Level 5:colcon.colcon_core.verb:set package 'cpp_parameters' build argument 'cmake_clean_cache' from command line to 'False'
[0.209s] Level 5:colcon.colcon_core.verb:set package 'cpp_parameters' build argument 'cmake_clean_first' from command line to 'False'
[0.209s] Level 5:colcon.colcon_core.verb:set package 'cpp_parameters' build argument 'cmake_force_configure' from command line to 'False'
[0.209s] Level 5:colcon.colcon_core.verb:set package 'cpp_parameters' build argument 'ament_cmake_args' from command line to 'None'
[0.209s] Level 5:colcon.colcon_core.verb:set package 'cpp_parameters' build argument 'catkin_cmake_args' from command line to 'None'
[0.209s] Level 5:colcon.colcon_core.verb:set package 'cpp_parameters' build argument 'catkin_skip_building_tests' from command line to 'False'
[0.209s] DEBUG:colcon.colcon_core.verb:Building package 'cpp_parameters' with the following arguments: {'ament_cmake_args': None, 'build_base': '/home/skola/ros2_ws/build/cpp_parameters', 'catkin_cmake_args': None, 'catkin_skip_building_tests': False, 'cmake_args': None, 'cmake_clean_cache': False, 'cmake_clean_first': False, 'cmake_force_configure': False, 'cmake_target': None, 'cmake_target_skip_unavailable': False, 'install_base': '/home/skola/ros2_ws/install/cpp_parameters', 'merge_install': False, 'path': '/home/skola/ros2_ws/src/cpp_parameters', 'symlink_install': False, 'test_result_base': None}
[0.211s] Level 5:colcon.colcon_core.verb:set package 'cpp_pubsub' build argument 'cmake_args' from command line to 'None'
[0.211s] Level 5:colcon.colcon_core.verb:set package 'cpp_pubsub' build argument 'cmake_target' from command line to 'None'
[0.211s] Level 5:colcon.colcon_core.verb:set package 'cpp_pubsub' build argument 'cmake_target_skip_unavailable' from command line to 'False'
[0.211s] Level 5:colcon.colcon_core.verb:set package 'cpp_pubsub' build argument 'cmake_clean_cache' from command line to 'False'
[0.211s] Level 5:colcon.colcon_core.verb:set package 'cpp_pubsub' build argument 'cmake_clean_first' from command line to 'False'
[0.211s] Level 5:colcon.colcon_core.verb:set package 'cpp_pubsub' build argument 'cmake_force_configure' from command line to 'False'
[0.211s] Level 5:colcon.colcon_core.verb:set package 'cpp_pubsub' build argument 'ament_cmake_args' from command line to 'None'
[0.211s] Level 5:colcon.colcon_core.verb:set package 'cpp_pubsub' build argument 'catkin_cmake_args' from command line to 'None'
[0.211s] Level 5:colcon.colcon_core.verb:set package 'cpp_pubsub' build argument 'catkin_skip_building_tests' from command line to 'False'
[0.211s] DEBUG:colcon.colcon_core.verb:Building package 'cpp_pubsub' with the following arguments: {'ament_cmake_args': None, 'build_base': '/home/skola/ros2_ws/build/cpp_pubsub', 'catkin_cmake_args': None, 'catkin_skip_building_tests': False, 'cmake_args': None, 'cmake_clean_cache': False, 'cmake_clean_first': False, 'cmake_force_configure': False, 'cmake_target': None, 'cmake_target_skip_unavailable': False, 'install_base': '/home/skola/ros2_ws/install/cpp_pubsub', 'merge_install': False, 'path': '/home/skola/ros2_ws/src/cpp_pubsub', 'symlink_install': False, 'test_result_base': None}
[0.212s] Level 5:colcon.colcon_core.verb:set package 'cpp_srvcli' build argument 'cmake_args' from command line to 'None'
[0.212s] Level 5:colcon.colcon_core.verb:set package 'cpp_srvcli' build argument 'cmake_target' from command line to 'None'
[0.212s] Level 5:colcon.colcon_core.verb:set package 'cpp_srvcli' build argument 'cmake_target_skip_unavailable' from command line to 'False'
[0.212s] Level 5:colcon.colcon_core.verb:set package 'cpp_srvcli' build argument 'cmake_clean_cache' from command line to 'False'
[0.212s] Level 5:colcon.colcon_core.verb:set package 'cpp_srvcli' build argument 'cmake_clean_first' from command line to 'False'
[0.212s] Level 5:colcon.colcon_core.verb:set package 'cpp_srvcli' build argument 'cmake_force_configure' from command line to 'False'
[0.212s] Level 5:colcon.colcon_core.verb:set package 'cpp_srvcli' build argument 'ament_cmake_args' from command line to 'None'
[0.212s] Level 5:colcon.colcon_core.verb:set package 'cpp_srvcli' build argument 'catkin_cmake_args' from command line to 'None'
[0.212s] Level 5:colcon.colcon_core.verb:set package 'cpp_srvcli' build argument 'catkin_skip_building_tests' from command line to 'False'
[0.212s] DEBUG:colcon.colcon_core.verb:Building package 'cpp_srvcli' with the following arguments: {'ament_cmake_args': None, 'build_base': '/home/skola/ros2_ws/build/cpp_srvcli', 'catkin_cmake_args': None, 'catkin_skip_building_tests': False, 'cmake_args': None, 'cmake_clean_cache': False, 'cmake_clean_first': False, 'cmake_force_configure': False, 'cmake_target': None, 'cmake_target_skip_unavailable': False, 'install_base': '/home/skola/ros2_ws/install/cpp_srvcli', 'merge_install': False, 'path': '/home/skola/ros2_ws/src/cpp_srvcli', 'symlink_install': False, 'test_result_base': None}
[0.213s] Level 5:colcon.colcon_core.verb:set package 'cpp_topic' build argument 'cmake_args' from command line to 'None'
[0.214s] Level 5:colcon.colcon_core.verb:set package 'cpp_topic' build argument 'cmake_target' from command line to 'None'
[0.214s] Level 5:colcon.colcon_core.verb:set package 'cpp_topic' build argument 'cmake_target_skip_unavailable' from command line to 'False'
[0.214s] Level 5:colcon.colcon_core.verb:set package 'cpp_topic' build argument 'cmake_clean_cache' from command line to 'False'
[0.214s] Level 5:colcon.colcon_core.verb:set package 'cpp_topic' build argument 'cmake_clean_first' from command line to 'False'
[0.214s] Level 5:colcon.colcon_core.verb:set package 'cpp_topic' build argument 'cmake_force_configure' from command line to 'False'
[0.214s] Level 5:colcon.colcon_core.verb:set package 'cpp_topic' build argument 'ament_cmake_args' from command line to 'None'
[0.214s] Level 5:colcon.colcon_core.verb:set package 'cpp_topic' build argument 'catkin_cmake_args' from command line to 'None'
[0.214s] Level 5:colcon.colcon_core.verb:set package 'cpp_topic' build argument 'catkin_skip_building_tests' from command line to 'False'
[0.214s] DEBUG:colcon.colcon_core.verb:Building package 'cpp_topic' with the following arguments: {'ament_cmake_args': None, 'build_base': '/home/skola/ros2_ws/build/cpp_topic', 'catkin_cmake_args': None, 'catkin_skip_building_tests': False, 'cmake_args': None, 'cmake_clean_cache': False, 'cmake_clean_first': False, 'cmake_force_configure': False, 'cmake_target': None, 'cmake_target_skip_unavailable': False, 'install_base': '/home/skola/ros2_ws/install/cpp_topic', 'merge_install': False, 'path': '/home/skola/ros2_ws/src/cpp_topic', 'symlink_install': False, 'test_result_base': None}
[0.215s] Level 5:colcon.colcon_core.verb:set package 'more_interfaces' build argument 'cmake_args' from command line to 'None'
[0.215s] Level 5:colcon.colcon_core.verb:set package 'more_interfaces' build argument 'cmake_target' from command line to 'None'
[0.215s] Level 5:colcon.colcon_core.verb:set package 'more_interfaces' build argument 'cmake_target_skip_unavailable' from command line to 'False'
[0.215s] Level 5:colcon.colcon_core.verb:set package 'more_interfaces' build argument 'cmake_clean_cache' from command line to 'False'
[0.215s] Level 5:colcon.colcon_core.verb:set package 'more_interfaces' build argument 'cmake_clean_first' from command line to 'False'
[0.215s] Level 5:colcon.colcon_core.verb:set package 'more_interfaces' build argument 'cmake_force_configure' from command line to 'False'
[0.215s] Level 5:colcon.colcon_core.verb:set package 'more_interfaces' build argument 'ament_cmake_args' from command line to 'None'
[0.215s] Level 5:colcon.colcon_core.verb:set package 'more_interfaces' build argument 'catkin_cmake_args' from command line to 'None'
[0.215s] Level 5:colcon.colcon_core.verb:set package 'more_interfaces' build argument 'catkin_skip_building_tests' from command line to 'False'
[0.215s] DEBUG:colcon.colcon_core.verb:Building package 'more_interfaces' with the following arguments: {'ament_cmake_args': None, 'build_base': '/home/skola/ros2_ws/build/more_interfaces', 'catkin_cmake_args': None, 'catkin_skip_building_tests': False, 'cmake_args': None, 'cmake_clean_cache': False, 'cmake_clean_first': False, 'cmake_force_configure': False, 'cmake_target': None, 'cmake_target_skip_unavailable': False, 'install_base': '/home/skola/ros2_ws/install/more_interfaces', 'merge_install': False, 'path': '/home/skola/ros2_ws/src/more_interfaces', 'symlink_install': False, 'test_result_base': None}
[0.216s] Level 5:colcon.colcon_core.verb:set package 'my_package' build argument 'cmake_args' from command line to 'None'
[0.216s] Level 5:colcon.colcon_core.verb:set package 'my_package' build argument 'cmake_target' from command line to 'None'
[0.216s] Level 5:colcon.colcon_core.verb:set package 'my_package' build argument 'cmake_target_skip_unavailable' from command line to 'False'
[0.216s] Level 5:colcon.colcon_core.verb:set package 'my_package' build argument 'cmake_clean_cache' from command line to 'False'
[0.216s] Level 5:colcon.colcon_core.verb:set package 'my_package' build argument 'cmake_clean_first' from command line to 'False'
[0.216s] Level 5:colcon.colcon_core.verb:set package 'my_package' build argument 'cmake_force_configure' from command line to 'False'
[0.216s] Level 5:colcon.colcon_core.verb:set package 'my_package' build argument 'ament_cmake_args' from command line to 'None'
[0.216s] Level 5:colcon.colcon_core.verb:set package 'my_package' build argument 'catkin_cmake_args' from command line to 'None'
[0.216s] Level 5:colcon.colcon_core.verb:set package 'my_package' build argument 'catkin_skip_building_tests' from command line to 'False'
[0.216s] DEBUG:colcon.colcon_core.verb:Building package 'my_package' with the following arguments: {'ament_cmake_args': None, 'build_base': '/home/skola/ros2_ws/build/my_package', 'catkin_cmake_args': None, 'catkin_skip_building_tests': False, 'cmake_args': None, 'cmake_clean_cache': False, 'cmake_clean_first': False, 'cmake_force_configure': False, 'cmake_target': None, 'cmake_target_skip_unavailable': False, 'install_base': '/home/skola/ros2_ws/install/my_package', 'merge_install': False, 'path': '/home/skola/ros2_ws/src/my_package', 'symlink_install': False, 'test_result_base': None}
[0.218s] Level 5:colcon.colcon_core.verb:set package 'sublisher' build argument 'cmake_args' from command line to 'None'
[0.218s] Level 5:colcon.colcon_core.verb:set package 'sublisher' build argument 'cmake_target' from command line to 'None'
[0.218s] Level 5:colcon.colcon_core.verb:set package 'sublisher' build argument 'cmake_target_skip_unavailable' from command line to 'False'
[0.218s] Level 5:colcon.colcon_core.verb:set package 'sublisher' build argument 'cmake_clean_cache' from command line to 'False'
[0.218s] Level 5:colcon.colcon_core.verb:set package 'sublisher' build argument 'cmake_clean_first' from command line to 'False'
[0.218s] Level 5:colcon.colcon_core.verb:set package 'sublisher' build argument 'cmake_force_configure' from command line to 'False'
[0.218s] Level 5:colcon.colcon_core.verb:set package 'sublisher' build argument 'ament_cmake_args' from command line to 'None'
[0.218s] Level 5:colcon.colcon_core.verb:set package 'sublisher' build argument 'catkin_cmake_args' from command line to 'None'
[0.218s] Level 5:colcon.colcon_core.verb:set package 'sublisher' build argument 'catkin_skip_building_tests' from command line to 'False'
[0.218s] DEBUG:colcon.colcon_core.verb:Building package 'sublisher' with the following arguments: {'ament_cmake_args': None, 'build_base': '/home/skola/ros2_ws/build/sublisher', 'catkin_cmake_args': None, 'catkin_skip_building_tests': False, 'cmake_args': None, 'cmake_clean_cache': False, 'cmake_clean_first': False, 'cmake_force_configure': False, 'cmake_target': None, 'cmake_target_skip_unavailable': False, 'install_base': '/home/skola/ros2_ws/install/sublisher', 'merge_install': False, 'path': '/home/skola/ros2_ws/src/sublisher', 'symlink_install': False, 'test_result_base': None}
[0.219s] Level 5:colcon.colcon_core.verb:set package 'turtlesim' build argument 'cmake_args' from command line to 'None'
[0.219s] Level 5:colcon.colcon_core.verb:set package 'turtlesim' build argument 'cmake_target' from command line to 'None'
[0.219s] Level 5:colcon.colcon_core.verb:set package 'turtlesim' build argument 'cmake_target_skip_unavailable' from command line to 'False'
[0.219s] Level 5:colcon.colcon_core.verb:set package 'turtlesim' build argument 'cmake_clean_cache' from command line to 'False'
[0.219s] Level 5:colcon.colcon_core.verb:set package 'turtlesim' build argument 'cmake_clean_first' from command line to 'False'
[0.219s] Level 5:colcon.colcon_core.verb:set package 'turtlesim' build argument 'cmake_force_configure' from command line to 'False'
[0.219s] Level 5:colcon.colcon_core.verb:set package 'turtlesim' build argument 'ament_cmake_args' from command line to 'None'
[0.219s] Level 5:colcon.colcon_core.verb:set package 'turtlesim' build argument 'catkin_cmake_args' from command line to 'None'
[0.219s] Level 5:colcon.colcon_core.verb:set package 'turtlesim' build argument 'catkin_skip_building_tests' from command line to 'False'
[0.219s] DEBUG:colcon.colcon_core.verb:Building package 'turtlesim' with the following arguments: {'ament_cmake_args': None, 'build_base': '/home/skola/ros2_ws/build/turtlesim', 'catkin_cmake_args': None, 'catkin_skip_building_tests': False, 'cmake_args': None, 'cmake_clean_cache': False, 'cmake_clean_first': False, 'cmake_force_configure': False, 'cmake_target': None, 'cmake_target_skip_unavailable': False, 'install_base': '/home/skola/ros2_ws/install/turtlesim', 'merge_install': False, 'path': '/home/skola/ros2_ws/src/ros_tutorials/turtlesim', 'symlink_install': False, 'test_result_base': None}
[0.221s] Level 5:colcon.colcon_core.verb:set package 'tutorial_interfaces' build argument 'cmake_args' from command line to 'None'
[0.221s] Level 5:colcon.colcon_core.verb:set package 'tutorial_interfaces' build argument 'cmake_target' from command line to 'None'
[0.221s] Level 5:colcon.colcon_core.verb:set package 'tutorial_interfaces' build argument 'cmake_target_skip_unavailable' from command line to 'False'
[0.221s] Level 5:colcon.colcon_core.verb:set package 'tutorial_interfaces' build argument 'cmake_clean_cache' from command line to 'False'
[0.221s] Level 5:colcon.colcon_core.verb:set package 'tutorial_interfaces' build argument 'cmake_clean_first' from command line to 'False'
[0.221s] Level 5:colcon.colcon_core.verb:set package 'tutorial_interfaces' build argument 'cmake_force_configure' from command line to 'False'
[0.221s] Level 5:colcon.colcon_core.verb:set package 'tutorial_interfaces' build argument 'ament_cmake_args' from command line to 'None'
[0.221s] Level 5:colcon.colcon_core.verb:set package 'tutorial_interfaces' build argument 'catkin_cmake_args' from command line to 'None'
[0.221s] Level 5:colcon.colcon_core.verb:set package 'tutorial_interfaces' build argument 'catkin_skip_building_tests' from command line to 'False'
[0.221s] DEBUG:colcon.colcon_core.verb:Building package 'tutorial_interfaces' with the following arguments: {'ament_cmake_args': None, 'build_base': '/home/skola/ros2_ws/build/tutorial_interfaces', 'catkin_cmake_args': None, 'catkin_skip_building_tests': False, 'cmake_args': None, 'cmake_clean_cache': False, 'cmake_clean_first': False, 'cmake_force_configure': False, 'cmake_target': None, 'cmake_target_skip_unavailable': False, 'install_base': '/home/skola/ros2_ws/install/tutorial_interfaces', 'merge_install': False, 'path': '/home/skola/ros2_ws/src/tutorial_interfaces', 'symlink_install': False, 'test_result_base': None}
[0.221s] INFO:colcon.colcon_core.executor:Executing jobs using 'parallel' executor
[0.222s] DEBUG:colcon.colcon_parallel_executor.executor.parallel:run_until_complete
[0.222s] INFO:colcon.colcon_ros.task.ament_cmake.build:Building ROS package in '/home/skola/ros2_ws/src/cpp_parameters' with build type 'ament_cmake'
[0.222s] INFO:colcon.colcon_cmake.task.cmake.build:Building CMake package in '/home/skola/ros2_ws/src/cpp_parameters'
[0.225s] INFO:colcon.colcon_core.plugin_system:Skipping extension 'colcon_core.shell.bat': Not used on non-Windows systems
[0.225s] INFO:colcon.colcon_core.shell:Skip shell extension 'powershell' for command environment: Not usable outside of PowerShell
[0.225s] DEBUG:colcon.colcon_core.shell:Skip shell extension 'dsv' for command environment
[0.226s] DEBUG:colcon.colcon_core.shell:Ignoring prefix path '/opt/ros/foxy'
[0.229s] INFO:colcon.colcon_ros.task.ament_cmake.build:Building ROS package in '/home/skola/ros2_ws/src/cpp_pubsub' with build type 'ament_cmake'
[0.229s] INFO:colcon.colcon_cmake.task.cmake.build:Building CMake package in '/home/skola/ros2_ws/src/cpp_pubsub'
[0.229s] INFO:colcon.colcon_core.shell:Skip shell extension 'powershell' for command environment: Not usable outside of PowerShell
[0.229s] DEBUG:colcon.colcon_core.shell:Skip shell extension 'dsv' for command environment
[0.230s] DEBUG:colcon.colcon_core.shell:Ignoring prefix path '/opt/ros/foxy'
[0.232s] INFO:colcon.colcon_ros.task.ament_cmake.build:Building ROS package in '/home/skola/ros2_ws/src/cpp_srvcli' with build type 'ament_cmake'
[0.233s] INFO:colcon.colcon_cmake.task.cmake.build:Building CMake package in '/home/skola/ros2_ws/src/cpp_srvcli'
[0.233s] INFO:colcon.colcon_core.shell:Skip shell extension 'powershell' for command environment: Not usable outside of PowerShell
[0.233s] DEBUG:colcon.colcon_core.shell:Skip shell extension 'dsv' for command environment
[0.235s] DEBUG:colcon.colcon_core.shell:Ignoring prefix path '/opt/ros/foxy'
[0.237s] INFO:colcon.colcon_ros.task.ament_cmake.build:Building ROS package in '/home/skola/ros2_ws/src/cpp_topic' with build type 'ament_cmake'
[0.237s] INFO:colcon.colcon_cmake.task.cmake.build:Building CMake package in '/home/skola/ros2_ws/src/cpp_topic'
[0.237s] INFO:colcon.colcon_core.shell:Skip shell extension 'powershell' for command environment: Not usable outside of PowerShell
[0.237s] DEBUG:colcon.colcon_core.shell:Skip shell extension 'dsv' for command environment
[0.239s] DEBUG:colcon.colcon_core.shell:Ignoring prefix path '/opt/ros/foxy'
[0.240s] INFO:colcon.colcon_ros.task.ament_cmake.build:Building ROS package in '/home/skola/ros2_ws/src/more_interfaces' with build type 'ament_cmake'
[0.240s] INFO:colcon.colcon_cmake.task.cmake.build:Building CMake package in '/home/skola/ros2_ws/src/more_interfaces'
[0.241s] INFO:colcon.colcon_core.shell:Skip shell extension 'powershell' for command environment: Not usable outside of PowerShell
[0.241s] DEBUG:colcon.colcon_core.shell:Skip shell extension 'dsv' for command environment
[0.242s] DEBUG:colcon.colcon_core.shell:Ignoring prefix path '/opt/ros/foxy'
[0.244s] INFO:colcon.colcon_ros.task.ament_cmake.build:Building ROS package in '/home/skola/ros2_ws/src/my_package' with build type 'ament_cmake'
[0.244s] INFO:colcon.colcon_cmake.task.cmake.build:Building CMake package in '/home/skola/ros2_ws/src/my_package'
[0.244s] INFO:colcon.colcon_core.shell:Skip shell extension 'powershell' for command environment: Not usable outside of PowerShell
[0.244s] DEBUG:colcon.colcon_core.shell:Skip shell extension 'dsv' for command environment
[0.245s] DEBUG:colcon.colcon_core.shell:Ignoring prefix path '/opt/ros/foxy'
[0.247s] INFO:colcon.colcon_ros.task.ament_cmake.build:Building ROS package in '/home/skola/ros2_ws/src/sublisher' with build type 'ament_cmake'
[0.247s] INFO:colcon.colcon_cmake.task.cmake.build:Building CMake package in '/home/skola/ros2_ws/src/sublisher'
[0.248s] INFO:colcon.colcon_core.shell:Skip shell extension 'powershell' for command environment: Not usable outside of PowerShell
[0.248s] DEBUG:colcon.colcon_core.shell:Skip shell extension 'dsv' for command environment
[0.249s] DEBUG:colcon.colcon_core.shell:Ignoring prefix path '/opt/ros/foxy'
[0.251s] INFO:colcon.colcon_ros.task.ament_cmake.build:Building ROS package in '/home/skola/ros2_ws/src/ros_tutorials/turtlesim' with build type 'ament_cmake'
[0.251s] INFO:colcon.colcon_cmake.task.cmake.build:Building CMake package in '/home/skola/ros2_ws/src/ros_tutorials/turtlesim'
[0.251s] INFO:colcon.colcon_core.shell:Skip shell extension 'powershell' for command environment: Not usable outside of PowerShell
[0.251s] DEBUG:colcon.colcon_core.shell:Skip shell extension 'dsv' for command environment
[0.253s] DEBUG:colcon.colcon_core.shell:Ignoring prefix path '/opt/ros/foxy'
[0.260s] DEBUG:colcon.colcon_core.event_handler.log_command:Invoking command in '/home/skola/ros2_ws/build/cpp_parameters': CMAKE_PREFIX_PATH=/opt/ros/foxy /usr/bin/cmake --build /home/skola/ros2_ws/build/cpp_parameters -- -j8 -l8
[0.266s] DEBUG:colcon.colcon_core.event_handler.log_command:Invoking command in '/home/skola/ros2_ws/build/cpp_pubsub': CMAKE_PREFIX_PATH=/opt/ros/foxy /usr/bin/cmake --build /home/skola/ros2_ws/build/cpp_pubsub -- -j8 -l8
[0.268s] DEBUG:colcon.colcon_core.event_handler.log_command:Invoking command in '/home/skola/ros2_ws/build/cpp_srvcli': CMAKE_PREFIX_PATH=/opt/ros/foxy /usr/bin/cmake --build /home/skola/ros2_ws/build/cpp_srvcli -- -j8 -l8
[0.271s] DEBUG:colcon.colcon_core.event_handler.log_command:Invoking command in '/home/skola/ros2_ws/build/cpp_topic': CMAKE_PREFIX_PATH=/opt/ros/foxy /usr/bin/cmake --build /home/skola/ros2_ws/build/cpp_topic -- -j8 -l8
[0.276s] DEBUG:colcon.colcon_core.event_handler.log_command:Invoking command in '/home/skola/ros2_ws/build/more_interfaces': CMAKE_PREFIX_PATH=/opt/ros/foxy /usr/bin/cmake --build /home/skola/ros2_ws/build/more_interfaces -- -j8 -l8
[0.279s] DEBUG:colcon.colcon_core.event_handler.log_command:Invoking command in '/home/skola/ros2_ws/build/my_package': CMAKE_PREFIX_PATH=/opt/ros/foxy /usr/bin/cmake --build /home/skola/ros2_ws/build/my_package -- -j8 -l8
[0.284s] DEBUG:colcon.colcon_core.event_handler.log_command:Invoking command in '/home/skola/ros2_ws/build/sublisher': CMAKE_PREFIX_PATH=/opt/ros/foxy /usr/bin/cmake --build /home/skola/ros2_ws/build/sublisher -- -j8 -l8
[0.292s] DEBUG:colcon.colcon_core.event_handler.log_command:Invoking command in '/home/skola/ros2_ws/build/turtlesim': CMAKE_PREFIX_PATH=/opt/ros/foxy /usr/bin/cmake --build /home/skola/ros2_ws/build/turtlesim -- -j8 -l8
[0.350s] DEBUG:colcon.colcon_core.event_handler.log_command:Invoked command in '/home/skola/ros2_ws/build/cpp_parameters' returned '0': CMAKE_PREFIX_PATH=/opt/ros/foxy /usr/bin/cmake --build /home/skola/ros2_ws/build/cpp_parameters -- -j8 -l8
[0.361s] DEBUG:colcon.colcon_core.event_handler.log_command:Invoked command in '/home/skola/ros2_ws/build/cpp_pubsub' returned '0': CMAKE_PREFIX_PATH=/opt/ros/foxy /usr/bin/cmake --build /home/skola/ros2_ws/build/cpp_pubsub -- -j8 -l8
[0.362s] DEBUG:colcon.colcon_core.event_handler.log_command:Invoked command in '/home/skola/ros2_ws/build/my_package' returned '0': CMAKE_PREFIX_PATH=/opt/ros/foxy /usr/bin/cmake --build /home/skola/ros2_ws/build/my_package -- -j8 -l8
[0.366s] DEBUG:colcon.colcon_core.event_handler.log_command:Invoked command in '/home/skola/ros2_ws/build/cpp_srvcli' returned '0': CMAKE_PREFIX_PATH=/opt/ros/foxy /usr/bin/cmake --build /home/skola/ros2_ws/build/cpp_srvcli -- -j8 -l8
[0.380s] DEBUG:colcon.colcon_core.event_handler.log_command:Invoked command in '/home/skola/ros2_ws/build/cpp_topic' returned '0': CMAKE_PREFIX_PATH=/opt/ros/foxy /usr/bin/cmake --build /home/skola/ros2_ws/build/cpp_topic -- -j8 -l8
[0.401s] DEBUG:colcon.colcon_core.event_handler.log_command:Invoking command in '/home/skola/ros2_ws/build/my_package': CMAKE_PREFIX_PATH=/opt/ros/foxy /usr/bin/cmake --install /home/skola/ros2_ws/build/my_package
[0.402s] DEBUG:colcon.colcon_core.event_handler.log_command:Invoked command in '/home/skola/ros2_ws/build/sublisher' returned '0': CMAKE_PREFIX_PATH=/opt/ros/foxy /usr/bin/cmake --build /home/skola/ros2_ws/build/sublisher -- -j8 -l8
[0.408s] DEBUG:colcon.colcon_core.event_handler.log_command:Invoking command in '/home/skola/ros2_ws/build/cpp_parameters': CMAKE_PREFIX_PATH=/opt/ros/foxy /usr/bin/cmake --install /home/skola/ros2_ws/build/cpp_parameters
[0.412s] DEBUG:colcon.colcon_core.event_handler.log_command:Invoking command in '/home/skola/ros2_ws/build/cpp_srvcli': CMAKE_PREFIX_PATH=/opt/ros/foxy /usr/bin/cmake --install /home/skola/ros2_ws/build/cpp_srvcli
[0.415s] DEBUG:colcon.colcon_core.event_handler.log_command:Invoking command in '/home/skola/ros2_ws/build/cpp_pubsub': CMAKE_PREFIX_PATH=/opt/ros/foxy /usr/bin/cmake --install /home/skola/ros2_ws/build/cpp_pubsub
[0.422s] Level 1:colcon.colcon_core.environment:create_environment_scripts_only(my_package)
[0.424s] DEBUG:colcon.colcon_core.event_handler.log_command:Invoking command in '/home/skola/ros2_ws/build/cpp_topic': CMAKE_PREFIX_PATH=/opt/ros/foxy /usr/bin/cmake --install /home/skola/ros2_ws/build/cpp_topic
[0.428s] DEBUG:colcon.colcon_core.event_handler.log_command:Invoked command in '/home/skola/ros2_ws/build/my_package' returned '0': CMAKE_PREFIX_PATH=/opt/ros/foxy /usr/bin/cmake --install /home/skola/ros2_ws/build/my_package
[0.431s] Level 1:colcon.colcon_core.environment:checking '/home/skola/ros2_ws/install/my_package' for CMake module files
[0.431s] Level 1:colcon.colcon_core.environment:checking '/home/skola/ros2_ws/install/my_package' for CMake config files
[0.431s] Level 1:colcon.colcon_core.shell:create_environment_hook('my_package', 'cmake_prefix_path')
[0.432s] INFO:colcon.colcon_core.shell:Creating environment hook '/home/skola/ros2_ws/install/my_package/share/my_package/hook/cmake_prefix_path.ps1'
[0.432s] INFO:colcon.colcon_core.shell:Creating environment descriptor '/home/skola/ros2_ws/install/my_package/share/my_package/hook/cmake_prefix_path.dsv'
[0.432s] INFO:colcon.colcon_core.shell:Creating environment hook '/home/skola/ros2_ws/install/my_package/share/my_package/hook/cmake_prefix_path.sh'
[0.433s] Level 1:colcon.colcon_core.environment:checking '/home/skola/ros2_ws/install/my_package/lib'
[0.434s] Level 1:colcon.colcon_core.environment:checking '/home/skola/ros2_ws/install/my_package/bin'
[0.434s] Level 1:colcon.colcon_core.environment:checking '/home/skola/ros2_ws/install/my_package/lib/pkgconfig/my_package.pc'
[0.434s] Level 1:colcon.colcon_core.environment:checking '/home/skola/ros2_ws/install/my_package/lib/python3.8/site-packages'
[0.434s] INFO:colcon.colcon_core.shell:Creating package script '/home/skola/ros2_ws/install/my_package/share/my_package/package.ps1'
[0.435s] INFO:colcon.colcon_core.shell:Creating package descriptor '/home/skola/ros2_ws/install/my_package/share/my_package/package.dsv'
[0.435s] INFO:colcon.colcon_core.shell:Creating package script '/home/skola/ros2_ws/install/my_package/share/my_package/package.sh'
[0.436s] INFO:colcon.colcon_core.shell:Creating package script '/home/skola/ros2_ws/install/my_package/share/my_package/package.bash'
[0.436s] INFO:colcon.colcon_core.shell:Creating package script '/home/skola/ros2_ws/install/my_package/share/my_package/package.zsh'
[0.437s] Level 1:colcon.colcon_core.environment:create_file_with_runtime_dependencies(/home/skola/ros2_ws/install/my_package/share/colcon-core/packages/my_package)
[0.440s] Level 1:colcon.colcon_core.environment:create_environment_scripts_only(cpp_parameters)
[0.441s] Level 1:colcon.colcon_core.environment:checking '/home/skola/ros2_ws/install/cpp_parameters' for CMake module files
[0.442s] DEBUG:colcon.colcon_core.event_handler.log_command:Invoked command in '/home/skola/ros2_ws/build/cpp_parameters' returned '0': CMAKE_PREFIX_PATH=/opt/ros/foxy /usr/bin/cmake --install /home/skola/ros2_ws/build/cpp_parameters
[0.442s] Level 1:colcon.colcon_core.environment:checking '/home/skola/ros2_ws/install/cpp_parameters' for CMake config files
[0.442s] Level 1:colcon.colcon_core.shell:create_environment_hook('cpp_parameters', 'cmake_prefix_path')
[0.442s] INFO:colcon.colcon_core.shell:Creating environment hook '/home/skola/ros2_ws/install/cpp_parameters/share/cpp_parameters/hook/cmake_prefix_path.ps1'
[0.443s] INFO:colcon.colcon_core.shell:Creating environment descriptor '/home/skola/ros2_ws/install/cpp_parameters/share/cpp_parameters/hook/cmake_prefix_path.dsv'
[0.443s] INFO:colcon.colcon_core.shell:Creating environment hook '/home/skola/ros2_ws/install/cpp_parameters/share/cpp_parameters/hook/cmake_prefix_path.sh'
[0.444s] Level 1:colcon.colcon_core.environment:checking '/home/skola/ros2_ws/install/cpp_parameters/lib'
[0.444s] Level 1:colcon.colcon_core.environment:checking '/home/skola/ros2_ws/install/cpp_parameters/bin'
[0.444s] Level 1:colcon.colcon_core.environment:checking '/home/skola/ros2_ws/install/cpp_parameters/lib/pkgconfig/cpp_parameters.pc'
[0.444s] Level 1:colcon.colcon_core.environment:checking '/home/skola/ros2_ws/install/cpp_parameters/lib/python3.8/site-packages'
[0.444s] INFO:colcon.colcon_core.shell:Creating package script '/home/skola/ros2_ws/install/cpp_parameters/share/cpp_parameters/package.ps1'
[0.445s] INFO:colcon.colcon_core.shell:Creating package descriptor '/home/skola/ros2_ws/install/cpp_parameters/share/cpp_parameters/package.dsv'
[0.445s] INFO:colcon.colcon_core.shell:Creating package script '/home/skola/ros2_ws/install/cpp_parameters/share/cpp_parameters/package.sh'
[0.445s] INFO:colcon.colcon_core.shell:Creating package script '/home/skola/ros2_ws/install/cpp_parameters/share/cpp_parameters/package.bash'
[0.446s] INFO:colcon.colcon_core.shell:Creating package script '/home/skola/ros2_ws/install/cpp_parameters/share/cpp_parameters/package.zsh'
[0.446s] Level 1:colcon.colcon_core.environment:create_file_with_runtime_dependencies(/home/skola/ros2_ws/install/cpp_parameters/share/colcon-core/packages/cpp_parameters)
[0.449s] Level 1:colcon.colcon_core.environment:create_environment_scripts_only(cpp_srvcli)
[0.450s] Level 1:colcon.colcon_core.environment:checking '/home/skola/ros2_ws/install/cpp_srvcli' for CMake module files
[0.450s] DEBUG:colcon.colcon_core.event_handler.log_command:Invoked command in '/home/skola/ros2_ws/build/cpp_srvcli' returned '0': CMAKE_PREFIX_PATH=/opt/ros/foxy /usr/bin/cmake --install /home/skola/ros2_ws/build/cpp_srvcli
[0.450s] Level 1:colcon.colcon_core.environment:checking '/home/skola/ros2_ws/install/cpp_srvcli' for CMake config files
[0.451s] Level 1:colcon.colcon_core.shell:create_environment_hook('cpp_srvcli', 'cmake_prefix_path')
[0.451s] INFO:colcon.colcon_core.shell:Creating environment hook '/home/skola/ros2_ws/install/cpp_srvcli/share/cpp_srvcli/hook/cmake_prefix_path.ps1'
[0.451s] INFO:colcon.colcon_core.shell:Creating environment descriptor '/home/skola/ros2_ws/install/cpp_srvcli/share/cpp_srvcli/hook/cmake_prefix_path.dsv'
[0.452s] INFO:colcon.colcon_core.shell:Creating environment hook '/home/skola/ros2_ws/install/cpp_srvcli/share/cpp_srvcli/hook/cmake_prefix_path.sh'
[0.452s] Level 1:colcon.colcon_core.environment:checking '/home/skola/ros2_ws/install/cpp_srvcli/lib'
[0.452s] Level 1:colcon.colcon_core.environment:checking '/home/skola/ros2_ws/install/cpp_srvcli/bin'
[0.452s] Level 1:colcon.colcon_core.environment:checking '/home/skola/ros2_ws/install/cpp_srvcli/lib/pkgconfig/cpp_srvcli.pc'
[0.452s] Level 1:colcon.colcon_core.environment:checking '/home/skola/ros2_ws/install/cpp_srvcli/lib/python3.8/site-packages'
[0.453s] INFO:colcon.colcon_core.shell:Creating package script '/home/skola/ros2_ws/install/cpp_srvcli/share/cpp_srvcli/package.ps1'
[0.453s] INFO:colcon.colcon_core.shell:Creating package descriptor '/home/skola/ros2_ws/install/cpp_srvcli/share/cpp_srvcli/package.dsv'
[0.453s] INFO:colcon.colcon_core.shell:Creating package script '/home/skola/ros2_ws/install/cpp_srvcli/share/cpp_srvcli/package.sh'
[0.454s] INFO:colcon.colcon_core.shell:Creating package script '/home/skola/ros2_ws/install/cpp_srvcli/share/cpp_srvcli/package.bash'
[0.454s] INFO:colcon.colcon_core.shell:Creating package script '/home/skola/ros2_ws/install/cpp_srvcli/share/cpp_srvcli/package.zsh'
[0.454s] Level 1:colcon.colcon_core.environment:create_file_with_runtime_dependencies(/home/skola/ros2_ws/install/cpp_srvcli/share/colcon-core/packages/cpp_srvcli)
[0.458s] Level 1:colcon.colcon_core.environment:create_environment_scripts_only(cpp_topic)
[0.459s] Level 1:colcon.colcon_core.environment:checking '/home/skola/ros2_ws/install/cpp_topic' for CMake module files
[0.460s] DEBUG:colcon.colcon_core.event_handler.log_command:Invoked command in '/home/skola/ros2_ws/build/cpp_topic' returned '0': CMAKE_PREFIX_PATH=/opt/ros/foxy /usr/bin/cmake --install /home/skola/ros2_ws/build/cpp_topic
[0.460s] Level 1:colcon.colcon_core.environment:checking '/home/skola/ros2_ws/install/cpp_topic' for CMake config files
[0.460s] Level 1:colcon.colcon_core.shell:create_environment_hook('cpp_topic', 'cmake_prefix_path')
[0.460s] INFO:colcon.colcon_core.shell:Creating environment hook '/home/skola/ros2_ws/install/cpp_topic/share/cpp_topic/hook/cmake_prefix_path.ps1'
[0.461s] INFO:colcon.colcon_core.shell:Creating environment descriptor '/home/skola/ros2_ws/install/cpp_topic/share/cpp_topic/hook/cmake_prefix_path.dsv'
[0.461s] INFO:colcon.colcon_core.shell:Creating environment hook '/home/skola/ros2_ws/install/cpp_topic/share/cpp_topic/hook/cmake_prefix_path.sh'
[0.462s] Level 1:colcon.colcon_core.environment:checking '/home/skola/ros2_ws/install/cpp_topic/lib'
[0.462s] Level 1:colcon.colcon_core.environment:checking '/home/skola/ros2_ws/install/cpp_topic/bin'
[0.462s] Level 1:colcon.colcon_core.environment:checking '/home/skola/ros2_ws/install/cpp_topic/lib/pkgconfig/cpp_topic.pc'
[0.462s] Level 1:colcon.colcon_core.environment:checking '/home/skola/ros2_ws/install/cpp_topic/lib/python3.8/site-packages'
[0.462s] INFO:colcon.colcon_core.shell:Creating package script '/home/skola/ros2_ws/install/cpp_topic/share/cpp_topic/package.ps1'
[0.463s] INFO:colcon.colcon_core.shell:Creating package descriptor '/home/skola/ros2_ws/install/cpp_topic/share/cpp_topic/package.dsv'
[0.463s] INFO:colcon.colcon_core.shell:Creating package script '/home/skola/ros2_ws/install/cpp_topic/share/cpp_topic/package.sh'
[0.463s] INFO:colcon.colcon_core.shell:Creating package script '/home/skola/ros2_ws/install/cpp_topic/share/cpp_topic/package.bash'
[0.463s] INFO:colcon.colcon_core.shell:Creating package script '/home/skola/ros2_ws/install/cpp_topic/share/cpp_topic/package.zsh'
[0.464s] Level 1:colcon.colcon_core.environment:create_file_with_runtime_dependencies(/home/skola/ros2_ws/install/cpp_topic/share/colcon-core/packages/cpp_topic)
[0.470s] Level 1:colcon.colcon_core.environment:create_environment_scripts_only(cpp_pubsub)
[0.471s] Level 1:colcon.colcon_core.environment:checking '/home/skola/ros2_ws/install/cpp_pubsub' for CMake module files
[0.471s] DEBUG:colcon.colcon_core.event_handler.log_command:Invoked command in '/home/skola/ros2_ws/build/cpp_pubsub' returned '0': CMAKE_PREFIX_PATH=/opt/ros/foxy /usr/bin/cmake --install /home/skola/ros2_ws/build/cpp_pubsub
[0.471s] Level 1:colcon.colcon_core.environment:checking '/home/skola/ros2_ws/install/cpp_pubsub' for CMake config files
[0.471s] Level 1:colcon.colcon_core.shell:create_environment_hook('cpp_pubsub', 'cmake_prefix_path')
[0.472s] INFO:colcon.colcon_core.shell:Creating environment hook '/home/skola/ros2_ws/install/cpp_pubsub/share/cpp_pubsub/hook/cmake_prefix_path.ps1'
[0.473s] INFO:colcon.colcon_core.shell:Creating environment descriptor '/home/skola/ros2_ws/install/cpp_pubsub/share/cpp_pubsub/hook/cmake_prefix_path.dsv'
[0.473s] INFO:colcon.colcon_core.shell:Creating environment hook '/home/skola/ros2_ws/install/cpp_pubsub/share/cpp_pubsub/hook/cmake_prefix_path.sh'
[0.473s] Level 1:colcon.colcon_core.environment:checking '/home/skola/ros2_ws/install/cpp_pubsub/lib'
[0.474s] Level 1:colcon.colcon_core.environment:checking '/home/skola/ros2_ws/install/cpp_pubsub/bin'
[0.474s] Level 1:colcon.colcon_core.environment:checking '/home/skola/ros2_ws/install/cpp_pubsub/lib/pkgconfig/cpp_pubsub.pc'
[0.474s] Level 1:colcon.colcon_core.environment:checking '/home/skola/ros2_ws/install/cpp_pubsub/lib/python3.8/site-packages'
[0.474s] INFO:colcon.colcon_core.shell:Creating package script '/home/skola/ros2_ws/install/cpp_pubsub/share/cpp_pubsub/package.ps1'
[0.474s] INFO:colcon.colcon_core.shell:Creating package descriptor '/home/skola/ros2_ws/install/cpp_pubsub/share/cpp_pubsub/package.dsv'
[0.475s] INFO:colcon.colcon_core.shell:Creating package script '/home/skola/ros2_ws/install/cpp_pubsub/share/cpp_pubsub/package.sh'
[0.475s] INFO:colcon.colcon_core.shell:Creating package script '/home/skola/ros2_ws/install/cpp_pubsub/share/cpp_pubsub/package.bash'
[0.475s] INFO:colcon.colcon_core.shell:Creating package script '/home/skola/ros2_ws/install/cpp_pubsub/share/cpp_pubsub/package.zsh'
[0.475s] Level 1:colcon.colcon_core.environment:create_file_with_runtime_dependencies(/home/skola/ros2_ws/install/cpp_pubsub/share/colcon-core/packages/cpp_pubsub)
[0.485s] DEBUG:colcon.colcon_core.event_handler.log_command:Invoking command in '/home/skola/ros2_ws/build/sublisher': CMAKE_PREFIX_PATH=/opt/ros/foxy /usr/bin/cmake --install /home/skola/ros2_ws/build/sublisher
[0.492s] Level 1:colcon.colcon_core.environment:create_environment_scripts_only(my_package)
[0.493s] Level 1:colcon.colcon_core.environment:checking '/home/skola/ros2_ws/install/my_package' for CMake module files
[0.493s] Level 1:colcon.colcon_core.environment:checking '/home/skola/ros2_ws/install/my_package' for CMake config files
[0.494s] Level 1:colcon.colcon_core.shell:create_environment_hook('my_package', 'cmake_prefix_path')
[0.494s] INFO:colcon.colcon_core.shell:Creating environment hook '/home/skola/ros2_ws/install/my_package/share/my_package/hook/cmake_prefix_path.ps1'
[0.494s] INFO:colcon.colcon_core.shell:Creating environment descriptor '/home/skola/ros2_ws/install/my_package/share/my_package/hook/cmake_prefix_path.dsv'
[0.495s] INFO:colcon.colcon_core.shell:Creating environment hook '/home/skola/ros2_ws/install/my_package/share/my_package/hook/cmake_prefix_path.sh'
[0.496s] Level 1:colcon.colcon_core.environment:checking '/home/skola/ros2_ws/install/my_package/lib'
[0.497s] Level 1:colcon.colcon_core.environment:checking '/home/skola/ros2_ws/install/my_package/bin'
[0.497s] Level 1:colcon.colcon_core.environment:checking '/home/skola/ros2_ws/install/my_package/lib/pkgconfig/my_package.pc'
[0.497s] Level 1:colcon.colcon_core.environment:checking '/home/skola/ros2_ws/install/my_package/lib/python3.8/site-packages'
[0.498s] INFO:colcon.colcon_core.shell:Creating package script '/home/skola/ros2_ws/install/my_package/share/my_package/package.ps1'
[0.499s] INFO:colcon.colcon_core.shell:Creating package descriptor '/home/skola/ros2_ws/install/my_package/share/my_package/package.dsv'
[0.501s] INFO:colcon.colcon_core.shell:Creating package script '/home/skola/ros2_ws/install/my_package/share/my_package/package.sh'
[0.501s] INFO:colcon.colcon_core.shell:Creating package script '/home/skola/ros2_ws/install/my_package/share/my_package/package.bash'
[0.501s] INFO:colcon.colcon_core.shell:Creating package script '/home/skola/ros2_ws/install/my_package/share/my_package/package.zsh'
[0.502s] Level 1:colcon.colcon_core.environment:create_file_with_runtime_dependencies(/home/skola/ros2_ws/install/my_package/share/colcon-core/packages/my_package)
[0.503s] INFO:colcon.colcon_ros.task.ament_cmake.build:Building ROS package in '/home/skola/ros2_ws/src/tutorial_interfaces' with build type 'ament_cmake'
[0.503s] INFO:colcon.colcon_cmake.task.cmake.build:Building CMake package in '/home/skola/ros2_ws/src/tutorial_interfaces'
[0.503s] INFO:colcon.colcon_core.shell:Skip shell extension 'powershell' for command environment: Not usable outside of PowerShell
[0.503s] DEBUG:colcon.colcon_core.shell:Skip shell extension 'dsv' for command environment
[0.504s] DEBUG:colcon.colcon_core.shell:Ignoring prefix path '/opt/ros/foxy'
[0.508s] Level 1:colcon.colcon_core.environment:create_environment_scripts_only(cpp_parameters)
[0.509s] Level 1:colcon.colcon_core.environment:checking '/home/skola/ros2_ws/install/cpp_parameters' for CMake module files
[0.509s] Level 1:colcon.colcon_core.environment:checking '/home/skola/ros2_ws/install/cpp_parameters' for CMake config files
[0.509s] Level 1:colcon.colcon_core.shell:create_environment_hook('cpp_parameters', 'cmake_prefix_path')
[0.510s] INFO:colcon.colcon_core.shell:Creating environment hook '/home/skola/ros2_ws/install/cpp_parameters/share/cpp_parameters/hook/cmake_prefix_path.ps1'
[0.510s] INFO:colcon.colcon_core.shell:Creating environment descriptor '/home/skola/ros2_ws/install/cpp_parameters/share/cpp_parameters/hook/cmake_prefix_path.dsv'
[0.511s] INFO:colcon.colcon_core.shell:Creating environment hook '/home/skola/ros2_ws/install/cpp_parameters/share/cpp_parameters/hook/cmake_prefix_path.sh'
[0.511s] Level 1:colcon.colcon_core.environment:checking '/home/skola/ros2_ws/install/cpp_parameters/lib'
[0.511s] Level 1:colcon.colcon_core.environment:checking '/home/skola/ros2_ws/install/cpp_parameters/bin'
[0.511s] Level 1:colcon.colcon_core.environment:checking '/home/skola/ros2_ws/install/cpp_parameters/lib/pkgconfig/cpp_parameters.pc'
[0.511s] Level 1:colcon.colcon_core.environment:checking '/home/skola/ros2_ws/install/cpp_parameters/lib/python3.8/site-packages'
[0.512s] INFO:colcon.colcon_core.shell:Creating package script '/home/skola/ros2_ws/install/cpp_parameters/share/cpp_parameters/package.ps1'
[0.512s] INFO:colcon.colcon_core.shell:Creating package descriptor '/home/skola/ros2_ws/install/cpp_parameters/share/cpp_parameters/package.dsv'
[0.512s] INFO:colcon.colcon_core.shell:Creating package script '/home/skola/ros2_ws/install/cpp_parameters/share/cpp_parameters/package.sh'
[0.512s] INFO:colcon.colcon_core.shell:Creating package script '/home/skola/ros2_ws/install/cpp_parameters/share/cpp_parameters/package.bash'
[0.513s] INFO:colcon.colcon_core.shell:Creating package script '/home/skola/ros2_ws/install/cpp_parameters/share/cpp_parameters/package.zsh'
[0.513s] Level 1:colcon.colcon_core.environment:create_file_with_runtime_dependencies(/home/skola/ros2_ws/install/cpp_parameters/share/colcon-core/packages/cpp_parameters)
[0.514s] Level 1:colcon.colcon_core.environment:create_environment_scripts_only(cpp_srvcli)
[0.514s] Level 1:colcon.colcon_core.environment:checking '/home/skola/ros2_ws/install/cpp_srvcli' for CMake module files
[0.515s] Level 1:colcon.colcon_core.environment:checking '/home/skola/ros2_ws/install/cpp_srvcli' for CMake config files
[0.515s] Level 1:colcon.colcon_core.shell:create_environment_hook('cpp_srvcli', 'cmake_prefix_path')
[0.515s] INFO:colcon.colcon_core.shell:Creating environment hook '/home/skola/ros2_ws/install/cpp_srvcli/share/cpp_srvcli/hook/cmake_prefix_path.ps1'
[0.516s] INFO:colcon.colcon_core.shell:Creating environment descriptor '/home/skola/ros2_ws/install/cpp_srvcli/share/cpp_srvcli/hook/cmake_prefix_path.dsv'
[0.516s] INFO:colcon.colcon_core.shell:Creating environment hook '/home/skola/ros2_ws/install/cpp_srvcli/share/cpp_srvcli/hook/cmake_prefix_path.sh'
[0.516s] Level 1:colcon.colcon_core.environment:checking '/home/skola/ros2_ws/install/cpp_srvcli/lib'
[0.516s] Level 1:colcon.colcon_core.environment:checking '/home/skola/ros2_ws/install/cpp_srvcli/bin'
[0.517s] Level 1:colcon.colcon_core.environment:checking '/home/skola/ros2_ws/install/cpp_srvcli/lib/pkgconfig/cpp_srvcli.pc'
[0.517s] Level 1:colcon.colcon_core.environment:checking '/home/skola/ros2_ws/install/cpp_srvcli/lib/python3.8/site-packages'
[0.517s] INFO:colcon.colcon_core.shell:Creating package script '/home/skola/ros2_ws/install/cpp_srvcli/share/cpp_srvcli/package.ps1'
[0.517s] INFO:colcon.colcon_core.shell:Creating package descriptor '/home/skola/ros2_ws/install/cpp_srvcli/share/cpp_srvcli/package.dsv'
[0.518s] INFO:colcon.colcon_core.shell:Creating package script '/home/skola/ros2_ws/install/cpp_srvcli/share/cpp_srvcli/package.sh'
[0.518s] INFO:colcon.colcon_core.shell:Creating package script '/home/skola/ros2_ws/install/cpp_srvcli/share/cpp_srvcli/package.bash'
[0.518s] INFO:colcon.colcon_core.shell:Creating package script '/home/skola/ros2_ws/install/cpp_srvcli/share/cpp_srvcli/package.zsh'
[0.518s] Level 1:colcon.colcon_core.environment:create_file_with_runtime_dependencies(/home/skola/ros2_ws/install/cpp_srvcli/share/colcon-core/packages/cpp_srvcli)
[0.520s] Level 1:colcon.colcon_core.environment:create_environment_scripts_only(cpp_topic)
[0.520s] Level 1:colcon.colcon_core.environment:checking '/home/skola/ros2_ws/install/cpp_topic' for CMake module files
[0.521s] Level 1:colcon.colcon_core.environment:checking '/home/skola/ros2_ws/install/cpp_topic' for CMake config files
[0.521s] Level 1:colcon.colcon_core.shell:create_environment_hook('cpp_topic', 'cmake_prefix_path')
[0.521s] INFO:colcon.colcon_core.shell:Creating environment hook '/home/skola/ros2_ws/install/cpp_topic/share/cpp_topic/hook/cmake_prefix_path.ps1'
[0.522s] INFO:colcon.colcon_core.shell:Creating environment descriptor '/home/skola/ros2_ws/install/cpp_topic/share/cpp_topic/hook/cmake_prefix_path.dsv'
[0.522s] INFO:colcon.colcon_core.shell:Creating environment hook '/home/skola/ros2_ws/install/cpp_topic/share/cpp_topic/hook/cmake_prefix_path.sh'
[0.522s] Level 1:colcon.colcon_core.environment:checking '/home/skola/ros2_ws/install/cpp_topic/lib'
[0.523s] Level 1:colcon.colcon_core.environment:checking '/home/skola/ros2_ws/install/cpp_topic/bin'
[0.523s] Level 1:colcon.colcon_core.environment:checking '/home/skola/ros2_ws/install/cpp_topic/lib/pkgconfig/cpp_topic.pc'
[0.523s] Level 1:colcon.colcon_core.environment:checking '/home/skola/ros2_ws/install/cpp_topic/lib/python3.8/site-packages'
[0.523s] INFO:colcon.colcon_core.shell:Creating package script '/home/skola/ros2_ws/install/cpp_topic/share/cpp_topic/package.ps1'
[0.523s] INFO:colcon.colcon_core.shell:Creating package descriptor '/home/skola/ros2_ws/install/cpp_topic/share/cpp_topic/package.dsv'
[0.524s] INFO:colcon.colcon_core.shell:Creating package script '/home/skola/ros2_ws/install/cpp_topic/share/cpp_topic/package.sh'
[0.524s] INFO:colcon.colcon_core.shell:Creating package script '/home/skola/ros2_ws/install/cpp_topic/share/cpp_topic/package.bash'
[0.524s] INFO:colcon.colcon_core.shell:Creating package script '/home/skola/ros2_ws/install/cpp_topic/share/cpp_topic/package.zsh'
[0.525s] Level 1:colcon.colcon_core.environment:create_file_with_runtime_dependencies(/home/skola/ros2_ws/install/cpp_topic/share/colcon-core/packages/cpp_topic)
[0.525s] Level 1:colcon.colcon_core.environment:create_environment_scripts_only(sublisher)
[0.525s] Level 1:colcon.colcon_core.environment:checking '/home/skola/ros2_ws/install/sublisher' for CMake module files
[0.526s] DEBUG:colcon.colcon_core.event_handler.log_command:Invoked command in '/home/skola/ros2_ws/build/sublisher' returned '0': CMAKE_PREFIX_PATH=/opt/ros/foxy /usr/bin/cmake --install /home/skola/ros2_ws/build/sublisher
[0.526s] Level 1:colcon.colcon_core.environment:checking '/home/skola/ros2_ws/install/sublisher' for CMake config files
[0.527s] Level 1:colcon.colcon_core.shell:create_environment_hook('sublisher', 'cmake_prefix_path')
[0.527s] INFO:colcon.colcon_core.shell:Creating environment hook '/home/skola/ros2_ws/install/sublisher/share/sublisher/hook/cmake_prefix_path.ps1'
[0.527s] INFO:colcon.colcon_core.shell:Creating environment descriptor '/home/skola/ros2_ws/install/sublisher/share/sublisher/hook/cmake_prefix_path.dsv'
[0.527s] INFO:colcon.colcon_core.shell:Creating environment hook '/home/skola/ros2_ws/install/sublisher/share/sublisher/hook/cmake_prefix_path.sh'
[0.528s] Level 1:colcon.colcon_core.environment:checking '/home/skola/ros2_ws/install/sublisher/lib'
[0.528s] Level 1:colcon.colcon_core.environment:checking '/home/skola/ros2_ws/install/sublisher/bin'
[0.528s] Level 1:colcon.colcon_core.environment:checking '/home/skola/ros2_ws/install/sublisher/lib/pkgconfig/sublisher.pc'
[0.528s] Level 1:colcon.colcon_core.environment:checking '/home/skola/ros2_ws/install/sublisher/lib/python3.8/site-packages'
[0.528s] INFO:colcon.colcon_core.shell:Creating package script '/home/skola/ros2_ws/install/sublisher/share/sublisher/package.ps1'
[0.529s] INFO:colcon.colcon_core.shell:Creating package descriptor '/home/skola/ros2_ws/install/sublisher/share/sublisher/package.dsv'
[0.529s] INFO:colcon.colcon_core.shell:Creating package script '/home/skola/ros2_ws/install/sublisher/share/sublisher/package.sh'
[0.529s] INFO:colcon.colcon_core.shell:Creating package script '/home/skola/ros2_ws/install/sublisher/share/sublisher/package.bash'
[0.529s] INFO:colcon.colcon_core.shell:Creating package script '/home/skola/ros2_ws/install/sublisher/share/sublisher/package.zsh'
[0.530s] Level 1:colcon.colcon_core.environment:create_file_with_runtime_dependencies(/home/skola/ros2_ws/install/sublisher/share/colcon-core/packages/sublisher)
[0.534s] Level 1:colcon.colcon_core.environment:create_environment_scripts_only(cpp_pubsub)
[0.534s] Level 1:colcon.colcon_core.environment:checking '/home/skola/ros2_ws/install/cpp_pubsub' for CMake module files
[0.535s] Level 1:colcon.colcon_core.environment:checking '/home/skola/ros2_ws/install/cpp_pubsub' for CMake config files
[0.535s] Level 1:colcon.colcon_core.shell:create_environment_hook('cpp_pubsub', 'cmake_prefix_path')
[0.535s] INFO:colcon.colcon_core.shell:Creating environment hook '/home/skola/ros2_ws/install/cpp_pubsub/share/cpp_pubsub/hook/cmake_prefix_path.ps1'
[0.536s] INFO:colcon.colcon_core.shell:Creating environment descriptor '/home/skola/ros2_ws/install/cpp_pubsub/share/cpp_pubsub/hook/cmake_prefix_path.dsv'
[0.536s] INFO:colcon.colcon_core.shell:Creating environment hook '/home/skola/ros2_ws/install/cpp_pubsub/share/cpp_pubsub/hook/cmake_prefix_path.sh'
[0.536s] Level 1:colcon.colcon_core.environment:checking '/home/skola/ros2_ws/install/cpp_pubsub/lib'
[0.536s] Level 1:colcon.colcon_core.environment:checking '/home/skola/ros2_ws/install/cpp_pubsub/bin'
[0.536s] Level 1:colcon.colcon_core.environment:checking '/home/skola/ros2_ws/install/cpp_pubsub/lib/pkgconfig/cpp_pubsub.pc'
[0.537s] Level 1:colcon.colcon_core.environment:checking '/home/skola/ros2_ws/install/cpp_pubsub/lib/python3.8/site-packages'
[0.537s] INFO:colcon.colcon_core.shell:Creating package script '/home/skola/ros2_ws/install/cpp_pubsub/share/cpp_pubsub/package.ps1'
[0.538s] INFO:colcon.colcon_core.shell:Creating package descriptor '/home/skola/ros2_ws/install/cpp_pubsub/share/cpp_pubsub/package.dsv'
[0.538s] INFO:colcon.colcon_core.shell:Creating package script '/home/skola/ros2_ws/install/cpp_pubsub/share/cpp_pubsub/package.sh'
[0.539s] INFO:colcon.colcon_core.shell:Creating package script '/home/skola/ros2_ws/install/cpp_pubsub/share/cpp_pubsub/package.bash'
[0.539s] INFO:colcon.colcon_core.shell:Creating package script '/home/skola/ros2_ws/install/cpp_pubsub/share/cpp_pubsub/package.zsh'
[0.539s] Level 1:colcon.colcon_core.environment:create_file_with_runtime_dependencies(/home/skola/ros2_ws/install/cpp_pubsub/share/colcon-core/packages/cpp_pubsub)
[0.544s] DEBUG:colcon.colcon_core.event_handler.log_command:Invoking command in '/home/skola/ros2_ws/build/tutorial_interfaces': CMAKE_PREFIX_PATH=/opt/ros/foxy /usr/bin/cmake --build /home/skola/ros2_ws/build/tutorial_interfaces -- -j8 -l8
[0.545s] DEBUG:colcon.colcon_core.event_handler.log_command:Invoked command in '/home/skola/ros2_ws/build/more_interfaces' returned '0': CMAKE_PREFIX_PATH=/opt/ros/foxy /usr/bin/cmake --build /home/skola/ros2_ws/build/more_interfaces -- -j8 -l8
[0.548s] DEBUG:colcon.colcon_core.event_handler.log_command:Invoked command in '/home/skola/ros2_ws/build/turtlesim' returned '0': CMAKE_PREFIX_PATH=/opt/ros/foxy /usr/bin/cmake --build /home/skola/ros2_ws/build/turtlesim -- -j8 -l8
[0.557s] Level 1:colcon.colcon_core.environment:create_environment_scripts_only(sublisher)
[0.558s] Level 1:colcon.colcon_core.environment:checking '/home/skola/ros2_ws/install/sublisher' for CMake module files
[0.559s] Level 1:colcon.colcon_core.environment:checking '/home/skola/ros2_ws/install/sublisher' for CMake config files
[0.559s] Level 1:colcon.colcon_core.shell:create_environment_hook('sublisher', 'cmake_prefix_path')
[0.559s] INFO:colcon.colcon_core.shell:Creating environment hook '/home/skola/ros2_ws/install/sublisher/share/sublisher/hook/cmake_prefix_path.ps1'
[0.560s] INFO:colcon.colcon_core.shell:Creating environment descriptor '/home/skola/ros2_ws/install/sublisher/share/sublisher/hook/cmake_prefix_path.dsv'
[0.560s] INFO:colcon.colcon_core.shell:Creating environment hook '/home/skola/ros2_ws/install/sublisher/share/sublisher/hook/cmake_prefix_path.sh'
[0.560s] Level 1:colcon.colcon_core.environment:checking '/home/skola/ros2_ws/install/sublisher/lib'
[0.560s] Level 1:colcon.colcon_core.environment:checking '/home/skola/ros2_ws/install/sublisher/bin'
[0.560s] Level 1:colcon.colcon_core.environment:checking '/home/skola/ros2_ws/install/sublisher/lib/pkgconfig/sublisher.pc'
[0.561s] Level 1:colcon.colcon_core.environment:checking '/home/skola/ros2_ws/install/sublisher/lib/python3.8/site-packages'
[0.561s] INFO:colcon.colcon_core.shell:Creating package script '/home/skola/ros2_ws/install/sublisher/share/sublisher/package.ps1'
[0.561s] INFO:colcon.colcon_core.shell:Creating package descriptor '/home/skola/ros2_ws/install/sublisher/share/sublisher/package.dsv'
[0.562s] INFO:colcon.colcon_core.shell:Creating package script '/home/skola/ros2_ws/install/sublisher/share/sublisher/package.sh'
[0.562s] INFO:colcon.colcon_core.shell:Creating package script '/home/skola/ros2_ws/install/sublisher/share/sublisher/package.bash'
[0.562s] INFO:colcon.colcon_core.shell:Creating package script '/home/skola/ros2_ws/install/sublisher/share/sublisher/package.zsh'
[0.563s] Level 1:colcon.colcon_core.environment:create_file_with_runtime_dependencies(/home/skola/ros2_ws/install/sublisher/share/colcon-core/packages/sublisher)
[0.595s] DEBUG:colcon.colcon_core.event_handler.log_command:Invoking command in '/home/skola/ros2_ws/build/more_interfaces': CMAKE_PREFIX_PATH=/opt/ros/foxy /usr/bin/cmake --install /home/skola/ros2_ws/build/more_interfaces
[0.644s] Level 1:colcon.colcon_core.environment:create_environment_scripts_only(more_interfaces)
[0.645s] Level 1:colcon.colcon_core.environment:checking '/home/skola/ros2_ws/install/more_interfaces' for CMake module files
[0.645s] DEBUG:colcon.colcon_core.event_handler.log_command:Invoked command in '/home/skola/ros2_ws/build/more_interfaces' returned '0': CMAKE_PREFIX_PATH=/opt/ros/foxy /usr/bin/cmake --install /home/skola/ros2_ws/build/more_interfaces
[0.646s] Level 1:colcon.colcon_core.environment:checking '/home/skola/ros2_ws/install/more_interfaces' for CMake config files
[0.646s] Level 1:colcon.colcon_core.shell:create_environment_hook('more_interfaces', 'cmake_prefix_path')
[0.646s] INFO:colcon.colcon_core.shell:Creating environment hook '/home/skola/ros2_ws/install/more_interfaces/share/more_interfaces/hook/cmake_prefix_path.ps1'
[0.647s] INFO:colcon.colcon_core.shell:Creating environment descriptor '/home/skola/ros2_ws/install/more_interfaces/share/more_interfaces/hook/cmake_prefix_path.dsv'
[0.647s] INFO:colcon.colcon_core.shell:Creating environment hook '/home/skola/ros2_ws/install/more_interfaces/share/more_interfaces/hook/cmake_prefix_path.sh'
[0.648s] Level 1:colcon.colcon_core.environment:checking '/home/skola/ros2_ws/install/more_interfaces/lib'
[0.648s] Level 1:colcon.colcon_core.shell:create_environment_hook('more_interfaces', 'ld_library_path_lib')
[0.648s] INFO:colcon.colcon_core.shell:Creating environment hook '/home/skola/ros2_ws/install/more_interfaces/share/more_interfaces/hook/ld_library_path_lib.ps1'
[0.648s] INFO:colcon.colcon_core.shell:Creating environment descriptor '/home/skola/ros2_ws/install/more_interfaces/share/more_interfaces/hook/ld_library_path_lib.dsv'
[0.649s] INFO:colcon.colcon_core.shell:Creating environment hook '/home/skola/ros2_ws/install/more_interfaces/share/more_interfaces/hook/ld_library_path_lib.sh'
[0.649s] Level 1:colcon.colcon_core.environment:checking '/home/skola/ros2_ws/install/more_interfaces/bin'
[0.649s] Level 1:colcon.colcon_core.environment:checking '/home/skola/ros2_ws/install/more_interfaces/lib/pkgconfig/more_interfaces.pc'
[0.649s] Level 1:colcon.colcon_core.environment:checking '/home/skola/ros2_ws/install/more_interfaces/lib/python3.8/site-packages'
[0.649s] Level 1:colcon.colcon_core.shell:create_environment_hook('more_interfaces', 'pythonpath')
[0.649s] INFO:colcon.colcon_core.shell:Creating environment hook '/home/skola/ros2_ws/install/more_interfaces/share/more_interfaces/hook/pythonpath.ps1'
[0.650s] INFO:colcon.colcon_core.shell:Creating environment descriptor '/home/skola/ros2_ws/install/more_interfaces/share/more_interfaces/hook/pythonpath.dsv'
[0.650s] INFO:colcon.colcon_core.shell:Creating environment hook '/home/skola/ros2_ws/install/more_interfaces/share/more_interfaces/hook/pythonpath.sh'
[0.651s] INFO:colcon.colcon_core.shell:Creating package script '/home/skola/ros2_ws/install/more_interfaces/share/more_interfaces/package.ps1'
[0.651s] INFO:colcon.colcon_core.shell:Creating package descriptor '/home/skola/ros2_ws/install/more_interfaces/share/more_interfaces/package.dsv'
[0.651s] INFO:colcon.colcon_core.shell:Creating package script '/home/skola/ros2_ws/install/more_interfaces/share/more_interfaces/package.sh'
[0.652s] INFO:colcon.colcon_core.shell:Creating package script '/home/skola/ros2_ws/install/more_interfaces/share/more_interfaces/package.bash'
[0.652s] INFO:colcon.colcon_core.shell:Creating package script '/home/skola/ros2_ws/install/more_interfaces/share/more_interfaces/package.zsh'
[0.652s] Level 1:colcon.colcon_core.environment:create_file_with_runtime_dependencies(/home/skola/ros2_ws/install/more_interfaces/share/colcon-core/packages/more_interfaces)
[0.690s] DEBUG:colcon.colcon_core.event_handler.log_command:Invoking command in '/home/skola/ros2_ws/build/turtlesim': CMAKE_PREFIX_PATH=/opt/ros/foxy /usr/bin/cmake --install /home/skola/ros2_ws/build/turtlesim
[0.697s] Level 1:colcon.colcon_core.environment:create_environment_scripts_only(more_interfaces)
[0.698s] Level 1:colcon.colcon_core.environment:checking '/home/skola/ros2_ws/install/more_interfaces' for CMake module files
[0.700s] Level 1:colcon.colcon_core.environment:checking '/home/skola/ros2_ws/install/more_interfaces' for CMake config files
[0.702s] Level 1:colcon.colcon_core.shell:create_environment_hook('more_interfaces', 'cmake_prefix_path')
[0.702s] INFO:colcon.colcon_core.shell:Creating environment hook '/home/skola/ros2_ws/install/more_interfaces/share/more_interfaces/hook/cmake_prefix_path.ps1'
[0.703s] INFO:colcon.colcon_core.shell:Creating environment descriptor '/home/skola/ros2_ws/install/more_interfaces/share/more_interfaces/hook/cmake_prefix_path.dsv'
[0.703s] INFO:colcon.colcon_core.shell:Creating environment hook '/home/skola/ros2_ws/install/more_interfaces/share/more_interfaces/hook/cmake_prefix_path.sh'
[0.704s] Level 1:colcon.colcon_core.environment:checking '/home/skola/ros2_ws/install/more_interfaces/lib'
[0.705s] Level 1:colcon.colcon_core.shell:create_environment_hook('more_interfaces', 'ld_library_path_lib')
[0.705s] INFO:colcon.colcon_core.shell:Creating environment hook '/home/skola/ros2_ws/install/more_interfaces/share/more_interfaces/hook/ld_library_path_lib.ps1'
[0.706s] INFO:colcon.colcon_core.shell:Creating environment descriptor '/home/skola/ros2_ws/install/more_interfaces/share/more_interfaces/hook/ld_library_path_lib.dsv'
[0.707s] INFO:colcon.colcon_core.shell:Creating environment hook '/home/skola/ros2_ws/install/more_interfaces/share/more_interfaces/hook/ld_library_path_lib.sh'
[0.708s] Level 1:colcon.colcon_core.environment:checking '/home/skola/ros2_ws/install/more_interfaces/bin'
[0.708s] Level 1:colcon.colcon_core.environment:checking '/home/skola/ros2_ws/install/more_interfaces/lib/pkgconfig/more_interfaces.pc'
[0.708s] Level 1:colcon.colcon_core.environment:checking '/home/skola/ros2_ws/install/more_interfaces/lib/python3.8/site-packages'
[0.708s] Level 1:colcon.colcon_core.shell:create_environment_hook('more_interfaces', 'pythonpath')
[0.708s] INFO:colcon.colcon_core.shell:Creating environment hook '/home/skola/ros2_ws/install/more_interfaces/share/more_interfaces/hook/pythonpath.ps1'
[0.709s] INFO:colcon.colcon_core.shell:Creating environment descriptor '/home/skola/ros2_ws/install/more_interfaces/share/more_interfaces/hook/pythonpath.dsv'
[0.710s] INFO:colcon.colcon_core.shell:Creating environment hook '/home/skola/ros2_ws/install/more_interfaces/share/more_interfaces/hook/pythonpath.sh'
[0.711s] INFO:colcon.colcon_core.shell:Creating package script '/home/skola/ros2_ws/install/more_interfaces/share/more_interfaces/package.ps1'
[0.712s] INFO:colcon.colcon_core.shell:Creating package descriptor '/home/skola/ros2_ws/install/more_interfaces/share/more_interfaces/package.dsv'
[0.713s] INFO:colcon.colcon_core.shell:Creating package script '/home/skola/ros2_ws/install/more_interfaces/share/more_interfaces/package.sh'
[0.713s] INFO:colcon.colcon_core.shell:Creating package script '/home/skola/ros2_ws/install/more_interfaces/share/more_interfaces/package.bash'
[0.714s] INFO:colcon.colcon_core.shell:Creating package script '/home/skola/ros2_ws/install/more_interfaces/share/more_interfaces/package.zsh'
[0.715s] Level 1:colcon.colcon_core.environment:create_file_with_runtime_dependencies(/home/skola/ros2_ws/install/more_interfaces/share/colcon-core/packages/more_interfaces)
[0.725s] DEBUG:colcon.colcon_core.event_handler.log_command:Invoked command in '/home/skola/ros2_ws/build/tutorial_interfaces' returned '0': CMAKE_PREFIX_PATH=/opt/ros/foxy /usr/bin/cmake --build /home/skola/ros2_ws/build/tutorial_interfaces -- -j8 -l8
[0.734s] Level 1:colcon.colcon_core.environment:create_environment_scripts_only(turtlesim)
[0.735s] Level 1:colcon.colcon_core.environment:checking '/home/skola/ros2_ws/install/turtlesim' for CMake module files
[0.737s] Level 1:colcon.colcon_core.environment:checking '/home/skola/ros2_ws/install/turtlesim' for CMake config files
[0.737s] DEBUG:colcon.colcon_core.event_handler.log_command:Invoked command in '/home/skola/ros2_ws/build/turtlesim' returned '0': CMAKE_PREFIX_PATH=/opt/ros/foxy /usr/bin/cmake --install /home/skola/ros2_ws/build/turtlesim
[0.737s] Level 1:colcon.colcon_core.shell:create_environment_hook('turtlesim', 'cmake_prefix_path')
[0.738s] INFO:colcon.colcon_core.shell:Creating environment hook '/home/skola/ros2_ws/install/turtlesim/share/turtlesim/hook/cmake_prefix_path.ps1'
[0.738s] INFO:colcon.colcon_core.shell:Creating environment descriptor '/home/skola/ros2_ws/install/turtlesim/share/turtlesim/hook/cmake_prefix_path.dsv'
[0.739s] INFO:colcon.colcon_core.shell:Creating environment hook '/home/skola/ros2_ws/install/turtlesim/share/turtlesim/hook/cmake_prefix_path.sh'
[0.739s] Level 1:colcon.colcon_core.environment:checking '/home/skola/ros2_ws/install/turtlesim/lib'
[0.739s] Level 1:colcon.colcon_core.shell:create_environment_hook('turtlesim', 'ld_library_path_lib')
[0.740s] INFO:colcon.colcon_core.shell:Creating environment hook '/home/skola/ros2_ws/install/turtlesim/share/turtlesim/hook/ld_library_path_lib.ps1'
[0.740s] INFO:colcon.colcon_core.shell:Creating environment descriptor '/home/skola/ros2_ws/install/turtlesim/share/turtlesim/hook/ld_library_path_lib.dsv'
[0.740s] INFO:colcon.colcon_core.shell:Creating environment hook '/home/skola/ros2_ws/install/turtlesim/share/turtlesim/hook/ld_library_path_lib.sh'
[0.740s] Level 1:colcon.colcon_core.environment:checking '/home/skola/ros2_ws/install/turtlesim/bin'
[0.741s] Level 1:colcon.colcon_core.environment:checking '/home/skola/ros2_ws/install/turtlesim/lib/pkgconfig/turtlesim.pc'
[0.741s] Level 1:colcon.colcon_core.environment:checking '/home/skola/ros2_ws/install/turtlesim/lib/python3.8/site-packages'
[0.741s] Level 1:colcon.colcon_core.shell:create_environment_hook('turtlesim', 'pythonpath')
[0.741s] INFO:colcon.colcon_core.shell:Creating environment hook '/home/skola/ros2_ws/install/turtlesim/share/turtlesim/hook/pythonpath.ps1'
[0.741s] INFO:colcon.colcon_core.shell:Creating environment descriptor '/home/skola/ros2_ws/install/turtlesim/share/turtlesim/hook/pythonpath.dsv'
[0.742s] INFO:colcon.colcon_core.shell:Creating environment hook '/home/skola/ros2_ws/install/turtlesim/share/turtlesim/hook/pythonpath.sh'
[0.742s] INFO:colcon.colcon_core.shell:Creating package script '/home/skola/ros2_ws/install/turtlesim/share/turtlesim/package.ps1'
[0.743s] INFO:colcon.colcon_core.shell:Creating package descriptor '/home/skola/ros2_ws/install/turtlesim/share/turtlesim/package.dsv'
[0.743s] INFO:colcon.colcon_core.shell:Creating package script '/home/skola/ros2_ws/install/turtlesim/share/turtlesim/package.sh'
[0.743s] INFO:colcon.colcon_core.shell:Creating package script '/home/skola/ros2_ws/install/turtlesim/share/turtlesim/package.bash'
[0.744s] INFO:colcon.colcon_core.shell:Creating package script '/home/skola/ros2_ws/install/turtlesim/share/turtlesim/package.zsh'
[0.744s] Level 1:colcon.colcon_core.environment:create_file_with_runtime_dependencies(/home/skola/ros2_ws/install/turtlesim/share/colcon-core/packages/turtlesim)
[0.780s] DEBUG:colcon.colcon_core.event_handler.log_command:Invoking command in '/home/skola/ros2_ws/build/tutorial_interfaces': CMAKE_PREFIX_PATH=/opt/ros/foxy /usr/bin/cmake --install /home/skola/ros2_ws/build/tutorial_interfaces
[0.822s] Level 1:colcon.colcon_core.environment:create_environment_scripts_only(tutorial_interfaces)
[0.822s] Level 1:colcon.colcon_core.environment:checking '/home/skola/ros2_ws/install/tutorial_interfaces' for CMake module files
[0.823s] DEBUG:colcon.colcon_core.event_handler.log_command:Invoked command in '/home/skola/ros2_ws/build/tutorial_interfaces' returned '0': CMAKE_PREFIX_PATH=/opt/ros/foxy /usr/bin/cmake --install /home/skola/ros2_ws/build/tutorial_interfaces
[0.823s] Level 1:colcon.colcon_core.environment:checking '/home/skola/ros2_ws/install/tutorial_interfaces' for CMake config files
[0.823s] Level 1:colcon.colcon_core.shell:create_environment_hook('tutorial_interfaces', 'cmake_prefix_path')
[0.824s] INFO:colcon.colcon_core.shell:Creating environment hook '/home/skola/ros2_ws/install/tutorial_interfaces/share/tutorial_interfaces/hook/cmake_prefix_path.ps1'
[0.824s] INFO:colcon.colcon_core.shell:Creating environment descriptor '/home/skola/ros2_ws/install/tutorial_interfaces/share/tutorial_interfaces/hook/cmake_prefix_path.dsv'
[0.825s] INFO:colcon.colcon_core.shell:Creating environment hook '/home/skola/ros2_ws/install/tutorial_interfaces/share/tutorial_interfaces/hook/cmake_prefix_path.sh'
[0.826s] Level 1:colcon.colcon_core.environment:checking '/home/skola/ros2_ws/install/tutorial_interfaces/lib'
[0.826s] Level 1:colcon.colcon_core.shell:create_environment_hook('tutorial_interfaces', 'ld_library_path_lib')
[0.826s] INFO:colcon.colcon_core.shell:Creating environment hook '/home/skola/ros2_ws/install/tutorial_interfaces/share/tutorial_interfaces/hook/ld_library_path_lib.ps1'
[0.826s] INFO:colcon.colcon_core.shell:Creating environment descriptor '/home/skola/ros2_ws/install/tutorial_interfaces/share/tutorial_interfaces/hook/ld_library_path_lib.dsv'
[0.827s] INFO:colcon.colcon_core.shell:Creating environment hook '/home/skola/ros2_ws/install/tutorial_interfaces/share/tutorial_interfaces/hook/ld_library_path_lib.sh'
[0.827s] Level 1:colcon.colcon_core.environment:checking '/home/skola/ros2_ws/install/tutorial_interfaces/bin'
[0.827s] Level 1:colcon.colcon_core.environment:checking '/home/skola/ros2_ws/install/tutorial_interfaces/lib/pkgconfig/tutorial_interfaces.pc'
[0.827s] Level 1:colcon.colcon_core.environment:checking '/home/skola/ros2_ws/install/tutorial_interfaces/lib/python3.8/site-packages'
[0.827s] Level 1:colcon.colcon_core.shell:create_environment_hook('tutorial_interfaces', 'pythonpath')
[0.827s] INFO:colcon.colcon_core.shell:Creating environment hook '/home/skola/ros2_ws/install/tutorial_interfaces/share/tutorial_interfaces/hook/pythonpath.ps1'
[0.828s] INFO:colcon.colcon_core.shell:Creating environment descriptor '/home/skola/ros2_ws/install/tutorial_interfaces/share/tutorial_interfaces/hook/pythonpath.dsv'
[0.828s] INFO:colcon.colcon_core.shell:Creating environment hook '/home/skola/ros2_ws/install/tutorial_interfaces/share/tutorial_interfaces/hook/pythonpath.sh'
[0.829s] INFO:colcon.colcon_core.shell:Creating package script '/home/skola/ros2_ws/install/tutorial_interfaces/share/tutorial_interfaces/package.ps1'
[0.829s] INFO:colcon.colcon_core.shell:Creating package descriptor '/home/skola/ros2_ws/install/tutorial_interfaces/share/tutorial_interfaces/package.dsv'
[0.829s] INFO:colcon.colcon_core.shell:Creating package script '/home/skola/ros2_ws/install/tutorial_interfaces/share/tutorial_interfaces/package.sh'
[0.830s] INFO:colcon.colcon_core.shell:Creating package script '/home/skola/ros2_ws/install/tutorial_interfaces/share/tutorial_interfaces/package.bash'
[0.830s] INFO:colcon.colcon_core.shell:Creating package script '/home/skola/ros2_ws/install/tutorial_interfaces/share/tutorial_interfaces/package.zsh'
[0.830s] Level 1:colcon.colcon_core.environment:create_file_with_runtime_dependencies(/home/skola/ros2_ws/install/tutorial_interfaces/share/colcon-core/packages/tutorial_interfaces)
[0.883s] Level 1:colcon.colcon_core.environment:create_environment_scripts_only(tutorial_interfaces)
[0.884s] Level 1:colcon.colcon_core.environment:checking '/home/skola/ros2_ws/install/tutorial_interfaces' for CMake module files
[0.884s] Level 1:colcon.colcon_core.environment:checking '/home/skola/ros2_ws/install/tutorial_interfaces' for CMake config files
[0.884s] Level 1:colcon.colcon_core.shell:create_environment_hook('tutorial_interfaces', 'cmake_prefix_path')
[0.885s] INFO:colcon.colcon_core.shell:Creating environment hook '/home/skola/ros2_ws/install/tutorial_interfaces/share/tutorial_interfaces/hook/cmake_prefix_path.ps1'
[0.885s] INFO:colcon.colcon_core.shell:Creating environment descriptor '/home/skola/ros2_ws/install/tutorial_interfaces/share/tutorial_interfaces/hook/cmake_prefix_path.dsv'
[0.886s] INFO:colcon.colcon_core.shell:Creating environment hook '/home/skola/ros2_ws/install/tutorial_interfaces/share/tutorial_interfaces/hook/cmake_prefix_path.sh'
[0.886s] Level 1:colcon.colcon_core.environment:checking '/home/skola/ros2_ws/install/tutorial_interfaces/lib'
[0.886s] Level 1:colcon.colcon_core.shell:create_environment_hook('tutorial_interfaces', 'ld_library_path_lib')
[0.887s] INFO:colcon.colcon_core.shell:Creating environment hook '/home/skola/ros2_ws/install/tutorial_interfaces/share/tutorial_interfaces/hook/ld_library_path_lib.ps1'
[0.887s] INFO:colcon.colcon_core.shell:Creating environment descriptor '/home/skola/ros2_ws/install/tutorial_interfaces/share/tutorial_interfaces/hook/ld_library_path_lib.dsv'
[0.887s] INFO:colcon.colcon_core.shell:Creating environment hook '/home/skola/ros2_ws/install/tutorial_interfaces/share/tutorial_interfaces/hook/ld_library_path_lib.sh'
[0.887s] Level 1:colcon.colcon_core.environment:checking '/home/skola/ros2_ws/install/tutorial_interfaces/bin'
[0.888s] Level 1:colcon.colcon_core.environment:checking '/home/skola/ros2_ws/install/tutorial_interfaces/lib/pkgconfig/tutorial_interfaces.pc'
[0.888s] Level 1:colcon.colcon_core.environment:checking '/home/skola/ros2_ws/install/tutorial_interfaces/lib/python3.8/site-packages'
[0.888s] Level 1:colcon.colcon_core.shell:create_environment_hook('tutorial_interfaces', 'pythonpath')
[0.888s] INFO:colcon.colcon_core.shell:Creating environment hook '/home/skola/ros2_ws/install/tutorial_interfaces/share/tutorial_interfaces/hook/pythonpath.ps1'
[0.888s] INFO:colcon.colcon_core.shell:Creating environment descriptor '/home/skola/ros2_ws/install/tutorial_interfaces/share/tutorial_interfaces/hook/pythonpath.dsv'
[0.888s] INFO:colcon.colcon_core.shell:Creating environment hook '/home/skola/ros2_ws/install/tutorial_interfaces/share/tutorial_interfaces/hook/pythonpath.sh'
[0.889s] INFO:colcon.colcon_core.shell:Creating package script '/home/skola/ros2_ws/install/tutorial_interfaces/share/tutorial_interfaces/package.ps1'
[0.890s] INFO:colcon.colcon_core.shell:Creating package descriptor '/home/skola/ros2_ws/install/tutorial_interfaces/share/tutorial_interfaces/package.dsv'
[0.890s] INFO:colcon.colcon_core.shell:Creating package script '/home/skola/ros2_ws/install/tutorial_interfaces/share/tutorial_interfaces/package.sh'
[0.890s] INFO:colcon.colcon_core.shell:Creating package script '/home/skola/ros2_ws/install/tutorial_interfaces/share/tutorial_interfaces/package.bash'
[0.891s] INFO:colcon.colcon_core.shell:Creating package script '/home/skola/ros2_ws/install/tutorial_interfaces/share/tutorial_interfaces/package.zsh'
[0.891s] Level 1:colcon.colcon_core.environment:create_file_with_runtime_dependencies(/home/skola/ros2_ws/install/tutorial_interfaces/share/colcon-core/packages/tutorial_interfaces)
[0.892s] Level 1:colcon.colcon_core.environment:create_environment_scripts_only(turtlesim)
[0.892s] Level 1:colcon.colcon_core.environment:checking '/home/skola/ros2_ws/install/turtlesim' for CMake module files
[0.893s] Level 1:colcon.colcon_core.environment:checking '/home/skola/ros2_ws/install/turtlesim' for CMake config files
[0.894s] Level 1:colcon.colcon_core.shell:create_environment_hook('turtlesim', 'cmake_prefix_path')
[0.894s] INFO:colcon.colcon_core.shell:Creating environment hook '/home/skola/ros2_ws/install/turtlesim/share/turtlesim/hook/cmake_prefix_path.ps1'
[0.894s] INFO:colcon.colcon_core.shell:Creating environment descriptor '/home/skola/ros2_ws/install/turtlesim/share/turtlesim/hook/cmake_prefix_path.dsv'
[0.894s] INFO:colcon.colcon_core.shell:Creating environment hook '/home/skola/ros2_ws/install/turtlesim/share/turtlesim/hook/cmake_prefix_path.sh'
[0.895s] Level 1:colcon.colcon_core.environment:checking '/home/skola/ros2_ws/install/turtlesim/lib'
[0.895s] Level 1:colcon.colcon_core.shell:create_environment_hook('turtlesim', 'ld_library_path_lib')
[0.895s] INFO:colcon.colcon_core.shell:Creating environment hook '/home/skola/ros2_ws/install/turtlesim/share/turtlesim/hook/ld_library_path_lib.ps1'
[0.895s] INFO:colcon.colcon_core.shell:Creating environment descriptor '/home/skola/ros2_ws/install/turtlesim/share/turtlesim/hook/ld_library_path_lib.dsv'
[0.896s] INFO:colcon.colcon_core.shell:Creating environment hook '/home/skola/ros2_ws/install/turtlesim/share/turtlesim/hook/ld_library_path_lib.sh'
[0.896s] Level 1:colcon.colcon_core.environment:checking '/home/skola/ros2_ws/install/turtlesim/bin'
[0.896s] Level 1:colcon.colcon_core.environment:checking '/home/skola/ros2_ws/install/turtlesim/lib/pkgconfig/turtlesim.pc'
[0.896s] Level 1:colcon.colcon_core.environment:checking '/home/skola/ros2_ws/install/turtlesim/lib/python3.8/site-packages'
[0.896s] Level 1:colcon.colcon_core.shell:create_environment_hook('turtlesim', 'pythonpath')
[0.896s] INFO:colcon.colcon_core.shell:Creating environment hook '/home/skola/ros2_ws/install/turtlesim/share/turtlesim/hook/pythonpath.ps1'
[0.896s] INFO:colcon.colcon_core.shell:Creating environment descriptor '/home/skola/ros2_ws/install/turtlesim/share/turtlesim/hook/pythonpath.dsv'
[0.897s] INFO:colcon.colcon_core.shell:Creating environment hook '/home/skola/ros2_ws/install/turtlesim/share/turtlesim/hook/pythonpath.sh'
[0.897s] INFO:colcon.colcon_core.shell:Creating package script '/home/skola/ros2_ws/install/turtlesim/share/turtlesim/package.ps1'
[0.898s] INFO:colcon.colcon_core.shell:Creating package descriptor '/home/skola/ros2_ws/install/turtlesim/share/turtlesim/package.dsv'
[0.898s] INFO:colcon.colcon_core.shell:Creating package script '/home/skola/ros2_ws/install/turtlesim/share/turtlesim/package.sh'
[0.898s] INFO:colcon.colcon_core.shell:Creating package script '/home/skola/ros2_ws/install/turtlesim/share/turtlesim/package.bash'
[0.899s] INFO:colcon.colcon_core.shell:Creating package script '/home/skola/ros2_ws/install/turtlesim/share/turtlesim/package.zsh'
[0.899s] Level 1:colcon.colcon_core.environment:create_file_with_runtime_dependencies(/home/skola/ros2_ws/install/turtlesim/share/colcon-core/packages/turtlesim)
[0.899s] DEBUG:colcon.colcon_parallel_executor.executor.parallel:closing loop
[0.899s] DEBUG:colcon.colcon_parallel_executor.executor.parallel:loop closed
[0.899s] DEBUG:colcon.colcon_parallel_executor.executor.parallel:run_until_complete finished with '0'
[0.900s] DEBUG:colcon.colcon_core.event_reactor:joining thread
[0.905s] INFO:colcon.colcon_core.plugin_system:Skipping extension 'colcon_notification.desktop_notification.terminal_notifier': Not used on non-Darwin systems
[0.905s] INFO:colcon.colcon_core.plugin_system:Skipping extension 'colcon_notification.desktop_notification.win32': Not used on non-Windows systems
[0.905s] INFO:colcon.colcon_notification.desktop_notification:Sending desktop notification using 'notify2'
[0.918s] DEBUG:colcon.colcon_core.event_reactor:joined thread
[0.919s] INFO:colcon.colcon_core.shell:Creating prefix script '/home/skola/ros2_ws/install/local_setup.ps1'
[0.919s] INFO:colcon.colcon_core.shell:Creating prefix util module '/home/skola/ros2_ws/install/_local_setup_util_ps1.py'
[0.920s] INFO:colcon.colcon_core.shell:Creating prefix chain script '/home/skola/ros2_ws/install/setup.ps1'
[0.922s] INFO:colcon.colcon_core.shell:Creating prefix script '/home/skola/ros2_ws/install/local_setup.sh'
[0.922s] INFO:colcon.colcon_core.shell:Creating prefix util module '/home/skola/ros2_ws/install/_local_setup_util_sh.py'
[0.922s] INFO:colcon.colcon_core.shell:Creating prefix chain script '/home/skola/ros2_ws/install/setup.sh'
[0.924s] INFO:colcon.colcon_core.shell:Creating prefix script '/home/skola/ros2_ws/install/local_setup.bash'
[0.924s] INFO:colcon.colcon_core.shell:Creating prefix chain script '/home/skola/ros2_ws/install/setup.bash'
[0.926s] INFO:colcon.colcon_core.shell:Creating prefix script '/home/skola/ros2_ws/install/local_setup.zsh'
[0.926s] INFO:colcon.colcon_core.shell:Creating prefix chain script '/home/skola/ros2_ws/install/setup.zsh'
