[0.033s] Invoking command in '/home/skola/ros2_ws/build/cpp_srvcli': CMAKE_PREFIX_PATH=/opt/ros/foxy /usr/bin/cmake --build /home/skola/ros2_ws/build/cpp_srvcli -- -j8 -l8
[0.085s] [ 50%] Built target client
[0.110s] [100%] Built target server
[0.131s] Invoked command in '/home/skola/ros2_ws/build/cpp_srvcli' returned '0': CMAKE_PREFIX_PATH=/opt/ros/foxy /usr/bin/cmake --build /home/skola/ros2_ws/build/cpp_srvcli -- -j8 -l8
[0.177s] Invoking command in '/home/skola/ros2_ws/build/cpp_srvcli': CMAKE_PREFIX_PATH=/opt/ros/foxy /usr/bin/cmake --install /home/skola/ros2_ws/build/cpp_srvcli
[0.189s] -- Install configuration: ""
[0.189s] -- Up-to-date: /home/skola/ros2_ws/install/cpp_srvcli/lib/cpp_srvcli/server
[0.189s] -- Up-to-date: /home/skola/ros2_ws/install/cpp_srvcli/lib/cpp_srvcli/client
[0.190s] -- Up-to-date: /home/skola/ros2_ws/install/cpp_srvcli/share/ament_index/resource_index/package_run_dependencies/cpp_srvcli
[0.190s] -- Up-to-date: /home/skola/ros2_ws/install/cpp_srvcli/share/ament_index/resource_index/parent_prefix_path/cpp_srvcli
[0.190s] -- Up-to-date: /home/skola/ros2_ws/install/cpp_srvcli/share/cpp_srvcli/environment/ament_prefix_path.sh
[0.190s] -- Up-to-date: /home/skola/ros2_ws/install/cpp_srvcli/share/cpp_srvcli/environment/ament_prefix_path.dsv
[0.190s] -- Up-to-date: /home/skola/ros2_ws/install/cpp_srvcli/share/cpp_srvcli/environment/path.sh
[0.190s] -- Up-to-date: /home/skola/ros2_ws/install/cpp_srvcli/share/cpp_srvcli/environment/path.dsv
[0.191s] -- Up-to-date: /home/skola/ros2_ws/install/cpp_srvcli/share/cpp_srvcli/local_setup.bash
[0.191s] -- Up-to-date: /home/skola/ros2_ws/install/cpp_srvcli/share/cpp_srvcli/local_setup.sh
[0.191s] -- Up-to-date: /home/skola/ros2_ws/install/cpp_srvcli/share/cpp_srvcli/local_setup.zsh
[0.191s] -- Up-to-date: /home/skola/ros2_ws/install/cpp_srvcli/share/cpp_srvcli/local_setup.dsv
[0.191s] -- Installing: /home/skola/ros2_ws/install/cpp_srvcli/share/cpp_srvcli/package.dsv
[0.191s] -- Up-to-date: /home/skola/ros2_ws/install/cpp_srvcli/share/ament_index/resource_index/packages/cpp_srvcli
[0.191s] -- Up-to-date: /home/skola/ros2_ws/install/cpp_srvcli/share/cpp_srvcli/cmake/cpp_srvcliConfig.cmake
[0.191s] -- Up-to-date: /home/skola/ros2_ws/install/cpp_srvcli/share/cpp_srvcli/cmake/cpp_srvcliConfig-version.cmake
[0.191s] -- Up-to-date: /home/skola/ros2_ws/install/cpp_srvcli/share/cpp_srvcli/package.xml
[0.215s] Invoked command in '/home/skola/ros2_ws/build/cpp_srvcli' returned '0': CMAKE_PREFIX_PATH=/opt/ros/foxy /usr/bin/cmake --install /home/skola/ros2_ws/build/cpp_srvcli
